---
0xa5ecd89cd9f83c477337ee99d24951288fa47e8a:0x0 *
0xa5ecd89cd9f83c477337ee99d24951288fa47e8a:0x2 *
0xa5ecd89cd9f83c477337ee99d24951288fa47e8a:0x4 *
0xa5ecd89cd9f83c477337ee99d24951288fa47e8a:0x5 *
0xa5ecd89cd9f83c477337ee99d24951288fa47e8a:0x6 *
0xa5ecd89cd9f83c477337ee99d24951288fa47e8a:0x7 *
0xa5ecd89cd9f83c477337ee99d24951288fa47e8a:0x8 *
0xa5ecd89cd9f83c477337ee99d24951288fa47e8a:0xb *
0xa5ecd89cd9f83c477337ee99d24951288fa47e8a:0x10 *
0xa5ecd89cd9f83c477337ee99d24951288fa47e8a:0x11 *
0xa5ecd89cd9f83c477337ee99d24951288fa47e8a:0x12 *
0xa5ecd89cd9f83c477337ee99d24951288fa47e8a:0x15 *
0xa5ecd89cd9f83c477337ee99d24951288fa47e8a:0x16 *
0xa5ecd89cd9f83c477337ee99d24951288fa47e8a:0x1a *
0xa5ecd89cd9f83c477337ee99d24951288fa47e8a:0x1c *
0xa5ecd89cd9f83c477337ee99d24951288fa47e8a:0x1d *
0xa5ecd89cd9f83c477337ee99d24951288fa47e8a:0x1f *
---
0xa5ecd89cd9f83c477337ee99d24951288fa47e8a:0x0 
0xa5ecd89cd9f83c477337ee99d24951288fa47e8a:0x2 
0xa5ecd89cd9f83c477337ee99d24951288fa47e8a:0x4 
0xa5ecd89cd9f83c477337ee99d24951288fa47e8a:0x5 
0xa5ecd89cd9f83c477337ee99d24951288fa47e8a:0x6 
0xa5ecd89cd9f83c477337ee99d24951288fa47e8a:0x7 
0xa5ecd89cd9f83c477337ee99d24951288fa47e8a:0x8 
0xa5ecd89cd9f83c477337ee99d24951288fa47e8a:0xb 
0xa5ecd89cd9f83c477337ee99d24951288fa47e8a:0x10 
0xa5ecd89cd9f83c477337ee99d24951288fa47e8a:0x11 
0xa5ecd89cd9f83c477337ee99d24951288fa47e8a:0x12 
0xa5ecd89cd9f83c477337ee99d24951288fa47e8a:0x14 
0xa5ecd89cd9f83c477337ee99d24951288fa47e8a:0x15 
0xa5ecd89cd9f83c477337ee99d24951288fa47e8a:0x16 
0xa5ecd89cd9f83c477337ee99d24951288fa47e8a:0x19 
0xa5ecd89cd9f83c477337ee99d24951288fa47e8a:0x1a 
0xa5ecd89cd9f83c477337ee99d24951288fa47e8a:0x1c 
0xa5ecd89cd9f83c477337ee99d24951288fa47e8a:0x1d 
0xa5ecd89cd9f83c477337ee99d24951288fa47e8a:0x1f 
0xa5ecd89cd9f83c477337ee99d24951288fa47e8a:0x20 
0xa5ecd89cd9f83c477337ee99d24951288fa47e8a:0x21 
0xa5ecd89cd9f83c477337ee99d24951288fa47e8a:0x26 
0xa5ecd89cd9f83c477337ee99d24951288fa47e8a:0x27 
0xa5ecd89cd9f83c477337ee99d24951288fa47e8a:0x2a 
0xa5ecd89cd9f83c477337ee99d24951288fa47e8a:0x2b 
0xa5ecd89cd9f83c477337ee99d24951288fa47e8a:0x2c 
0xa5ecd89cd9f83c477337ee99d24951288fa47e8a:0x31 
0xa5ecd89cd9f83c477337ee99d24951288fa47e8a:0x32 
0xa5ecd89cd9f83c477337ee99d24951288fa47e8a:0x35 
0xa5ecd89cd9f83c477337ee99d24951288fa47e8a:0x36 
0xa5ecd89cd9f83c477337ee99d24951288fa47e8a:0x37 
0xa5ecd89cd9f83c477337ee99d24951288fa47e8a:0x3c 
0xa5ecd89cd9f83c477337ee99d24951288fa47e8a:0x3d 
0xa5ecd89cd9f83c477337ee99d24951288fa47e8a:0x40 
0xa5ecd89cd9f83c477337ee99d24951288fa47e8a:0x41 
0xa5ecd89cd9f83c477337ee99d24951288fa47e8a:0x42 
0xa5ecd89cd9f83c477337ee99d24951288fa47e8a:0x47 
0xa5ecd89cd9f83c477337ee99d24951288fa47e8a:0x48 
0xa5ecd89cd9f83c477337ee99d24951288fa47e8a:0x4b 
0xa5ecd89cd9f83c477337ee99d24951288fa47e8a:0x4c 
0xa5ecd89cd9f83c477337ee99d24951288fa47e8a:0x4d 
0xa5ecd89cd9f83c477337ee99d24951288fa47e8a:0x52 
0xa5ecd89cd9f83c477337ee99d24951288fa47e8a:0x53 
0xa5ecd89cd9f83c477337ee99d24951288fa47e8a:0x56 
0xa5ecd89cd9f83c477337ee99d24951288fa47e8a:0x57 
0xa5ecd89cd9f83c477337ee99d24951288fa47e8a:0x58 
0xa5ecd89cd9f83c477337ee99d24951288fa47e8a:0x5d 
0xa5ecd89cd9f83c477337ee99d24951288fa47e8a:0x5e 
0xa5ecd89cd9f83c477337ee99d24951288fa47e8a:0x61 
0xa5ecd89cd9f83c477337ee99d24951288fa47e8a:0x62 
0xa5ecd89cd9f83c477337ee99d24951288fa47e8a:0x63 
0xa5ecd89cd9f83c477337ee99d24951288fa47e8a:0x68 
0xa5ecd89cd9f83c477337ee99d24951288fa47e8a:0x69 
0xa5ecd89cd9f83c477337ee99d24951288fa47e8a:0x6c 
0xa5ecd89cd9f83c477337ee99d24951288fa47e8a:0x6d 
0xa5ecd89cd9f83c477337ee99d24951288fa47e8a:0x6e 
0xa5ecd89cd9f83c477337ee99d24951288fa47e8a:0x73 
0xa5ecd89cd9f83c477337ee99d24951288fa47e8a:0x74 
0xa5ecd89cd9f83c477337ee99d24951288fa47e8a:0x77 
0xa5ecd89cd9f83c477337ee99d24951288fa47e8a:0x86f 
0xa5ecd89cd9f83c477337ee99d24951288fa47e8a:0x870 
0xa5ecd89cd9f83c477337ee99d24951288fa47e8a:0x873 
0xa5ecd89cd9f83c477337ee99d24951288fa47e8a:0x876 
0xa5ecd89cd9f83c477337ee99d24951288fa47e8a:0x225e 
0xa5ecd89cd9f83c477337ee99d24951288fa47e8a:0x225f 
0xa5ecd89cd9f83c477337ee99d24951288fa47e8a:0x2262 
0xa5ecd89cd9f83c477337ee99d24951288fa47e8a:0x2265 
0xa5ecd89cd9f83c477337ee99d24951288fa47e8a:0x48f9 
0xa5ecd89cd9f83c477337ee99d24951288fa47e8a:0x48fa 
0xa5ecd89cd9f83c477337ee99d24951288fa47e8a:0x48fc 
0xa5ecd89cd9f83c477337ee99d24951288fa47e8a:0x48fd 
0xa5ecd89cd9f83c477337ee99d24951288fa47e8a:0x48fe 
0xa5ecd89cd9f83c477337ee99d24951288fa47e8a:0x4900 
0xa5ecd89cd9f83c477337ee99d24951288fa47e8a:0x4901 
0xa5ecd89cd9f83c477337ee99d24951288fa47e8a:0x4903 
0xa5ecd89cd9f83c477337ee99d24951288fa47e8a:0x4904 
0xa5ecd89cd9f83c477337ee99d24951288fa47e8a:0x4905 
0xa5ecd89cd9f83c477337ee99d24951288fa47e8a:0x4907 
0xa5ecd89cd9f83c477337ee99d24951288fa47e8a:0x490c 
0xa5ecd89cd9f83c477337ee99d24951288fa47e8a:0x490d 
0xa5ecd89cd9f83c477337ee99d24951288fa47e8a:0x490e 
0xa5ecd89cd9f83c477337ee99d24951288fa47e8a:0x490f 
0xa5ecd89cd9f83c477337ee99d24951288fa47e8a:0x4911 
0xa5ecd89cd9f83c477337ee99d24951288fa47e8a:0x4912 
0xa5ecd89cd9f83c477337ee99d24951288fa47e8a:0x4914 
0xa5ecd89cd9f83c477337ee99d24951288fa47e8a:0x4919 
0xa5ecd89cd9f83c477337ee99d24951288fa47e8a:0x491a 
0xa5ecd89cd9f83c477337ee99d24951288fa47e8a:0x491b 
0xa5ecd89cd9f83c477337ee99d24951288fa47e8a:0x491c 
0xa5ecd89cd9f83c477337ee99d24951288fa47e8a:0x491d 
0xa5ecd89cd9f83c477337ee99d24951288fa47e8a:0x491e 
0xa5ecd89cd9f83c477337ee99d24951288fa47e8a:0x2266 
0xa5ecd89cd9f83c477337ee99d24951288fa47e8a:0x2267 
0xa5ecd89cd9f83c477337ee99d24951288fa47e8a:0x226a 
0xa5ecd89cd9f83c477337ee99d24951288fa47e8a:0x226c 
0xa5ecd89cd9f83c477337ee99d24951288fa47e8a:0x226d 
0xa5ecd89cd9f83c477337ee99d24951288fa47e8a:0x226e 
0xa5ecd89cd9f83c477337ee99d24951288fa47e8a:0x2270 
0xa5ecd89cd9f83c477337ee99d24951288fa47e8a:0x2271 
0xa5ecd89cd9f83c477337ee99d24951288fa47e8a:0x2273 
0xa5ecd89cd9f83c477337ee99d24951288fa47e8a:0x2274 
0xa5ecd89cd9f83c477337ee99d24951288fa47e8a:0x2275 
0xa5ecd89cd9f83c477337ee99d24951288fa47e8a:0x2276 
0xa5ecd89cd9f83c477337ee99d24951288fa47e8a:0x2278 
0xa5ecd89cd9f83c477337ee99d24951288fa47e8a:0x2279 
0xa5ecd89cd9f83c477337ee99d24951288fa47e8a:0x227a 
0xa5ecd89cd9f83c477337ee99d24951288fa47e8a:0x227c 
0xa5ecd89cd9f83c477337ee99d24951288fa47e8a:0x227d 
0xa5ecd89cd9f83c477337ee99d24951288fa47e8a:0x227e 
0xa5ecd89cd9f83c477337ee99d24951288fa47e8a:0x227f 
0xa5ecd89cd9f83c477337ee99d24951288fa47e8a:0x2282 
0xa5ecd89cd9f83c477337ee99d24951288fa47e8a:0x2283 
0xa5ecd89cd9f83c477337ee99d24951288fa47e8a:0x2284 
0xa5ecd89cd9f83c477337ee99d24951288fa47e8a:0x2285 
0xa5ecd89cd9f83c477337ee99d24951288fa47e8a:0x228a 
0xa5ecd89cd9f83c477337ee99d24951288fa47e8a:0x228b 
0xa5ecd89cd9f83c477337ee99d24951288fa47e8a:0x2290 
0xa5ecd89cd9f83c477337ee99d24951288fa47e8a:0x2291 
0xa5ecd89cd9f83c477337ee99d24951288fa47e8a:0x2296 
0xa5ecd89cd9f83c477337ee99d24951288fa47e8a:0x2297 
0xa5ecd89cd9f83c477337ee99d24951288fa47e8a:0x2298 
0xa5ecd89cd9f83c477337ee99d24951288fa47e8a:0x2299 
0xa5ecd89cd9f83c477337ee99d24951288fa47e8a:0x229b 
0xa5ecd89cd9f83c477337ee99d24951288fa47e8a:0x229c 
0xa5ecd89cd9f83c477337ee99d24951288fa47e8a:0x229e 
0xa5ecd89cd9f83c477337ee99d24951288fa47e8a:0x229f 
0xa5ecd89cd9f83c477337ee99d24951288fa47e8a:0x22a0 
0xa5ecd89cd9f83c477337ee99d24951288fa47e8a:0x22a2 
0xa5ecd89cd9f83c477337ee99d24951288fa47e8a:0x22a3 
0xa5ecd89cd9f83c477337ee99d24951288fa47e8a:0x22a4 
0xa5ecd89cd9f83c477337ee99d24951288fa47e8a:0x22a5 
0xa5ecd89cd9f83c477337ee99d24951288fa47e8a:0x22a8 
0xa5ecd89cd9f83c477337ee99d24951288fa47e8a:0x22a9 
0xa5ecd89cd9f83c477337ee99d24951288fa47e8a:0x22aa 
0xa5ecd89cd9f83c477337ee99d24951288fa47e8a:0x22ab 
0xa5ecd89cd9f83c477337ee99d24951288fa47e8a:0x22b0 
0xa5ecd89cd9f83c477337ee99d24951288fa47e8a:0x22b1 
0xa5ecd89cd9f83c477337ee99d24951288fa47e8a:0x22b6 
0xa5ecd89cd9f83c477337ee99d24951288fa47e8a:0x22b7 
0xa5ecd89cd9f83c477337ee99d24951288fa47e8a:0x22bc 
0xa5ecd89cd9f83c477337ee99d24951288fa47e8a:0x22bd 
0xa5ecd89cd9f83c477337ee99d24951288fa47e8a:0x22be 
0xa5ecd89cd9f83c477337ee99d24951288fa47e8a:0x22bf 
0xa5ecd89cd9f83c477337ee99d24951288fa47e8a:0x22c0 
0xa5ecd89cd9f83c477337ee99d24951288fa47e8a:0x22c1 
0xa5ecd89cd9f83c477337ee99d24951288fa47e8a:0x22c2 
0xa5ecd89cd9f83c477337ee99d24951288fa47e8a:0x22c3 
0xa5ecd89cd9f83c477337ee99d24951288fa47e8a:0x22c4 
0xa5ecd89cd9f83c477337ee99d24951288fa47e8a:0x877 
0xa5ecd89cd9f83c477337ee99d24951288fa47e8a:0x878 
0xa5ecd89cd9f83c477337ee99d24951288fa47e8a:0x87a 
0xa5ecd89cd9f83c477337ee99d24951288fa47e8a:0x87b 
0xa5ecd89cd9f83c477337ee99d24951288fa47e8a:0x87e 
0xa5ecd89cd9f83c477337ee99d24951288fa47e8a:0x87f 
0xa5ecd89cd9f83c477337ee99d24951288fa47e8a:0x880 
0xa5ecd89cd9f83c477337ee99d24951288fa47e8a:0x883 
0xa5ecd89cd9f83c477337ee99d24951288fa47e8a:0x5ebc 
0xa5ecd89cd9f83c477337ee99d24951288fa47e8a:0x5ebd 
0xa5ecd89cd9f83c477337ee99d24951288fa47e8a:0x5ebf 
0xa5ecd89cd9f83c477337ee99d24951288fa47e8a:0x5ec1 
0xa5ecd89cd9f83c477337ee99d24951288fa47e8a:0x5ec2 
0xa5ecd89cd9f83c477337ee99d24951288fa47e8a:0x5ec3 
0xa5ecd89cd9f83c477337ee99d24951288fa47e8a:0x5ec4 
0xa5ecd89cd9f83c477337ee99d24951288fa47e8a:0x5ec5 
0xa5ecd89cd9f83c477337ee99d24951288fa47e8a:0x5ec8 
0xa5ecd89cd9f83c477337ee99d24951288fa47e8a:0x5eca 
0xa5ecd89cd9f83c477337ee99d24951288fa47e8a:0x5ecb 
0xa5ecd89cd9f83c477337ee99d24951288fa47e8a:0x5ecc 
0xa5ecd89cd9f83c477337ee99d24951288fa47e8a:0x5ecd 
0xa5ecd89cd9f83c477337ee99d24951288fa47e8a:0x5ed0 
0xa5ecd89cd9f83c477337ee99d24951288fa47e8a:0x56c4 
0xa5ecd89cd9f83c477337ee99d24951288fa47e8a:0x56c5 
0xa5ecd89cd9f83c477337ee99d24951288fa47e8a:0x56c7 
0xa5ecd89cd9f83c477337ee99d24951288fa47e8a:0x56c8 
0xa5ecd89cd9f83c477337ee99d24951288fa47e8a:0x56c9 
0xa5ecd89cd9f83c477337ee99d24951288fa47e8a:0x56cb 
0xa5ecd89cd9f83c477337ee99d24951288fa47e8a:0x56cc 
0xa5ecd89cd9f83c477337ee99d24951288fa47e8a:0x56cd 
0xa5ecd89cd9f83c477337ee99d24951288fa47e8a:0x56ce 
0xa5ecd89cd9f83c477337ee99d24951288fa47e8a:0x56d1 
0xa5ecd89cd9f83c477337ee99d24951288fa47e8a:0x56d3 
0xa5ecd89cd9f83c477337ee99d24951288fa47e8a:0x56d4 
0xa5ecd89cd9f83c477337ee99d24951288fa47e8a:0x56d5 
0xa5ecd89cd9f83c477337ee99d24951288fa47e8a:0x56d6 
0xa5ecd89cd9f83c477337ee99d24951288fa47e8a:0x56d9 
0xa5ecd89cd9f83c477337ee99d24951288fa47e8a:0x5728 
0xa5ecd89cd9f83c477337ee99d24951288fa47e8a:0x5729 
0xa5ecd89cd9f83c477337ee99d24951288fa47e8a:0x572c 
0xa5ecd89cd9f83c477337ee99d24951288fa47e8a:0x572d 
0xa5ecd89cd9f83c477337ee99d24951288fa47e8a:0x5730 
0xa5ecd89cd9f83c477337ee99d24951288fa47e8a:0x61c9 
0xa5ecd89cd9f83c477337ee99d24951288fa47e8a:0x61ca 
0xa5ecd89cd9f83c477337ee99d24951288fa47e8a:0x61cc 
0xa5ecd89cd9f83c477337ee99d24951288fa47e8a:0x61d1 
0xa5ecd89cd9f83c477337ee99d24951288fa47e8a:0x61d2 
0xa5ecd89cd9f83c477337ee99d24951288fa47e8a:0x61d3 
0xa5ecd89cd9f83c477337ee99d24951288fa47e8a:0x61d4 
0xa5ecd89cd9f83c477337ee99d24951288fa47e8a:0x61d5 
0xa5ecd89cd9f83c477337ee99d24951288fa47e8a:0x61d6 
0xa5ecd89cd9f83c477337ee99d24951288fa47e8a:0x61d7 
0xa5ecd89cd9f83c477337ee99d24951288fa47e8a:0x61d8 
0xa5ecd89cd9f83c477337ee99d24951288fa47e8a:0x5731 
0xa5ecd89cd9f83c477337ee99d24951288fa47e8a:0x5732 
0xa5ecd89cd9f83c477337ee99d24951288fa47e8a:0x5733 
0xa5ecd89cd9f83c477337ee99d24951288fa47e8a:0x5734 
0xa5ecd89cd9f83c477337ee99d24951288fa47e8a:0x5735 
0xa5ecd89cd9f83c477337ee99d24951288fa47e8a:0x5736 
0xa5ecd89cd9f83c477337ee99d24951288fa47e8a:0x56da 
0xa5ecd89cd9f83c477337ee99d24951288fa47e8a:0x56db 
0xa5ecd89cd9f83c477337ee99d24951288fa47e8a:0x56dc 
0xa5ecd89cd9f83c477337ee99d24951288fa47e8a:0x56de 
0xa5ecd89cd9f83c477337ee99d24951288fa47e8a:0x56df 
0xa5ecd89cd9f83c477337ee99d24951288fa47e8a:0x56e0 
0xa5ecd89cd9f83c477337ee99d24951288fa47e8a:0x56e1 
0xa5ecd89cd9f83c477337ee99d24951288fa47e8a:0x56e4 
0xa5ecd89cd9f83c477337ee99d24951288fa47e8a:0x56e6 
0xa5ecd89cd9f83c477337ee99d24951288fa47e8a:0x56e7 
0xa5ecd89cd9f83c477337ee99d24951288fa47e8a:0x56e8 
0xa5ecd89cd9f83c477337ee99d24951288fa47e8a:0x56e9 
0xa5ecd89cd9f83c477337ee99d24951288fa47e8a:0x56ec 
0xa5ecd89cd9f83c477337ee99d24951288fa47e8a:0x5728 
0xa5ecd89cd9f83c477337ee99d24951288fa47e8a:0x5729 
0xa5ecd89cd9f83c477337ee99d24951288fa47e8a:0x572c 
0xa5ecd89cd9f83c477337ee99d24951288fa47e8a:0x572d 
0xa5ecd89cd9f83c477337ee99d24951288fa47e8a:0x5730 
0xa5ecd89cd9f83c477337ee99d24951288fa47e8a:0x61c9 
0xa5ecd89cd9f83c477337ee99d24951288fa47e8a:0x61ca 
0xa5ecd89cd9f83c477337ee99d24951288fa47e8a:0x61cc 
0xa5ecd89cd9f83c477337ee99d24951288fa47e8a:0x61d1 
0xa5ecd89cd9f83c477337ee99d24951288fa47e8a:0x61d2 
0xa5ecd89cd9f83c477337ee99d24951288fa47e8a:0x61d3 
0xa5ecd89cd9f83c477337ee99d24951288fa47e8a:0x61d4 
0xa5ecd89cd9f83c477337ee99d24951288fa47e8a:0x61d5 
0xa5ecd89cd9f83c477337ee99d24951288fa47e8a:0x61d6 
0xa5ecd89cd9f83c477337ee99d24951288fa47e8a:0x61d7 
0xa5ecd89cd9f83c477337ee99d24951288fa47e8a:0x61d8 
0xa5ecd89cd9f83c477337ee99d24951288fa47e8a:0x5731 
0xa5ecd89cd9f83c477337ee99d24951288fa47e8a:0x5732 
0xa5ecd89cd9f83c477337ee99d24951288fa47e8a:0x5733 
0xa5ecd89cd9f83c477337ee99d24951288fa47e8a:0x5734 
0xa5ecd89cd9f83c477337ee99d24951288fa47e8a:0x5735 
0xa5ecd89cd9f83c477337ee99d24951288fa47e8a:0x5736 
0xa5ecd89cd9f83c477337ee99d24951288fa47e8a:0x56ed 
0xa5ecd89cd9f83c477337ee99d24951288fa47e8a:0x56ee 
0xa5ecd89cd9f83c477337ee99d24951288fa47e8a:0x56ef 
0xa5ecd89cd9f83c477337ee99d24951288fa47e8a:0x56f0 
0xa5ecd89cd9f83c477337ee99d24951288fa47e8a:0x56f1 
0xa5ecd89cd9f83c477337ee99d24951288fa47e8a:0x56f2 
0xa5ecd89cd9f83c477337ee99d24951288fa47e8a:0x5ed1 
0xa5ecd89cd9f83c477337ee99d24951288fa47e8a:0x5ed2 
0xa5ecd89cd9f83c477337ee99d24951288fa47e8a:0x5ed3 
0xa5ecd89cd9f83c477337ee99d24951288fa47e8a:0x5ed4 
0xa5ecd89cd9f83c477337ee99d24951288fa47e8a:0x5ed5 
0xa5ecd89cd9f83c477337ee99d24951288fa47e8a:0x5ed6 
0xa5ecd89cd9f83c477337ee99d24951288fa47e8a:0x884 
0xa5ecd89cd9f83c477337ee99d24951288fa47e8a:0x885 
0xa5ecd89cd9f83c477337ee99d24951288fa47e8a:0x887 
0xa5ecd89cd9f83c477337ee99d24951288fa47e8a:0x888 
0xa5ecd89cd9f83c477337ee99d24951288fa47e8a:0x889 
0xa5ecd89cd9f83c477337ee99d24951288fa47e8a:0x88a 
0xa5ecd89cd9f83c477337ee99d24951288fa47e8a:0x88b 
0xa5ecd89cd9f83c477337ee99d24951288fa47e8a:0x88c 
