---
0xa5ecd89cd9f83c477337ee99d24951288fa47e8a:0x0 *
0xa5ecd89cd9f83c477337ee99d24951288fa47e8a:0x2 *
0xa5ecd89cd9f83c477337ee99d24951288fa47e8a:0x4 *
0xa5ecd89cd9f83c477337ee99d24951288fa47e8a:0x5 *
0xa5ecd89cd9f83c477337ee99d24951288fa47e8a:0x6 *
0xa5ecd89cd9f83c477337ee99d24951288fa47e8a:0x7 *
0xa5ecd89cd9f83c477337ee99d24951288fa47e8a:0x8 *
0xa5ecd89cd9f83c477337ee99d24951288fa47e8a:0xb *
0xa5ecd89cd9f83c477337ee99d24951288fa47e8a:0x10 *
0xa5ecd89cd9f83c477337ee99d24951288fa47e8a:0x11 *
0xa5ecd89cd9f83c477337ee99d24951288fa47e8a:0x12 *
0xa5ecd89cd9f83c477337ee99d24951288fa47e8a:0x15 *
0xa5ecd89cd9f83c477337ee99d24951288fa47e8a:0x16 *
0xa5ecd89cd9f83c477337ee99d24951288fa47e8a:0x1a *
0xa5ecd89cd9f83c477337ee99d24951288fa47e8a:0x1c *
0xa5ecd89cd9f83c477337ee99d24951288fa47e8a:0x1d *
0xa5ecd89cd9f83c477337ee99d24951288fa47e8a:0x1f *
---
0xa5ecd89cd9f83c477337ee99d24951288fa47e8a:0x0 
0xa5ecd89cd9f83c477337ee99d24951288fa47e8a:0x2 
0xa5ecd89cd9f83c477337ee99d24951288fa47e8a:0x4 
0xa5ecd89cd9f83c477337ee99d24951288fa47e8a:0x5 
0xa5ecd89cd9f83c477337ee99d24951288fa47e8a:0x6 
0xa5ecd89cd9f83c477337ee99d24951288fa47e8a:0x7 
0xa5ecd89cd9f83c477337ee99d24951288fa47e8a:0x8 
0xa5ecd89cd9f83c477337ee99d24951288fa47e8a:0xb 
0xa5ecd89cd9f83c477337ee99d24951288fa47e8a:0x10 
0xa5ecd89cd9f83c477337ee99d24951288fa47e8a:0x11 
0xa5ecd89cd9f83c477337ee99d24951288fa47e8a:0x12 
0xa5ecd89cd9f83c477337ee99d24951288fa47e8a:0x14 
0xa5ecd89cd9f83c477337ee99d24951288fa47e8a:0x15 
0xa5ecd89cd9f83c477337ee99d24951288fa47e8a:0x16 
0xa5ecd89cd9f83c477337ee99d24951288fa47e8a:0x19 
0xa5ecd89cd9f83c477337ee99d24951288fa47e8a:0x1a 
0xa5ecd89cd9f83c477337ee99d24951288fa47e8a:0x1c 
0xa5ecd89cd9f83c477337ee99d24951288fa47e8a:0x1d 
0xa5ecd89cd9f83c477337ee99d24951288fa47e8a:0x1f 
0xa5ecd89cd9f83c477337ee99d24951288fa47e8a:0x20 
0xa5ecd89cd9f83c477337ee99d24951288fa47e8a:0x21 
0xa5ecd89cd9f83c477337ee99d24951288fa47e8a:0x26 
0xa5ecd89cd9f83c477337ee99d24951288fa47e8a:0x27 
0xa5ecd89cd9f83c477337ee99d24951288fa47e8a:0x2a 
0xa5ecd89cd9f83c477337ee99d24951288fa47e8a:0x2b 
0xa5ecd89cd9f83c477337ee99d24951288fa47e8a:0x2c 
0xa5ecd89cd9f83c477337ee99d24951288fa47e8a:0x31 
0xa5ecd89cd9f83c477337ee99d24951288fa47e8a:0x32 
0xa5ecd89cd9f83c477337ee99d24951288fa47e8a:0x35 
0xa5ecd89cd9f83c477337ee99d24951288fa47e8a:0xb8 
0xa5ecd89cd9f83c477337ee99d24951288fa47e8a:0xb9 
0xa5ecd89cd9f83c477337ee99d24951288fa47e8a:0xba 
0xa5ecd89cd9f83c477337ee99d24951288fa47e8a:0xbf 
0xa5ecd89cd9f83c477337ee99d24951288fa47e8a:0xc0 
0xa5ecd89cd9f83c477337ee99d24951288fa47e8a:0xc3 
0xa5ecd89cd9f83c477337ee99d24951288fa47e8a:0xc4 
0xa5ecd89cd9f83c477337ee99d24951288fa47e8a:0xc5 
0xa5ecd89cd9f83c477337ee99d24951288fa47e8a:0xca 
0xa5ecd89cd9f83c477337ee99d24951288fa47e8a:0xcb 
0xa5ecd89cd9f83c477337ee99d24951288fa47e8a:0xce 
0xa5ecd89cd9f83c477337ee99d24951288fa47e8a:0xcf 
0xa5ecd89cd9f83c477337ee99d24951288fa47e8a:0xd0 
0xa5ecd89cd9f83c477337ee99d24951288fa47e8a:0xd5 
0xa5ecd89cd9f83c477337ee99d24951288fa47e8a:0xd6 
0xa5ecd89cd9f83c477337ee99d24951288fa47e8a:0xd9 
0xa5ecd89cd9f83c477337ee99d24951288fa47e8a:0x644 
0xa5ecd89cd9f83c477337ee99d24951288fa47e8a:0x645 
0xa5ecd89cd9f83c477337ee99d24951288fa47e8a:0x648 
0xa5ecd89cd9f83c477337ee99d24951288fa47e8a:0x64a 
0xa5ecd89cd9f83c477337ee99d24951288fa47e8a:0x64b 
0xa5ecd89cd9f83c477337ee99d24951288fa47e8a:0x64c 
0xa5ecd89cd9f83c477337ee99d24951288fa47e8a:0x64d 
0xa5ecd89cd9f83c477337ee99d24951288fa47e8a:0x64e 
0xa5ecd89cd9f83c477337ee99d24951288fa47e8a:0x64f 
0xa5ecd89cd9f83c477337ee99d24951288fa47e8a:0x650 
0xa5ecd89cd9f83c477337ee99d24951288fa47e8a:0x653 
0xa5ecd89cd9f83c477337ee99d24951288fa47e8a:0x654 
0xa5ecd89cd9f83c477337ee99d24951288fa47e8a:0x655 
0xa5ecd89cd9f83c477337ee99d24951288fa47e8a:0x658 
0xa5ecd89cd9f83c477337ee99d24951288fa47e8a:0x4e4d 
0xa5ecd89cd9f83c477337ee99d24951288fa47e8a:0x4e4e 
0xa5ecd89cd9f83c477337ee99d24951288fa47e8a:0x4e50 
0xa5ecd89cd9f83c477337ee99d24951288fa47e8a:0x4e51 
0xa5ecd89cd9f83c477337ee99d24951288fa47e8a:0x4e53 
0xa5ecd89cd9f83c477337ee99d24951288fa47e8a:0x4e54 
0xa5ecd89cd9f83c477337ee99d24951288fa47e8a:0x4e55 
0xa5ecd89cd9f83c477337ee99d24951288fa47e8a:0x4e56 
0xa5ecd89cd9f83c477337ee99d24951288fa47e8a:0x4e57 
0xa5ecd89cd9f83c477337ee99d24951288fa47e8a:0x4e58 
0xa5ecd89cd9f83c477337ee99d24951288fa47e8a:0x4e5b 
0xa5ecd89cd9f83c477337ee99d24951288fa47e8a:0x4e64 
0xa5ecd89cd9f83c477337ee99d24951288fa47e8a:0x4e65 
0xa5ecd89cd9f83c477337ee99d24951288fa47e8a:0x4e67 
0xa5ecd89cd9f83c477337ee99d24951288fa47e8a:0x4e6a 
0xa5ecd89cd9f83c477337ee99d24951288fa47e8a:0x4e6b 
0xa5ecd89cd9f83c477337ee99d24951288fa47e8a:0x4e6c 
0xa5ecd89cd9f83c477337ee99d24951288fa47e8a:0x4e6d 
0xa5ecd89cd9f83c477337ee99d24951288fa47e8a:0x4e6e 
0xa5ecd89cd9f83c477337ee99d24951288fa47e8a:0x4e71 
0xa5ecd89cd9f83c477337ee99d24951288fa47e8a:0x4a2e 
0xa5ecd89cd9f83c477337ee99d24951288fa47e8a:0x4a2f 
0xa5ecd89cd9f83c477337ee99d24951288fa47e8a:0x4a31 
0xa5ecd89cd9f83c477337ee99d24951288fa47e8a:0x4a32 
0xa5ecd89cd9f83c477337ee99d24951288fa47e8a:0x4a33 
0xa5ecd89cd9f83c477337ee99d24951288fa47e8a:0x4a34 
0xa5ecd89cd9f83c477337ee99d24951288fa47e8a:0x4a35 
0xa5ecd89cd9f83c477337ee99d24951288fa47e8a:0x4a38 
0xa5ecd89cd9f83c477337ee99d24951288fa47e8a:0x4a39 
0xa5ecd89cd9f83c477337ee99d24951288fa47e8a:0x4a3c 
0xa5ecd89cd9f83c477337ee99d24951288fa47e8a:0x70a5 
0xa5ecd89cd9f83c477337ee99d24951288fa47e8a:0x70a6 
0xa5ecd89cd9f83c477337ee99d24951288fa47e8a:0x70a9 
0xa5ecd89cd9f83c477337ee99d24951288fa47e8a:0x70aa 
0xa5ecd89cd9f83c477337ee99d24951288fa47e8a:0x70ad 
0xa5ecd89cd9f83c477337ee99d24951288fa47e8a:0x611e 
0xa5ecd89cd9f83c477337ee99d24951288fa47e8a:0x611f 
0xa5ecd89cd9f83c477337ee99d24951288fa47e8a:0x6121 
0xa5ecd89cd9f83c477337ee99d24951288fa47e8a:0x6122 
0xa5ecd89cd9f83c477337ee99d24951288fa47e8a:0x6123 
0xa5ecd89cd9f83c477337ee99d24951288fa47e8a:0x6124 
0xa5ecd89cd9f83c477337ee99d24951288fa47e8a:0x6125 
0xa5ecd89cd9f83c477337ee99d24951288fa47e8a:0x6126 
0xa5ecd89cd9f83c477337ee99d24951288fa47e8a:0x6127 
0xa5ecd89cd9f83c477337ee99d24951288fa47e8a:0x70ae 
0xa5ecd89cd9f83c477337ee99d24951288fa47e8a:0x70af 
0xa5ecd89cd9f83c477337ee99d24951288fa47e8a:0x70b0 
0xa5ecd89cd9f83c477337ee99d24951288fa47e8a:0x70b1 
0xa5ecd89cd9f83c477337ee99d24951288fa47e8a:0x70b4 
0xa5ecd89cd9f83c477337ee99d24951288fa47e8a:0x70b9 
0xa5ecd89cd9f83c477337ee99d24951288fa47e8a:0x70ba 
0xa5ecd89cd9f83c477337ee99d24951288fa47e8a:0x70bb 
0xa5ecd89cd9f83c477337ee99d24951288fa47e8a:0x4a3d 
0xa5ecd89cd9f83c477337ee99d24951288fa47e8a:0x4a3e 
0xa5ecd89cd9f83c477337ee99d24951288fa47e8a:0x4a3f 
0xa5ecd89cd9f83c477337ee99d24951288fa47e8a:0x4a40 
0xa5ecd89cd9f83c477337ee99d24951288fa47e8a:0x4a41 
0xa5ecd89cd9f83c477337ee99d24951288fa47e8a:0x4a42 
0xa5ecd89cd9f83c477337ee99d24951288fa47e8a:0x4e72 
0xa5ecd89cd9f83c477337ee99d24951288fa47e8a:0x4e73 
0xa5ecd89cd9f83c477337ee99d24951288fa47e8a:0x4e74 
0xa5ecd89cd9f83c477337ee99d24951288fa47e8a:0x4e75 
0xa5ecd89cd9f83c477337ee99d24951288fa47e8a:0x4e76 
0xa5ecd89cd9f83c477337ee99d24951288fa47e8a:0x4e78 
0xa5ecd89cd9f83c477337ee99d24951288fa47e8a:0x4e7b 
0xa5ecd89cd9f83c477337ee99d24951288fa47e8a:0x4e7c 
0xa5ecd89cd9f83c477337ee99d24951288fa47e8a:0x4e7d 
0xa5ecd89cd9f83c477337ee99d24951288fa47e8a:0x4e7e 
0xa5ecd89cd9f83c477337ee99d24951288fa47e8a:0x4e7f 
0xa5ecd89cd9f83c477337ee99d24951288fa47e8a:0x4e82 
0xa5ecd89cd9f83c477337ee99d24951288fa47e8a:0x4a04 
0xa5ecd89cd9f83c477337ee99d24951288fa47e8a:0x4a05 
0xa5ecd89cd9f83c477337ee99d24951288fa47e8a:0x4a07 
0xa5ecd89cd9f83c477337ee99d24951288fa47e8a:0x4a08 
0xa5ecd89cd9f83c477337ee99d24951288fa47e8a:0x4a09 
0xa5ecd89cd9f83c477337ee99d24951288fa47e8a:0x4a0a 
0xa5ecd89cd9f83c477337ee99d24951288fa47e8a:0x4a0b 
0xa5ecd89cd9f83c477337ee99d24951288fa47e8a:0x4a0e 
0xa5ecd89cd9f83c477337ee99d24951288fa47e8a:0x4a0f 
0xa5ecd89cd9f83c477337ee99d24951288fa47e8a:0x4a12 
0xa5ecd89cd9f83c477337ee99d24951288fa47e8a:0x7077 
0xa5ecd89cd9f83c477337ee99d24951288fa47e8a:0x7078 
0xa5ecd89cd9f83c477337ee99d24951288fa47e8a:0x707b 
0xa5ecd89cd9f83c477337ee99d24951288fa47e8a:0x707c 
0xa5ecd89cd9f83c477337ee99d24951288fa47e8a:0x707f 
0xa5ecd89cd9f83c477337ee99d24951288fa47e8a:0x6100 
0xa5ecd89cd9f83c477337ee99d24951288fa47e8a:0x6101 
0xa5ecd89cd9f83c477337ee99d24951288fa47e8a:0x6103 
0xa5ecd89cd9f83c477337ee99d24951288fa47e8a:0x6106 
0xa5ecd89cd9f83c477337ee99d24951288fa47e8a:0x6107 
0xa5ecd89cd9f83c477337ee99d24951288fa47e8a:0x610a 
0xa5ecd89cd9f83c477337ee99d24951288fa47e8a:0x619f 
0xa5ecd89cd9f83c477337ee99d24951288fa47e8a:0x61a0 
0xa5ecd89cd9f83c477337ee99d24951288fa47e8a:0x61a2 
0xa5ecd89cd9f83c477337ee99d24951288fa47e8a:0x61b7 
0xa5ecd89cd9f83c477337ee99d24951288fa47e8a:0x61b8 
0xa5ecd89cd9f83c477337ee99d24951288fa47e8a:0x61b9 
0xa5ecd89cd9f83c477337ee99d24951288fa47e8a:0x61ba 
0xa5ecd89cd9f83c477337ee99d24951288fa47e8a:0x61bb 
0xa5ecd89cd9f83c477337ee99d24951288fa47e8a:0x61bc 
0xa5ecd89cd9f83c477337ee99d24951288fa47e8a:0x61bd 
0xa5ecd89cd9f83c477337ee99d24951288fa47e8a:0x61be 
0xa5ecd89cd9f83c477337ee99d24951288fa47e8a:0x610b 
0xa5ecd89cd9f83c477337ee99d24951288fa47e8a:0x610c 
0xa5ecd89cd9f83c477337ee99d24951288fa47e8a:0x610d 
0xa5ecd89cd9f83c477337ee99d24951288fa47e8a:0x610e 
0xa5ecd89cd9f83c477337ee99d24951288fa47e8a:0x610f 
0xa5ecd89cd9f83c477337ee99d24951288fa47e8a:0x6110 
0xa5ecd89cd9f83c477337ee99d24951288fa47e8a:0x6111 
0xa5ecd89cd9f83c477337ee99d24951288fa47e8a:0x7080 
0xa5ecd89cd9f83c477337ee99d24951288fa47e8a:0x7081 
0xa5ecd89cd9f83c477337ee99d24951288fa47e8a:0x7082 
0xa5ecd89cd9f83c477337ee99d24951288fa47e8a:0x7083 
0xa5ecd89cd9f83c477337ee99d24951288fa47e8a:0x7086 
0xa5ecd89cd9f83c477337ee99d24951288fa47e8a:0x708b 
0xa5ecd89cd9f83c477337ee99d24951288fa47e8a:0x708c 
0xa5ecd89cd9f83c477337ee99d24951288fa47e8a:0x708d 
0xa5ecd89cd9f83c477337ee99d24951288fa47e8a:0x4a13 
0xa5ecd89cd9f83c477337ee99d24951288fa47e8a:0x4a14 
0xa5ecd89cd9f83c477337ee99d24951288fa47e8a:0x4a15 
0xa5ecd89cd9f83c477337ee99d24951288fa47e8a:0x4a16 
0xa5ecd89cd9f83c477337ee99d24951288fa47e8a:0x4a17 
0xa5ecd89cd9f83c477337ee99d24951288fa47e8a:0x4a18 
0xa5ecd89cd9f83c477337ee99d24951288fa47e8a:0x4e83 
0xa5ecd89cd9f83c477337ee99d24951288fa47e8a:0x4e84 
0xa5ecd89cd9f83c477337ee99d24951288fa47e8a:0x4e85 
0xa5ecd89cd9f83c477337ee99d24951288fa47e8a:0x4e86 
0xa5ecd89cd9f83c477337ee99d24951288fa47e8a:0x4e87 
0xa5ecd89cd9f83c477337ee99d24951288fa47e8a:0x4e88 
0xa5ecd89cd9f83c477337ee99d24951288fa47e8a:0x4e89 
0xa5ecd89cd9f83c477337ee99d24951288fa47e8a:0x4e8a 
0xa5ecd89cd9f83c477337ee99d24951288fa47e8a:0x4e8b 
0xa5ecd89cd9f83c477337ee99d24951288fa47e8a:0x4e8c 
0xa5ecd89cd9f83c477337ee99d24951288fa47e8a:0x659 
0xa5ecd89cd9f83c477337ee99d24951288fa47e8a:0x65a 
0xa5ecd89cd9f83c477337ee99d24951288fa47e8a:0x65d 
0xa5ecd89cd9f83c477337ee99d24951288fa47e8a:0x1ca4 
0xa5ecd89cd9f83c477337ee99d24951288fa47e8a:0x1ca5 
0xa5ecd89cd9f83c477337ee99d24951288fa47e8a:0x1ca7 
0xa5ecd89cd9f83c477337ee99d24951288fa47e8a:0x1ca9 
0xa5ecd89cd9f83c477337ee99d24951288fa47e8a:0x1cab 
0xa5ecd89cd9f83c477337ee99d24951288fa47e8a:0x1cac 
0xa5ecd89cd9f83c477337ee99d24951288fa47e8a:0x1cad 
0xa5ecd89cd9f83c477337ee99d24951288fa47e8a:0x1cae 
0xa5ecd89cd9f83c477337ee99d24951288fa47e8a:0x1cb0 
0xa5ecd89cd9f83c477337ee99d24951288fa47e8a:0x1cb1 
0xa5ecd89cd9f83c477337ee99d24951288fa47e8a:0x1cb2 
0xa5ecd89cd9f83c477337ee99d24951288fa47e8a:0x1cb3 
0xa5ecd89cd9f83c477337ee99d24951288fa47e8a:0x1cb4 
0xa5ecd89cd9f83c477337ee99d24951288fa47e8a:0x1cb6 
0xa5ecd89cd9f83c477337ee99d24951288fa47e8a:0x1cb7 
0xa5ecd89cd9f83c477337ee99d24951288fa47e8a:0x1cb9 
0xa5ecd89cd9f83c477337ee99d24951288fa47e8a:0x1cba 
0xa5ecd89cd9f83c477337ee99d24951288fa47e8a:0x1cbc 
0xa5ecd89cd9f83c477337ee99d24951288fa47e8a:0x1cbd 
0xa5ecd89cd9f83c477337ee99d24951288fa47e8a:0x1cbf 
0xa5ecd89cd9f83c477337ee99d24951288fa47e8a:0x1cc0 
0xa5ecd89cd9f83c477337ee99d24951288fa47e8a:0x1cd5 
0xa5ecd89cd9f83c477337ee99d24951288fa47e8a:0x1cd6 
0xa5ecd89cd9f83c477337ee99d24951288fa47e8a:0x1ceb 
0xa5ecd89cd9f83c477337ee99d24951288fa47e8a:0x1cec 
0xa5ecd89cd9f83c477337ee99d24951288fa47e8a:0x1ced 
0xa5ecd89cd9f83c477337ee99d24951288fa47e8a:0x1cee 
0xa5ecd89cd9f83c477337ee99d24951288fa47e8a:0x1cf0 
0xa5ecd89cd9f83c477337ee99d24951288fa47e8a:0x1cf1 
0xa5ecd89cd9f83c477337ee99d24951288fa47e8a:0x1cf2 
0xa5ecd89cd9f83c477337ee99d24951288fa47e8a:0x1cf3 
0xa5ecd89cd9f83c477337ee99d24951288fa47e8a:0x1cf4 
0xa5ecd89cd9f83c477337ee99d24951288fa47e8a:0x1cf6 
0xa5ecd89cd9f83c477337ee99d24951288fa47e8a:0x1cf7 
0xa5ecd89cd9f83c477337ee99d24951288fa47e8a:0x1cf9 
0xa5ecd89cd9f83c477337ee99d24951288fa47e8a:0x1cfa 
0xa5ecd89cd9f83c477337ee99d24951288fa47e8a:0x1cfc 
0xa5ecd89cd9f83c477337ee99d24951288fa47e8a:0x1cfd 
0xa5ecd89cd9f83c477337ee99d24951288fa47e8a:0x1cfe 
0xa5ecd89cd9f83c477337ee99d24951288fa47e8a:0x1cff 
0xa5ecd89cd9f83c477337ee99d24951288fa47e8a:0x1d02 
0xa5ecd89cd9f83c477337ee99d24951288fa47e8a:0x1d03 
0xa5ecd89cd9f83c477337ee99d24951288fa47e8a:0x1d04 
0xa5ecd89cd9f83c477337ee99d24951288fa47e8a:0x1d05 
0xa5ecd89cd9f83c477337ee99d24951288fa47e8a:0x1d07 
0xa5ecd89cd9f83c477337ee99d24951288fa47e8a:0x1d08 
0xa5ecd89cd9f83c477337ee99d24951288fa47e8a:0x1d09 
0xa5ecd89cd9f83c477337ee99d24951288fa47e8a:0x1d0a 
0xa5ecd89cd9f83c477337ee99d24951288fa47e8a:0x1d0b 
0xa5ecd89cd9f83c477337ee99d24951288fa47e8a:0x1d0c 
0xa5ecd89cd9f83c477337ee99d24951288fa47e8a:0x1d0d 
0xa5ecd89cd9f83c477337ee99d24951288fa47e8a:0x1d0e 
0xa5ecd89cd9f83c477337ee99d24951288fa47e8a:0x65e 
0xa5ecd89cd9f83c477337ee99d24951288fa47e8a:0x65f 
0xa5ecd89cd9f83c477337ee99d24951288fa47e8a:0x661 
0xa5ecd89cd9f83c477337ee99d24951288fa47e8a:0x662 
0xa5ecd89cd9f83c477337ee99d24951288fa47e8a:0x665 
0xa5ecd89cd9f83c477337ee99d24951288fa47e8a:0x666 
0xa5ecd89cd9f83c477337ee99d24951288fa47e8a:0x667 
0xa5ecd89cd9f83c477337ee99d24951288fa47e8a:0x66a 
0xa5ecd89cd9f83c477337ee99d24951288fa47e8a:0x59a4 
0xa5ecd89cd9f83c477337ee99d24951288fa47e8a:0x59a5 
0xa5ecd89cd9f83c477337ee99d24951288fa47e8a:0x59a7 
0xa5ecd89cd9f83c477337ee99d24951288fa47e8a:0x59a9 
0xa5ecd89cd9f83c477337ee99d24951288fa47e8a:0x59aa 
0xa5ecd89cd9f83c477337ee99d24951288fa47e8a:0x59ab 
0xa5ecd89cd9f83c477337ee99d24951288fa47e8a:0x59ac 
0xa5ecd89cd9f83c477337ee99d24951288fa47e8a:0x59ad 
0xa5ecd89cd9f83c477337ee99d24951288fa47e8a:0x59b0 
0xa5ecd89cd9f83c477337ee99d24951288fa47e8a:0x59b2 
0xa5ecd89cd9f83c477337ee99d24951288fa47e8a:0x59b3 
0xa5ecd89cd9f83c477337ee99d24951288fa47e8a:0x59b4 
0xa5ecd89cd9f83c477337ee99d24951288fa47e8a:0x59b5 
0xa5ecd89cd9f83c477337ee99d24951288fa47e8a:0x59b8 
0xa5ecd89cd9f83c477337ee99d24951288fa47e8a:0x5027 
0xa5ecd89cd9f83c477337ee99d24951288fa47e8a:0x5028 
0xa5ecd89cd9f83c477337ee99d24951288fa47e8a:0x502b 
0xa5ecd89cd9f83c477337ee99d24951288fa47e8a:0x502c 
0xa5ecd89cd9f83c477337ee99d24951288fa47e8a:0x502f 
0xa5ecd89cd9f83c477337ee99d24951288fa47e8a:0x6112 
0xa5ecd89cd9f83c477337ee99d24951288fa47e8a:0x6113 
0xa5ecd89cd9f83c477337ee99d24951288fa47e8a:0x6115 
0xa5ecd89cd9f83c477337ee99d24951288fa47e8a:0x6116 
0xa5ecd89cd9f83c477337ee99d24951288fa47e8a:0x6117 
0xa5ecd89cd9f83c477337ee99d24951288fa47e8a:0x6118 
0xa5ecd89cd9f83c477337ee99d24951288fa47e8a:0x6119 
0xa5ecd89cd9f83c477337ee99d24951288fa47e8a:0x611a 
0xa5ecd89cd9f83c477337ee99d24951288fa47e8a:0x611b 
0xa5ecd89cd9f83c477337ee99d24951288fa47e8a:0x611c 
0xa5ecd89cd9f83c477337ee99d24951288fa47e8a:0x611d 
0xa5ecd89cd9f83c477337ee99d24951288fa47e8a:0x5030 
0xa5ecd89cd9f83c477337ee99d24951288fa47e8a:0x5031 
0xa5ecd89cd9f83c477337ee99d24951288fa47e8a:0x5032 
0xa5ecd89cd9f83c477337ee99d24951288fa47e8a:0x5033 
0xa5ecd89cd9f83c477337ee99d24951288fa47e8a:0x5034 
0xa5ecd89cd9f83c477337ee99d24951288fa47e8a:0x5035 
0xa5ecd89cd9f83c477337ee99d24951288fa47e8a:0x59b9 
0xa5ecd89cd9f83c477337ee99d24951288fa47e8a:0x59ba 
0xa5ecd89cd9f83c477337ee99d24951288fa47e8a:0x59bb 
0xa5ecd89cd9f83c477337ee99d24951288fa47e8a:0x59bc 
0xa5ecd89cd9f83c477337ee99d24951288fa47e8a:0x59bd 
0xa5ecd89cd9f83c477337ee99d24951288fa47e8a:0x59be 
0xa5ecd89cd9f83c477337ee99d24951288fa47e8a:0x66b 
0xa5ecd89cd9f83c477337ee99d24951288fa47e8a:0x66c 
0xa5ecd89cd9f83c477337ee99d24951288fa47e8a:0x66e 
0xa5ecd89cd9f83c477337ee99d24951288fa47e8a:0x66f 
0xa5ecd89cd9f83c477337ee99d24951288fa47e8a:0x670 
0xa5ecd89cd9f83c477337ee99d24951288fa47e8a:0x671 
0xa5ecd89cd9f83c477337ee99d24951288fa47e8a:0x672 
0xa5ecd89cd9f83c477337ee99d24951288fa47e8a:0x673 
