---
0xa5ecd89cd9f83c477337ee99d24951288fa47e8a:0x0 *
0xa5ecd89cd9f83c477337ee99d24951288fa47e8a:0x2 *
0xa5ecd89cd9f83c477337ee99d24951288fa47e8a:0x4 *
0xa5ecd89cd9f83c477337ee99d24951288fa47e8a:0x5 *
0xa5ecd89cd9f83c477337ee99d24951288fa47e8a:0x6 *
0xa5ecd89cd9f83c477337ee99d24951288fa47e8a:0x7 *
0xa5ecd89cd9f83c477337ee99d24951288fa47e8a:0x8 *
0xa5ecd89cd9f83c477337ee99d24951288fa47e8a:0xb *
0xa5ecd89cd9f83c477337ee99d24951288fa47e8a:0x10 *
0xa5ecd89cd9f83c477337ee99d24951288fa47e8a:0x11 *
0xa5ecd89cd9f83c477337ee99d24951288fa47e8a:0x12 *
0xa5ecd89cd9f83c477337ee99d24951288fa47e8a:0x15 *
0xa5ecd89cd9f83c477337ee99d24951288fa47e8a:0x16 *
0xa5ecd89cd9f83c477337ee99d24951288fa47e8a:0x1a *
0xa5ecd89cd9f83c477337ee99d24951288fa47e8a:0x1c *
0xa5ecd89cd9f83c477337ee99d24951288fa47e8a:0x1d *
0xa5ecd89cd9f83c477337ee99d24951288fa47e8a:0x1f *
---
0xa5ecd89cd9f83c477337ee99d24951288fa47e8a:0x0 
0xa5ecd89cd9f83c477337ee99d24951288fa47e8a:0x2 
0xa5ecd89cd9f83c477337ee99d24951288fa47e8a:0x4 
0xa5ecd89cd9f83c477337ee99d24951288fa47e8a:0x5 
0xa5ecd89cd9f83c477337ee99d24951288fa47e8a:0x6 
0xa5ecd89cd9f83c477337ee99d24951288fa47e8a:0x7 
0xa5ecd89cd9f83c477337ee99d24951288fa47e8a:0x8 
0xa5ecd89cd9f83c477337ee99d24951288fa47e8a:0xb 
0xa5ecd89cd9f83c477337ee99d24951288fa47e8a:0x10 
0xa5ecd89cd9f83c477337ee99d24951288fa47e8a:0x11 
0xa5ecd89cd9f83c477337ee99d24951288fa47e8a:0x12 
0xa5ecd89cd9f83c477337ee99d24951288fa47e8a:0x14 
0xa5ecd89cd9f83c477337ee99d24951288fa47e8a:0x15 
0xa5ecd89cd9f83c477337ee99d24951288fa47e8a:0x16 
0xa5ecd89cd9f83c477337ee99d24951288fa47e8a:0x19 
0xa5ecd89cd9f83c477337ee99d24951288fa47e8a:0x1a 
0xa5ecd89cd9f83c477337ee99d24951288fa47e8a:0x1c 
0xa5ecd89cd9f83c477337ee99d24951288fa47e8a:0x1d 
0xa5ecd89cd9f83c477337ee99d24951288fa47e8a:0x1f 
0xa5ecd89cd9f83c477337ee99d24951288fa47e8a:0x20 
0xa5ecd89cd9f83c477337ee99d24951288fa47e8a:0x21 
0xa5ecd89cd9f83c477337ee99d24951288fa47e8a:0x26 
0xa5ecd89cd9f83c477337ee99d24951288fa47e8a:0x27 
0xa5ecd89cd9f83c477337ee99d24951288fa47e8a:0x2a 
0xa5ecd89cd9f83c477337ee99d24951288fa47e8a:0x2b 
0xa5ecd89cd9f83c477337ee99d24951288fa47e8a:0x2c 
0xa5ecd89cd9f83c477337ee99d24951288fa47e8a:0x31 
0xa5ecd89cd9f83c477337ee99d24951288fa47e8a:0x32 
0xa5ecd89cd9f83c477337ee99d24951288fa47e8a:0x35 
0xa5ecd89cd9f83c477337ee99d24951288fa47e8a:0x36 
0xa5ecd89cd9f83c477337ee99d24951288fa47e8a:0x37 
0xa5ecd89cd9f83c477337ee99d24951288fa47e8a:0x3c 
0xa5ecd89cd9f83c477337ee99d24951288fa47e8a:0x3d 
0xa5ecd89cd9f83c477337ee99d24951288fa47e8a:0x40 
0xa5ecd89cd9f83c477337ee99d24951288fa47e8a:0x7c 
0xa5ecd89cd9f83c477337ee99d24951288fa47e8a:0x7d 
0xa5ecd89cd9f83c477337ee99d24951288fa47e8a:0x7e 
0xa5ecd89cd9f83c477337ee99d24951288fa47e8a:0x83 
0xa5ecd89cd9f83c477337ee99d24951288fa47e8a:0x84 
0xa5ecd89cd9f83c477337ee99d24951288fa47e8a:0x87 
0xa5ecd89cd9f83c477337ee99d24951288fa47e8a:0x88 
0xa5ecd89cd9f83c477337ee99d24951288fa47e8a:0x89 
0xa5ecd89cd9f83c477337ee99d24951288fa47e8a:0x8e 
0xa5ecd89cd9f83c477337ee99d24951288fa47e8a:0x8f 
0xa5ecd89cd9f83c477337ee99d24951288fa47e8a:0x92 
0xa5ecd89cd9f83c477337ee99d24951288fa47e8a:0x93 
0xa5ecd89cd9f83c477337ee99d24951288fa47e8a:0x94 
0xa5ecd89cd9f83c477337ee99d24951288fa47e8a:0x99 
0xa5ecd89cd9f83c477337ee99d24951288fa47e8a:0x9a 
0xa5ecd89cd9f83c477337ee99d24951288fa47e8a:0x9d 
0xa5ecd89cd9f83c477337ee99d24951288fa47e8a:0x733 
0xa5ecd89cd9f83c477337ee99d24951288fa47e8a:0x734 
0xa5ecd89cd9f83c477337ee99d24951288fa47e8a:0x737 
0xa5ecd89cd9f83c477337ee99d24951288fa47e8a:0x739 
0xa5ecd89cd9f83c477337ee99d24951288fa47e8a:0x73a 
0xa5ecd89cd9f83c477337ee99d24951288fa47e8a:0x73b 
0xa5ecd89cd9f83c477337ee99d24951288fa47e8a:0x73c 
0xa5ecd89cd9f83c477337ee99d24951288fa47e8a:0x73d 
0xa5ecd89cd9f83c477337ee99d24951288fa47e8a:0x73e 
0xa5ecd89cd9f83c477337ee99d24951288fa47e8a:0x73f 
0xa5ecd89cd9f83c477337ee99d24951288fa47e8a:0x742 
0xa5ecd89cd9f83c477337ee99d24951288fa47e8a:0x743 
0xa5ecd89cd9f83c477337ee99d24951288fa47e8a:0x744 
0xa5ecd89cd9f83c477337ee99d24951288fa47e8a:0x747 
0xa5ecd89cd9f83c477337ee99d24951288fa47e8a:0x4b1b 
0xa5ecd89cd9f83c477337ee99d24951288fa47e8a:0x4b1c 
0xa5ecd89cd9f83c477337ee99d24951288fa47e8a:0x4b1e 
0xa5ecd89cd9f83c477337ee99d24951288fa47e8a:0x4b20 
0xa5ecd89cd9f83c477337ee99d24951288fa47e8a:0x4b21 
0xa5ecd89cd9f83c477337ee99d24951288fa47e8a:0x4b22 
0xa5ecd89cd9f83c477337ee99d24951288fa47e8a:0x4b23 
0xa5ecd89cd9f83c477337ee99d24951288fa47e8a:0x4b24 
0xa5ecd89cd9f83c477337ee99d24951288fa47e8a:0x4b25 
0xa5ecd89cd9f83c477337ee99d24951288fa47e8a:0x4b28 
0xa5ecd89cd9f83c477337ee99d24951288fa47e8a:0x4b31 
0xa5ecd89cd9f83c477337ee99d24951288fa47e8a:0x4b32 
0xa5ecd89cd9f83c477337ee99d24951288fa47e8a:0x4b34 
0xa5ecd89cd9f83c477337ee99d24951288fa47e8a:0x4b37 
0xa5ecd89cd9f83c477337ee99d24951288fa47e8a:0x4b38 
0xa5ecd89cd9f83c477337ee99d24951288fa47e8a:0x4b39 
0xa5ecd89cd9f83c477337ee99d24951288fa47e8a:0x4b3a 
0xa5ecd89cd9f83c477337ee99d24951288fa47e8a:0x4b3b 
0xa5ecd89cd9f83c477337ee99d24951288fa47e8a:0x4b3e 
0xa5ecd89cd9f83c477337ee99d24951288fa47e8a:0x4a04 
0xa5ecd89cd9f83c477337ee99d24951288fa47e8a:0x4a05 
0xa5ecd89cd9f83c477337ee99d24951288fa47e8a:0x4a07 
0xa5ecd89cd9f83c477337ee99d24951288fa47e8a:0x4a08 
0xa5ecd89cd9f83c477337ee99d24951288fa47e8a:0x4a09 
0xa5ecd89cd9f83c477337ee99d24951288fa47e8a:0x4a0a 
0xa5ecd89cd9f83c477337ee99d24951288fa47e8a:0x4a0b 
0xa5ecd89cd9f83c477337ee99d24951288fa47e8a:0x4a0e 
0xa5ecd89cd9f83c477337ee99d24951288fa47e8a:0x4a0f 
0xa5ecd89cd9f83c477337ee99d24951288fa47e8a:0x4a12 
0xa5ecd89cd9f83c477337ee99d24951288fa47e8a:0x7077 
0xa5ecd89cd9f83c477337ee99d24951288fa47e8a:0x7078 
0xa5ecd89cd9f83c477337ee99d24951288fa47e8a:0x707b 
0xa5ecd89cd9f83c477337ee99d24951288fa47e8a:0x707c 
0xa5ecd89cd9f83c477337ee99d24951288fa47e8a:0x707f 
0xa5ecd89cd9f83c477337ee99d24951288fa47e8a:0x6100 
0xa5ecd89cd9f83c477337ee99d24951288fa47e8a:0x6101 
0xa5ecd89cd9f83c477337ee99d24951288fa47e8a:0x6103 
0xa5ecd89cd9f83c477337ee99d24951288fa47e8a:0x6106 
0xa5ecd89cd9f83c477337ee99d24951288fa47e8a:0x6107 
0xa5ecd89cd9f83c477337ee99d24951288fa47e8a:0x610a 
0xa5ecd89cd9f83c477337ee99d24951288fa47e8a:0x619f 
0xa5ecd89cd9f83c477337ee99d24951288fa47e8a:0x61a0 
0xa5ecd89cd9f83c477337ee99d24951288fa47e8a:0x61a2 
0xa5ecd89cd9f83c477337ee99d24951288fa47e8a:0x61b7 
0xa5ecd89cd9f83c477337ee99d24951288fa47e8a:0x61b8 
0xa5ecd89cd9f83c477337ee99d24951288fa47e8a:0x61b9 
0xa5ecd89cd9f83c477337ee99d24951288fa47e8a:0x61ba 
0xa5ecd89cd9f83c477337ee99d24951288fa47e8a:0x61bb 
0xa5ecd89cd9f83c477337ee99d24951288fa47e8a:0x61bc 
0xa5ecd89cd9f83c477337ee99d24951288fa47e8a:0x61bd 
0xa5ecd89cd9f83c477337ee99d24951288fa47e8a:0x61be 
0xa5ecd89cd9f83c477337ee99d24951288fa47e8a:0x610b 
0xa5ecd89cd9f83c477337ee99d24951288fa47e8a:0x610c 
0xa5ecd89cd9f83c477337ee99d24951288fa47e8a:0x610d 
0xa5ecd89cd9f83c477337ee99d24951288fa47e8a:0x610e 
0xa5ecd89cd9f83c477337ee99d24951288fa47e8a:0x610f 
0xa5ecd89cd9f83c477337ee99d24951288fa47e8a:0x6110 
0xa5ecd89cd9f83c477337ee99d24951288fa47e8a:0x6111 
0xa5ecd89cd9f83c477337ee99d24951288fa47e8a:0x7080 
0xa5ecd89cd9f83c477337ee99d24951288fa47e8a:0x7081 
0xa5ecd89cd9f83c477337ee99d24951288fa47e8a:0x7082 
0xa5ecd89cd9f83c477337ee99d24951288fa47e8a:0x7083 
0xa5ecd89cd9f83c477337ee99d24951288fa47e8a:0x7086 
0xa5ecd89cd9f83c477337ee99d24951288fa47e8a:0x708b 
0xa5ecd89cd9f83c477337ee99d24951288fa47e8a:0x708c 
0xa5ecd89cd9f83c477337ee99d24951288fa47e8a:0x708d 
0xa5ecd89cd9f83c477337ee99d24951288fa47e8a:0x4a13 
0xa5ecd89cd9f83c477337ee99d24951288fa47e8a:0x4a14 
0xa5ecd89cd9f83c477337ee99d24951288fa47e8a:0x4a15 
0xa5ecd89cd9f83c477337ee99d24951288fa47e8a:0x4a16 
0xa5ecd89cd9f83c477337ee99d24951288fa47e8a:0x4a17 
0xa5ecd89cd9f83c477337ee99d24951288fa47e8a:0x4a18 
0xa5ecd89cd9f83c477337ee99d24951288fa47e8a:0x4b3f 
0xa5ecd89cd9f83c477337ee99d24951288fa47e8a:0x4b40 
0xa5ecd89cd9f83c477337ee99d24951288fa47e8a:0x4b41 
0xa5ecd89cd9f83c477337ee99d24951288fa47e8a:0x4b42 
0xa5ecd89cd9f83c477337ee99d24951288fa47e8a:0x4b43 
0xa5ecd89cd9f83c477337ee99d24951288fa47e8a:0x4b44 
0xa5ecd89cd9f83c477337ee99d24951288fa47e8a:0x4b45 
0xa5ecd89cd9f83c477337ee99d24951288fa47e8a:0x4b46 
0xa5ecd89cd9f83c477337ee99d24951288fa47e8a:0x4b47 
0xa5ecd89cd9f83c477337ee99d24951288fa47e8a:0x748 
0xa5ecd89cd9f83c477337ee99d24951288fa47e8a:0x749 
0xa5ecd89cd9f83c477337ee99d24951288fa47e8a:0x74c 
0xa5ecd89cd9f83c477337ee99d24951288fa47e8a:0x1ec7 
0xa5ecd89cd9f83c477337ee99d24951288fa47e8a:0x1ec8 
0xa5ecd89cd9f83c477337ee99d24951288fa47e8a:0x1ecb 
0xa5ecd89cd9f83c477337ee99d24951288fa47e8a:0x1ece 
0xa5ecd89cd9f83c477337ee99d24951288fa47e8a:0x489c 
0xa5ecd89cd9f83c477337ee99d24951288fa47e8a:0x489d 
0xa5ecd89cd9f83c477337ee99d24951288fa47e8a:0x489f 
0xa5ecd89cd9f83c477337ee99d24951288fa47e8a:0x48a0 
0xa5ecd89cd9f83c477337ee99d24951288fa47e8a:0x48a1 
0xa5ecd89cd9f83c477337ee99d24951288fa47e8a:0x48a3 
0xa5ecd89cd9f83c477337ee99d24951288fa47e8a:0x48a4 
0xa5ecd89cd9f83c477337ee99d24951288fa47e8a:0x48a6 
0xa5ecd89cd9f83c477337ee99d24951288fa47e8a:0x48a7 
0xa5ecd89cd9f83c477337ee99d24951288fa47e8a:0x48a8 
0xa5ecd89cd9f83c477337ee99d24951288fa47e8a:0x48aa 
0xa5ecd89cd9f83c477337ee99d24951288fa47e8a:0x48ab 
0xa5ecd89cd9f83c477337ee99d24951288fa47e8a:0x48ac 
0xa5ecd89cd9f83c477337ee99d24951288fa47e8a:0x48ae 
0xa5ecd89cd9f83c477337ee99d24951288fa47e8a:0x48af 
0xa5ecd89cd9f83c477337ee99d24951288fa47e8a:0x48b1 
0xa5ecd89cd9f83c477337ee99d24951288fa47e8a:0x48c6 
0xa5ecd89cd9f83c477337ee99d24951288fa47e8a:0x48c7 
0xa5ecd89cd9f83c477337ee99d24951288fa47e8a:0x48c8 
0xa5ecd89cd9f83c477337ee99d24951288fa47e8a:0x48c9 
0xa5ecd89cd9f83c477337ee99d24951288fa47e8a:0x48cb 
0xa5ecd89cd9f83c477337ee99d24951288fa47e8a:0x48cc 
0xa5ecd89cd9f83c477337ee99d24951288fa47e8a:0x48ce 
0xa5ecd89cd9f83c477337ee99d24951288fa47e8a:0x48cf 
0xa5ecd89cd9f83c477337ee99d24951288fa47e8a:0x48d0 
0xa5ecd89cd9f83c477337ee99d24951288fa47e8a:0x48d2 
0xa5ecd89cd9f83c477337ee99d24951288fa47e8a:0x48d3 
0xa5ecd89cd9f83c477337ee99d24951288fa47e8a:0x48d5 
0xa5ecd89cd9f83c477337ee99d24951288fa47e8a:0x48d7 
0xa5ecd89cd9f83c477337ee99d24951288fa47e8a:0x48d8 
0xa5ecd89cd9f83c477337ee99d24951288fa47e8a:0x48d9 
0xa5ecd89cd9f83c477337ee99d24951288fa47e8a:0x48da 
0xa5ecd89cd9f83c477337ee99d24951288fa47e8a:0x48dd 
0xa5ecd89cd9f83c477337ee99d24951288fa47e8a:0x48e6 
0xa5ecd89cd9f83c477337ee99d24951288fa47e8a:0x48e7 
0xa5ecd89cd9f83c477337ee99d24951288fa47e8a:0x48e8 
0xa5ecd89cd9f83c477337ee99d24951288fa47e8a:0x48e9 
0xa5ecd89cd9f83c477337ee99d24951288fa47e8a:0x48eb 
0xa5ecd89cd9f83c477337ee99d24951288fa47e8a:0x48ec 
0xa5ecd89cd9f83c477337ee99d24951288fa47e8a:0x48ef 
0xa5ecd89cd9f83c477337ee99d24951288fa47e8a:0x48f2 
0xa5ecd89cd9f83c477337ee99d24951288fa47e8a:0x48f9 
0xa5ecd89cd9f83c477337ee99d24951288fa47e8a:0x48fa 
0xa5ecd89cd9f83c477337ee99d24951288fa47e8a:0x48fc 
0xa5ecd89cd9f83c477337ee99d24951288fa47e8a:0x48fd 
0xa5ecd89cd9f83c477337ee99d24951288fa47e8a:0x48fe 
0xa5ecd89cd9f83c477337ee99d24951288fa47e8a:0x4900 
0xa5ecd89cd9f83c477337ee99d24951288fa47e8a:0x4901 
0xa5ecd89cd9f83c477337ee99d24951288fa47e8a:0x4903 
0xa5ecd89cd9f83c477337ee99d24951288fa47e8a:0x4904 
0xa5ecd89cd9f83c477337ee99d24951288fa47e8a:0x4905 
0xa5ecd89cd9f83c477337ee99d24951288fa47e8a:0x4907 
0xa5ecd89cd9f83c477337ee99d24951288fa47e8a:0x490c 
0xa5ecd89cd9f83c477337ee99d24951288fa47e8a:0x490d 
0xa5ecd89cd9f83c477337ee99d24951288fa47e8a:0x490e 
0xa5ecd89cd9f83c477337ee99d24951288fa47e8a:0x490f 
0xa5ecd89cd9f83c477337ee99d24951288fa47e8a:0x4911 
0xa5ecd89cd9f83c477337ee99d24951288fa47e8a:0x4912 
0xa5ecd89cd9f83c477337ee99d24951288fa47e8a:0x4914 
0xa5ecd89cd9f83c477337ee99d24951288fa47e8a:0x4919 
0xa5ecd89cd9f83c477337ee99d24951288fa47e8a:0x491a 
0xa5ecd89cd9f83c477337ee99d24951288fa47e8a:0x491b 
0xa5ecd89cd9f83c477337ee99d24951288fa47e8a:0x491c 
0xa5ecd89cd9f83c477337ee99d24951288fa47e8a:0x491d 
0xa5ecd89cd9f83c477337ee99d24951288fa47e8a:0x491e 
0xa5ecd89cd9f83c477337ee99d24951288fa47e8a:0x48f3 
0xa5ecd89cd9f83c477337ee99d24951288fa47e8a:0x48f4 
0xa5ecd89cd9f83c477337ee99d24951288fa47e8a:0x48f5 
0xa5ecd89cd9f83c477337ee99d24951288fa47e8a:0x48f6 
0xa5ecd89cd9f83c477337ee99d24951288fa47e8a:0x48f7 
0xa5ecd89cd9f83c477337ee99d24951288fa47e8a:0x48f8 
0xa5ecd89cd9f83c477337ee99d24951288fa47e8a:0x1ecf 
0xa5ecd89cd9f83c477337ee99d24951288fa47e8a:0x1ed0 
0xa5ecd89cd9f83c477337ee99d24951288fa47e8a:0x1ed2 
0xa5ecd89cd9f83c477337ee99d24951288fa47e8a:0x1ed5 
0xa5ecd89cd9f83c477337ee99d24951288fa47e8a:0x1ed7 
0xa5ecd89cd9f83c477337ee99d24951288fa47e8a:0x1ed8 
0xa5ecd89cd9f83c477337ee99d24951288fa47e8a:0x1eed 
0xa5ecd89cd9f83c477337ee99d24951288fa47e8a:0x1eee 
0xa5ecd89cd9f83c477337ee99d24951288fa47e8a:0x1f03 
0xa5ecd89cd9f83c477337ee99d24951288fa47e8a:0x1f04 
0xa5ecd89cd9f83c477337ee99d24951288fa47e8a:0x1f05 
0xa5ecd89cd9f83c477337ee99d24951288fa47e8a:0x1f06 
0xa5ecd89cd9f83c477337ee99d24951288fa47e8a:0x1f08 
0xa5ecd89cd9f83c477337ee99d24951288fa47e8a:0x1f09 
0xa5ecd89cd9f83c477337ee99d24951288fa47e8a:0x1f0a 
0xa5ecd89cd9f83c477337ee99d24951288fa47e8a:0x1f0b 
0xa5ecd89cd9f83c477337ee99d24951288fa47e8a:0x1f0c 
0xa5ecd89cd9f83c477337ee99d24951288fa47e8a:0x1f0e 
0xa5ecd89cd9f83c477337ee99d24951288fa47e8a:0x1f0f 
0xa5ecd89cd9f83c477337ee99d24951288fa47e8a:0x1f11 
0xa5ecd89cd9f83c477337ee99d24951288fa47e8a:0x1f12 
0xa5ecd89cd9f83c477337ee99d24951288fa47e8a:0x1f13 
0xa5ecd89cd9f83c477337ee99d24951288fa47e8a:0x1f14 
0xa5ecd89cd9f83c477337ee99d24951288fa47e8a:0x1f15 
0xa5ecd89cd9f83c477337ee99d24951288fa47e8a:0x1f18 
0xa5ecd89cd9f83c477337ee99d24951288fa47e8a:0x1f1a 
0xa5ecd89cd9f83c477337ee99d24951288fa47e8a:0x1f1b 
0xa5ecd89cd9f83c477337ee99d24951288fa47e8a:0x1f1c 
0xa5ecd89cd9f83c477337ee99d24951288fa47e8a:0x1f1d 
0xa5ecd89cd9f83c477337ee99d24951288fa47e8a:0x1f1f 
0xa5ecd89cd9f83c477337ee99d24951288fa47e8a:0x1f20 
0xa5ecd89cd9f83c477337ee99d24951288fa47e8a:0x1f21 
0xa5ecd89cd9f83c477337ee99d24951288fa47e8a:0x1f22 
0xa5ecd89cd9f83c477337ee99d24951288fa47e8a:0x1f23 
0xa5ecd89cd9f83c477337ee99d24951288fa47e8a:0x1f25 
0xa5ecd89cd9f83c477337ee99d24951288fa47e8a:0x1f26 
0xa5ecd89cd9f83c477337ee99d24951288fa47e8a:0x1f28 
0xa5ecd89cd9f83c477337ee99d24951288fa47e8a:0x1f29 
0xa5ecd89cd9f83c477337ee99d24951288fa47e8a:0x1f2b 
0xa5ecd89cd9f83c477337ee99d24951288fa47e8a:0x1f2c 
0xa5ecd89cd9f83c477337ee99d24951288fa47e8a:0x1f2d 
0xa5ecd89cd9f83c477337ee99d24951288fa47e8a:0x1f2f 
0xa5ecd89cd9f83c477337ee99d24951288fa47e8a:0x1f30 
0xa5ecd89cd9f83c477337ee99d24951288fa47e8a:0x1f32 
0xa5ecd89cd9f83c477337ee99d24951288fa47e8a:0x1f33 
0xa5ecd89cd9f83c477337ee99d24951288fa47e8a:0x1f34 
0xa5ecd89cd9f83c477337ee99d24951288fa47e8a:0x1f35 
0xa5ecd89cd9f83c477337ee99d24951288fa47e8a:0x1f37 
0xa5ecd89cd9f83c477337ee99d24951288fa47e8a:0x1f38 
0xa5ecd89cd9f83c477337ee99d24951288fa47e8a:0x1f39 
0xa5ecd89cd9f83c477337ee99d24951288fa47e8a:0x1f3a 
0xa5ecd89cd9f83c477337ee99d24951288fa47e8a:0x1f3b 
0xa5ecd89cd9f83c477337ee99d24951288fa47e8a:0x1f3c 
0xa5ecd89cd9f83c477337ee99d24951288fa47e8a:0x1f3e 
0xa5ecd89cd9f83c477337ee99d24951288fa47e8a:0x1f3f 
0xa5ecd89cd9f83c477337ee99d24951288fa47e8a:0x1f41 
0xa5ecd89cd9f83c477337ee99d24951288fa47e8a:0x1f42 
0xa5ecd89cd9f83c477337ee99d24951288fa47e8a:0x1f43 
0xa5ecd89cd9f83c477337ee99d24951288fa47e8a:0x1f45 
0xa5ecd89cd9f83c477337ee99d24951288fa47e8a:0x1f46 
0xa5ecd89cd9f83c477337ee99d24951288fa47e8a:0x1f47 
0xa5ecd89cd9f83c477337ee99d24951288fa47e8a:0x1f48 
0xa5ecd89cd9f83c477337ee99d24951288fa47e8a:0x1f4b 
0xa5ecd89cd9f83c477337ee99d24951288fa47e8a:0x1f4c 
0xa5ecd89cd9f83c477337ee99d24951288fa47e8a:0x1f4d 
0xa5ecd89cd9f83c477337ee99d24951288fa47e8a:0x1f4e 
0xa5ecd89cd9f83c477337ee99d24951288fa47e8a:0x1f63 
0xa5ecd89cd9f83c477337ee99d24951288fa47e8a:0x1f64 
0xa5ecd89cd9f83c477337ee99d24951288fa47e8a:0x1f79 
0xa5ecd89cd9f83c477337ee99d24951288fa47e8a:0x1f7a 
0xa5ecd89cd9f83c477337ee99d24951288fa47e8a:0x1f8f 
0xa5ecd89cd9f83c477337ee99d24951288fa47e8a:0x1f90 
0xa5ecd89cd9f83c477337ee99d24951288fa47e8a:0x1f91 
0xa5ecd89cd9f83c477337ee99d24951288fa47e8a:0x1f92 
0xa5ecd89cd9f83c477337ee99d24951288fa47e8a:0x1f94 
0xa5ecd89cd9f83c477337ee99d24951288fa47e8a:0x1f95 
0xa5ecd89cd9f83c477337ee99d24951288fa47e8a:0x1f97 
0xa5ecd89cd9f83c477337ee99d24951288fa47e8a:0x1f98 
0xa5ecd89cd9f83c477337ee99d24951288fa47e8a:0x1f99 
0xa5ecd89cd9f83c477337ee99d24951288fa47e8a:0x1f9a 
0xa5ecd89cd9f83c477337ee99d24951288fa47e8a:0x1f9b 
0xa5ecd89cd9f83c477337ee99d24951288fa47e8a:0x1f9c 
0xa5ecd89cd9f83c477337ee99d24951288fa47e8a:0x1f9e 
0xa5ecd89cd9f83c477337ee99d24951288fa47e8a:0x1f9f 
0xa5ecd89cd9f83c477337ee99d24951288fa47e8a:0x1fa1 
0xa5ecd89cd9f83c477337ee99d24951288fa47e8a:0x1fa2 
0xa5ecd89cd9f83c477337ee99d24951288fa47e8a:0x1fa3 
0xa5ecd89cd9f83c477337ee99d24951288fa47e8a:0x1fa5 
0xa5ecd89cd9f83c477337ee99d24951288fa47e8a:0x1fa6 
0xa5ecd89cd9f83c477337ee99d24951288fa47e8a:0x1fa7 
0xa5ecd89cd9f83c477337ee99d24951288fa47e8a:0x1fa8 
0xa5ecd89cd9f83c477337ee99d24951288fa47e8a:0x1fab 
0xa5ecd89cd9f83c477337ee99d24951288fa47e8a:0x1fac 
0xa5ecd89cd9f83c477337ee99d24951288fa47e8a:0x1fad 
0xa5ecd89cd9f83c477337ee99d24951288fa47e8a:0x1fae 
0xa5ecd89cd9f83c477337ee99d24951288fa47e8a:0x1fb0 
0xa5ecd89cd9f83c477337ee99d24951288fa47e8a:0x1fb1 
0xa5ecd89cd9f83c477337ee99d24951288fa47e8a:0x1fb3 
0xa5ecd89cd9f83c477337ee99d24951288fa47e8a:0x1fb4 
0xa5ecd89cd9f83c477337ee99d24951288fa47e8a:0x1fb5 
0xa5ecd89cd9f83c477337ee99d24951288fa47e8a:0x1fb6 
0xa5ecd89cd9f83c477337ee99d24951288fa47e8a:0x1fb9 
0xa5ecd89cd9f83c477337ee99d24951288fa47e8a:0x1fc2 
0xa5ecd89cd9f83c477337ee99d24951288fa47e8a:0x1fc3 
0xa5ecd89cd9f83c477337ee99d24951288fa47e8a:0x1fc5 
0xa5ecd89cd9f83c477337ee99d24951288fa47e8a:0x1fc6 
0xa5ecd89cd9f83c477337ee99d24951288fa47e8a:0x1fc7 
0xa5ecd89cd9f83c477337ee99d24951288fa47e8a:0x1fc8 
0xa5ecd89cd9f83c477337ee99d24951288fa47e8a:0x1fcb 
0xa5ecd89cd9f83c477337ee99d24951288fa47e8a:0x1fd4 
0xa5ecd89cd9f83c477337ee99d24951288fa47e8a:0x1fd5 
0xa5ecd89cd9f83c477337ee99d24951288fa47e8a:0x1fd6 
0xa5ecd89cd9f83c477337ee99d24951288fa47e8a:0x1fd7 
0xa5ecd89cd9f83c477337ee99d24951288fa47e8a:0x1fd9 
0xa5ecd89cd9f83c477337ee99d24951288fa47e8a:0x1fda 
0xa5ecd89cd9f83c477337ee99d24951288fa47e8a:0x1fdc 
0xa5ecd89cd9f83c477337ee99d24951288fa47e8a:0x1fdd 
0xa5ecd89cd9f83c477337ee99d24951288fa47e8a:0x1fde 
0xa5ecd89cd9f83c477337ee99d24951288fa47e8a:0x1fe0 
0xa5ecd89cd9f83c477337ee99d24951288fa47e8a:0x1fe1 
0xa5ecd89cd9f83c477337ee99d24951288fa47e8a:0x1fe2 
0xa5ecd89cd9f83c477337ee99d24951288fa47e8a:0x1fe4 
0xa5ecd89cd9f83c477337ee99d24951288fa47e8a:0x1fe5 
0xa5ecd89cd9f83c477337ee99d24951288fa47e8a:0x1fe7 
0xa5ecd89cd9f83c477337ee99d24951288fa47e8a:0x1fe8 
0xa5ecd89cd9f83c477337ee99d24951288fa47e8a:0x1fe9 
0xa5ecd89cd9f83c477337ee99d24951288fa47e8a:0x1fea 
0xa5ecd89cd9f83c477337ee99d24951288fa47e8a:0x1fec 
0xa5ecd89cd9f83c477337ee99d24951288fa47e8a:0x1fed 
0xa5ecd89cd9f83c477337ee99d24951288fa47e8a:0x1fee 
0xa5ecd89cd9f83c477337ee99d24951288fa47e8a:0x1ff0 
0xa5ecd89cd9f83c477337ee99d24951288fa47e8a:0x1ff1 
0xa5ecd89cd9f83c477337ee99d24951288fa47e8a:0x1ff2 
0xa5ecd89cd9f83c477337ee99d24951288fa47e8a:0x1ff3 
0xa5ecd89cd9f83c477337ee99d24951288fa47e8a:0x1ff6 
0xa5ecd89cd9f83c477337ee99d24951288fa47e8a:0x1ff7 
0xa5ecd89cd9f83c477337ee99d24951288fa47e8a:0x1ff8 
0xa5ecd89cd9f83c477337ee99d24951288fa47e8a:0x1ff9 
0xa5ecd89cd9f83c477337ee99d24951288fa47e8a:0x1ffe 
0xa5ecd89cd9f83c477337ee99d24951288fa47e8a:0x1fff 
0xa5ecd89cd9f83c477337ee99d24951288fa47e8a:0x2004 
0xa5ecd89cd9f83c477337ee99d24951288fa47e8a:0x2005 
0xa5ecd89cd9f83c477337ee99d24951288fa47e8a:0x200a 
0xa5ecd89cd9f83c477337ee99d24951288fa47e8a:0x200b 
0xa5ecd89cd9f83c477337ee99d24951288fa47e8a:0x200c 
0xa5ecd89cd9f83c477337ee99d24951288fa47e8a:0x200d 
0xa5ecd89cd9f83c477337ee99d24951288fa47e8a:0x200f 
0xa5ecd89cd9f83c477337ee99d24951288fa47e8a:0x2010 
0xa5ecd89cd9f83c477337ee99d24951288fa47e8a:0x2012 
0xa5ecd89cd9f83c477337ee99d24951288fa47e8a:0x2013 
0xa5ecd89cd9f83c477337ee99d24951288fa47e8a:0x2014 
0xa5ecd89cd9f83c477337ee99d24951288fa47e8a:0x2016 
0xa5ecd89cd9f83c477337ee99d24951288fa47e8a:0x2017 
0xa5ecd89cd9f83c477337ee99d24951288fa47e8a:0x2018 
0xa5ecd89cd9f83c477337ee99d24951288fa47e8a:0x2019 
0xa5ecd89cd9f83c477337ee99d24951288fa47e8a:0x201c 
0xa5ecd89cd9f83c477337ee99d24951288fa47e8a:0x201d 
0xa5ecd89cd9f83c477337ee99d24951288fa47e8a:0x201e 
0xa5ecd89cd9f83c477337ee99d24951288fa47e8a:0x201f 
0xa5ecd89cd9f83c477337ee99d24951288fa47e8a:0x2024 
0xa5ecd89cd9f83c477337ee99d24951288fa47e8a:0x2025 
0xa5ecd89cd9f83c477337ee99d24951288fa47e8a:0x202a 
0xa5ecd89cd9f83c477337ee99d24951288fa47e8a:0x202b 
0xa5ecd89cd9f83c477337ee99d24951288fa47e8a:0x2030 
0xa5ecd89cd9f83c477337ee99d24951288fa47e8a:0x2031 
0xa5ecd89cd9f83c477337ee99d24951288fa47e8a:0x2032 
0xa5ecd89cd9f83c477337ee99d24951288fa47e8a:0x2033 
0xa5ecd89cd9f83c477337ee99d24951288fa47e8a:0x2034 
0xa5ecd89cd9f83c477337ee99d24951288fa47e8a:0x2035 
0xa5ecd89cd9f83c477337ee99d24951288fa47e8a:0x2036 
0xa5ecd89cd9f83c477337ee99d24951288fa47e8a:0x2037 
0xa5ecd89cd9f83c477337ee99d24951288fa47e8a:0x2038 
0xa5ecd89cd9f83c477337ee99d24951288fa47e8a:0x2039 
0xa5ecd89cd9f83c477337ee99d24951288fa47e8a:0x203a 
0xa5ecd89cd9f83c477337ee99d24951288fa47e8a:0x203b 
0xa5ecd89cd9f83c477337ee99d24951288fa47e8a:0x203c 
0xa5ecd89cd9f83c477337ee99d24951288fa47e8a:0x203d 
0xa5ecd89cd9f83c477337ee99d24951288fa47e8a:0x203e 
0xa5ecd89cd9f83c477337ee99d24951288fa47e8a:0x203f 
0xa5ecd89cd9f83c477337ee99d24951288fa47e8a:0x74d 
0xa5ecd89cd9f83c477337ee99d24951288fa47e8a:0x74e 
0xa5ecd89cd9f83c477337ee99d24951288fa47e8a:0x750 
0xa5ecd89cd9f83c477337ee99d24951288fa47e8a:0x751 
0xa5ecd89cd9f83c477337ee99d24951288fa47e8a:0x754 
0xa5ecd89cd9f83c477337ee99d24951288fa47e8a:0x755 
0xa5ecd89cd9f83c477337ee99d24951288fa47e8a:0x756 
0xa5ecd89cd9f83c477337ee99d24951288fa47e8a:0x759 
0xa5ecd89cd9f83c477337ee99d24951288fa47e8a:0x5ea1 
0xa5ecd89cd9f83c477337ee99d24951288fa47e8a:0x5ea2 
0xa5ecd89cd9f83c477337ee99d24951288fa47e8a:0x5ea4 
0xa5ecd89cd9f83c477337ee99d24951288fa47e8a:0x5ea6 
0xa5ecd89cd9f83c477337ee99d24951288fa47e8a:0x5ea7 
0xa5ecd89cd9f83c477337ee99d24951288fa47e8a:0x5ea8 
0xa5ecd89cd9f83c477337ee99d24951288fa47e8a:0x5ea9 
0xa5ecd89cd9f83c477337ee99d24951288fa47e8a:0x5eaa 
0xa5ecd89cd9f83c477337ee99d24951288fa47e8a:0x5ead 
0xa5ecd89cd9f83c477337ee99d24951288fa47e8a:0x5eaf 
0xa5ecd89cd9f83c477337ee99d24951288fa47e8a:0x5eb0 
0xa5ecd89cd9f83c477337ee99d24951288fa47e8a:0x5eb1 
0xa5ecd89cd9f83c477337ee99d24951288fa47e8a:0x5eb2 
0xa5ecd89cd9f83c477337ee99d24951288fa47e8a:0x5eb5 
0xa5ecd89cd9f83c477337ee99d24951288fa47e8a:0x562d 
0xa5ecd89cd9f83c477337ee99d24951288fa47e8a:0x562e 
0xa5ecd89cd9f83c477337ee99d24951288fa47e8a:0x5630 
0xa5ecd89cd9f83c477337ee99d24951288fa47e8a:0x5631 
0xa5ecd89cd9f83c477337ee99d24951288fa47e8a:0x5632 
0xa5ecd89cd9f83c477337ee99d24951288fa47e8a:0x5634 
0xa5ecd89cd9f83c477337ee99d24951288fa47e8a:0x5635 
0xa5ecd89cd9f83c477337ee99d24951288fa47e8a:0x5636 
0xa5ecd89cd9f83c477337ee99d24951288fa47e8a:0x5637 
0xa5ecd89cd9f83c477337ee99d24951288fa47e8a:0x563a 
0xa5ecd89cd9f83c477337ee99d24951288fa47e8a:0x563c 
0xa5ecd89cd9f83c477337ee99d24951288fa47e8a:0x563d 
0xa5ecd89cd9f83c477337ee99d24951288fa47e8a:0x563e 
0xa5ecd89cd9f83c477337ee99d24951288fa47e8a:0x563f 
0xa5ecd89cd9f83c477337ee99d24951288fa47e8a:0x5642 
0xa5ecd89cd9f83c477337ee99d24951288fa47e8a:0x56f3 
0xa5ecd89cd9f83c477337ee99d24951288fa47e8a:0x56f4 
0xa5ecd89cd9f83c477337ee99d24951288fa47e8a:0x56f7 
0xa5ecd89cd9f83c477337ee99d24951288fa47e8a:0x56f8 
0xa5ecd89cd9f83c477337ee99d24951288fa47e8a:0x56fb 
0xa5ecd89cd9f83c477337ee99d24951288fa47e8a:0x61bf 
0xa5ecd89cd9f83c477337ee99d24951288fa47e8a:0x61c0 
0xa5ecd89cd9f83c477337ee99d24951288fa47e8a:0x61c2 
0xa5ecd89cd9f83c477337ee99d24951288fa47e8a:0x61c3 
0xa5ecd89cd9f83c477337ee99d24951288fa47e8a:0x61c4 
0xa5ecd89cd9f83c477337ee99d24951288fa47e8a:0x61c5 
0xa5ecd89cd9f83c477337ee99d24951288fa47e8a:0x61c6 
0xa5ecd89cd9f83c477337ee99d24951288fa47e8a:0x61c7 
0xa5ecd89cd9f83c477337ee99d24951288fa47e8a:0x61c8 
0xa5ecd89cd9f83c477337ee99d24951288fa47e8a:0x56fc 
0xa5ecd89cd9f83c477337ee99d24951288fa47e8a:0x56fd 
0xa5ecd89cd9f83c477337ee99d24951288fa47e8a:0x56fe 
0xa5ecd89cd9f83c477337ee99d24951288fa47e8a:0x56ff 
0xa5ecd89cd9f83c477337ee99d24951288fa47e8a:0x5700 
0xa5ecd89cd9f83c477337ee99d24951288fa47e8a:0x5701 
0xa5ecd89cd9f83c477337ee99d24951288fa47e8a:0x5643 
0xa5ecd89cd9f83c477337ee99d24951288fa47e8a:0x5644 
0xa5ecd89cd9f83c477337ee99d24951288fa47e8a:0x5645 
0xa5ecd89cd9f83c477337ee99d24951288fa47e8a:0x5647 
0xa5ecd89cd9f83c477337ee99d24951288fa47e8a:0x5648 
0xa5ecd89cd9f83c477337ee99d24951288fa47e8a:0x5649 
0xa5ecd89cd9f83c477337ee99d24951288fa47e8a:0x564a 
0xa5ecd89cd9f83c477337ee99d24951288fa47e8a:0x564d 
0xa5ecd89cd9f83c477337ee99d24951288fa47e8a:0x564f 
0xa5ecd89cd9f83c477337ee99d24951288fa47e8a:0x5650 
0xa5ecd89cd9f83c477337ee99d24951288fa47e8a:0x5651 
0xa5ecd89cd9f83c477337ee99d24951288fa47e8a:0x5652 
0xa5ecd89cd9f83c477337ee99d24951288fa47e8a:0x5655 
0xa5ecd89cd9f83c477337ee99d24951288fa47e8a:0x4ff2 
0xa5ecd89cd9f83c477337ee99d24951288fa47e8a:0x4ff3 
0xa5ecd89cd9f83c477337ee99d24951288fa47e8a:0x4ff6 
0xa5ecd89cd9f83c477337ee99d24951288fa47e8a:0x4ff7 
0xa5ecd89cd9f83c477337ee99d24951288fa47e8a:0x4ffa 
0xa5ecd89cd9f83c477337ee99d24951288fa47e8a:0x6100 
0xa5ecd89cd9f83c477337ee99d24951288fa47e8a:0x6101 
0xa5ecd89cd9f83c477337ee99d24951288fa47e8a:0x6103 
0xa5ecd89cd9f83c477337ee99d24951288fa47e8a:0x6106 
0xa5ecd89cd9f83c477337ee99d24951288fa47e8a:0x6107 
0xa5ecd89cd9f83c477337ee99d24951288fa47e8a:0x610a 
0xa5ecd89cd9f83c477337ee99d24951288fa47e8a:0x619f 
0xa5ecd89cd9f83c477337ee99d24951288fa47e8a:0x61a0 
0xa5ecd89cd9f83c477337ee99d24951288fa47e8a:0x61a2 
0xa5ecd89cd9f83c477337ee99d24951288fa47e8a:0x61b7 
0xa5ecd89cd9f83c477337ee99d24951288fa47e8a:0x61b8 
0xa5ecd89cd9f83c477337ee99d24951288fa47e8a:0x61b9 
0xa5ecd89cd9f83c477337ee99d24951288fa47e8a:0x61ba 
0xa5ecd89cd9f83c477337ee99d24951288fa47e8a:0x61bb 
0xa5ecd89cd9f83c477337ee99d24951288fa47e8a:0x61bc 
0xa5ecd89cd9f83c477337ee99d24951288fa47e8a:0x61bd 
0xa5ecd89cd9f83c477337ee99d24951288fa47e8a:0x61be 
0xa5ecd89cd9f83c477337ee99d24951288fa47e8a:0x610b 
0xa5ecd89cd9f83c477337ee99d24951288fa47e8a:0x610c 
0xa5ecd89cd9f83c477337ee99d24951288fa47e8a:0x610d 
0xa5ecd89cd9f83c477337ee99d24951288fa47e8a:0x610e 
0xa5ecd89cd9f83c477337ee99d24951288fa47e8a:0x610f 
0xa5ecd89cd9f83c477337ee99d24951288fa47e8a:0x6110 
0xa5ecd89cd9f83c477337ee99d24951288fa47e8a:0x6111 
0xa5ecd89cd9f83c477337ee99d24951288fa47e8a:0x4ffb 
0xa5ecd89cd9f83c477337ee99d24951288fa47e8a:0x4ffc 
0xa5ecd89cd9f83c477337ee99d24951288fa47e8a:0x4ffd 
0xa5ecd89cd9f83c477337ee99d24951288fa47e8a:0x4ffe 
0xa5ecd89cd9f83c477337ee99d24951288fa47e8a:0x4fff 
0xa5ecd89cd9f83c477337ee99d24951288fa47e8a:0x5000 
0xa5ecd89cd9f83c477337ee99d24951288fa47e8a:0x5656 
0xa5ecd89cd9f83c477337ee99d24951288fa47e8a:0x5657 
0xa5ecd89cd9f83c477337ee99d24951288fa47e8a:0x5658 
0xa5ecd89cd9f83c477337ee99d24951288fa47e8a:0x565a 
0xa5ecd89cd9f83c477337ee99d24951288fa47e8a:0x565b 
0xa5ecd89cd9f83c477337ee99d24951288fa47e8a:0x565c 
0xa5ecd89cd9f83c477337ee99d24951288fa47e8a:0x565d 
0xa5ecd89cd9f83c477337ee99d24951288fa47e8a:0x5660 
0xa5ecd89cd9f83c477337ee99d24951288fa47e8a:0x5662 
0xa5ecd89cd9f83c477337ee99d24951288fa47e8a:0x5663 
0xa5ecd89cd9f83c477337ee99d24951288fa47e8a:0x5664 
0xa5ecd89cd9f83c477337ee99d24951288fa47e8a:0x5665 
0xa5ecd89cd9f83c477337ee99d24951288fa47e8a:0x5668 
0xa5ecd89cd9f83c477337ee99d24951288fa47e8a:0x56f3 
0xa5ecd89cd9f83c477337ee99d24951288fa47e8a:0x56f4 
0xa5ecd89cd9f83c477337ee99d24951288fa47e8a:0x56f7 
0xa5ecd89cd9f83c477337ee99d24951288fa47e8a:0x56f8 
0xa5ecd89cd9f83c477337ee99d24951288fa47e8a:0x56fb 
0xa5ecd89cd9f83c477337ee99d24951288fa47e8a:0x61bf 
0xa5ecd89cd9f83c477337ee99d24951288fa47e8a:0x61c0 
0xa5ecd89cd9f83c477337ee99d24951288fa47e8a:0x61c2 
0xa5ecd89cd9f83c477337ee99d24951288fa47e8a:0x61c3 
0xa5ecd89cd9f83c477337ee99d24951288fa47e8a:0x61c4 
0xa5ecd89cd9f83c477337ee99d24951288fa47e8a:0x61c5 
0xa5ecd89cd9f83c477337ee99d24951288fa47e8a:0x61c6 
0xa5ecd89cd9f83c477337ee99d24951288fa47e8a:0x61c7 
0xa5ecd89cd9f83c477337ee99d24951288fa47e8a:0x61c8 
0xa5ecd89cd9f83c477337ee99d24951288fa47e8a:0x56fc 
0xa5ecd89cd9f83c477337ee99d24951288fa47e8a:0x56fd 
0xa5ecd89cd9f83c477337ee99d24951288fa47e8a:0x56fe 
0xa5ecd89cd9f83c477337ee99d24951288fa47e8a:0x56ff 
0xa5ecd89cd9f83c477337ee99d24951288fa47e8a:0x5700 
0xa5ecd89cd9f83c477337ee99d24951288fa47e8a:0x5701 
0xa5ecd89cd9f83c477337ee99d24951288fa47e8a:0x5669 
0xa5ecd89cd9f83c477337ee99d24951288fa47e8a:0x566a 
0xa5ecd89cd9f83c477337ee99d24951288fa47e8a:0x566b 
0xa5ecd89cd9f83c477337ee99d24951288fa47e8a:0x566d 
0xa5ecd89cd9f83c477337ee99d24951288fa47e8a:0x566e 
0xa5ecd89cd9f83c477337ee99d24951288fa47e8a:0x566f 
0xa5ecd89cd9f83c477337ee99d24951288fa47e8a:0x5670 
0xa5ecd89cd9f83c477337ee99d24951288fa47e8a:0x5673 
0xa5ecd89cd9f83c477337ee99d24951288fa47e8a:0x5675 
0xa5ecd89cd9f83c477337ee99d24951288fa47e8a:0x5676 
0xa5ecd89cd9f83c477337ee99d24951288fa47e8a:0x5677 
0xa5ecd89cd9f83c477337ee99d24951288fa47e8a:0x5678 
0xa5ecd89cd9f83c477337ee99d24951288fa47e8a:0x567b 
0xa5ecd89cd9f83c477337ee99d24951288fa47e8a:0x505c 
0xa5ecd89cd9f83c477337ee99d24951288fa47e8a:0x505d 
0xa5ecd89cd9f83c477337ee99d24951288fa47e8a:0x5060 
0xa5ecd89cd9f83c477337ee99d24951288fa47e8a:0x5061 
0xa5ecd89cd9f83c477337ee99d24951288fa47e8a:0x5064 
0xa5ecd89cd9f83c477337ee99d24951288fa47e8a:0x61e6 
0xa5ecd89cd9f83c477337ee99d24951288fa47e8a:0x61e7 
0xa5ecd89cd9f83c477337ee99d24951288fa47e8a:0x61e9 
0xa5ecd89cd9f83c477337ee99d24951288fa47e8a:0x61ec 
0xa5ecd89cd9f83c477337ee99d24951288fa47e8a:0x61ed 
0xa5ecd89cd9f83c477337ee99d24951288fa47e8a:0x61f0 
0xa5ecd89cd9f83c477337ee99d24951288fa47e8a:0x6166 
0xa5ecd89cd9f83c477337ee99d24951288fa47e8a:0x6167 
0xa5ecd89cd9f83c477337ee99d24951288fa47e8a:0x6169 
0xa5ecd89cd9f83c477337ee99d24951288fa47e8a:0x616a 
0xa5ecd89cd9f83c477337ee99d24951288fa47e8a:0x616b 
0xa5ecd89cd9f83c477337ee99d24951288fa47e8a:0x616c 
0xa5ecd89cd9f83c477337ee99d24951288fa47e8a:0x616f 
0xa5ecd89cd9f83c477337ee99d24951288fa47e8a:0x6170 
0xa5ecd89cd9f83c477337ee99d24951288fa47e8a:0x6173 
0xa5ecd89cd9f83c477337ee99d24951288fa47e8a:0x703b 
0xa5ecd89cd9f83c477337ee99d24951288fa47e8a:0x703c 
0xa5ecd89cd9f83c477337ee99d24951288fa47e8a:0x703e 
0xa5ecd89cd9f83c477337ee99d24951288fa47e8a:0x703f 
0xa5ecd89cd9f83c477337ee99d24951288fa47e8a:0x7040 
0xa5ecd89cd9f83c477337ee99d24951288fa47e8a:0x7043 
0xa5ecd89cd9f83c477337ee99d24951288fa47e8a:0x704c 
0xa5ecd89cd9f83c477337ee99d24951288fa47e8a:0x704d 
0xa5ecd89cd9f83c477337ee99d24951288fa47e8a:0x704e 
0xa5ecd89cd9f83c477337ee99d24951288fa47e8a:0x6174 
0xa5ecd89cd9f83c477337ee99d24951288fa47e8a:0x6175 
0xa5ecd89cd9f83c477337ee99d24951288fa47e8a:0x6176 
0xa5ecd89cd9f83c477337ee99d24951288fa47e8a:0x6177 
0xa5ecd89cd9f83c477337ee99d24951288fa47e8a:0x6178 
0xa5ecd89cd9f83c477337ee99d24951288fa47e8a:0x61f1 
0xa5ecd89cd9f83c477337ee99d24951288fa47e8a:0x61f2 
0xa5ecd89cd9f83c477337ee99d24951288fa47e8a:0x61f3 
0xa5ecd89cd9f83c477337ee99d24951288fa47e8a:0x61f4 
0xa5ecd89cd9f83c477337ee99d24951288fa47e8a:0x61f5 
0xa5ecd89cd9f83c477337ee99d24951288fa47e8a:0x61f6 
0xa5ecd89cd9f83c477337ee99d24951288fa47e8a:0x61f7 
0xa5ecd89cd9f83c477337ee99d24951288fa47e8a:0x5065 
0xa5ecd89cd9f83c477337ee99d24951288fa47e8a:0x5066 
0xa5ecd89cd9f83c477337ee99d24951288fa47e8a:0x5067 
0xa5ecd89cd9f83c477337ee99d24951288fa47e8a:0x5068 
0xa5ecd89cd9f83c477337ee99d24951288fa47e8a:0x5069 
0xa5ecd89cd9f83c477337ee99d24951288fa47e8a:0x506a 
0xa5ecd89cd9f83c477337ee99d24951288fa47e8a:0x567c 
0xa5ecd89cd9f83c477337ee99d24951288fa47e8a:0x567d 
0xa5ecd89cd9f83c477337ee99d24951288fa47e8a:0x567e 
0xa5ecd89cd9f83c477337ee99d24951288fa47e8a:0x5680 
0xa5ecd89cd9f83c477337ee99d24951288fa47e8a:0x5681 
0xa5ecd89cd9f83c477337ee99d24951288fa47e8a:0x5682 
0xa5ecd89cd9f83c477337ee99d24951288fa47e8a:0x5683 
0xa5ecd89cd9f83c477337ee99d24951288fa47e8a:0x5686 
0xa5ecd89cd9f83c477337ee99d24951288fa47e8a:0x5688 
0xa5ecd89cd9f83c477337ee99d24951288fa47e8a:0x5689 
0xa5ecd89cd9f83c477337ee99d24951288fa47e8a:0x568a 
0xa5ecd89cd9f83c477337ee99d24951288fa47e8a:0x568b 
0xa5ecd89cd9f83c477337ee99d24951288fa47e8a:0x568e 
0xa5ecd89cd9f83c477337ee99d24951288fa47e8a:0x5695 
0xa5ecd89cd9f83c477337ee99d24951288fa47e8a:0x5696 
0xa5ecd89cd9f83c477337ee99d24951288fa47e8a:0x5698 
0xa5ecd89cd9f83c477337ee99d24951288fa47e8a:0x5699 
0xa5ecd89cd9f83c477337ee99d24951288fa47e8a:0x569a 
0xa5ecd89cd9f83c477337ee99d24951288fa47e8a:0x569c 
0xa5ecd89cd9f83c477337ee99d24951288fa47e8a:0x569d 
0xa5ecd89cd9f83c477337ee99d24951288fa47e8a:0x569e 
0xa5ecd89cd9f83c477337ee99d24951288fa47e8a:0x569f 
0xa5ecd89cd9f83c477337ee99d24951288fa47e8a:0x56a2 
0xa5ecd89cd9f83c477337ee99d24951288fa47e8a:0x56a4 
0xa5ecd89cd9f83c477337ee99d24951288fa47e8a:0x56a5 
0xa5ecd89cd9f83c477337ee99d24951288fa47e8a:0x56a6 
0xa5ecd89cd9f83c477337ee99d24951288fa47e8a:0x56a7 
0xa5ecd89cd9f83c477337ee99d24951288fa47e8a:0x56aa 
0xa5ecd89cd9f83c477337ee99d24951288fa47e8a:0x5728 
0xa5ecd89cd9f83c477337ee99d24951288fa47e8a:0x5729 
0xa5ecd89cd9f83c477337ee99d24951288fa47e8a:0x572c 
0xa5ecd89cd9f83c477337ee99d24951288fa47e8a:0x572d 
0xa5ecd89cd9f83c477337ee99d24951288fa47e8a:0x5730 
0xa5ecd89cd9f83c477337ee99d24951288fa47e8a:0x61c9 
0xa5ecd89cd9f83c477337ee99d24951288fa47e8a:0x61ca 
0xa5ecd89cd9f83c477337ee99d24951288fa47e8a:0x61cc 
0xa5ecd89cd9f83c477337ee99d24951288fa47e8a:0x61d1 
0xa5ecd89cd9f83c477337ee99d24951288fa47e8a:0x61d2 
0xa5ecd89cd9f83c477337ee99d24951288fa47e8a:0x61d3 
0xa5ecd89cd9f83c477337ee99d24951288fa47e8a:0x61d4 
0xa5ecd89cd9f83c477337ee99d24951288fa47e8a:0x61d5 
0xa5ecd89cd9f83c477337ee99d24951288fa47e8a:0x61d6 
0xa5ecd89cd9f83c477337ee99d24951288fa47e8a:0x61d7 
0xa5ecd89cd9f83c477337ee99d24951288fa47e8a:0x61d8 
0xa5ecd89cd9f83c477337ee99d24951288fa47e8a:0x5731 
0xa5ecd89cd9f83c477337ee99d24951288fa47e8a:0x5732 
0xa5ecd89cd9f83c477337ee99d24951288fa47e8a:0x5733 
0xa5ecd89cd9f83c477337ee99d24951288fa47e8a:0x5734 
0xa5ecd89cd9f83c477337ee99d24951288fa47e8a:0x5735 
0xa5ecd89cd9f83c477337ee99d24951288fa47e8a:0x5736 
0xa5ecd89cd9f83c477337ee99d24951288fa47e8a:0x56ab 
0xa5ecd89cd9f83c477337ee99d24951288fa47e8a:0x56ac 
0xa5ecd89cd9f83c477337ee99d24951288fa47e8a:0x56ad 
0xa5ecd89cd9f83c477337ee99d24951288fa47e8a:0x56af 
0xa5ecd89cd9f83c477337ee99d24951288fa47e8a:0x56b0 
0xa5ecd89cd9f83c477337ee99d24951288fa47e8a:0x56b1 
0xa5ecd89cd9f83c477337ee99d24951288fa47e8a:0x56b2 
0xa5ecd89cd9f83c477337ee99d24951288fa47e8a:0x56b5 
0xa5ecd89cd9f83c477337ee99d24951288fa47e8a:0x56b7 
0xa5ecd89cd9f83c477337ee99d24951288fa47e8a:0x56b8 
0xa5ecd89cd9f83c477337ee99d24951288fa47e8a:0x56b9 
0xa5ecd89cd9f83c477337ee99d24951288fa47e8a:0x56ba 
0xa5ecd89cd9f83c477337ee99d24951288fa47e8a:0x56bd 
0xa5ecd89cd9f83c477337ee99d24951288fa47e8a:0x5728 
0xa5ecd89cd9f83c477337ee99d24951288fa47e8a:0x5729 
0xa5ecd89cd9f83c477337ee99d24951288fa47e8a:0x572c 
0xa5ecd89cd9f83c477337ee99d24951288fa47e8a:0x572d 
0xa5ecd89cd9f83c477337ee99d24951288fa47e8a:0x5730 
0xa5ecd89cd9f83c477337ee99d24951288fa47e8a:0x61c9 
0xa5ecd89cd9f83c477337ee99d24951288fa47e8a:0x61ca 
0xa5ecd89cd9f83c477337ee99d24951288fa47e8a:0x61cc 
0xa5ecd89cd9f83c477337ee99d24951288fa47e8a:0x61d1 
0xa5ecd89cd9f83c477337ee99d24951288fa47e8a:0x61d2 
0xa5ecd89cd9f83c477337ee99d24951288fa47e8a:0x61d3 
0xa5ecd89cd9f83c477337ee99d24951288fa47e8a:0x61d4 
0xa5ecd89cd9f83c477337ee99d24951288fa47e8a:0x61d5 
0xa5ecd89cd9f83c477337ee99d24951288fa47e8a:0x61d6 
0xa5ecd89cd9f83c477337ee99d24951288fa47e8a:0x61d7 
0xa5ecd89cd9f83c477337ee99d24951288fa47e8a:0x61d8 
0xa5ecd89cd9f83c477337ee99d24951288fa47e8a:0x5731 
0xa5ecd89cd9f83c477337ee99d24951288fa47e8a:0x5732 
0xa5ecd89cd9f83c477337ee99d24951288fa47e8a:0x5733 
0xa5ecd89cd9f83c477337ee99d24951288fa47e8a:0x5734 
0xa5ecd89cd9f83c477337ee99d24951288fa47e8a:0x5735 
0xa5ecd89cd9f83c477337ee99d24951288fa47e8a:0x5736 
0xa5ecd89cd9f83c477337ee99d24951288fa47e8a:0x56be 
0xa5ecd89cd9f83c477337ee99d24951288fa47e8a:0x56bf 
0xa5ecd89cd9f83c477337ee99d24951288fa47e8a:0x56c0 
0xa5ecd89cd9f83c477337ee99d24951288fa47e8a:0x56c1 
0xa5ecd89cd9f83c477337ee99d24951288fa47e8a:0x56c2 
0xa5ecd89cd9f83c477337ee99d24951288fa47e8a:0x56c3 
0xa5ecd89cd9f83c477337ee99d24951288fa47e8a:0x568f 
0xa5ecd89cd9f83c477337ee99d24951288fa47e8a:0x5690 
0xa5ecd89cd9f83c477337ee99d24951288fa47e8a:0x5691 
0xa5ecd89cd9f83c477337ee99d24951288fa47e8a:0x5692 
0xa5ecd89cd9f83c477337ee99d24951288fa47e8a:0x5693 
0xa5ecd89cd9f83c477337ee99d24951288fa47e8a:0x5694 
0xa5ecd89cd9f83c477337ee99d24951288fa47e8a:0x5eb6 
0xa5ecd89cd9f83c477337ee99d24951288fa47e8a:0x5eb7 
0xa5ecd89cd9f83c477337ee99d24951288fa47e8a:0x5eb8 
0xa5ecd89cd9f83c477337ee99d24951288fa47e8a:0x5eb9 
0xa5ecd89cd9f83c477337ee99d24951288fa47e8a:0x5eba 
0xa5ecd89cd9f83c477337ee99d24951288fa47e8a:0x5ebb 
0xa5ecd89cd9f83c477337ee99d24951288fa47e8a:0x75a 
0xa5ecd89cd9f83c477337ee99d24951288fa47e8a:0x75b 
0xa5ecd89cd9f83c477337ee99d24951288fa47e8a:0x75d 
0xa5ecd89cd9f83c477337ee99d24951288fa47e8a:0x75e 
0xa5ecd89cd9f83c477337ee99d24951288fa47e8a:0x75f 
0xa5ecd89cd9f83c477337ee99d24951288fa47e8a:0x760 
0xa5ecd89cd9f83c477337ee99d24951288fa47e8a:0x761 
0xa5ecd89cd9f83c477337ee99d24951288fa47e8a:0x762 
