---
0xa5ecd89cd9f83c477337ee99d24951288fa47e8a:0x0 *
0xa5ecd89cd9f83c477337ee99d24951288fa47e8a:0x2 *
0xa5ecd89cd9f83c477337ee99d24951288fa47e8a:0x4 *
0xa5ecd89cd9f83c477337ee99d24951288fa47e8a:0x5 *
0xa5ecd89cd9f83c477337ee99d24951288fa47e8a:0x6 *
0xa5ecd89cd9f83c477337ee99d24951288fa47e8a:0x7 *
0xa5ecd89cd9f83c477337ee99d24951288fa47e8a:0x8 *
0xa5ecd89cd9f83c477337ee99d24951288fa47e8a:0xb *
0xa5ecd89cd9f83c477337ee99d24951288fa47e8a:0x10 *
0xa5ecd89cd9f83c477337ee99d24951288fa47e8a:0x11 *
0xa5ecd89cd9f83c477337ee99d24951288fa47e8a:0x12 *
0xa5ecd89cd9f83c477337ee99d24951288fa47e8a:0x15 *
0xa5ecd89cd9f83c477337ee99d24951288fa47e8a:0x16 *
0xa5ecd89cd9f83c477337ee99d24951288fa47e8a:0x1a *
0xa5ecd89cd9f83c477337ee99d24951288fa47e8a:0x1c *
0xa5ecd89cd9f83c477337ee99d24951288fa47e8a:0x1d *
0xa5ecd89cd9f83c477337ee99d24951288fa47e8a:0x1f *
---
0xa5ecd89cd9f83c477337ee99d24951288fa47e8a:0x0 
0xa5ecd89cd9f83c477337ee99d24951288fa47e8a:0x2 
0xa5ecd89cd9f83c477337ee99d24951288fa47e8a:0x4 
0xa5ecd89cd9f83c477337ee99d24951288fa47e8a:0x5 
0xa5ecd89cd9f83c477337ee99d24951288fa47e8a:0x6 
0xa5ecd89cd9f83c477337ee99d24951288fa47e8a:0x7 
0xa5ecd89cd9f83c477337ee99d24951288fa47e8a:0x8 
0xa5ecd89cd9f83c477337ee99d24951288fa47e8a:0xb 
0xa5ecd89cd9f83c477337ee99d24951288fa47e8a:0x10 
0xa5ecd89cd9f83c477337ee99d24951288fa47e8a:0x11 
0xa5ecd89cd9f83c477337ee99d24951288fa47e8a:0x12 
0xa5ecd89cd9f83c477337ee99d24951288fa47e8a:0x14 
0xa5ecd89cd9f83c477337ee99d24951288fa47e8a:0x15 
0xa5ecd89cd9f83c477337ee99d24951288fa47e8a:0x16 
0xa5ecd89cd9f83c477337ee99d24951288fa47e8a:0x19 
0xa5ecd89cd9f83c477337ee99d24951288fa47e8a:0x1a 
0xa5ecd89cd9f83c477337ee99d24951288fa47e8a:0x1c 
0xa5ecd89cd9f83c477337ee99d24951288fa47e8a:0x1d 
0xa5ecd89cd9f83c477337ee99d24951288fa47e8a:0x1f 
0xa5ecd89cd9f83c477337ee99d24951288fa47e8a:0x20 
0xa5ecd89cd9f83c477337ee99d24951288fa47e8a:0x21 
0xa5ecd89cd9f83c477337ee99d24951288fa47e8a:0x26 
0xa5ecd89cd9f83c477337ee99d24951288fa47e8a:0x27 
0xa5ecd89cd9f83c477337ee99d24951288fa47e8a:0x2a 
0xa5ecd89cd9f83c477337ee99d24951288fa47e8a:0x2b 
0xa5ecd89cd9f83c477337ee99d24951288fa47e8a:0x2c 
0xa5ecd89cd9f83c477337ee99d24951288fa47e8a:0x31 
0xa5ecd89cd9f83c477337ee99d24951288fa47e8a:0x32 
0xa5ecd89cd9f83c477337ee99d24951288fa47e8a:0x35 
0xa5ecd89cd9f83c477337ee99d24951288fa47e8a:0x36 
0xa5ecd89cd9f83c477337ee99d24951288fa47e8a:0x37 
0xa5ecd89cd9f83c477337ee99d24951288fa47e8a:0x3c 
0xa5ecd89cd9f83c477337ee99d24951288fa47e8a:0x3d 
0xa5ecd89cd9f83c477337ee99d24951288fa47e8a:0x40 
0xa5ecd89cd9f83c477337ee99d24951288fa47e8a:0x7c 
0xa5ecd89cd9f83c477337ee99d24951288fa47e8a:0x7d 
0xa5ecd89cd9f83c477337ee99d24951288fa47e8a:0x7e 
0xa5ecd89cd9f83c477337ee99d24951288fa47e8a:0x83 
0xa5ecd89cd9f83c477337ee99d24951288fa47e8a:0x84 
0xa5ecd89cd9f83c477337ee99d24951288fa47e8a:0x87 
0xa5ecd89cd9f83c477337ee99d24951288fa47e8a:0x88 
0xa5ecd89cd9f83c477337ee99d24951288fa47e8a:0x89 
0xa5ecd89cd9f83c477337ee99d24951288fa47e8a:0x8e 
0xa5ecd89cd9f83c477337ee99d24951288fa47e8a:0x8f 
0xa5ecd89cd9f83c477337ee99d24951288fa47e8a:0x92 
0xa5ecd89cd9f83c477337ee99d24951288fa47e8a:0x6fe 
0xa5ecd89cd9f83c477337ee99d24951288fa47e8a:0x6ff 
0xa5ecd89cd9f83c477337ee99d24951288fa47e8a:0x702 
0xa5ecd89cd9f83c477337ee99d24951288fa47e8a:0x704 
0xa5ecd89cd9f83c477337ee99d24951288fa47e8a:0x705 
0xa5ecd89cd9f83c477337ee99d24951288fa47e8a:0x706 
0xa5ecd89cd9f83c477337ee99d24951288fa47e8a:0x707 
0xa5ecd89cd9f83c477337ee99d24951288fa47e8a:0x708 
0xa5ecd89cd9f83c477337ee99d24951288fa47e8a:0x709 
0xa5ecd89cd9f83c477337ee99d24951288fa47e8a:0x70a 
0xa5ecd89cd9f83c477337ee99d24951288fa47e8a:0x70d 
0xa5ecd89cd9f83c477337ee99d24951288fa47e8a:0x70e 
0xa5ecd89cd9f83c477337ee99d24951288fa47e8a:0x70f 
0xa5ecd89cd9f83c477337ee99d24951288fa47e8a:0x712 
0xa5ecd89cd9f83c477337ee99d24951288fa47e8a:0x4d60 
0xa5ecd89cd9f83c477337ee99d24951288fa47e8a:0x4d61 
0xa5ecd89cd9f83c477337ee99d24951288fa47e8a:0x4d63 
0xa5ecd89cd9f83c477337ee99d24951288fa47e8a:0x4d64 
0xa5ecd89cd9f83c477337ee99d24951288fa47e8a:0x4d66 
0xa5ecd89cd9f83c477337ee99d24951288fa47e8a:0x4d67 
0xa5ecd89cd9f83c477337ee99d24951288fa47e8a:0x4d68 
0xa5ecd89cd9f83c477337ee99d24951288fa47e8a:0x4d69 
0xa5ecd89cd9f83c477337ee99d24951288fa47e8a:0x4d6a 
0xa5ecd89cd9f83c477337ee99d24951288fa47e8a:0x4d6b 
0xa5ecd89cd9f83c477337ee99d24951288fa47e8a:0x4d6e 
0xa5ecd89cd9f83c477337ee99d24951288fa47e8a:0x4d77 
0xa5ecd89cd9f83c477337ee99d24951288fa47e8a:0x4d78 
0xa5ecd89cd9f83c477337ee99d24951288fa47e8a:0x4d7a 
0xa5ecd89cd9f83c477337ee99d24951288fa47e8a:0x4d7d 
0xa5ecd89cd9f83c477337ee99d24951288fa47e8a:0x4d7e 
0xa5ecd89cd9f83c477337ee99d24951288fa47e8a:0x4d7f 
0xa5ecd89cd9f83c477337ee99d24951288fa47e8a:0x4d80 
0xa5ecd89cd9f83c477337ee99d24951288fa47e8a:0x4d81 
0xa5ecd89cd9f83c477337ee99d24951288fa47e8a:0x4d84 
0xa5ecd89cd9f83c477337ee99d24951288fa47e8a:0x4a04 
0xa5ecd89cd9f83c477337ee99d24951288fa47e8a:0x4a05 
0xa5ecd89cd9f83c477337ee99d24951288fa47e8a:0x4a07 
0xa5ecd89cd9f83c477337ee99d24951288fa47e8a:0x4a08 
0xa5ecd89cd9f83c477337ee99d24951288fa47e8a:0x4a09 
0xa5ecd89cd9f83c477337ee99d24951288fa47e8a:0x4a0a 
0xa5ecd89cd9f83c477337ee99d24951288fa47e8a:0x4a0b 
0xa5ecd89cd9f83c477337ee99d24951288fa47e8a:0x4a0e 
0xa5ecd89cd9f83c477337ee99d24951288fa47e8a:0x4a0f 
0xa5ecd89cd9f83c477337ee99d24951288fa47e8a:0x4a12 
0xa5ecd89cd9f83c477337ee99d24951288fa47e8a:0x7077 
0xa5ecd89cd9f83c477337ee99d24951288fa47e8a:0x7078 
0xa5ecd89cd9f83c477337ee99d24951288fa47e8a:0x707b 
0xa5ecd89cd9f83c477337ee99d24951288fa47e8a:0x707c 
0xa5ecd89cd9f83c477337ee99d24951288fa47e8a:0x707f 
0xa5ecd89cd9f83c477337ee99d24951288fa47e8a:0x6100 
0xa5ecd89cd9f83c477337ee99d24951288fa47e8a:0x6101 
0xa5ecd89cd9f83c477337ee99d24951288fa47e8a:0x6103 
0xa5ecd89cd9f83c477337ee99d24951288fa47e8a:0x6106 
0xa5ecd89cd9f83c477337ee99d24951288fa47e8a:0x6107 
0xa5ecd89cd9f83c477337ee99d24951288fa47e8a:0x610a 
0xa5ecd89cd9f83c477337ee99d24951288fa47e8a:0x619f 
0xa5ecd89cd9f83c477337ee99d24951288fa47e8a:0x61a0 
0xa5ecd89cd9f83c477337ee99d24951288fa47e8a:0x61a2 
0xa5ecd89cd9f83c477337ee99d24951288fa47e8a:0x61b7 
0xa5ecd89cd9f83c477337ee99d24951288fa47e8a:0x61b8 
0xa5ecd89cd9f83c477337ee99d24951288fa47e8a:0x61b9 
0xa5ecd89cd9f83c477337ee99d24951288fa47e8a:0x61ba 
0xa5ecd89cd9f83c477337ee99d24951288fa47e8a:0x61bb 
0xa5ecd89cd9f83c477337ee99d24951288fa47e8a:0x61bc 
0xa5ecd89cd9f83c477337ee99d24951288fa47e8a:0x61bd 
0xa5ecd89cd9f83c477337ee99d24951288fa47e8a:0x61be 
0xa5ecd89cd9f83c477337ee99d24951288fa47e8a:0x610b 
0xa5ecd89cd9f83c477337ee99d24951288fa47e8a:0x610c 
0xa5ecd89cd9f83c477337ee99d24951288fa47e8a:0x610d 
0xa5ecd89cd9f83c477337ee99d24951288fa47e8a:0x610e 
0xa5ecd89cd9f83c477337ee99d24951288fa47e8a:0x610f 
0xa5ecd89cd9f83c477337ee99d24951288fa47e8a:0x6110 
0xa5ecd89cd9f83c477337ee99d24951288fa47e8a:0x6111 
0xa5ecd89cd9f83c477337ee99d24951288fa47e8a:0x7080 
0xa5ecd89cd9f83c477337ee99d24951288fa47e8a:0x7081 
0xa5ecd89cd9f83c477337ee99d24951288fa47e8a:0x7082 
0xa5ecd89cd9f83c477337ee99d24951288fa47e8a:0x7083 
0xa5ecd89cd9f83c477337ee99d24951288fa47e8a:0x7086 
0xa5ecd89cd9f83c477337ee99d24951288fa47e8a:0x708b 
0xa5ecd89cd9f83c477337ee99d24951288fa47e8a:0x708c 
0xa5ecd89cd9f83c477337ee99d24951288fa47e8a:0x708d 
0xa5ecd89cd9f83c477337ee99d24951288fa47e8a:0x4a13 
0xa5ecd89cd9f83c477337ee99d24951288fa47e8a:0x4a14 
0xa5ecd89cd9f83c477337ee99d24951288fa47e8a:0x4a15 
0xa5ecd89cd9f83c477337ee99d24951288fa47e8a:0x4a16 
0xa5ecd89cd9f83c477337ee99d24951288fa47e8a:0x4a17 
0xa5ecd89cd9f83c477337ee99d24951288fa47e8a:0x4a18 
0xa5ecd89cd9f83c477337ee99d24951288fa47e8a:0x4d85 
0xa5ecd89cd9f83c477337ee99d24951288fa47e8a:0x4d86 
0xa5ecd89cd9f83c477337ee99d24951288fa47e8a:0x4d87 
0xa5ecd89cd9f83c477337ee99d24951288fa47e8a:0x4d88 
0xa5ecd89cd9f83c477337ee99d24951288fa47e8a:0x4d89 
0xa5ecd89cd9f83c477337ee99d24951288fa47e8a:0x4d8b 
0xa5ecd89cd9f83c477337ee99d24951288fa47e8a:0x4d8e 
0xa5ecd89cd9f83c477337ee99d24951288fa47e8a:0x4d8f 
0xa5ecd89cd9f83c477337ee99d24951288fa47e8a:0x4d90 
0xa5ecd89cd9f83c477337ee99d24951288fa47e8a:0x4d91 
0xa5ecd89cd9f83c477337ee99d24951288fa47e8a:0x4d92 
0xa5ecd89cd9f83c477337ee99d24951288fa47e8a:0x4d95 
0xa5ecd89cd9f83c477337ee99d24951288fa47e8a:0x4af1 
0xa5ecd89cd9f83c477337ee99d24951288fa47e8a:0x4af2 
0xa5ecd89cd9f83c477337ee99d24951288fa47e8a:0x4af4 
0xa5ecd89cd9f83c477337ee99d24951288fa47e8a:0x4af5 
0xa5ecd89cd9f83c477337ee99d24951288fa47e8a:0x4af6 
0xa5ecd89cd9f83c477337ee99d24951288fa47e8a:0x4af7 
0xa5ecd89cd9f83c477337ee99d24951288fa47e8a:0x4af8 
0xa5ecd89cd9f83c477337ee99d24951288fa47e8a:0x4afb 
0xa5ecd89cd9f83c477337ee99d24951288fa47e8a:0x4afc 
0xa5ecd89cd9f83c477337ee99d24951288fa47e8a:0x4aff 
0xa5ecd89cd9f83c477337ee99d24951288fa47e8a:0x70ea 
0xa5ecd89cd9f83c477337ee99d24951288fa47e8a:0x70eb 
0xa5ecd89cd9f83c477337ee99d24951288fa47e8a:0x70ee 
0xa5ecd89cd9f83c477337ee99d24951288fa47e8a:0x70ef 
0xa5ecd89cd9f83c477337ee99d24951288fa47e8a:0x70f2 
0xa5ecd89cd9f83c477337ee99d24951288fa47e8a:0x61bf 
0xa5ecd89cd9f83c477337ee99d24951288fa47e8a:0x61c0 
0xa5ecd89cd9f83c477337ee99d24951288fa47e8a:0x61c2 
0xa5ecd89cd9f83c477337ee99d24951288fa47e8a:0x61c3 
0xa5ecd89cd9f83c477337ee99d24951288fa47e8a:0x61c4 
0xa5ecd89cd9f83c477337ee99d24951288fa47e8a:0x61c5 
0xa5ecd89cd9f83c477337ee99d24951288fa47e8a:0x61c6 
0xa5ecd89cd9f83c477337ee99d24951288fa47e8a:0x61c7 
0xa5ecd89cd9f83c477337ee99d24951288fa47e8a:0x61c8 
0xa5ecd89cd9f83c477337ee99d24951288fa47e8a:0x70f3 
0xa5ecd89cd9f83c477337ee99d24951288fa47e8a:0x70f4 
0xa5ecd89cd9f83c477337ee99d24951288fa47e8a:0x70f5 
0xa5ecd89cd9f83c477337ee99d24951288fa47e8a:0x70f6 
0xa5ecd89cd9f83c477337ee99d24951288fa47e8a:0x70f9 
0xa5ecd89cd9f83c477337ee99d24951288fa47e8a:0x70fe 
0xa5ecd89cd9f83c477337ee99d24951288fa47e8a:0x70ff 
0xa5ecd89cd9f83c477337ee99d24951288fa47e8a:0x7100 
0xa5ecd89cd9f83c477337ee99d24951288fa47e8a:0x4b00 
0xa5ecd89cd9f83c477337ee99d24951288fa47e8a:0x4b01 
0xa5ecd89cd9f83c477337ee99d24951288fa47e8a:0x4b02 
0xa5ecd89cd9f83c477337ee99d24951288fa47e8a:0x4b03 
0xa5ecd89cd9f83c477337ee99d24951288fa47e8a:0x4b04 
0xa5ecd89cd9f83c477337ee99d24951288fa47e8a:0x4b05 
0xa5ecd89cd9f83c477337ee99d24951288fa47e8a:0x4d96 
0xa5ecd89cd9f83c477337ee99d24951288fa47e8a:0x4d97 
0xa5ecd89cd9f83c477337ee99d24951288fa47e8a:0x4d98 
0xa5ecd89cd9f83c477337ee99d24951288fa47e8a:0x4d99 
0xa5ecd89cd9f83c477337ee99d24951288fa47e8a:0x4d9a 
0xa5ecd89cd9f83c477337ee99d24951288fa47e8a:0x4d9b 
0xa5ecd89cd9f83c477337ee99d24951288fa47e8a:0x4d9c 
0xa5ecd89cd9f83c477337ee99d24951288fa47e8a:0x4d9d 
0xa5ecd89cd9f83c477337ee99d24951288fa47e8a:0x4d9e 
0xa5ecd89cd9f83c477337ee99d24951288fa47e8a:0x4d9f 
0xa5ecd89cd9f83c477337ee99d24951288fa47e8a:0x713 
0xa5ecd89cd9f83c477337ee99d24951288fa47e8a:0x714 
0xa5ecd89cd9f83c477337ee99d24951288fa47e8a:0x717 
0xa5ecd89cd9f83c477337ee99d24951288fa47e8a:0x1de8 
0xa5ecd89cd9f83c477337ee99d24951288fa47e8a:0x1de9 
0xa5ecd89cd9f83c477337ee99d24951288fa47e8a:0x1deb 
0xa5ecd89cd9f83c477337ee99d24951288fa47e8a:0x1dec 
0xa5ecd89cd9f83c477337ee99d24951288fa47e8a:0x1dee 
0xa5ecd89cd9f83c477337ee99d24951288fa47e8a:0x1def 
0xa5ecd89cd9f83c477337ee99d24951288fa47e8a:0x1df1 
0xa5ecd89cd9f83c477337ee99d24951288fa47e8a:0x1df2 
0xa5ecd89cd9f83c477337ee99d24951288fa47e8a:0x1df4 
0xa5ecd89cd9f83c477337ee99d24951288fa47e8a:0x1df6 
0xa5ecd89cd9f83c477337ee99d24951288fa47e8a:0x1df8 
0xa5ecd89cd9f83c477337ee99d24951288fa47e8a:0x1df9 
0xa5ecd89cd9f83c477337ee99d24951288fa47e8a:0x1e0e 
0xa5ecd89cd9f83c477337ee99d24951288fa47e8a:0x1e0f 
0xa5ecd89cd9f83c477337ee99d24951288fa47e8a:0x1e24 
0xa5ecd89cd9f83c477337ee99d24951288fa47e8a:0x1e25 
0xa5ecd89cd9f83c477337ee99d24951288fa47e8a:0x1e26 
0xa5ecd89cd9f83c477337ee99d24951288fa47e8a:0x1e27 
0xa5ecd89cd9f83c477337ee99d24951288fa47e8a:0x1e29 
0xa5ecd89cd9f83c477337ee99d24951288fa47e8a:0x1e2a 
0xa5ecd89cd9f83c477337ee99d24951288fa47e8a:0x1e2b 
0xa5ecd89cd9f83c477337ee99d24951288fa47e8a:0x1e2c 
0xa5ecd89cd9f83c477337ee99d24951288fa47e8a:0x1e2d 
0xa5ecd89cd9f83c477337ee99d24951288fa47e8a:0x1e2f 
0xa5ecd89cd9f83c477337ee99d24951288fa47e8a:0x1e30 
0xa5ecd89cd9f83c477337ee99d24951288fa47e8a:0x1e32 
0xa5ecd89cd9f83c477337ee99d24951288fa47e8a:0x1e33 
0xa5ecd89cd9f83c477337ee99d24951288fa47e8a:0x1e35 
0xa5ecd89cd9f83c477337ee99d24951288fa47e8a:0x1e36 
0xa5ecd89cd9f83c477337ee99d24951288fa47e8a:0x1e37 
0xa5ecd89cd9f83c477337ee99d24951288fa47e8a:0x1e38 
0xa5ecd89cd9f83c477337ee99d24951288fa47e8a:0x1e3a 
0xa5ecd89cd9f83c477337ee99d24951288fa47e8a:0x1e3b 
0xa5ecd89cd9f83c477337ee99d24951288fa47e8a:0x1e3c 
0xa5ecd89cd9f83c477337ee99d24951288fa47e8a:0x1e3d 
0xa5ecd89cd9f83c477337ee99d24951288fa47e8a:0x1e3e 
0xa5ecd89cd9f83c477337ee99d24951288fa47e8a:0x1e40 
0xa5ecd89cd9f83c477337ee99d24951288fa47e8a:0x1e41 
0xa5ecd89cd9f83c477337ee99d24951288fa47e8a:0x1e43 
0xa5ecd89cd9f83c477337ee99d24951288fa47e8a:0x1e44 
0xa5ecd89cd9f83c477337ee99d24951288fa47e8a:0x1e45 
0xa5ecd89cd9f83c477337ee99d24951288fa47e8a:0x1e46 
0xa5ecd89cd9f83c477337ee99d24951288fa47e8a:0x1e47 
0xa5ecd89cd9f83c477337ee99d24951288fa47e8a:0x1e49 
0xa5ecd89cd9f83c477337ee99d24951288fa47e8a:0x1e4a 
0xa5ecd89cd9f83c477337ee99d24951288fa47e8a:0x1e4b 
0xa5ecd89cd9f83c477337ee99d24951288fa47e8a:0x1e4c 
0xa5ecd89cd9f83c477337ee99d24951288fa47e8a:0x1e4d 
0xa5ecd89cd9f83c477337ee99d24951288fa47e8a:0x1e4e 
0xa5ecd89cd9f83c477337ee99d24951288fa47e8a:0x1e50 
0xa5ecd89cd9f83c477337ee99d24951288fa47e8a:0x1e51 
0xa5ecd89cd9f83c477337ee99d24951288fa47e8a:0x1e52 
0xa5ecd89cd9f83c477337ee99d24951288fa47e8a:0x1e53 
0xa5ecd89cd9f83c477337ee99d24951288fa47e8a:0x1e54 
0xa5ecd89cd9f83c477337ee99d24951288fa47e8a:0x1e55 
0xa5ecd89cd9f83c477337ee99d24951288fa47e8a:0x1e57 
0xa5ecd89cd9f83c477337ee99d24951288fa47e8a:0x1e58 
0xa5ecd89cd9f83c477337ee99d24951288fa47e8a:0x1e5a 
0xa5ecd89cd9f83c477337ee99d24951288fa47e8a:0x1e5b 
0xa5ecd89cd9f83c477337ee99d24951288fa47e8a:0x1e5c 
0xa5ecd89cd9f83c477337ee99d24951288fa47e8a:0x1e5d 
0xa5ecd89cd9f83c477337ee99d24951288fa47e8a:0x1e60 
0xa5ecd89cd9f83c477337ee99d24951288fa47e8a:0x1e61 
0xa5ecd89cd9f83c477337ee99d24951288fa47e8a:0x1e62 
0xa5ecd89cd9f83c477337ee99d24951288fa47e8a:0x1e63 
0xa5ecd89cd9f83c477337ee99d24951288fa47e8a:0x1e78 
0xa5ecd89cd9f83c477337ee99d24951288fa47e8a:0x1e79 
0xa5ecd89cd9f83c477337ee99d24951288fa47e8a:0x1e7a 
0xa5ecd89cd9f83c477337ee99d24951288fa47e8a:0x1e7b 
0xa5ecd89cd9f83c477337ee99d24951288fa47e8a:0x1e7c 
0xa5ecd89cd9f83c477337ee99d24951288fa47e8a:0x1e7e 
0xa5ecd89cd9f83c477337ee99d24951288fa47e8a:0x1e7f 
0xa5ecd89cd9f83c477337ee99d24951288fa47e8a:0x1e81 
0xa5ecd89cd9f83c477337ee99d24951288fa47e8a:0x1e82 
0xa5ecd89cd9f83c477337ee99d24951288fa47e8a:0x1e83 
0xa5ecd89cd9f83c477337ee99d24951288fa47e8a:0x1e84 
0xa5ecd89cd9f83c477337ee99d24951288fa47e8a:0x1e87 
0xa5ecd89cd9f83c477337ee99d24951288fa47e8a:0x1e88 
0xa5ecd89cd9f83c477337ee99d24951288fa47e8a:0x1e89 
0xa5ecd89cd9f83c477337ee99d24951288fa47e8a:0x1e8a 
0xa5ecd89cd9f83c477337ee99d24951288fa47e8a:0x1e9f 
0xa5ecd89cd9f83c477337ee99d24951288fa47e8a:0x1ea0 
0xa5ecd89cd9f83c477337ee99d24951288fa47e8a:0x1ea1 
0xa5ecd89cd9f83c477337ee99d24951288fa47e8a:0x1ea2 
0xa5ecd89cd9f83c477337ee99d24951288fa47e8a:0x1ea3 
0xa5ecd89cd9f83c477337ee99d24951288fa47e8a:0x1ea5 
0xa5ecd89cd9f83c477337ee99d24951288fa47e8a:0x1ea6 
0xa5ecd89cd9f83c477337ee99d24951288fa47e8a:0x1ea7 
0xa5ecd89cd9f83c477337ee99d24951288fa47e8a:0x1ea8 
0xa5ecd89cd9f83c477337ee99d24951288fa47e8a:0x1ea9 
0xa5ecd89cd9f83c477337ee99d24951288fa47e8a:0x1eaa 
0xa5ecd89cd9f83c477337ee99d24951288fa47e8a:0x1eac 
0xa5ecd89cd9f83c477337ee99d24951288fa47e8a:0x1ead 
0xa5ecd89cd9f83c477337ee99d24951288fa47e8a:0x1eaf 
0xa5ecd89cd9f83c477337ee99d24951288fa47e8a:0x1eb0 
0xa5ecd89cd9f83c477337ee99d24951288fa47e8a:0x1eb1 
0xa5ecd89cd9f83c477337ee99d24951288fa47e8a:0x1eb2 
0xa5ecd89cd9f83c477337ee99d24951288fa47e8a:0x1eb5 
0xa5ecd89cd9f83c477337ee99d24951288fa47e8a:0x1eb6 
0xa5ecd89cd9f83c477337ee99d24951288fa47e8a:0x1eb7 
0xa5ecd89cd9f83c477337ee99d24951288fa47e8a:0x1eb8 
0xa5ecd89cd9f83c477337ee99d24951288fa47e8a:0x1eba 
0xa5ecd89cd9f83c477337ee99d24951288fa47e8a:0x1ebb 
0xa5ecd89cd9f83c477337ee99d24951288fa47e8a:0x1ebc 
0xa5ecd89cd9f83c477337ee99d24951288fa47e8a:0x1ebd 
0xa5ecd89cd9f83c477337ee99d24951288fa47e8a:0x1ebe 
0xa5ecd89cd9f83c477337ee99d24951288fa47e8a:0x1ebf 
0xa5ecd89cd9f83c477337ee99d24951288fa47e8a:0x1ec0 
0xa5ecd89cd9f83c477337ee99d24951288fa47e8a:0x1ec1 
0xa5ecd89cd9f83c477337ee99d24951288fa47e8a:0x1ec2 
0xa5ecd89cd9f83c477337ee99d24951288fa47e8a:0x1ec3 
0xa5ecd89cd9f83c477337ee99d24951288fa47e8a:0x1ec4 
0xa5ecd89cd9f83c477337ee99d24951288fa47e8a:0x1ec5 
0xa5ecd89cd9f83c477337ee99d24951288fa47e8a:0x1ec6 
0xa5ecd89cd9f83c477337ee99d24951288fa47e8a:0x718 
0xa5ecd89cd9f83c477337ee99d24951288fa47e8a:0x719 
0xa5ecd89cd9f83c477337ee99d24951288fa47e8a:0x71b 
0xa5ecd89cd9f83c477337ee99d24951288fa47e8a:0x71c 
0xa5ecd89cd9f83c477337ee99d24951288fa47e8a:0x71f 
0xa5ecd89cd9f83c477337ee99d24951288fa47e8a:0x720 
0xa5ecd89cd9f83c477337ee99d24951288fa47e8a:0x721 
0xa5ecd89cd9f83c477337ee99d24951288fa47e8a:0x722 
0xa5ecd89cd9f83c477337ee99d24951288fa47e8a:0x723 
0xa5ecd89cd9f83c477337ee99d24951288fa47e8a:0x724 
0xa5ecd89cd9f83c477337ee99d24951288fa47e8a:0x725 
0xa5ecd89cd9f83c477337ee99d24951288fa47e8a:0x726 
0xa5ecd89cd9f83c477337ee99d24951288fa47e8a:0x729 
0xa5ecd89cd9f83c477337ee99d24951288fa47e8a:0x5ef2 
0xa5ecd89cd9f83c477337ee99d24951288fa47e8a:0x5ef3 
0xa5ecd89cd9f83c477337ee99d24951288fa47e8a:0x5ef5 
0xa5ecd89cd9f83c477337ee99d24951288fa47e8a:0x5ef7 
0xa5ecd89cd9f83c477337ee99d24951288fa47e8a:0x5ef8 
0xa5ecd89cd9f83c477337ee99d24951288fa47e8a:0x5ef9 
0xa5ecd89cd9f83c477337ee99d24951288fa47e8a:0x5efa 
0xa5ecd89cd9f83c477337ee99d24951288fa47e8a:0x5efb 
0xa5ecd89cd9f83c477337ee99d24951288fa47e8a:0x5efe 
0xa5ecd89cd9f83c477337ee99d24951288fa47e8a:0x5f00 
0xa5ecd89cd9f83c477337ee99d24951288fa47e8a:0x5f01 
0xa5ecd89cd9f83c477337ee99d24951288fa47e8a:0x5f02 
0xa5ecd89cd9f83c477337ee99d24951288fa47e8a:0x5f03 
0xa5ecd89cd9f83c477337ee99d24951288fa47e8a:0x5f06 
0xa5ecd89cd9f83c477337ee99d24951288fa47e8a:0x5702 
0xa5ecd89cd9f83c477337ee99d24951288fa47e8a:0x5703 
0xa5ecd89cd9f83c477337ee99d24951288fa47e8a:0x5706 
0xa5ecd89cd9f83c477337ee99d24951288fa47e8a:0x5707 
0xa5ecd89cd9f83c477337ee99d24951288fa47e8a:0x570a 
0xa5ecd89cd9f83c477337ee99d24951288fa47e8a:0x61bf 
0xa5ecd89cd9f83c477337ee99d24951288fa47e8a:0x61c0 
0xa5ecd89cd9f83c477337ee99d24951288fa47e8a:0x61c2 
0xa5ecd89cd9f83c477337ee99d24951288fa47e8a:0x61c3 
0xa5ecd89cd9f83c477337ee99d24951288fa47e8a:0x61c4 
0xa5ecd89cd9f83c477337ee99d24951288fa47e8a:0x61c5 
0xa5ecd89cd9f83c477337ee99d24951288fa47e8a:0x61c6 
0xa5ecd89cd9f83c477337ee99d24951288fa47e8a:0x61c7 
0xa5ecd89cd9f83c477337ee99d24951288fa47e8a:0x61c8 
0xa5ecd89cd9f83c477337ee99d24951288fa47e8a:0x570b 
0xa5ecd89cd9f83c477337ee99d24951288fa47e8a:0x570c 
0xa5ecd89cd9f83c477337ee99d24951288fa47e8a:0x570d 
0xa5ecd89cd9f83c477337ee99d24951288fa47e8a:0x570e 
0xa5ecd89cd9f83c477337ee99d24951288fa47e8a:0x570f 
0xa5ecd89cd9f83c477337ee99d24951288fa47e8a:0x5710 
0xa5ecd89cd9f83c477337ee99d24951288fa47e8a:0x5f07 
0xa5ecd89cd9f83c477337ee99d24951288fa47e8a:0x5f08 
0xa5ecd89cd9f83c477337ee99d24951288fa47e8a:0x5f0b 
0xa5ecd89cd9f83c477337ee99d24951288fa47e8a:0x5f0d 
0xa5ecd89cd9f83c477337ee99d24951288fa47e8a:0x5f0e 
0xa5ecd89cd9f83c477337ee99d24951288fa47e8a:0x5f0f 
0xa5ecd89cd9f83c477337ee99d24951288fa47e8a:0x5f10 
0xa5ecd89cd9f83c477337ee99d24951288fa47e8a:0x5f13 
0xa5ecd89cd9f83c477337ee99d24951288fa47e8a:0x5702 
0xa5ecd89cd9f83c477337ee99d24951288fa47e8a:0x5703 
0xa5ecd89cd9f83c477337ee99d24951288fa47e8a:0x5706 
0xa5ecd89cd9f83c477337ee99d24951288fa47e8a:0x5707 
0xa5ecd89cd9f83c477337ee99d24951288fa47e8a:0x570a 
0xa5ecd89cd9f83c477337ee99d24951288fa47e8a:0x61bf 
0xa5ecd89cd9f83c477337ee99d24951288fa47e8a:0x61c0 
0xa5ecd89cd9f83c477337ee99d24951288fa47e8a:0x61c2 
0xa5ecd89cd9f83c477337ee99d24951288fa47e8a:0x61c3 
0xa5ecd89cd9f83c477337ee99d24951288fa47e8a:0x61c4 
0xa5ecd89cd9f83c477337ee99d24951288fa47e8a:0x61c5 
0xa5ecd89cd9f83c477337ee99d24951288fa47e8a:0x61c6 
0xa5ecd89cd9f83c477337ee99d24951288fa47e8a:0x61c7 
0xa5ecd89cd9f83c477337ee99d24951288fa47e8a:0x61c8 
0xa5ecd89cd9f83c477337ee99d24951288fa47e8a:0x570b 
0xa5ecd89cd9f83c477337ee99d24951288fa47e8a:0x570c 
0xa5ecd89cd9f83c477337ee99d24951288fa47e8a:0x570d 
0xa5ecd89cd9f83c477337ee99d24951288fa47e8a:0x570e 
0xa5ecd89cd9f83c477337ee99d24951288fa47e8a:0x570f 
0xa5ecd89cd9f83c477337ee99d24951288fa47e8a:0x5710 
0xa5ecd89cd9f83c477337ee99d24951288fa47e8a:0x5f14 
0xa5ecd89cd9f83c477337ee99d24951288fa47e8a:0x5f15 
0xa5ecd89cd9f83c477337ee99d24951288fa47e8a:0x5f18 
0xa5ecd89cd9f83c477337ee99d24951288fa47e8a:0x5f1a 
0xa5ecd89cd9f83c477337ee99d24951288fa47e8a:0x5f1b 
0xa5ecd89cd9f83c477337ee99d24951288fa47e8a:0x5f1c 
0xa5ecd89cd9f83c477337ee99d24951288fa47e8a:0x5f1d 
0xa5ecd89cd9f83c477337ee99d24951288fa47e8a:0x5f20 
0xa5ecd89cd9f83c477337ee99d24951288fa47e8a:0x5001 
0xa5ecd89cd9f83c477337ee99d24951288fa47e8a:0x5002 
0xa5ecd89cd9f83c477337ee99d24951288fa47e8a:0x5005 
0xa5ecd89cd9f83c477337ee99d24951288fa47e8a:0x5006 
0xa5ecd89cd9f83c477337ee99d24951288fa47e8a:0x5009 
0xa5ecd89cd9f83c477337ee99d24951288fa47e8a:0x6100 
0xa5ecd89cd9f83c477337ee99d24951288fa47e8a:0x6101 
0xa5ecd89cd9f83c477337ee99d24951288fa47e8a:0x6103 
0xa5ecd89cd9f83c477337ee99d24951288fa47e8a:0x6106 
0xa5ecd89cd9f83c477337ee99d24951288fa47e8a:0x6107 
0xa5ecd89cd9f83c477337ee99d24951288fa47e8a:0x610a 
0xa5ecd89cd9f83c477337ee99d24951288fa47e8a:0x619f 
0xa5ecd89cd9f83c477337ee99d24951288fa47e8a:0x61a0 
0xa5ecd89cd9f83c477337ee99d24951288fa47e8a:0x61a2 
0xa5ecd89cd9f83c477337ee99d24951288fa47e8a:0x61b7 
0xa5ecd89cd9f83c477337ee99d24951288fa47e8a:0x61b8 
0xa5ecd89cd9f83c477337ee99d24951288fa47e8a:0x61b9 
0xa5ecd89cd9f83c477337ee99d24951288fa47e8a:0x61ba 
0xa5ecd89cd9f83c477337ee99d24951288fa47e8a:0x61bb 
0xa5ecd89cd9f83c477337ee99d24951288fa47e8a:0x61bc 
0xa5ecd89cd9f83c477337ee99d24951288fa47e8a:0x61bd 
0xa5ecd89cd9f83c477337ee99d24951288fa47e8a:0x61be 
0xa5ecd89cd9f83c477337ee99d24951288fa47e8a:0x610b 
0xa5ecd89cd9f83c477337ee99d24951288fa47e8a:0x610c 
0xa5ecd89cd9f83c477337ee99d24951288fa47e8a:0x610d 
0xa5ecd89cd9f83c477337ee99d24951288fa47e8a:0x610e 
0xa5ecd89cd9f83c477337ee99d24951288fa47e8a:0x610f 
0xa5ecd89cd9f83c477337ee99d24951288fa47e8a:0x6110 
0xa5ecd89cd9f83c477337ee99d24951288fa47e8a:0x6111 
0xa5ecd89cd9f83c477337ee99d24951288fa47e8a:0x500a 
0xa5ecd89cd9f83c477337ee99d24951288fa47e8a:0x500b 
0xa5ecd89cd9f83c477337ee99d24951288fa47e8a:0x500c 
0xa5ecd89cd9f83c477337ee99d24951288fa47e8a:0x500d 
0xa5ecd89cd9f83c477337ee99d24951288fa47e8a:0x500e 
0xa5ecd89cd9f83c477337ee99d24951288fa47e8a:0x500f 
0xa5ecd89cd9f83c477337ee99d24951288fa47e8a:0x5f21 
0xa5ecd89cd9f83c477337ee99d24951288fa47e8a:0x5f22 
0xa5ecd89cd9f83c477337ee99d24951288fa47e8a:0x5f25 
0xa5ecd89cd9f83c477337ee99d24951288fa47e8a:0x5f27 
0xa5ecd89cd9f83c477337ee99d24951288fa47e8a:0x5f28 
0xa5ecd89cd9f83c477337ee99d24951288fa47e8a:0x5f29 
0xa5ecd89cd9f83c477337ee99d24951288fa47e8a:0x5f2a 
0xa5ecd89cd9f83c477337ee99d24951288fa47e8a:0x5f2d 
0xa5ecd89cd9f83c477337ee99d24951288fa47e8a:0x5001 
0xa5ecd89cd9f83c477337ee99d24951288fa47e8a:0x5002 
0xa5ecd89cd9f83c477337ee99d24951288fa47e8a:0x5005 
0xa5ecd89cd9f83c477337ee99d24951288fa47e8a:0x5006 
0xa5ecd89cd9f83c477337ee99d24951288fa47e8a:0x5009 
0xa5ecd89cd9f83c477337ee99d24951288fa47e8a:0x6100 
0xa5ecd89cd9f83c477337ee99d24951288fa47e8a:0x6101 
0xa5ecd89cd9f83c477337ee99d24951288fa47e8a:0x6103 
0xa5ecd89cd9f83c477337ee99d24951288fa47e8a:0x6106 
0xa5ecd89cd9f83c477337ee99d24951288fa47e8a:0x6107 
0xa5ecd89cd9f83c477337ee99d24951288fa47e8a:0x610a 
0xa5ecd89cd9f83c477337ee99d24951288fa47e8a:0x619f 
0xa5ecd89cd9f83c477337ee99d24951288fa47e8a:0x61a0 
0xa5ecd89cd9f83c477337ee99d24951288fa47e8a:0x61a2 
0xa5ecd89cd9f83c477337ee99d24951288fa47e8a:0x61b7 
0xa5ecd89cd9f83c477337ee99d24951288fa47e8a:0x61b8 
0xa5ecd89cd9f83c477337ee99d24951288fa47e8a:0x61b9 
0xa5ecd89cd9f83c477337ee99d24951288fa47e8a:0x61ba 
0xa5ecd89cd9f83c477337ee99d24951288fa47e8a:0x61bb 
0xa5ecd89cd9f83c477337ee99d24951288fa47e8a:0x61bc 
0xa5ecd89cd9f83c477337ee99d24951288fa47e8a:0x61bd 
0xa5ecd89cd9f83c477337ee99d24951288fa47e8a:0x61be 
0xa5ecd89cd9f83c477337ee99d24951288fa47e8a:0x610b 
0xa5ecd89cd9f83c477337ee99d24951288fa47e8a:0x610c 
0xa5ecd89cd9f83c477337ee99d24951288fa47e8a:0x610d 
0xa5ecd89cd9f83c477337ee99d24951288fa47e8a:0x610e 
0xa5ecd89cd9f83c477337ee99d24951288fa47e8a:0x610f 
0xa5ecd89cd9f83c477337ee99d24951288fa47e8a:0x6110 
0xa5ecd89cd9f83c477337ee99d24951288fa47e8a:0x6111 
0xa5ecd89cd9f83c477337ee99d24951288fa47e8a:0x500a 
0xa5ecd89cd9f83c477337ee99d24951288fa47e8a:0x500b 
0xa5ecd89cd9f83c477337ee99d24951288fa47e8a:0x500c 
0xa5ecd89cd9f83c477337ee99d24951288fa47e8a:0x500d 
0xa5ecd89cd9f83c477337ee99d24951288fa47e8a:0x500e 
0xa5ecd89cd9f83c477337ee99d24951288fa47e8a:0x500f 
0xa5ecd89cd9f83c477337ee99d24951288fa47e8a:0x5f2e 
0xa5ecd89cd9f83c477337ee99d24951288fa47e8a:0x5f2f 
0xa5ecd89cd9f83c477337ee99d24951288fa47e8a:0x5f32 
0xa5ecd89cd9f83c477337ee99d24951288fa47e8a:0x5f34 
0xa5ecd89cd9f83c477337ee99d24951288fa47e8a:0x5f35 
0xa5ecd89cd9f83c477337ee99d24951288fa47e8a:0x5f36 
0xa5ecd89cd9f83c477337ee99d24951288fa47e8a:0x5f37 
0xa5ecd89cd9f83c477337ee99d24951288fa47e8a:0x5f3a 
0xa5ecd89cd9f83c477337ee99d24951288fa47e8a:0x5702 
0xa5ecd89cd9f83c477337ee99d24951288fa47e8a:0x5703 
0xa5ecd89cd9f83c477337ee99d24951288fa47e8a:0x5706 
0xa5ecd89cd9f83c477337ee99d24951288fa47e8a:0x5707 
0xa5ecd89cd9f83c477337ee99d24951288fa47e8a:0x570a 
0xa5ecd89cd9f83c477337ee99d24951288fa47e8a:0x61bf 
0xa5ecd89cd9f83c477337ee99d24951288fa47e8a:0x61c0 
0xa5ecd89cd9f83c477337ee99d24951288fa47e8a:0x61c2 
0xa5ecd89cd9f83c477337ee99d24951288fa47e8a:0x61c3 
0xa5ecd89cd9f83c477337ee99d24951288fa47e8a:0x61c4 
0xa5ecd89cd9f83c477337ee99d24951288fa47e8a:0x61c5 
0xa5ecd89cd9f83c477337ee99d24951288fa47e8a:0x61c6 
0xa5ecd89cd9f83c477337ee99d24951288fa47e8a:0x61c7 
0xa5ecd89cd9f83c477337ee99d24951288fa47e8a:0x61c8 
0xa5ecd89cd9f83c477337ee99d24951288fa47e8a:0x570b 
0xa5ecd89cd9f83c477337ee99d24951288fa47e8a:0x570c 
0xa5ecd89cd9f83c477337ee99d24951288fa47e8a:0x570d 
0xa5ecd89cd9f83c477337ee99d24951288fa47e8a:0x570e 
0xa5ecd89cd9f83c477337ee99d24951288fa47e8a:0x570f 
0xa5ecd89cd9f83c477337ee99d24951288fa47e8a:0x5710 
0xa5ecd89cd9f83c477337ee99d24951288fa47e8a:0x5f3b 
0xa5ecd89cd9f83c477337ee99d24951288fa47e8a:0x5f3c 
0xa5ecd89cd9f83c477337ee99d24951288fa47e8a:0x5f3f 
0xa5ecd89cd9f83c477337ee99d24951288fa47e8a:0x5f41 
0xa5ecd89cd9f83c477337ee99d24951288fa47e8a:0x5f42 
0xa5ecd89cd9f83c477337ee99d24951288fa47e8a:0x5f43 
0xa5ecd89cd9f83c477337ee99d24951288fa47e8a:0x5f44 
0xa5ecd89cd9f83c477337ee99d24951288fa47e8a:0x5f47 
0xa5ecd89cd9f83c477337ee99d24951288fa47e8a:0x506b 
0xa5ecd89cd9f83c477337ee99d24951288fa47e8a:0x506c 
0xa5ecd89cd9f83c477337ee99d24951288fa47e8a:0x506f 
0xa5ecd89cd9f83c477337ee99d24951288fa47e8a:0x5070 
0xa5ecd89cd9f83c477337ee99d24951288fa47e8a:0x5073 
0xa5ecd89cd9f83c477337ee99d24951288fa47e8a:0x61f8 
0xa5ecd89cd9f83c477337ee99d24951288fa47e8a:0x61f9 
0xa5ecd89cd9f83c477337ee99d24951288fa47e8a:0x61fb 
0xa5ecd89cd9f83c477337ee99d24951288fa47e8a:0x61fe 
0xa5ecd89cd9f83c477337ee99d24951288fa47e8a:0x61ff 
0xa5ecd89cd9f83c477337ee99d24951288fa47e8a:0x6202 
0xa5ecd89cd9f83c477337ee99d24951288fa47e8a:0x6179 
0xa5ecd89cd9f83c477337ee99d24951288fa47e8a:0x617a 
0xa5ecd89cd9f83c477337ee99d24951288fa47e8a:0x617c 
0xa5ecd89cd9f83c477337ee99d24951288fa47e8a:0x617d 
0xa5ecd89cd9f83c477337ee99d24951288fa47e8a:0x617e 
0xa5ecd89cd9f83c477337ee99d24951288fa47e8a:0x617f 
0xa5ecd89cd9f83c477337ee99d24951288fa47e8a:0x6182 
0xa5ecd89cd9f83c477337ee99d24951288fa47e8a:0x6183 
0xa5ecd89cd9f83c477337ee99d24951288fa47e8a:0x6186 
0xa5ecd89cd9f83c477337ee99d24951288fa47e8a:0x704f 
0xa5ecd89cd9f83c477337ee99d24951288fa47e8a:0x7050 
0xa5ecd89cd9f83c477337ee99d24951288fa47e8a:0x7052 
0xa5ecd89cd9f83c477337ee99d24951288fa47e8a:0x7053 
0xa5ecd89cd9f83c477337ee99d24951288fa47e8a:0x7054 
0xa5ecd89cd9f83c477337ee99d24951288fa47e8a:0x7057 
0xa5ecd89cd9f83c477337ee99d24951288fa47e8a:0x7060 
0xa5ecd89cd9f83c477337ee99d24951288fa47e8a:0x7061 
0xa5ecd89cd9f83c477337ee99d24951288fa47e8a:0x7062 
0xa5ecd89cd9f83c477337ee99d24951288fa47e8a:0x6187 
0xa5ecd89cd9f83c477337ee99d24951288fa47e8a:0x6188 
0xa5ecd89cd9f83c477337ee99d24951288fa47e8a:0x6189 
0xa5ecd89cd9f83c477337ee99d24951288fa47e8a:0x618a 
0xa5ecd89cd9f83c477337ee99d24951288fa47e8a:0x618b 
0xa5ecd89cd9f83c477337ee99d24951288fa47e8a:0x6203 
0xa5ecd89cd9f83c477337ee99d24951288fa47e8a:0x6204 
0xa5ecd89cd9f83c477337ee99d24951288fa47e8a:0x6205 
0xa5ecd89cd9f83c477337ee99d24951288fa47e8a:0x6206 
0xa5ecd89cd9f83c477337ee99d24951288fa47e8a:0x6207 
0xa5ecd89cd9f83c477337ee99d24951288fa47e8a:0x6208 
0xa5ecd89cd9f83c477337ee99d24951288fa47e8a:0x6209 
0xa5ecd89cd9f83c477337ee99d24951288fa47e8a:0x5074 
0xa5ecd89cd9f83c477337ee99d24951288fa47e8a:0x5075 
0xa5ecd89cd9f83c477337ee99d24951288fa47e8a:0x5076 
0xa5ecd89cd9f83c477337ee99d24951288fa47e8a:0x5077 
0xa5ecd89cd9f83c477337ee99d24951288fa47e8a:0x5078 
0xa5ecd89cd9f83c477337ee99d24951288fa47e8a:0x5079 
0xa5ecd89cd9f83c477337ee99d24951288fa47e8a:0x5f48 
0xa5ecd89cd9f83c477337ee99d24951288fa47e8a:0x5f49 
0xa5ecd89cd9f83c477337ee99d24951288fa47e8a:0x5f4a 
0xa5ecd89cd9f83c477337ee99d24951288fa47e8a:0x5f4b 
0xa5ecd89cd9f83c477337ee99d24951288fa47e8a:0x5f4c 
0xa5ecd89cd9f83c477337ee99d24951288fa47e8a:0x5f4d 
0xa5ecd89cd9f83c477337ee99d24951288fa47e8a:0x5f4e 
0xa5ecd89cd9f83c477337ee99d24951288fa47e8a:0x5f4f 
0xa5ecd89cd9f83c477337ee99d24951288fa47e8a:0x5f50 
0xa5ecd89cd9f83c477337ee99d24951288fa47e8a:0x5f51 
0xa5ecd89cd9f83c477337ee99d24951288fa47e8a:0x5f52 
0xa5ecd89cd9f83c477337ee99d24951288fa47e8a:0x72a 
0xa5ecd89cd9f83c477337ee99d24951288fa47e8a:0x72b 
0xa5ecd89cd9f83c477337ee99d24951288fa47e8a:0x72d 
0xa5ecd89cd9f83c477337ee99d24951288fa47e8a:0x72e 
0xa5ecd89cd9f83c477337ee99d24951288fa47e8a:0x72f 
0xa5ecd89cd9f83c477337ee99d24951288fa47e8a:0x730 
0xa5ecd89cd9f83c477337ee99d24951288fa47e8a:0x731 
0xa5ecd89cd9f83c477337ee99d24951288fa47e8a:0x732 
