---
0xa5ecd89cd9f83c477337ee99d24951288fa47e8a:0x0 *
0xa5ecd89cd9f83c477337ee99d24951288fa47e8a:0x2 *
0xa5ecd89cd9f83c477337ee99d24951288fa47e8a:0x4 *
0xa5ecd89cd9f83c477337ee99d24951288fa47e8a:0x5 *
0xa5ecd89cd9f83c477337ee99d24951288fa47e8a:0x6 *
0xa5ecd89cd9f83c477337ee99d24951288fa47e8a:0x7 *
0xa5ecd89cd9f83c477337ee99d24951288fa47e8a:0x8 *
0xa5ecd89cd9f83c477337ee99d24951288fa47e8a:0xb *
0xa5ecd89cd9f83c477337ee99d24951288fa47e8a:0x10 *
0xa5ecd89cd9f83c477337ee99d24951288fa47e8a:0x11 *
0xa5ecd89cd9f83c477337ee99d24951288fa47e8a:0x12 *
0xa5ecd89cd9f83c477337ee99d24951288fa47e8a:0x15 *
0xa5ecd89cd9f83c477337ee99d24951288fa47e8a:0x16 *
0xa5ecd89cd9f83c477337ee99d24951288fa47e8a:0x1a *
0xa5ecd89cd9f83c477337ee99d24951288fa47e8a:0x1c *
0xa5ecd89cd9f83c477337ee99d24951288fa47e8a:0x1d *
0xa5ecd89cd9f83c477337ee99d24951288fa47e8a:0x1f *
---
0xa5ecd89cd9f83c477337ee99d24951288fa47e8a:0x0 
0xa5ecd89cd9f83c477337ee99d24951288fa47e8a:0x2 
0xa5ecd89cd9f83c477337ee99d24951288fa47e8a:0x4 
0xa5ecd89cd9f83c477337ee99d24951288fa47e8a:0x5 
0xa5ecd89cd9f83c477337ee99d24951288fa47e8a:0x6 
0xa5ecd89cd9f83c477337ee99d24951288fa47e8a:0x7 
0xa5ecd89cd9f83c477337ee99d24951288fa47e8a:0x8 
0xa5ecd89cd9f83c477337ee99d24951288fa47e8a:0xb 
0xa5ecd89cd9f83c477337ee99d24951288fa47e8a:0x10 
0xa5ecd89cd9f83c477337ee99d24951288fa47e8a:0x11 
0xa5ecd89cd9f83c477337ee99d24951288fa47e8a:0x12 
0xa5ecd89cd9f83c477337ee99d24951288fa47e8a:0x14 
0xa5ecd89cd9f83c477337ee99d24951288fa47e8a:0x15 
0xa5ecd89cd9f83c477337ee99d24951288fa47e8a:0x16 
0xa5ecd89cd9f83c477337ee99d24951288fa47e8a:0x19 
0xa5ecd89cd9f83c477337ee99d24951288fa47e8a:0x1a 
0xa5ecd89cd9f83c477337ee99d24951288fa47e8a:0x1c 
0xa5ecd89cd9f83c477337ee99d24951288fa47e8a:0x1d 
0xa5ecd89cd9f83c477337ee99d24951288fa47e8a:0x1f 
0xa5ecd89cd9f83c477337ee99d24951288fa47e8a:0x20 
0xa5ecd89cd9f83c477337ee99d24951288fa47e8a:0x21 
0xa5ecd89cd9f83c477337ee99d24951288fa47e8a:0x26 
0xa5ecd89cd9f83c477337ee99d24951288fa47e8a:0x27 
0xa5ecd89cd9f83c477337ee99d24951288fa47e8a:0x2a 
0xa5ecd89cd9f83c477337ee99d24951288fa47e8a:0x130 
0xa5ecd89cd9f83c477337ee99d24951288fa47e8a:0x131 
0xa5ecd89cd9f83c477337ee99d24951288fa47e8a:0x132 
0xa5ecd89cd9f83c477337ee99d24951288fa47e8a:0x137 
0xa5ecd89cd9f83c477337ee99d24951288fa47e8a:0x138 
0xa5ecd89cd9f83c477337ee99d24951288fa47e8a:0x13b 
0xa5ecd89cd9f83c477337ee99d24951288fa47e8a:0x1be 
0xa5ecd89cd9f83c477337ee99d24951288fa47e8a:0x1bf 
0xa5ecd89cd9f83c477337ee99d24951288fa47e8a:0x1c0 
0xa5ecd89cd9f83c477337ee99d24951288fa47e8a:0x1c5 
0xa5ecd89cd9f83c477337ee99d24951288fa47e8a:0x1c6 
0xa5ecd89cd9f83c477337ee99d24951288fa47e8a:0x1c9 
0xa5ecd89cd9f83c477337ee99d24951288fa47e8a:0x1ca 
0xa5ecd89cd9f83c477337ee99d24951288fa47e8a:0x1cb 
0xa5ecd89cd9f83c477337ee99d24951288fa47e8a:0x1d0 
0xa5ecd89cd9f83c477337ee99d24951288fa47e8a:0x1d1 
0xa5ecd89cd9f83c477337ee99d24951288fa47e8a:0x1d4 
0xa5ecd89cd9f83c477337ee99d24951288fa47e8a:0x1d5 
0xa5ecd89cd9f83c477337ee99d24951288fa47e8a:0x1d6 
0xa5ecd89cd9f83c477337ee99d24951288fa47e8a:0x1db 
0xa5ecd89cd9f83c477337ee99d24951288fa47e8a:0x1dc 
0xa5ecd89cd9f83c477337ee99d24951288fa47e8a:0x1df 
0xa5ecd89cd9f83c477337ee99d24951288fa47e8a:0x1e0 
0xa5ecd89cd9f83c477337ee99d24951288fa47e8a:0x1e1 
0xa5ecd89cd9f83c477337ee99d24951288fa47e8a:0x1e6 
0xa5ecd89cd9f83c477337ee99d24951288fa47e8a:0x1e7 
0xa5ecd89cd9f83c477337ee99d24951288fa47e8a:0x1ea 
0xa5ecd89cd9f83c477337ee99d24951288fa47e8a:0x1eb 
0xa5ecd89cd9f83c477337ee99d24951288fa47e8a:0x1ec 
0xa5ecd89cd9f83c477337ee99d24951288fa47e8a:0x1f1 
0xa5ecd89cd9f83c477337ee99d24951288fa47e8a:0x1f2 
0xa5ecd89cd9f83c477337ee99d24951288fa47e8a:0x1f5 
0xa5ecd89cd9f83c477337ee99d24951288fa47e8a:0x362 
0xa5ecd89cd9f83c477337ee99d24951288fa47e8a:0x363 
0xa5ecd89cd9f83c477337ee99d24951288fa47e8a:0x366 
0xa5ecd89cd9f83c477337ee99d24951288fa47e8a:0x368 
0xa5ecd89cd9f83c477337ee99d24951288fa47e8a:0x369 
0xa5ecd89cd9f83c477337ee99d24951288fa47e8a:0x36a 
0xa5ecd89cd9f83c477337ee99d24951288fa47e8a:0x36b 
0xa5ecd89cd9f83c477337ee99d24951288fa47e8a:0x36c 
0xa5ecd89cd9f83c477337ee99d24951288fa47e8a:0x36d 
0xa5ecd89cd9f83c477337ee99d24951288fa47e8a:0x36e 
0xa5ecd89cd9f83c477337ee99d24951288fa47e8a:0x371 
0xa5ecd89cd9f83c477337ee99d24951288fa47e8a:0x372 
0xa5ecd89cd9f83c477337ee99d24951288fa47e8a:0x373 
0xa5ecd89cd9f83c477337ee99d24951288fa47e8a:0x376 
0xa5ecd89cd9f83c477337ee99d24951288fa47e8a:0x4c5e 
0xa5ecd89cd9f83c477337ee99d24951288fa47e8a:0x4c5f 
0xa5ecd89cd9f83c477337ee99d24951288fa47e8a:0x4c61 
0xa5ecd89cd9f83c477337ee99d24951288fa47e8a:0x4c62 
0xa5ecd89cd9f83c477337ee99d24951288fa47e8a:0x4c64 
0xa5ecd89cd9f83c477337ee99d24951288fa47e8a:0x4c66 
0xa5ecd89cd9f83c477337ee99d24951288fa47e8a:0x4c67 
0xa5ecd89cd9f83c477337ee99d24951288fa47e8a:0x4c68 
0xa5ecd89cd9f83c477337ee99d24951288fa47e8a:0x4c69 
0xa5ecd89cd9f83c477337ee99d24951288fa47e8a:0x4c6a 
0xa5ecd89cd9f83c477337ee99d24951288fa47e8a:0x4c6b 
0xa5ecd89cd9f83c477337ee99d24951288fa47e8a:0x4c6e 
0xa5ecd89cd9f83c477337ee99d24951288fa47e8a:0x4c77 
0xa5ecd89cd9f83c477337ee99d24951288fa47e8a:0x4c78 
0xa5ecd89cd9f83c477337ee99d24951288fa47e8a:0x4c7a 
0xa5ecd89cd9f83c477337ee99d24951288fa47e8a:0x4c7d 
0xa5ecd89cd9f83c477337ee99d24951288fa47e8a:0x4c7e 
0xa5ecd89cd9f83c477337ee99d24951288fa47e8a:0x4c7f 
0xa5ecd89cd9f83c477337ee99d24951288fa47e8a:0x4c80 
0xa5ecd89cd9f83c477337ee99d24951288fa47e8a:0x4c81 
0xa5ecd89cd9f83c477337ee99d24951288fa47e8a:0x4c84 
0xa5ecd89cd9f83c477337ee99d24951288fa47e8a:0x4a04 
0xa5ecd89cd9f83c477337ee99d24951288fa47e8a:0x4a05 
0xa5ecd89cd9f83c477337ee99d24951288fa47e8a:0x4a07 
0xa5ecd89cd9f83c477337ee99d24951288fa47e8a:0x4a08 
0xa5ecd89cd9f83c477337ee99d24951288fa47e8a:0x4a09 
0xa5ecd89cd9f83c477337ee99d24951288fa47e8a:0x4a0a 
0xa5ecd89cd9f83c477337ee99d24951288fa47e8a:0x4a0b 
0xa5ecd89cd9f83c477337ee99d24951288fa47e8a:0x4a0e 
0xa5ecd89cd9f83c477337ee99d24951288fa47e8a:0x4a0f 
0xa5ecd89cd9f83c477337ee99d24951288fa47e8a:0x4a12 
0xa5ecd89cd9f83c477337ee99d24951288fa47e8a:0x7077 
0xa5ecd89cd9f83c477337ee99d24951288fa47e8a:0x7078 
0xa5ecd89cd9f83c477337ee99d24951288fa47e8a:0x707b 
0xa5ecd89cd9f83c477337ee99d24951288fa47e8a:0x707c 
0xa5ecd89cd9f83c477337ee99d24951288fa47e8a:0x707f 
0xa5ecd89cd9f83c477337ee99d24951288fa47e8a:0x6100 
0xa5ecd89cd9f83c477337ee99d24951288fa47e8a:0x6101 
0xa5ecd89cd9f83c477337ee99d24951288fa47e8a:0x6103 
0xa5ecd89cd9f83c477337ee99d24951288fa47e8a:0x6106 
0xa5ecd89cd9f83c477337ee99d24951288fa47e8a:0x6107 
0xa5ecd89cd9f83c477337ee99d24951288fa47e8a:0x610a 
0xa5ecd89cd9f83c477337ee99d24951288fa47e8a:0x619f 
0xa5ecd89cd9f83c477337ee99d24951288fa47e8a:0x61a0 
0xa5ecd89cd9f83c477337ee99d24951288fa47e8a:0x61a2 
0xa5ecd89cd9f83c477337ee99d24951288fa47e8a:0x61b7 
0xa5ecd89cd9f83c477337ee99d24951288fa47e8a:0x61b8 
0xa5ecd89cd9f83c477337ee99d24951288fa47e8a:0x61b9 
0xa5ecd89cd9f83c477337ee99d24951288fa47e8a:0x61ba 
0xa5ecd89cd9f83c477337ee99d24951288fa47e8a:0x61bb 
0xa5ecd89cd9f83c477337ee99d24951288fa47e8a:0x61bc 
0xa5ecd89cd9f83c477337ee99d24951288fa47e8a:0x61bd 
0xa5ecd89cd9f83c477337ee99d24951288fa47e8a:0x61be 
0xa5ecd89cd9f83c477337ee99d24951288fa47e8a:0x610b 
0xa5ecd89cd9f83c477337ee99d24951288fa47e8a:0x610c 
0xa5ecd89cd9f83c477337ee99d24951288fa47e8a:0x610d 
0xa5ecd89cd9f83c477337ee99d24951288fa47e8a:0x610e 
0xa5ecd89cd9f83c477337ee99d24951288fa47e8a:0x610f 
0xa5ecd89cd9f83c477337ee99d24951288fa47e8a:0x6110 
0xa5ecd89cd9f83c477337ee99d24951288fa47e8a:0x6111 
0xa5ecd89cd9f83c477337ee99d24951288fa47e8a:0x7080 
0xa5ecd89cd9f83c477337ee99d24951288fa47e8a:0x7081 
0xa5ecd89cd9f83c477337ee99d24951288fa47e8a:0x7082 
0xa5ecd89cd9f83c477337ee99d24951288fa47e8a:0x7083 
0xa5ecd89cd9f83c477337ee99d24951288fa47e8a:0x7086 
0xa5ecd89cd9f83c477337ee99d24951288fa47e8a:0x708b 
0xa5ecd89cd9f83c477337ee99d24951288fa47e8a:0x708c 
0xa5ecd89cd9f83c477337ee99d24951288fa47e8a:0x708d 
0xa5ecd89cd9f83c477337ee99d24951288fa47e8a:0x4a13 
0xa5ecd89cd9f83c477337ee99d24951288fa47e8a:0x4a14 
0xa5ecd89cd9f83c477337ee99d24951288fa47e8a:0x4a15 
0xa5ecd89cd9f83c477337ee99d24951288fa47e8a:0x4a16 
0xa5ecd89cd9f83c477337ee99d24951288fa47e8a:0x4a17 
0xa5ecd89cd9f83c477337ee99d24951288fa47e8a:0x4a18 
0xa5ecd89cd9f83c477337ee99d24951288fa47e8a:0x4c85 
0xa5ecd89cd9f83c477337ee99d24951288fa47e8a:0x4c86 
0xa5ecd89cd9f83c477337ee99d24951288fa47e8a:0x4c87 
0xa5ecd89cd9f83c477337ee99d24951288fa47e8a:0x4c88 
0xa5ecd89cd9f83c477337ee99d24951288fa47e8a:0x4c89 
0xa5ecd89cd9f83c477337ee99d24951288fa47e8a:0x4c8b 
0xa5ecd89cd9f83c477337ee99d24951288fa47e8a:0x4c8e 
0xa5ecd89cd9f83c477337ee99d24951288fa47e8a:0x4c8f 
0xa5ecd89cd9f83c477337ee99d24951288fa47e8a:0x4c90 
0xa5ecd89cd9f83c477337ee99d24951288fa47e8a:0x4c91 
0xa5ecd89cd9f83c477337ee99d24951288fa47e8a:0x4c92 
0xa5ecd89cd9f83c477337ee99d24951288fa47e8a:0x4c95 
0xa5ecd89cd9f83c477337ee99d24951288fa47e8a:0x4a04 
0xa5ecd89cd9f83c477337ee99d24951288fa47e8a:0x4a05 
0xa5ecd89cd9f83c477337ee99d24951288fa47e8a:0x4a07 
0xa5ecd89cd9f83c477337ee99d24951288fa47e8a:0x4a08 
0xa5ecd89cd9f83c477337ee99d24951288fa47e8a:0x4a09 
0xa5ecd89cd9f83c477337ee99d24951288fa47e8a:0x4a0a 
0xa5ecd89cd9f83c477337ee99d24951288fa47e8a:0x4a0b 
0xa5ecd89cd9f83c477337ee99d24951288fa47e8a:0x4a0e 
0xa5ecd89cd9f83c477337ee99d24951288fa47e8a:0x4a0f 
0xa5ecd89cd9f83c477337ee99d24951288fa47e8a:0x4a12 
0xa5ecd89cd9f83c477337ee99d24951288fa47e8a:0x7077 
0xa5ecd89cd9f83c477337ee99d24951288fa47e8a:0x7078 
0xa5ecd89cd9f83c477337ee99d24951288fa47e8a:0x707b 
0xa5ecd89cd9f83c477337ee99d24951288fa47e8a:0x707c 
0xa5ecd89cd9f83c477337ee99d24951288fa47e8a:0x707f 
0xa5ecd89cd9f83c477337ee99d24951288fa47e8a:0x6100 
0xa5ecd89cd9f83c477337ee99d24951288fa47e8a:0x6101 
0xa5ecd89cd9f83c477337ee99d24951288fa47e8a:0x6103 
0xa5ecd89cd9f83c477337ee99d24951288fa47e8a:0x6106 
0xa5ecd89cd9f83c477337ee99d24951288fa47e8a:0x6107 
0xa5ecd89cd9f83c477337ee99d24951288fa47e8a:0x610a 
0xa5ecd89cd9f83c477337ee99d24951288fa47e8a:0x619f 
0xa5ecd89cd9f83c477337ee99d24951288fa47e8a:0x61a0 
0xa5ecd89cd9f83c477337ee99d24951288fa47e8a:0x61a2 
0xa5ecd89cd9f83c477337ee99d24951288fa47e8a:0x61b7 
0xa5ecd89cd9f83c477337ee99d24951288fa47e8a:0x61b8 
0xa5ecd89cd9f83c477337ee99d24951288fa47e8a:0x61b9 
0xa5ecd89cd9f83c477337ee99d24951288fa47e8a:0x61ba 
0xa5ecd89cd9f83c477337ee99d24951288fa47e8a:0x61bb 
0xa5ecd89cd9f83c477337ee99d24951288fa47e8a:0x61bc 
0xa5ecd89cd9f83c477337ee99d24951288fa47e8a:0x61bd 
0xa5ecd89cd9f83c477337ee99d24951288fa47e8a:0x61be 
0xa5ecd89cd9f83c477337ee99d24951288fa47e8a:0x610b 
0xa5ecd89cd9f83c477337ee99d24951288fa47e8a:0x610c 
0xa5ecd89cd9f83c477337ee99d24951288fa47e8a:0x610d 
0xa5ecd89cd9f83c477337ee99d24951288fa47e8a:0x610e 
0xa5ecd89cd9f83c477337ee99d24951288fa47e8a:0x610f 
0xa5ecd89cd9f83c477337ee99d24951288fa47e8a:0x6110 
0xa5ecd89cd9f83c477337ee99d24951288fa47e8a:0x6111 
0xa5ecd89cd9f83c477337ee99d24951288fa47e8a:0x7080 
0xa5ecd89cd9f83c477337ee99d24951288fa47e8a:0x7081 
0xa5ecd89cd9f83c477337ee99d24951288fa47e8a:0x7082 
0xa5ecd89cd9f83c477337ee99d24951288fa47e8a:0x7083 
0xa5ecd89cd9f83c477337ee99d24951288fa47e8a:0x7086 
0xa5ecd89cd9f83c477337ee99d24951288fa47e8a:0x708b 
0xa5ecd89cd9f83c477337ee99d24951288fa47e8a:0x708c 
0xa5ecd89cd9f83c477337ee99d24951288fa47e8a:0x708d 
0xa5ecd89cd9f83c477337ee99d24951288fa47e8a:0x4a13 
0xa5ecd89cd9f83c477337ee99d24951288fa47e8a:0x4a14 
0xa5ecd89cd9f83c477337ee99d24951288fa47e8a:0x4a15 
0xa5ecd89cd9f83c477337ee99d24951288fa47e8a:0x4a16 
0xa5ecd89cd9f83c477337ee99d24951288fa47e8a:0x4a17 
0xa5ecd89cd9f83c477337ee99d24951288fa47e8a:0x4a18 
0xa5ecd89cd9f83c477337ee99d24951288fa47e8a:0x4c96 
0xa5ecd89cd9f83c477337ee99d24951288fa47e8a:0x4c97 
0xa5ecd89cd9f83c477337ee99d24951288fa47e8a:0x4c98 
0xa5ecd89cd9f83c477337ee99d24951288fa47e8a:0x4c99 
0xa5ecd89cd9f83c477337ee99d24951288fa47e8a:0x4c9a 
0xa5ecd89cd9f83c477337ee99d24951288fa47e8a:0x4c9c 
0xa5ecd89cd9f83c477337ee99d24951288fa47e8a:0x4c9f 
0xa5ecd89cd9f83c477337ee99d24951288fa47e8a:0x4ca0 
0xa5ecd89cd9f83c477337ee99d24951288fa47e8a:0x4ca1 
0xa5ecd89cd9f83c477337ee99d24951288fa47e8a:0x4ca2 
0xa5ecd89cd9f83c477337ee99d24951288fa47e8a:0x4ca3 
0xa5ecd89cd9f83c477337ee99d24951288fa47e8a:0x4ca6 
0xa5ecd89cd9f83c477337ee99d24951288fa47e8a:0x4af1 
0xa5ecd89cd9f83c477337ee99d24951288fa47e8a:0x4af2 
0xa5ecd89cd9f83c477337ee99d24951288fa47e8a:0x4af4 
0xa5ecd89cd9f83c477337ee99d24951288fa47e8a:0x4af5 
0xa5ecd89cd9f83c477337ee99d24951288fa47e8a:0x4af6 
0xa5ecd89cd9f83c477337ee99d24951288fa47e8a:0x4af7 
0xa5ecd89cd9f83c477337ee99d24951288fa47e8a:0x4af8 
0xa5ecd89cd9f83c477337ee99d24951288fa47e8a:0x4afb 
0xa5ecd89cd9f83c477337ee99d24951288fa47e8a:0x4afc 
0xa5ecd89cd9f83c477337ee99d24951288fa47e8a:0x4aff 
0xa5ecd89cd9f83c477337ee99d24951288fa47e8a:0x70ea 
0xa5ecd89cd9f83c477337ee99d24951288fa47e8a:0x70eb 
0xa5ecd89cd9f83c477337ee99d24951288fa47e8a:0x70ee 
0xa5ecd89cd9f83c477337ee99d24951288fa47e8a:0x70ef 
0xa5ecd89cd9f83c477337ee99d24951288fa47e8a:0x70f2 
0xa5ecd89cd9f83c477337ee99d24951288fa47e8a:0x61bf 
0xa5ecd89cd9f83c477337ee99d24951288fa47e8a:0x61c0 
0xa5ecd89cd9f83c477337ee99d24951288fa47e8a:0x61c2 
0xa5ecd89cd9f83c477337ee99d24951288fa47e8a:0x61c3 
0xa5ecd89cd9f83c477337ee99d24951288fa47e8a:0x61c4 
0xa5ecd89cd9f83c477337ee99d24951288fa47e8a:0x61c5 
0xa5ecd89cd9f83c477337ee99d24951288fa47e8a:0x61c6 
0xa5ecd89cd9f83c477337ee99d24951288fa47e8a:0x61c7 
0xa5ecd89cd9f83c477337ee99d24951288fa47e8a:0x61c8 
0xa5ecd89cd9f83c477337ee99d24951288fa47e8a:0x70f3 
0xa5ecd89cd9f83c477337ee99d24951288fa47e8a:0x70f4 
0xa5ecd89cd9f83c477337ee99d24951288fa47e8a:0x70f5 
0xa5ecd89cd9f83c477337ee99d24951288fa47e8a:0x70f6 
0xa5ecd89cd9f83c477337ee99d24951288fa47e8a:0x70f9 
0xa5ecd89cd9f83c477337ee99d24951288fa47e8a:0x70fe 
0xa5ecd89cd9f83c477337ee99d24951288fa47e8a:0x70ff 
0xa5ecd89cd9f83c477337ee99d24951288fa47e8a:0x7100 
0xa5ecd89cd9f83c477337ee99d24951288fa47e8a:0x4b00 
0xa5ecd89cd9f83c477337ee99d24951288fa47e8a:0x4b01 
0xa5ecd89cd9f83c477337ee99d24951288fa47e8a:0x4b02 
0xa5ecd89cd9f83c477337ee99d24951288fa47e8a:0x4b03 
0xa5ecd89cd9f83c477337ee99d24951288fa47e8a:0x4b04 
0xa5ecd89cd9f83c477337ee99d24951288fa47e8a:0x4b05 
0xa5ecd89cd9f83c477337ee99d24951288fa47e8a:0x4ca7 
0xa5ecd89cd9f83c477337ee99d24951288fa47e8a:0x4ca8 
0xa5ecd89cd9f83c477337ee99d24951288fa47e8a:0x4ca9 
0xa5ecd89cd9f83c477337ee99d24951288fa47e8a:0x4caa 
0xa5ecd89cd9f83c477337ee99d24951288fa47e8a:0x4cab 
0xa5ecd89cd9f83c477337ee99d24951288fa47e8a:0x4cac 
0xa5ecd89cd9f83c477337ee99d24951288fa47e8a:0x4cad 
0xa5ecd89cd9f83c477337ee99d24951288fa47e8a:0x4cae 
0xa5ecd89cd9f83c477337ee99d24951288fa47e8a:0x4caf 
0xa5ecd89cd9f83c477337ee99d24951288fa47e8a:0x4cb0 
0xa5ecd89cd9f83c477337ee99d24951288fa47e8a:0x377 
0xa5ecd89cd9f83c477337ee99d24951288fa47e8a:0x378 
0xa5ecd89cd9f83c477337ee99d24951288fa47e8a:0x37b 
0xa5ecd89cd9f83c477337ee99d24951288fa47e8a:0xb28 
0xa5ecd89cd9f83c477337ee99d24951288fa47e8a:0xb29 
0xa5ecd89cd9f83c477337ee99d24951288fa47e8a:0xb2b 
0xa5ecd89cd9f83c477337ee99d24951288fa47e8a:0xb2e 
0xa5ecd89cd9f83c477337ee99d24951288fa47e8a:0xb2f 
0xa5ecd89cd9f83c477337ee99d24951288fa47e8a:0xb30 
0xa5ecd89cd9f83c477337ee99d24951288fa47e8a:0xb31 
0xa5ecd89cd9f83c477337ee99d24951288fa47e8a:0xb34 
0xa5ecd89cd9f83c477337ee99d24951288fa47e8a:0x275a 
0xa5ecd89cd9f83c477337ee99d24951288fa47e8a:0x275b 
0xa5ecd89cd9f83c477337ee99d24951288fa47e8a:0x275d 
0xa5ecd89cd9f83c477337ee99d24951288fa47e8a:0x2772 
0xa5ecd89cd9f83c477337ee99d24951288fa47e8a:0x2773 
0xa5ecd89cd9f83c477337ee99d24951288fa47e8a:0x2774 
0xa5ecd89cd9f83c477337ee99d24951288fa47e8a:0x2789 
0xa5ecd89cd9f83c477337ee99d24951288fa47e8a:0x278a 
0xa5ecd89cd9f83c477337ee99d24951288fa47e8a:0x278b 
0xa5ecd89cd9f83c477337ee99d24951288fa47e8a:0x278c 
0xa5ecd89cd9f83c477337ee99d24951288fa47e8a:0x278f 
0xa5ecd89cd9f83c477337ee99d24951288fa47e8a:0x27ca 
0xa5ecd89cd9f83c477337ee99d24951288fa47e8a:0x27cb 
0xa5ecd89cd9f83c477337ee99d24951288fa47e8a:0x27cd 
0xa5ecd89cd9f83c477337ee99d24951288fa47e8a:0x27e2 
0xa5ecd89cd9f83c477337ee99d24951288fa47e8a:0x27e3 
0xa5ecd89cd9f83c477337ee99d24951288fa47e8a:0x27e4 
0xa5ecd89cd9f83c477337ee99d24951288fa47e8a:0x27f9 
0xa5ecd89cd9f83c477337ee99d24951288fa47e8a:0x27fa 
0xa5ecd89cd9f83c477337ee99d24951288fa47e8a:0x27fb 
0xa5ecd89cd9f83c477337ee99d24951288fa47e8a:0x27fc 
0xa5ecd89cd9f83c477337ee99d24951288fa47e8a:0x27ff 
0xa5ecd89cd9f83c477337ee99d24951288fa47e8a:0x283a 
0xa5ecd89cd9f83c477337ee99d24951288fa47e8a:0x283b 
0xa5ecd89cd9f83c477337ee99d24951288fa47e8a:0x283e 
0xa5ecd89cd9f83c477337ee99d24951288fa47e8a:0x283f 
0xa5ecd89cd9f83c477337ee99d24951288fa47e8a:0x2840 
0xa5ecd89cd9f83c477337ee99d24951288fa47e8a:0x2841 
0xa5ecd89cd9f83c477337ee99d24951288fa47e8a:0x2844 
0xa5ecd89cd9f83c477337ee99d24951288fa47e8a:0x3501 
0xa5ecd89cd9f83c477337ee99d24951288fa47e8a:0x3502 
0xa5ecd89cd9f83c477337ee99d24951288fa47e8a:0x3505 
0xa5ecd89cd9f83c477337ee99d24951288fa47e8a:0x3506 
0xa5ecd89cd9f83c477337ee99d24951288fa47e8a:0x3507 
0xa5ecd89cd9f83c477337ee99d24951288fa47e8a:0x3508 
0xa5ecd89cd9f83c477337ee99d24951288fa47e8a:0x350b 
0xa5ecd89cd9f83c477337ee99d24951288fa47e8a:0x458e 
0xa5ecd89cd9f83c477337ee99d24951288fa47e8a:0x458f 
0xa5ecd89cd9f83c477337ee99d24951288fa47e8a:0x4592 
0xa5ecd89cd9f83c477337ee99d24951288fa47e8a:0x4593 
0xa5ecd89cd9f83c477337ee99d24951288fa47e8a:0x4594 
0xa5ecd89cd9f83c477337ee99d24951288fa47e8a:0x4595 
0xa5ecd89cd9f83c477337ee99d24951288fa47e8a:0x4598 
0xa5ecd89cd9f83c477337ee99d24951288fa47e8a:0x4897 
0xa5ecd89cd9f83c477337ee99d24951288fa47e8a:0x4898 
0xa5ecd89cd9f83c477337ee99d24951288fa47e8a:0x4899 
0xa5ecd89cd9f83c477337ee99d24951288fa47e8a:0x489a 
0xa5ecd89cd9f83c477337ee99d24951288fa47e8a:0x489b 
0xa5ecd89cd9f83c477337ee99d24951288fa47e8a:0x4599 
0xa5ecd89cd9f83c477337ee99d24951288fa47e8a:0x459a 
0xa5ecd89cd9f83c477337ee99d24951288fa47e8a:0x459b 
0xa5ecd89cd9f83c477337ee99d24951288fa47e8a:0x459c 
0xa5ecd89cd9f83c477337ee99d24951288fa47e8a:0x459d 
0xa5ecd89cd9f83c477337ee99d24951288fa47e8a:0x350c 
0xa5ecd89cd9f83c477337ee99d24951288fa47e8a:0x350d 
0xa5ecd89cd9f83c477337ee99d24951288fa47e8a:0x3510 
0xa5ecd89cd9f83c477337ee99d24951288fa47e8a:0x3511 
0xa5ecd89cd9f83c477337ee99d24951288fa47e8a:0x3512 
0xa5ecd89cd9f83c477337ee99d24951288fa47e8a:0x3513 
0xa5ecd89cd9f83c477337ee99d24951288fa47e8a:0x3516 
0xa5ecd89cd9f83c477337ee99d24951288fa47e8a:0x459e 
0xa5ecd89cd9f83c477337ee99d24951288fa47e8a:0x459f 
0xa5ecd89cd9f83c477337ee99d24951288fa47e8a:0x45a1 
0xa5ecd89cd9f83c477337ee99d24951288fa47e8a:0x45b6 
0xa5ecd89cd9f83c477337ee99d24951288fa47e8a:0x45b7 
0xa5ecd89cd9f83c477337ee99d24951288fa47e8a:0x45b8 
0xa5ecd89cd9f83c477337ee99d24951288fa47e8a:0x45cd 
0xa5ecd89cd9f83c477337ee99d24951288fa47e8a:0x45ce 
0xa5ecd89cd9f83c477337ee99d24951288fa47e8a:0x45cf 
0xa5ecd89cd9f83c477337ee99d24951288fa47e8a:0x45d2 
0xa5ecd89cd9f83c477337ee99d24951288fa47e8a:0x45d3 
0xa5ecd89cd9f83c477337ee99d24951288fa47e8a:0x45d4 
0xa5ecd89cd9f83c477337ee99d24951288fa47e8a:0x45d7 
0xa5ecd89cd9f83c477337ee99d24951288fa47e8a:0x45d8 
0xa5ecd89cd9f83c477337ee99d24951288fa47e8a:0x45db 
0xa5ecd89cd9f83c477337ee99d24951288fa47e8a:0x22c5 
0xa5ecd89cd9f83c477337ee99d24951288fa47e8a:0x22c6 
0xa5ecd89cd9f83c477337ee99d24951288fa47e8a:0x22c8 
0xa5ecd89cd9f83c477337ee99d24951288fa47e8a:0x22ca 
0xa5ecd89cd9f83c477337ee99d24951288fa47e8a:0x22cc 
0xa5ecd89cd9f83c477337ee99d24951288fa47e8a:0x22cd 
0xa5ecd89cd9f83c477337ee99d24951288fa47e8a:0x22e2 
0xa5ecd89cd9f83c477337ee99d24951288fa47e8a:0x22e3 
0xa5ecd89cd9f83c477337ee99d24951288fa47e8a:0x22f8 
0xa5ecd89cd9f83c477337ee99d24951288fa47e8a:0x22f9 
0xa5ecd89cd9f83c477337ee99d24951288fa47e8a:0x22fa 
0xa5ecd89cd9f83c477337ee99d24951288fa47e8a:0x22fb 
0xa5ecd89cd9f83c477337ee99d24951288fa47e8a:0x22fd 
0xa5ecd89cd9f83c477337ee99d24951288fa47e8a:0x22fe 
0xa5ecd89cd9f83c477337ee99d24951288fa47e8a:0x22ff 
0xa5ecd89cd9f83c477337ee99d24951288fa47e8a:0x2300 
0xa5ecd89cd9f83c477337ee99d24951288fa47e8a:0x2301 
0xa5ecd89cd9f83c477337ee99d24951288fa47e8a:0x2303 
0xa5ecd89cd9f83c477337ee99d24951288fa47e8a:0x2304 
0xa5ecd89cd9f83c477337ee99d24951288fa47e8a:0x2306 
0xa5ecd89cd9f83c477337ee99d24951288fa47e8a:0x2307 
0xa5ecd89cd9f83c477337ee99d24951288fa47e8a:0x2308 
0xa5ecd89cd9f83c477337ee99d24951288fa47e8a:0x230b 
0xa5ecd89cd9f83c477337ee99d24951288fa47e8a:0x230c 
0xa5ecd89cd9f83c477337ee99d24951288fa47e8a:0x230f 
0xa5ecd89cd9f83c477337ee99d24951288fa47e8a:0x119b 
0xa5ecd89cd9f83c477337ee99d24951288fa47e8a:0x119c 
0xa5ecd89cd9f83c477337ee99d24951288fa47e8a:0x119e 
0xa5ecd89cd9f83c477337ee99d24951288fa47e8a:0x11a0 
0xa5ecd89cd9f83c477337ee99d24951288fa47e8a:0x11a2 
0xa5ecd89cd9f83c477337ee99d24951288fa47e8a:0x11a3 
0xa5ecd89cd9f83c477337ee99d24951288fa47e8a:0x11b8 
0xa5ecd89cd9f83c477337ee99d24951288fa47e8a:0x11b9 
0xa5ecd89cd9f83c477337ee99d24951288fa47e8a:0x11ce 
0xa5ecd89cd9f83c477337ee99d24951288fa47e8a:0x11cf 
0xa5ecd89cd9f83c477337ee99d24951288fa47e8a:0x11d0 
0xa5ecd89cd9f83c477337ee99d24951288fa47e8a:0x11d1 
0xa5ecd89cd9f83c477337ee99d24951288fa47e8a:0x11d3 
0xa5ecd89cd9f83c477337ee99d24951288fa47e8a:0x11d4 
0xa5ecd89cd9f83c477337ee99d24951288fa47e8a:0x11d5 
0xa5ecd89cd9f83c477337ee99d24951288fa47e8a:0x11d6 
0xa5ecd89cd9f83c477337ee99d24951288fa47e8a:0x11d7 
0xa5ecd89cd9f83c477337ee99d24951288fa47e8a:0x11d9 
0xa5ecd89cd9f83c477337ee99d24951288fa47e8a:0x11da 
0xa5ecd89cd9f83c477337ee99d24951288fa47e8a:0x11dc 
0xa5ecd89cd9f83c477337ee99d24951288fa47e8a:0x11dd 
0xa5ecd89cd9f83c477337ee99d24951288fa47e8a:0x11de 
0xa5ecd89cd9f83c477337ee99d24951288fa47e8a:0x11df 
0xa5ecd89cd9f83c477337ee99d24951288fa47e8a:0x11e0 
0xa5ecd89cd9f83c477337ee99d24951288fa47e8a:0x11e1 
0xa5ecd89cd9f83c477337ee99d24951288fa47e8a:0x11e2 
0xa5ecd89cd9f83c477337ee99d24951288fa47e8a:0x11e3 
0xa5ecd89cd9f83c477337ee99d24951288fa47e8a:0x2310 
0xa5ecd89cd9f83c477337ee99d24951288fa47e8a:0x2311 
0xa5ecd89cd9f83c477337ee99d24951288fa47e8a:0x2314 
0xa5ecd89cd9f83c477337ee99d24951288fa47e8a:0x2315 
0xa5ecd89cd9f83c477337ee99d24951288fa47e8a:0x2316 
0xa5ecd89cd9f83c477337ee99d24951288fa47e8a:0x2319 
0xa5ecd89cd9f83c477337ee99d24951288fa47e8a:0x60cc 
0xa5ecd89cd9f83c477337ee99d24951288fa47e8a:0x60cd 
0xa5ecd89cd9f83c477337ee99d24951288fa47e8a:0x60cf 
0xa5ecd89cd9f83c477337ee99d24951288fa47e8a:0x60d2 
0xa5ecd89cd9f83c477337ee99d24951288fa47e8a:0x60d3 
0xa5ecd89cd9f83c477337ee99d24951288fa47e8a:0x60d6 
0xa5ecd89cd9f83c477337ee99d24951288fa47e8a:0x61bf 
0xa5ecd89cd9f83c477337ee99d24951288fa47e8a:0x61c0 
0xa5ecd89cd9f83c477337ee99d24951288fa47e8a:0x61c2 
0xa5ecd89cd9f83c477337ee99d24951288fa47e8a:0x61c3 
0xa5ecd89cd9f83c477337ee99d24951288fa47e8a:0x61c4 
0xa5ecd89cd9f83c477337ee99d24951288fa47e8a:0x61c5 
0xa5ecd89cd9f83c477337ee99d24951288fa47e8a:0x61c6 
0xa5ecd89cd9f83c477337ee99d24951288fa47e8a:0x61c7 
0xa5ecd89cd9f83c477337ee99d24951288fa47e8a:0x61c8 
0xa5ecd89cd9f83c477337ee99d24951288fa47e8a:0x60d7 
0xa5ecd89cd9f83c477337ee99d24951288fa47e8a:0x60d8 
0xa5ecd89cd9f83c477337ee99d24951288fa47e8a:0x60d9 
0xa5ecd89cd9f83c477337ee99d24951288fa47e8a:0x60da 
0xa5ecd89cd9f83c477337ee99d24951288fa47e8a:0x60dd 
0xa5ecd89cd9f83c477337ee99d24951288fa47e8a:0x60de 
0xa5ecd89cd9f83c477337ee99d24951288fa47e8a:0x60e1 
0xa5ecd89cd9f83c477337ee99d24951288fa47e8a:0x61bf 
0xa5ecd89cd9f83c477337ee99d24951288fa47e8a:0x61c0 
0xa5ecd89cd9f83c477337ee99d24951288fa47e8a:0x61c2 
0xa5ecd89cd9f83c477337ee99d24951288fa47e8a:0x61c3 
0xa5ecd89cd9f83c477337ee99d24951288fa47e8a:0x61c4 
0xa5ecd89cd9f83c477337ee99d24951288fa47e8a:0x61c5 
0xa5ecd89cd9f83c477337ee99d24951288fa47e8a:0x61c6 
0xa5ecd89cd9f83c477337ee99d24951288fa47e8a:0x61c7 
0xa5ecd89cd9f83c477337ee99d24951288fa47e8a:0x61c8 
0xa5ecd89cd9f83c477337ee99d24951288fa47e8a:0x60e2 
0xa5ecd89cd9f83c477337ee99d24951288fa47e8a:0x60e3 
0xa5ecd89cd9f83c477337ee99d24951288fa47e8a:0x60e4 
0xa5ecd89cd9f83c477337ee99d24951288fa47e8a:0x60e5 
0xa5ecd89cd9f83c477337ee99d24951288fa47e8a:0x60e6 
0xa5ecd89cd9f83c477337ee99d24951288fa47e8a:0x60e7 
0xa5ecd89cd9f83c477337ee99d24951288fa47e8a:0x60e8 
0xa5ecd89cd9f83c477337ee99d24951288fa47e8a:0x60e9 
0xa5ecd89cd9f83c477337ee99d24951288fa47e8a:0x60ec 
0xa5ecd89cd9f83c477337ee99d24951288fa47e8a:0x60f5 
0xa5ecd89cd9f83c477337ee99d24951288fa47e8a:0x60f6 
0xa5ecd89cd9f83c477337ee99d24951288fa47e8a:0x60f7 
0xa5ecd89cd9f83c477337ee99d24951288fa47e8a:0x60f8 
0xa5ecd89cd9f83c477337ee99d24951288fa47e8a:0x60f9 
0xa5ecd89cd9f83c477337ee99d24951288fa47e8a:0x60fa 
0xa5ecd89cd9f83c477337ee99d24951288fa47e8a:0x60fb 
0xa5ecd89cd9f83c477337ee99d24951288fa47e8a:0x60fc 
0xa5ecd89cd9f83c477337ee99d24951288fa47e8a:0x60fd 
0xa5ecd89cd9f83c477337ee99d24951288fa47e8a:0x60fe 
0xa5ecd89cd9f83c477337ee99d24951288fa47e8a:0x60ff 
0xa5ecd89cd9f83c477337ee99d24951288fa47e8a:0x231a 
0xa5ecd89cd9f83c477337ee99d24951288fa47e8a:0x231b 
0xa5ecd89cd9f83c477337ee99d24951288fa47e8a:0x231c 
0xa5ecd89cd9f83c477337ee99d24951288fa47e8a:0x231d 
0xa5ecd89cd9f83c477337ee99d24951288fa47e8a:0x231e 
0xa5ecd89cd9f83c477337ee99d24951288fa47e8a:0x231f 
0xa5ecd89cd9f83c477337ee99d24951288fa47e8a:0x2320 
0xa5ecd89cd9f83c477337ee99d24951288fa47e8a:0x45dc 
0xa5ecd89cd9f83c477337ee99d24951288fa47e8a:0x45dd 
0xa5ecd89cd9f83c477337ee99d24951288fa47e8a:0x45de 
0xa5ecd89cd9f83c477337ee99d24951288fa47e8a:0x45df 
0xa5ecd89cd9f83c477337ee99d24951288fa47e8a:0x45e2 
0xa5ecd89cd9f83c477337ee99d24951288fa47e8a:0x461d 
0xa5ecd89cd9f83c477337ee99d24951288fa47e8a:0x461e 
0xa5ecd89cd9f83c477337ee99d24951288fa47e8a:0x461f 
0xa5ecd89cd9f83c477337ee99d24951288fa47e8a:0x4622 
0xa5ecd89cd9f83c477337ee99d24951288fa47e8a:0x4623 
0xa5ecd89cd9f83c477337ee99d24951288fa47e8a:0x4624 
0xa5ecd89cd9f83c477337ee99d24951288fa47e8a:0x4625 
0xa5ecd89cd9f83c477337ee99d24951288fa47e8a:0x4628 
0xa5ecd89cd9f83c477337ee99d24951288fa47e8a:0x4897 
0xa5ecd89cd9f83c477337ee99d24951288fa47e8a:0x4898 
0xa5ecd89cd9f83c477337ee99d24951288fa47e8a:0x4899 
0xa5ecd89cd9f83c477337ee99d24951288fa47e8a:0x489a 
0xa5ecd89cd9f83c477337ee99d24951288fa47e8a:0x489b 
0xa5ecd89cd9f83c477337ee99d24951288fa47e8a:0x4629 
0xa5ecd89cd9f83c477337ee99d24951288fa47e8a:0x462a 
0xa5ecd89cd9f83c477337ee99d24951288fa47e8a:0x462b 
0xa5ecd89cd9f83c477337ee99d24951288fa47e8a:0x462c 
0xa5ecd89cd9f83c477337ee99d24951288fa47e8a:0x462d 
0xa5ecd89cd9f83c477337ee99d24951288fa47e8a:0x3517 
0xa5ecd89cd9f83c477337ee99d24951288fa47e8a:0x3518 
0xa5ecd89cd9f83c477337ee99d24951288fa47e8a:0x3519 
0xa5ecd89cd9f83c477337ee99d24951288fa47e8a:0x351a 
0xa5ecd89cd9f83c477337ee99d24951288fa47e8a:0x351b 
0xa5ecd89cd9f83c477337ee99d24951288fa47e8a:0x2845 
0xa5ecd89cd9f83c477337ee99d24951288fa47e8a:0x2846 
0xa5ecd89cd9f83c477337ee99d24951288fa47e8a:0x2848 
0xa5ecd89cd9f83c477337ee99d24951288fa47e8a:0x284a 
0xa5ecd89cd9f83c477337ee99d24951288fa47e8a:0x284c 
0xa5ecd89cd9f83c477337ee99d24951288fa47e8a:0x284d 
0xa5ecd89cd9f83c477337ee99d24951288fa47e8a:0x2862 
0xa5ecd89cd9f83c477337ee99d24951288fa47e8a:0x2863 
0xa5ecd89cd9f83c477337ee99d24951288fa47e8a:0x2878 
0xa5ecd89cd9f83c477337ee99d24951288fa47e8a:0x2879 
0xa5ecd89cd9f83c477337ee99d24951288fa47e8a:0x287a 
0xa5ecd89cd9f83c477337ee99d24951288fa47e8a:0x287b 
0xa5ecd89cd9f83c477337ee99d24951288fa47e8a:0x287d 
0xa5ecd89cd9f83c477337ee99d24951288fa47e8a:0x287e 
0xa5ecd89cd9f83c477337ee99d24951288fa47e8a:0x287f 
0xa5ecd89cd9f83c477337ee99d24951288fa47e8a:0x2880 
0xa5ecd89cd9f83c477337ee99d24951288fa47e8a:0x2881 
0xa5ecd89cd9f83c477337ee99d24951288fa47e8a:0x2883 
0xa5ecd89cd9f83c477337ee99d24951288fa47e8a:0x2884 
0xa5ecd89cd9f83c477337ee99d24951288fa47e8a:0x2886 
0xa5ecd89cd9f83c477337ee99d24951288fa47e8a:0x2887 
0xa5ecd89cd9f83c477337ee99d24951288fa47e8a:0x2888 
0xa5ecd89cd9f83c477337ee99d24951288fa47e8a:0x2889 
0xa5ecd89cd9f83c477337ee99d24951288fa47e8a:0x288a 
0xa5ecd89cd9f83c477337ee99d24951288fa47e8a:0x288b 
0xa5ecd89cd9f83c477337ee99d24951288fa47e8a:0x288c 
0xa5ecd89cd9f83c477337ee99d24951288fa47e8a:0x288d 
0xa5ecd89cd9f83c477337ee99d24951288fa47e8a:0x288e 
0xa5ecd89cd9f83c477337ee99d24951288fa47e8a:0x2891 
0xa5ecd89cd9f83c477337ee99d24951288fa47e8a:0x28cc 
0xa5ecd89cd9f83c477337ee99d24951288fa47e8a:0x28cd 
0xa5ecd89cd9f83c477337ee99d24951288fa47e8a:0x28ce 
0xa5ecd89cd9f83c477337ee99d24951288fa47e8a:0x28cf 
0xa5ecd89cd9f83c477337ee99d24951288fa47e8a:0x28d0 
0xa5ecd89cd9f83c477337ee99d24951288fa47e8a:0x28d2 
0xa5ecd89cd9f83c477337ee99d24951288fa47e8a:0x28d4 
0xa5ecd89cd9f83c477337ee99d24951288fa47e8a:0x28d5 
0xa5ecd89cd9f83c477337ee99d24951288fa47e8a:0x28ea 
0xa5ecd89cd9f83c477337ee99d24951288fa47e8a:0x28eb 
0xa5ecd89cd9f83c477337ee99d24951288fa47e8a:0x2900 
0xa5ecd89cd9f83c477337ee99d24951288fa47e8a:0x2901 
0xa5ecd89cd9f83c477337ee99d24951288fa47e8a:0x2902 
0xa5ecd89cd9f83c477337ee99d24951288fa47e8a:0x2903 
0xa5ecd89cd9f83c477337ee99d24951288fa47e8a:0x2905 
0xa5ecd89cd9f83c477337ee99d24951288fa47e8a:0x2906 
0xa5ecd89cd9f83c477337ee99d24951288fa47e8a:0x2907 
0xa5ecd89cd9f83c477337ee99d24951288fa47e8a:0x2908 
0xa5ecd89cd9f83c477337ee99d24951288fa47e8a:0x2909 
0xa5ecd89cd9f83c477337ee99d24951288fa47e8a:0x290b 
0xa5ecd89cd9f83c477337ee99d24951288fa47e8a:0x290c 
0xa5ecd89cd9f83c477337ee99d24951288fa47e8a:0x290e 
0xa5ecd89cd9f83c477337ee99d24951288fa47e8a:0x290f 
0xa5ecd89cd9f83c477337ee99d24951288fa47e8a:0x2910 
0xa5ecd89cd9f83c477337ee99d24951288fa47e8a:0x2911 
0xa5ecd89cd9f83c477337ee99d24951288fa47e8a:0x2912 
0xa5ecd89cd9f83c477337ee99d24951288fa47e8a:0x2913 
0xa5ecd89cd9f83c477337ee99d24951288fa47e8a:0x2914 
0xa5ecd89cd9f83c477337ee99d24951288fa47e8a:0x2916 
0xa5ecd89cd9f83c477337ee99d24951288fa47e8a:0x2918 
0xa5ecd89cd9f83c477337ee99d24951288fa47e8a:0x2919 
0xa5ecd89cd9f83c477337ee99d24951288fa47e8a:0x292e 
0xa5ecd89cd9f83c477337ee99d24951288fa47e8a:0x292f 
0xa5ecd89cd9f83c477337ee99d24951288fa47e8a:0x2944 
0xa5ecd89cd9f83c477337ee99d24951288fa47e8a:0x2945 
0xa5ecd89cd9f83c477337ee99d24951288fa47e8a:0x2946 
0xa5ecd89cd9f83c477337ee99d24951288fa47e8a:0x2947 
0xa5ecd89cd9f83c477337ee99d24951288fa47e8a:0x2949 
0xa5ecd89cd9f83c477337ee99d24951288fa47e8a:0x294a 
0xa5ecd89cd9f83c477337ee99d24951288fa47e8a:0x294b 
0xa5ecd89cd9f83c477337ee99d24951288fa47e8a:0x294c 
0xa5ecd89cd9f83c477337ee99d24951288fa47e8a:0x294d 
0xa5ecd89cd9f83c477337ee99d24951288fa47e8a:0x294f 
0xa5ecd89cd9f83c477337ee99d24951288fa47e8a:0x2950 
0xa5ecd89cd9f83c477337ee99d24951288fa47e8a:0x2952 
0xa5ecd89cd9f83c477337ee99d24951288fa47e8a:0x2953 
0xa5ecd89cd9f83c477337ee99d24951288fa47e8a:0x2955 
0xa5ecd89cd9f83c477337ee99d24951288fa47e8a:0x2956 
0xa5ecd89cd9f83c477337ee99d24951288fa47e8a:0x2957 
0xa5ecd89cd9f83c477337ee99d24951288fa47e8a:0x2958 
0xa5ecd89cd9f83c477337ee99d24951288fa47e8a:0x295b 
0xa5ecd89cd9f83c477337ee99d24951288fa47e8a:0x295c 
0xa5ecd89cd9f83c477337ee99d24951288fa47e8a:0x295d 
0xa5ecd89cd9f83c477337ee99d24951288fa47e8a:0x2960 
0xa5ecd89cd9f83c477337ee99d24951288fa47e8a:0x5feb 
0xa5ecd89cd9f83c477337ee99d24951288fa47e8a:0x5fec 
0xa5ecd89cd9f83c477337ee99d24951288fa47e8a:0x5fee 
0xa5ecd89cd9f83c477337ee99d24951288fa47e8a:0x5ff1 
0xa5ecd89cd9f83c477337ee99d24951288fa47e8a:0x5ff2 
0xa5ecd89cd9f83c477337ee99d24951288fa47e8a:0x5ff5 
0xa5ecd89cd9f83c477337ee99d24951288fa47e8a:0x61bf 
0xa5ecd89cd9f83c477337ee99d24951288fa47e8a:0x61c0 
0xa5ecd89cd9f83c477337ee99d24951288fa47e8a:0x61c2 
0xa5ecd89cd9f83c477337ee99d24951288fa47e8a:0x61c3 
0xa5ecd89cd9f83c477337ee99d24951288fa47e8a:0x61c4 
0xa5ecd89cd9f83c477337ee99d24951288fa47e8a:0x61c5 
0xa5ecd89cd9f83c477337ee99d24951288fa47e8a:0x61c6 
0xa5ecd89cd9f83c477337ee99d24951288fa47e8a:0x61c7 
0xa5ecd89cd9f83c477337ee99d24951288fa47e8a:0x61c8 
0xa5ecd89cd9f83c477337ee99d24951288fa47e8a:0x5ff6 
0xa5ecd89cd9f83c477337ee99d24951288fa47e8a:0x5ff7 
0xa5ecd89cd9f83c477337ee99d24951288fa47e8a:0x5ff8 
0xa5ecd89cd9f83c477337ee99d24951288fa47e8a:0x5ff9 
0xa5ecd89cd9f83c477337ee99d24951288fa47e8a:0x5ffc 
0xa5ecd89cd9f83c477337ee99d24951288fa47e8a:0x5ffd 
0xa5ecd89cd9f83c477337ee99d24951288fa47e8a:0x6000 
0xa5ecd89cd9f83c477337ee99d24951288fa47e8a:0x61bf 
0xa5ecd89cd9f83c477337ee99d24951288fa47e8a:0x61c0 
0xa5ecd89cd9f83c477337ee99d24951288fa47e8a:0x61c2 
0xa5ecd89cd9f83c477337ee99d24951288fa47e8a:0x61c3 
0xa5ecd89cd9f83c477337ee99d24951288fa47e8a:0x61c4 
0xa5ecd89cd9f83c477337ee99d24951288fa47e8a:0x61c5 
0xa5ecd89cd9f83c477337ee99d24951288fa47e8a:0x61c6 
0xa5ecd89cd9f83c477337ee99d24951288fa47e8a:0x61c7 
0xa5ecd89cd9f83c477337ee99d24951288fa47e8a:0x61c8 
0xa5ecd89cd9f83c477337ee99d24951288fa47e8a:0x6001 
0xa5ecd89cd9f83c477337ee99d24951288fa47e8a:0x6002 
0xa5ecd89cd9f83c477337ee99d24951288fa47e8a:0x6003 
0xa5ecd89cd9f83c477337ee99d24951288fa47e8a:0x6004 
0xa5ecd89cd9f83c477337ee99d24951288fa47e8a:0x6005 
0xa5ecd89cd9f83c477337ee99d24951288fa47e8a:0x6026 
0xa5ecd89cd9f83c477337ee99d24951288fa47e8a:0x6027 
0xa5ecd89cd9f83c477337ee99d24951288fa47e8a:0x6028 
0xa5ecd89cd9f83c477337ee99d24951288fa47e8a:0x6029 
0xa5ecd89cd9f83c477337ee99d24951288fa47e8a:0x602a 
0xa5ecd89cd9f83c477337ee99d24951288fa47e8a:0x602d 
0xa5ecd89cd9f83c477337ee99d24951288fa47e8a:0x6036 
0xa5ecd89cd9f83c477337ee99d24951288fa47e8a:0x6037 
0xa5ecd89cd9f83c477337ee99d24951288fa47e8a:0x6038 
0xa5ecd89cd9f83c477337ee99d24951288fa47e8a:0x6039 
0xa5ecd89cd9f83c477337ee99d24951288fa47e8a:0x603a 
0xa5ecd89cd9f83c477337ee99d24951288fa47e8a:0x603b 
0xa5ecd89cd9f83c477337ee99d24951288fa47e8a:0x603c 
0xa5ecd89cd9f83c477337ee99d24951288fa47e8a:0x603d 
0xa5ecd89cd9f83c477337ee99d24951288fa47e8a:0x603e 
0xa5ecd89cd9f83c477337ee99d24951288fa47e8a:0x603f 
0xa5ecd89cd9f83c477337ee99d24951288fa47e8a:0x6040 
0xa5ecd89cd9f83c477337ee99d24951288fa47e8a:0x2961 
0xa5ecd89cd9f83c477337ee99d24951288fa47e8a:0x2962 
0xa5ecd89cd9f83c477337ee99d24951288fa47e8a:0x2963 
0xa5ecd89cd9f83c477337ee99d24951288fa47e8a:0x2964 
0xa5ecd89cd9f83c477337ee99d24951288fa47e8a:0x2965 
0xa5ecd89cd9f83c477337ee99d24951288fa47e8a:0x2966 
0xa5ecd89cd9f83c477337ee99d24951288fa47e8a:0x2967 
0xa5ecd89cd9f83c477337ee99d24951288fa47e8a:0x2968 
0xa5ecd89cd9f83c477337ee99d24951288fa47e8a:0x2969 
0xa5ecd89cd9f83c477337ee99d24951288fa47e8a:0x296a 
0xa5ecd89cd9f83c477337ee99d24951288fa47e8a:0x297f 
0xa5ecd89cd9f83c477337ee99d24951288fa47e8a:0x2980 
0xa5ecd89cd9f83c477337ee99d24951288fa47e8a:0x2981 
0xa5ecd89cd9f83c477337ee99d24951288fa47e8a:0x2996 
0xa5ecd89cd9f83c477337ee99d24951288fa47e8a:0x2997 
0xa5ecd89cd9f83c477337ee99d24951288fa47e8a:0x29b8 
0xa5ecd89cd9f83c477337ee99d24951288fa47e8a:0x29b9 
0xa5ecd89cd9f83c477337ee99d24951288fa47e8a:0x29bb 
0xa5ecd89cd9f83c477337ee99d24951288fa47e8a:0x29bc 
0xa5ecd89cd9f83c477337ee99d24951288fa47e8a:0x29bf 
0xa5ecd89cd9f83c477337ee99d24951288fa47e8a:0x29c0 
0xa5ecd89cd9f83c477337ee99d24951288fa47e8a:0x29c1 
0xa5ecd89cd9f83c477337ee99d24951288fa47e8a:0x29c4 
0xa5ecd89cd9f83c477337ee99d24951288fa47e8a:0x5ed7 
0xa5ecd89cd9f83c477337ee99d24951288fa47e8a:0x5ed8 
0xa5ecd89cd9f83c477337ee99d24951288fa47e8a:0x5eda 
0xa5ecd89cd9f83c477337ee99d24951288fa47e8a:0x5edc 
0xa5ecd89cd9f83c477337ee99d24951288fa47e8a:0x5edd 
0xa5ecd89cd9f83c477337ee99d24951288fa47e8a:0x5ede 
0xa5ecd89cd9f83c477337ee99d24951288fa47e8a:0x5edf 
0xa5ecd89cd9f83c477337ee99d24951288fa47e8a:0x5ee0 
0xa5ecd89cd9f83c477337ee99d24951288fa47e8a:0x5ee3 
0xa5ecd89cd9f83c477337ee99d24951288fa47e8a:0x5ee5 
0xa5ecd89cd9f83c477337ee99d24951288fa47e8a:0x5ee6 
0xa5ecd89cd9f83c477337ee99d24951288fa47e8a:0x5ee7 
0xa5ecd89cd9f83c477337ee99d24951288fa47e8a:0x5ee8 
0xa5ecd89cd9f83c477337ee99d24951288fa47e8a:0x5eeb 
0xa5ecd89cd9f83c477337ee99d24951288fa47e8a:0x5702 
0xa5ecd89cd9f83c477337ee99d24951288fa47e8a:0x5703 
0xa5ecd89cd9f83c477337ee99d24951288fa47e8a:0x5706 
0xa5ecd89cd9f83c477337ee99d24951288fa47e8a:0x5707 
0xa5ecd89cd9f83c477337ee99d24951288fa47e8a:0x570a 
0xa5ecd89cd9f83c477337ee99d24951288fa47e8a:0x61bf 
0xa5ecd89cd9f83c477337ee99d24951288fa47e8a:0x61c0 
0xa5ecd89cd9f83c477337ee99d24951288fa47e8a:0x61c2 
0xa5ecd89cd9f83c477337ee99d24951288fa47e8a:0x61c3 
0xa5ecd89cd9f83c477337ee99d24951288fa47e8a:0x61c4 
0xa5ecd89cd9f83c477337ee99d24951288fa47e8a:0x61c5 
0xa5ecd89cd9f83c477337ee99d24951288fa47e8a:0x61c6 
0xa5ecd89cd9f83c477337ee99d24951288fa47e8a:0x61c7 
0xa5ecd89cd9f83c477337ee99d24951288fa47e8a:0x61c8 
0xa5ecd89cd9f83c477337ee99d24951288fa47e8a:0x570b 
0xa5ecd89cd9f83c477337ee99d24951288fa47e8a:0x570c 
0xa5ecd89cd9f83c477337ee99d24951288fa47e8a:0x570d 
0xa5ecd89cd9f83c477337ee99d24951288fa47e8a:0x570e 
0xa5ecd89cd9f83c477337ee99d24951288fa47e8a:0x570f 
0xa5ecd89cd9f83c477337ee99d24951288fa47e8a:0x5710 
0xa5ecd89cd9f83c477337ee99d24951288fa47e8a:0x5eec 
0xa5ecd89cd9f83c477337ee99d24951288fa47e8a:0x5eed 
0xa5ecd89cd9f83c477337ee99d24951288fa47e8a:0x5eee 
0xa5ecd89cd9f83c477337ee99d24951288fa47e8a:0x5eef 
0xa5ecd89cd9f83c477337ee99d24951288fa47e8a:0x5ef0 
0xa5ecd89cd9f83c477337ee99d24951288fa47e8a:0x5ef1 
0xa5ecd89cd9f83c477337ee99d24951288fa47e8a:0x29c5 
0xa5ecd89cd9f83c477337ee99d24951288fa47e8a:0x29c6 
0xa5ecd89cd9f83c477337ee99d24951288fa47e8a:0x29c8 
0xa5ecd89cd9f83c477337ee99d24951288fa47e8a:0x29c9 
0xa5ecd89cd9f83c477337ee99d24951288fa47e8a:0x29ca 
0xa5ecd89cd9f83c477337ee99d24951288fa47e8a:0x29cb 
0xa5ecd89cd9f83c477337ee99d24951288fa47e8a:0x29cc 
0xa5ecd89cd9f83c477337ee99d24951288fa47e8a:0x29cd 
0xa5ecd89cd9f83c477337ee99d24951288fa47e8a:0x29ce 
0xa5ecd89cd9f83c477337ee99d24951288fa47e8a:0x29d1 
0xa5ecd89cd9f83c477337ee99d24951288fa47e8a:0x29d2 
0xa5ecd89cd9f83c477337ee99d24951288fa47e8a:0x29d3 
0xa5ecd89cd9f83c477337ee99d24951288fa47e8a:0x29d4 
0xa5ecd89cd9f83c477337ee99d24951288fa47e8a:0x29d7 
0xa5ecd89cd9f83c477337ee99d24951288fa47e8a:0x351c 
0xa5ecd89cd9f83c477337ee99d24951288fa47e8a:0x351d 
0xa5ecd89cd9f83c477337ee99d24951288fa47e8a:0x351e 
0xa5ecd89cd9f83c477337ee99d24951288fa47e8a:0x351f 
0xa5ecd89cd9f83c477337ee99d24951288fa47e8a:0x3520 
0xa5ecd89cd9f83c477337ee99d24951288fa47e8a:0x29d8 
0xa5ecd89cd9f83c477337ee99d24951288fa47e8a:0x29d9 
0xa5ecd89cd9f83c477337ee99d24951288fa47e8a:0x29da 
0xa5ecd89cd9f83c477337ee99d24951288fa47e8a:0x29db 
0xa5ecd89cd9f83c477337ee99d24951288fa47e8a:0x29dc 
0xa5ecd89cd9f83c477337ee99d24951288fa47e8a:0x29dd 
0xa5ecd89cd9f83c477337ee99d24951288fa47e8a:0xb35 
0xa5ecd89cd9f83c477337ee99d24951288fa47e8a:0xb36 
0xa5ecd89cd9f83c477337ee99d24951288fa47e8a:0xb38 
0xa5ecd89cd9f83c477337ee99d24951288fa47e8a:0xb3a 
0xa5ecd89cd9f83c477337ee99d24951288fa47e8a:0xb3c 
0xa5ecd89cd9f83c477337ee99d24951288fa47e8a:0xb3d 
0xa5ecd89cd9f83c477337ee99d24951288fa47e8a:0xb52 
0xa5ecd89cd9f83c477337ee99d24951288fa47e8a:0xb53 
0xa5ecd89cd9f83c477337ee99d24951288fa47e8a:0xb68 
0xa5ecd89cd9f83c477337ee99d24951288fa47e8a:0xb69 
0xa5ecd89cd9f83c477337ee99d24951288fa47e8a:0xb6a 
0xa5ecd89cd9f83c477337ee99d24951288fa47e8a:0xb6b 
0xa5ecd89cd9f83c477337ee99d24951288fa47e8a:0xb6d 
0xa5ecd89cd9f83c477337ee99d24951288fa47e8a:0xb6e 
0xa5ecd89cd9f83c477337ee99d24951288fa47e8a:0xb6f 
0xa5ecd89cd9f83c477337ee99d24951288fa47e8a:0xb70 
0xa5ecd89cd9f83c477337ee99d24951288fa47e8a:0xb71 
0xa5ecd89cd9f83c477337ee99d24951288fa47e8a:0xb73 
0xa5ecd89cd9f83c477337ee99d24951288fa47e8a:0xb74 
0xa5ecd89cd9f83c477337ee99d24951288fa47e8a:0xb76 
0xa5ecd89cd9f83c477337ee99d24951288fa47e8a:0xb77 
0xa5ecd89cd9f83c477337ee99d24951288fa47e8a:0xb79 
0xa5ecd89cd9f83c477337ee99d24951288fa47e8a:0xb7c 
0xa5ecd89cd9f83c477337ee99d24951288fa47e8a:0xb7f 
0xa5ecd89cd9f83c477337ee99d24951288fa47e8a:0x239b 
0xa5ecd89cd9f83c477337ee99d24951288fa47e8a:0x239c 
0xa5ecd89cd9f83c477337ee99d24951288fa47e8a:0x239e 
0xa5ecd89cd9f83c477337ee99d24951288fa47e8a:0x239f 
0xa5ecd89cd9f83c477337ee99d24951288fa47e8a:0x23a0 
0xa5ecd89cd9f83c477337ee99d24951288fa47e8a:0x23a1 
0xa5ecd89cd9f83c477337ee99d24951288fa47e8a:0x23a2 
0xa5ecd89cd9f83c477337ee99d24951288fa47e8a:0xb80 
0xa5ecd89cd9f83c477337ee99d24951288fa47e8a:0xb81 
0xa5ecd89cd9f83c477337ee99d24951288fa47e8a:0xb96 
0xa5ecd89cd9f83c477337ee99d24951288fa47e8a:0xb97 
0xa5ecd89cd9f83c477337ee99d24951288fa47e8a:0xbac 
0xa5ecd89cd9f83c477337ee99d24951288fa47e8a:0xbad 
0xa5ecd89cd9f83c477337ee99d24951288fa47e8a:0xbae 
0xa5ecd89cd9f83c477337ee99d24951288fa47e8a:0xbaf 
0xa5ecd89cd9f83c477337ee99d24951288fa47e8a:0xbb1 
0xa5ecd89cd9f83c477337ee99d24951288fa47e8a:0xbb2 
0xa5ecd89cd9f83c477337ee99d24951288fa47e8a:0xbb3 
0xa5ecd89cd9f83c477337ee99d24951288fa47e8a:0xbb4 
0xa5ecd89cd9f83c477337ee99d24951288fa47e8a:0xbb5 
0xa5ecd89cd9f83c477337ee99d24951288fa47e8a:0xbb7 
0xa5ecd89cd9f83c477337ee99d24951288fa47e8a:0xbb8 
0xa5ecd89cd9f83c477337ee99d24951288fa47e8a:0xbba 
0xa5ecd89cd9f83c477337ee99d24951288fa47e8a:0xbbb 
0xa5ecd89cd9f83c477337ee99d24951288fa47e8a:0xbbc 
0xa5ecd89cd9f83c477337ee99d24951288fa47e8a:0xbbd 
0xa5ecd89cd9f83c477337ee99d24951288fa47e8a:0xbbe 
0xa5ecd89cd9f83c477337ee99d24951288fa47e8a:0xbbf 
0xa5ecd89cd9f83c477337ee99d24951288fa47e8a:0xbc0 
0xa5ecd89cd9f83c477337ee99d24951288fa47e8a:0xbc1 
0xa5ecd89cd9f83c477337ee99d24951288fa47e8a:0xbc2 
0xa5ecd89cd9f83c477337ee99d24951288fa47e8a:0xbc5 
0xa5ecd89cd9f83c477337ee99d24951288fa47e8a:0xc00 
0xa5ecd89cd9f83c477337ee99d24951288fa47e8a:0xc01 
0xa5ecd89cd9f83c477337ee99d24951288fa47e8a:0xc04 
0xa5ecd89cd9f83c477337ee99d24951288fa47e8a:0xc05 
0xa5ecd89cd9f83c477337ee99d24951288fa47e8a:0xc08 
0xa5ecd89cd9f83c477337ee99d24951288fa47e8a:0xc0b 
0xa5ecd89cd9f83c477337ee99d24951288fa47e8a:0x239b 
0xa5ecd89cd9f83c477337ee99d24951288fa47e8a:0x239c 
0xa5ecd89cd9f83c477337ee99d24951288fa47e8a:0x239e 
0xa5ecd89cd9f83c477337ee99d24951288fa47e8a:0x239f 
0xa5ecd89cd9f83c477337ee99d24951288fa47e8a:0x23a0 
0xa5ecd89cd9f83c477337ee99d24951288fa47e8a:0x23a1 
0xa5ecd89cd9f83c477337ee99d24951288fa47e8a:0x23a2 
0xa5ecd89cd9f83c477337ee99d24951288fa47e8a:0xc0c 
0xa5ecd89cd9f83c477337ee99d24951288fa47e8a:0xc0d 
0xa5ecd89cd9f83c477337ee99d24951288fa47e8a:0xc0e 
0xa5ecd89cd9f83c477337ee99d24951288fa47e8a:0xc0f 
0xa5ecd89cd9f83c477337ee99d24951288fa47e8a:0xc10 
0xa5ecd89cd9f83c477337ee99d24951288fa47e8a:0xc13 
0xa5ecd89cd9f83c477337ee99d24951288fa47e8a:0x23a3 
0xa5ecd89cd9f83c477337ee99d24951288fa47e8a:0x23a4 
0xa5ecd89cd9f83c477337ee99d24951288fa47e8a:0x23a6 
0xa5ecd89cd9f83c477337ee99d24951288fa47e8a:0x23bb 
0xa5ecd89cd9f83c477337ee99d24951288fa47e8a:0x23bc 
0xa5ecd89cd9f83c477337ee99d24951288fa47e8a:0x23bd 
0xa5ecd89cd9f83c477337ee99d24951288fa47e8a:0x23d2 
0xa5ecd89cd9f83c477337ee99d24951288fa47e8a:0x23d3 
0xa5ecd89cd9f83c477337ee99d24951288fa47e8a:0x23d4 
0xa5ecd89cd9f83c477337ee99d24951288fa47e8a:0x23d5 
0xa5ecd89cd9f83c477337ee99d24951288fa47e8a:0x23d8 
0xa5ecd89cd9f83c477337ee99d24951288fa47e8a:0x2413 
0xa5ecd89cd9f83c477337ee99d24951288fa47e8a:0x2414 
0xa5ecd89cd9f83c477337ee99d24951288fa47e8a:0x2416 
0xa5ecd89cd9f83c477337ee99d24951288fa47e8a:0x242b 
0xa5ecd89cd9f83c477337ee99d24951288fa47e8a:0x242c 
0xa5ecd89cd9f83c477337ee99d24951288fa47e8a:0x242d 
0xa5ecd89cd9f83c477337ee99d24951288fa47e8a:0x2442 
0xa5ecd89cd9f83c477337ee99d24951288fa47e8a:0x2443 
0xa5ecd89cd9f83c477337ee99d24951288fa47e8a:0x2444 
0xa5ecd89cd9f83c477337ee99d24951288fa47e8a:0x2445 
0xa5ecd89cd9f83c477337ee99d24951288fa47e8a:0x2448 
0xa5ecd89cd9f83c477337ee99d24951288fa47e8a:0x2483 
0xa5ecd89cd9f83c477337ee99d24951288fa47e8a:0x2484 
0xa5ecd89cd9f83c477337ee99d24951288fa47e8a:0x2485 
0xa5ecd89cd9f83c477337ee99d24951288fa47e8a:0x2487 
0xa5ecd89cd9f83c477337ee99d24951288fa47e8a:0x2489 
0xa5ecd89cd9f83c477337ee99d24951288fa47e8a:0x248a 
0xa5ecd89cd9f83c477337ee99d24951288fa47e8a:0x249f 
0xa5ecd89cd9f83c477337ee99d24951288fa47e8a:0x24a0 
0xa5ecd89cd9f83c477337ee99d24951288fa47e8a:0x24b5 
0xa5ecd89cd9f83c477337ee99d24951288fa47e8a:0x24b6 
0xa5ecd89cd9f83c477337ee99d24951288fa47e8a:0x24b7 
0xa5ecd89cd9f83c477337ee99d24951288fa47e8a:0x24b8 
0xa5ecd89cd9f83c477337ee99d24951288fa47e8a:0x24ba 
0xa5ecd89cd9f83c477337ee99d24951288fa47e8a:0x24bb 
0xa5ecd89cd9f83c477337ee99d24951288fa47e8a:0x24bc 
0xa5ecd89cd9f83c477337ee99d24951288fa47e8a:0x24bd 
0xa5ecd89cd9f83c477337ee99d24951288fa47e8a:0x24be 
0xa5ecd89cd9f83c477337ee99d24951288fa47e8a:0x24c0 
0xa5ecd89cd9f83c477337ee99d24951288fa47e8a:0x24c1 
0xa5ecd89cd9f83c477337ee99d24951288fa47e8a:0x24c3 
0xa5ecd89cd9f83c477337ee99d24951288fa47e8a:0x24c4 
0xa5ecd89cd9f83c477337ee99d24951288fa47e8a:0x24c6 
0xa5ecd89cd9f83c477337ee99d24951288fa47e8a:0x24c7 
0xa5ecd89cd9f83c477337ee99d24951288fa47e8a:0x24dc 
0xa5ecd89cd9f83c477337ee99d24951288fa47e8a:0x24dd 
0xa5ecd89cd9f83c477337ee99d24951288fa47e8a:0x24f2 
0xa5ecd89cd9f83c477337ee99d24951288fa47e8a:0x24f3 
0xa5ecd89cd9f83c477337ee99d24951288fa47e8a:0x24f4 
0xa5ecd89cd9f83c477337ee99d24951288fa47e8a:0x24f5 
0xa5ecd89cd9f83c477337ee99d24951288fa47e8a:0x24f7 
0xa5ecd89cd9f83c477337ee99d24951288fa47e8a:0x24f8 
0xa5ecd89cd9f83c477337ee99d24951288fa47e8a:0x24f9 
0xa5ecd89cd9f83c477337ee99d24951288fa47e8a:0x24fa 
0xa5ecd89cd9f83c477337ee99d24951288fa47e8a:0x24fb 
0xa5ecd89cd9f83c477337ee99d24951288fa47e8a:0x24fd 
0xa5ecd89cd9f83c477337ee99d24951288fa47e8a:0x24fe 
0xa5ecd89cd9f83c477337ee99d24951288fa47e8a:0x2500 
0xa5ecd89cd9f83c477337ee99d24951288fa47e8a:0x2501 
0xa5ecd89cd9f83c477337ee99d24951288fa47e8a:0x2502 
0xa5ecd89cd9f83c477337ee99d24951288fa47e8a:0x2503 
0xa5ecd89cd9f83c477337ee99d24951288fa47e8a:0x2504 
0xa5ecd89cd9f83c477337ee99d24951288fa47e8a:0x2505 
0xa5ecd89cd9f83c477337ee99d24951288fa47e8a:0x2506 
0xa5ecd89cd9f83c477337ee99d24951288fa47e8a:0x251b 
0xa5ecd89cd9f83c477337ee99d24951288fa47e8a:0x251c 
0xa5ecd89cd9f83c477337ee99d24951288fa47e8a:0x251d 
0xa5ecd89cd9f83c477337ee99d24951288fa47e8a:0x2532 
0xa5ecd89cd9f83c477337ee99d24951288fa47e8a:0x2533 
0xa5ecd89cd9f83c477337ee99d24951288fa47e8a:0x2554 
0xa5ecd89cd9f83c477337ee99d24951288fa47e8a:0x2555 
0xa5ecd89cd9f83c477337ee99d24951288fa47e8a:0x2557 
0xa5ecd89cd9f83c477337ee99d24951288fa47e8a:0x2558 
0xa5ecd89cd9f83c477337ee99d24951288fa47e8a:0x255b 
0xa5ecd89cd9f83c477337ee99d24951288fa47e8a:0x255c 
0xa5ecd89cd9f83c477337ee99d24951288fa47e8a:0x255d 
0xa5ecd89cd9f83c477337ee99d24951288fa47e8a:0x2560 
0xa5ecd89cd9f83c477337ee99d24951288fa47e8a:0x5ed7 
0xa5ecd89cd9f83c477337ee99d24951288fa47e8a:0x5ed8 
0xa5ecd89cd9f83c477337ee99d24951288fa47e8a:0x5eda 
0xa5ecd89cd9f83c477337ee99d24951288fa47e8a:0x5edc 
0xa5ecd89cd9f83c477337ee99d24951288fa47e8a:0x5edd 
0xa5ecd89cd9f83c477337ee99d24951288fa47e8a:0x5ede 
0xa5ecd89cd9f83c477337ee99d24951288fa47e8a:0x5edf 
0xa5ecd89cd9f83c477337ee99d24951288fa47e8a:0x5ee0 
0xa5ecd89cd9f83c477337ee99d24951288fa47e8a:0x5ee3 
0xa5ecd89cd9f83c477337ee99d24951288fa47e8a:0x5ee5 
0xa5ecd89cd9f83c477337ee99d24951288fa47e8a:0x5ee6 
0xa5ecd89cd9f83c477337ee99d24951288fa47e8a:0x5ee7 
0xa5ecd89cd9f83c477337ee99d24951288fa47e8a:0x5ee8 
0xa5ecd89cd9f83c477337ee99d24951288fa47e8a:0x5eeb 
0xa5ecd89cd9f83c477337ee99d24951288fa47e8a:0x5702 
0xa5ecd89cd9f83c477337ee99d24951288fa47e8a:0x5703 
0xa5ecd89cd9f83c477337ee99d24951288fa47e8a:0x5706 
0xa5ecd89cd9f83c477337ee99d24951288fa47e8a:0x5707 
0xa5ecd89cd9f83c477337ee99d24951288fa47e8a:0x570a 
0xa5ecd89cd9f83c477337ee99d24951288fa47e8a:0x61bf 
0xa5ecd89cd9f83c477337ee99d24951288fa47e8a:0x61c0 
0xa5ecd89cd9f83c477337ee99d24951288fa47e8a:0x61c2 
0xa5ecd89cd9f83c477337ee99d24951288fa47e8a:0x61c3 
0xa5ecd89cd9f83c477337ee99d24951288fa47e8a:0x61c4 
0xa5ecd89cd9f83c477337ee99d24951288fa47e8a:0x61c5 
0xa5ecd89cd9f83c477337ee99d24951288fa47e8a:0x61c6 
0xa5ecd89cd9f83c477337ee99d24951288fa47e8a:0x61c7 
0xa5ecd89cd9f83c477337ee99d24951288fa47e8a:0x61c8 
0xa5ecd89cd9f83c477337ee99d24951288fa47e8a:0x570b 
0xa5ecd89cd9f83c477337ee99d24951288fa47e8a:0x570c 
0xa5ecd89cd9f83c477337ee99d24951288fa47e8a:0x570d 
0xa5ecd89cd9f83c477337ee99d24951288fa47e8a:0x570e 
0xa5ecd89cd9f83c477337ee99d24951288fa47e8a:0x570f 
0xa5ecd89cd9f83c477337ee99d24951288fa47e8a:0x5710 
0xa5ecd89cd9f83c477337ee99d24951288fa47e8a:0x5eec 
0xa5ecd89cd9f83c477337ee99d24951288fa47e8a:0x5eed 
0xa5ecd89cd9f83c477337ee99d24951288fa47e8a:0x5eee 
0xa5ecd89cd9f83c477337ee99d24951288fa47e8a:0x5eef 
0xa5ecd89cd9f83c477337ee99d24951288fa47e8a:0x5ef0 
0xa5ecd89cd9f83c477337ee99d24951288fa47e8a:0x5ef1 
0xa5ecd89cd9f83c477337ee99d24951288fa47e8a:0x2561 
0xa5ecd89cd9f83c477337ee99d24951288fa47e8a:0x2562 
0xa5ecd89cd9f83c477337ee99d24951288fa47e8a:0x2564 
0xa5ecd89cd9f83c477337ee99d24951288fa47e8a:0x2565 
0xa5ecd89cd9f83c477337ee99d24951288fa47e8a:0x2566 
0xa5ecd89cd9f83c477337ee99d24951288fa47e8a:0x2567 
0xa5ecd89cd9f83c477337ee99d24951288fa47e8a:0x2568 
0xa5ecd89cd9f83c477337ee99d24951288fa47e8a:0x2569 
0xa5ecd89cd9f83c477337ee99d24951288fa47e8a:0x256a 
0xa5ecd89cd9f83c477337ee99d24951288fa47e8a:0x256b 
0xa5ecd89cd9f83c477337ee99d24951288fa47e8a:0x256c 
0xa5ecd89cd9f83c477337ee99d24951288fa47e8a:0x256d 
0xa5ecd89cd9f83c477337ee99d24951288fa47e8a:0xc14 
0xa5ecd89cd9f83c477337ee99d24951288fa47e8a:0xc15 
0xa5ecd89cd9f83c477337ee99d24951288fa47e8a:0xc17 
0xa5ecd89cd9f83c477337ee99d24951288fa47e8a:0xc18 
0xa5ecd89cd9f83c477337ee99d24951288fa47e8a:0xc19 
0xa5ecd89cd9f83c477337ee99d24951288fa47e8a:0xc1a 
0xa5ecd89cd9f83c477337ee99d24951288fa47e8a:0xc1b 
0xa5ecd89cd9f83c477337ee99d24951288fa47e8a:0xc1c 
0xa5ecd89cd9f83c477337ee99d24951288fa47e8a:0xc1d 
0xa5ecd89cd9f83c477337ee99d24951288fa47e8a:0xc1e 
0xa5ecd89cd9f83c477337ee99d24951288fa47e8a:0xc1f 
0xa5ecd89cd9f83c477337ee99d24951288fa47e8a:0x37c 
0xa5ecd89cd9f83c477337ee99d24951288fa47e8a:0x37d 
0xa5ecd89cd9f83c477337ee99d24951288fa47e8a:0x37f 
0xa5ecd89cd9f83c477337ee99d24951288fa47e8a:0x380 
0xa5ecd89cd9f83c477337ee99d24951288fa47e8a:0x383 
0xa5ecd89cd9f83c477337ee99d24951288fa47e8a:0x384 
0xa5ecd89cd9f83c477337ee99d24951288fa47e8a:0x385 
0xa5ecd89cd9f83c477337ee99d24951288fa47e8a:0x388 
0xa5ecd89cd9f83c477337ee99d24951288fa47e8a:0x59a4 
0xa5ecd89cd9f83c477337ee99d24951288fa47e8a:0x59a5 
0xa5ecd89cd9f83c477337ee99d24951288fa47e8a:0x59a7 
0xa5ecd89cd9f83c477337ee99d24951288fa47e8a:0x59a9 
0xa5ecd89cd9f83c477337ee99d24951288fa47e8a:0x59aa 
0xa5ecd89cd9f83c477337ee99d24951288fa47e8a:0x59ab 
0xa5ecd89cd9f83c477337ee99d24951288fa47e8a:0x59ac 
0xa5ecd89cd9f83c477337ee99d24951288fa47e8a:0x59ad 
0xa5ecd89cd9f83c477337ee99d24951288fa47e8a:0x59b0 
0xa5ecd89cd9f83c477337ee99d24951288fa47e8a:0x59b2 
0xa5ecd89cd9f83c477337ee99d24951288fa47e8a:0x59b3 
0xa5ecd89cd9f83c477337ee99d24951288fa47e8a:0x59b4 
0xa5ecd89cd9f83c477337ee99d24951288fa47e8a:0x59b5 
0xa5ecd89cd9f83c477337ee99d24951288fa47e8a:0x59b8 
0xa5ecd89cd9f83c477337ee99d24951288fa47e8a:0x5027 
0xa5ecd89cd9f83c477337ee99d24951288fa47e8a:0x5028 
0xa5ecd89cd9f83c477337ee99d24951288fa47e8a:0x502b 
0xa5ecd89cd9f83c477337ee99d24951288fa47e8a:0x502c 
0xa5ecd89cd9f83c477337ee99d24951288fa47e8a:0x502f 
0xa5ecd89cd9f83c477337ee99d24951288fa47e8a:0x6112 
0xa5ecd89cd9f83c477337ee99d24951288fa47e8a:0x6113 
0xa5ecd89cd9f83c477337ee99d24951288fa47e8a:0x6115 
0xa5ecd89cd9f83c477337ee99d24951288fa47e8a:0x6116 
0xa5ecd89cd9f83c477337ee99d24951288fa47e8a:0x6117 
0xa5ecd89cd9f83c477337ee99d24951288fa47e8a:0x6118 
0xa5ecd89cd9f83c477337ee99d24951288fa47e8a:0x6119 
0xa5ecd89cd9f83c477337ee99d24951288fa47e8a:0x611a 
0xa5ecd89cd9f83c477337ee99d24951288fa47e8a:0x611b 
0xa5ecd89cd9f83c477337ee99d24951288fa47e8a:0x611c 
0xa5ecd89cd9f83c477337ee99d24951288fa47e8a:0x611d 
0xa5ecd89cd9f83c477337ee99d24951288fa47e8a:0x5030 
0xa5ecd89cd9f83c477337ee99d24951288fa47e8a:0x5031 
0xa5ecd89cd9f83c477337ee99d24951288fa47e8a:0x5032 
0xa5ecd89cd9f83c477337ee99d24951288fa47e8a:0x5033 
0xa5ecd89cd9f83c477337ee99d24951288fa47e8a:0x5034 
0xa5ecd89cd9f83c477337ee99d24951288fa47e8a:0x5035 
0xa5ecd89cd9f83c477337ee99d24951288fa47e8a:0x59b9 
0xa5ecd89cd9f83c477337ee99d24951288fa47e8a:0x59ba 
0xa5ecd89cd9f83c477337ee99d24951288fa47e8a:0x59bb 
0xa5ecd89cd9f83c477337ee99d24951288fa47e8a:0x59bc 
0xa5ecd89cd9f83c477337ee99d24951288fa47e8a:0x59bd 
0xa5ecd89cd9f83c477337ee99d24951288fa47e8a:0x59be 
0xa5ecd89cd9f83c477337ee99d24951288fa47e8a:0x389 
0xa5ecd89cd9f83c477337ee99d24951288fa47e8a:0x38a 
0xa5ecd89cd9f83c477337ee99d24951288fa47e8a:0x38c 
0xa5ecd89cd9f83c477337ee99d24951288fa47e8a:0x38d 
0xa5ecd89cd9f83c477337ee99d24951288fa47e8a:0x38e 
0xa5ecd89cd9f83c477337ee99d24951288fa47e8a:0x38f 
0xa5ecd89cd9f83c477337ee99d24951288fa47e8a:0x390 
0xa5ecd89cd9f83c477337ee99d24951288fa47e8a:0x391 
