---
0xa5ecd89cd9f83c477337ee99d24951288fa47e8a:0x0 *
0xa5ecd89cd9f83c477337ee99d24951288fa47e8a:0x2 *
0xa5ecd89cd9f83c477337ee99d24951288fa47e8a:0x4 *
0xa5ecd89cd9f83c477337ee99d24951288fa47e8a:0x5 *
0xa5ecd89cd9f83c477337ee99d24951288fa47e8a:0x6 *
0xa5ecd89cd9f83c477337ee99d24951288fa47e8a:0x7 *
0xa5ecd89cd9f83c477337ee99d24951288fa47e8a:0x8 *
0xa5ecd89cd9f83c477337ee99d24951288fa47e8a:0xb *
0xa5ecd89cd9f83c477337ee99d24951288fa47e8a:0x10 *
0xa5ecd89cd9f83c477337ee99d24951288fa47e8a:0x11 *
0xa5ecd89cd9f83c477337ee99d24951288fa47e8a:0x12 *
0xa5ecd89cd9f83c477337ee99d24951288fa47e8a:0x15 *
0xa5ecd89cd9f83c477337ee99d24951288fa47e8a:0x16 *
0xa5ecd89cd9f83c477337ee99d24951288fa47e8a:0x1a *
0xa5ecd89cd9f83c477337ee99d24951288fa47e8a:0x1c *
0xa5ecd89cd9f83c477337ee99d24951288fa47e8a:0x1d *
0xa5ecd89cd9f83c477337ee99d24951288fa47e8a:0x1f *
---
0xa5ecd89cd9f83c477337ee99d24951288fa47e8a:0x0 
0xa5ecd89cd9f83c477337ee99d24951288fa47e8a:0x2 
0xa5ecd89cd9f83c477337ee99d24951288fa47e8a:0x4 
0xa5ecd89cd9f83c477337ee99d24951288fa47e8a:0x5 
0xa5ecd89cd9f83c477337ee99d24951288fa47e8a:0x6 
0xa5ecd89cd9f83c477337ee99d24951288fa47e8a:0x7 
0xa5ecd89cd9f83c477337ee99d24951288fa47e8a:0x8 
0xa5ecd89cd9f83c477337ee99d24951288fa47e8a:0xb 
0xa5ecd89cd9f83c477337ee99d24951288fa47e8a:0x10 
0xa5ecd89cd9f83c477337ee99d24951288fa47e8a:0x11 
0xa5ecd89cd9f83c477337ee99d24951288fa47e8a:0x12 
0xa5ecd89cd9f83c477337ee99d24951288fa47e8a:0x14 
0xa5ecd89cd9f83c477337ee99d24951288fa47e8a:0x15 
0xa5ecd89cd9f83c477337ee99d24951288fa47e8a:0x16 
0xa5ecd89cd9f83c477337ee99d24951288fa47e8a:0x19 
0xa5ecd89cd9f83c477337ee99d24951288fa47e8a:0x1a 
0xa5ecd89cd9f83c477337ee99d24951288fa47e8a:0x1c 
0xa5ecd89cd9f83c477337ee99d24951288fa47e8a:0x1d 
0xa5ecd89cd9f83c477337ee99d24951288fa47e8a:0x1f 
0xa5ecd89cd9f83c477337ee99d24951288fa47e8a:0x20 
0xa5ecd89cd9f83c477337ee99d24951288fa47e8a:0x21 
0xa5ecd89cd9f83c477337ee99d24951288fa47e8a:0x26 
0xa5ecd89cd9f83c477337ee99d24951288fa47e8a:0x27 
0xa5ecd89cd9f83c477337ee99d24951288fa47e8a:0x2a 
0xa5ecd89cd9f83c477337ee99d24951288fa47e8a:0x2b 
0xa5ecd89cd9f83c477337ee99d24951288fa47e8a:0x2c 
0xa5ecd89cd9f83c477337ee99d24951288fa47e8a:0x31 
0xa5ecd89cd9f83c477337ee99d24951288fa47e8a:0x32 
0xa5ecd89cd9f83c477337ee99d24951288fa47e8a:0x35 
0xa5ecd89cd9f83c477337ee99d24951288fa47e8a:0x36 
0xa5ecd89cd9f83c477337ee99d24951288fa47e8a:0x37 
0xa5ecd89cd9f83c477337ee99d24951288fa47e8a:0x3c 
0xa5ecd89cd9f83c477337ee99d24951288fa47e8a:0x3d 
0xa5ecd89cd9f83c477337ee99d24951288fa47e8a:0x40 
0xa5ecd89cd9f83c477337ee99d24951288fa47e8a:0x41 
0xa5ecd89cd9f83c477337ee99d24951288fa47e8a:0x42 
0xa5ecd89cd9f83c477337ee99d24951288fa47e8a:0x47 
0xa5ecd89cd9f83c477337ee99d24951288fa47e8a:0x48 
0xa5ecd89cd9f83c477337ee99d24951288fa47e8a:0x4b 
0xa5ecd89cd9f83c477337ee99d24951288fa47e8a:0x4c 
0xa5ecd89cd9f83c477337ee99d24951288fa47e8a:0x4d 
0xa5ecd89cd9f83c477337ee99d24951288fa47e8a:0x52 
0xa5ecd89cd9f83c477337ee99d24951288fa47e8a:0x53 
0xa5ecd89cd9f83c477337ee99d24951288fa47e8a:0x56 
0xa5ecd89cd9f83c477337ee99d24951288fa47e8a:0x57 
0xa5ecd89cd9f83c477337ee99d24951288fa47e8a:0x58 
0xa5ecd89cd9f83c477337ee99d24951288fa47e8a:0x5d 
0xa5ecd89cd9f83c477337ee99d24951288fa47e8a:0x5e 
0xa5ecd89cd9f83c477337ee99d24951288fa47e8a:0x61 
0xa5ecd89cd9f83c477337ee99d24951288fa47e8a:0x80f 
0xa5ecd89cd9f83c477337ee99d24951288fa47e8a:0x810 
0xa5ecd89cd9f83c477337ee99d24951288fa47e8a:0x813 
0xa5ecd89cd9f83c477337ee99d24951288fa47e8a:0x815 
0xa5ecd89cd9f83c477337ee99d24951288fa47e8a:0x816 
0xa5ecd89cd9f83c477337ee99d24951288fa47e8a:0x817 
0xa5ecd89cd9f83c477337ee99d24951288fa47e8a:0x818 
0xa5ecd89cd9f83c477337ee99d24951288fa47e8a:0x819 
0xa5ecd89cd9f83c477337ee99d24951288fa47e8a:0x81a 
0xa5ecd89cd9f83c477337ee99d24951288fa47e8a:0x81b 
0xa5ecd89cd9f83c477337ee99d24951288fa47e8a:0x81e 
0xa5ecd89cd9f83c477337ee99d24951288fa47e8a:0x81f 
0xa5ecd89cd9f83c477337ee99d24951288fa47e8a:0x820 
0xa5ecd89cd9f83c477337ee99d24951288fa47e8a:0x823 
0xa5ecd89cd9f83c477337ee99d24951288fa47e8a:0x4b48 
0xa5ecd89cd9f83c477337ee99d24951288fa47e8a:0x4b49 
0xa5ecd89cd9f83c477337ee99d24951288fa47e8a:0x4b4b 
0xa5ecd89cd9f83c477337ee99d24951288fa47e8a:0x4b4c 
0xa5ecd89cd9f83c477337ee99d24951288fa47e8a:0x4b4e 
0xa5ecd89cd9f83c477337ee99d24951288fa47e8a:0x4b4f 
0xa5ecd89cd9f83c477337ee99d24951288fa47e8a:0x4b50 
0xa5ecd89cd9f83c477337ee99d24951288fa47e8a:0x4b51 
0xa5ecd89cd9f83c477337ee99d24951288fa47e8a:0x4b52 
0xa5ecd89cd9f83c477337ee99d24951288fa47e8a:0x4b53 
0xa5ecd89cd9f83c477337ee99d24951288fa47e8a:0x4b56 
0xa5ecd89cd9f83c477337ee99d24951288fa47e8a:0x4b5f 
0xa5ecd89cd9f83c477337ee99d24951288fa47e8a:0x4b60 
0xa5ecd89cd9f83c477337ee99d24951288fa47e8a:0x4b62 
0xa5ecd89cd9f83c477337ee99d24951288fa47e8a:0x4b65 
0xa5ecd89cd9f83c477337ee99d24951288fa47e8a:0x4b66 
0xa5ecd89cd9f83c477337ee99d24951288fa47e8a:0x4b67 
0xa5ecd89cd9f83c477337ee99d24951288fa47e8a:0x4b68 
0xa5ecd89cd9f83c477337ee99d24951288fa47e8a:0x4b69 
0xa5ecd89cd9f83c477337ee99d24951288fa47e8a:0x4b6c 
0xa5ecd89cd9f83c477337ee99d24951288fa47e8a:0x4a04 
0xa5ecd89cd9f83c477337ee99d24951288fa47e8a:0x4a05 
0xa5ecd89cd9f83c477337ee99d24951288fa47e8a:0x4a07 
0xa5ecd89cd9f83c477337ee99d24951288fa47e8a:0x4a08 
0xa5ecd89cd9f83c477337ee99d24951288fa47e8a:0x4a09 
0xa5ecd89cd9f83c477337ee99d24951288fa47e8a:0x4a0a 
0xa5ecd89cd9f83c477337ee99d24951288fa47e8a:0x4a0b 
0xa5ecd89cd9f83c477337ee99d24951288fa47e8a:0x4a0e 
0xa5ecd89cd9f83c477337ee99d24951288fa47e8a:0x4a0f 
0xa5ecd89cd9f83c477337ee99d24951288fa47e8a:0x4a12 
0xa5ecd89cd9f83c477337ee99d24951288fa47e8a:0x7077 
0xa5ecd89cd9f83c477337ee99d24951288fa47e8a:0x7078 
0xa5ecd89cd9f83c477337ee99d24951288fa47e8a:0x707b 
0xa5ecd89cd9f83c477337ee99d24951288fa47e8a:0x707c 
0xa5ecd89cd9f83c477337ee99d24951288fa47e8a:0x707f 
0xa5ecd89cd9f83c477337ee99d24951288fa47e8a:0x6100 
0xa5ecd89cd9f83c477337ee99d24951288fa47e8a:0x6101 
0xa5ecd89cd9f83c477337ee99d24951288fa47e8a:0x6103 
0xa5ecd89cd9f83c477337ee99d24951288fa47e8a:0x6106 
0xa5ecd89cd9f83c477337ee99d24951288fa47e8a:0x6107 
0xa5ecd89cd9f83c477337ee99d24951288fa47e8a:0x610a 
0xa5ecd89cd9f83c477337ee99d24951288fa47e8a:0x619f 
0xa5ecd89cd9f83c477337ee99d24951288fa47e8a:0x61a0 
0xa5ecd89cd9f83c477337ee99d24951288fa47e8a:0x61a2 
0xa5ecd89cd9f83c477337ee99d24951288fa47e8a:0x61b7 
0xa5ecd89cd9f83c477337ee99d24951288fa47e8a:0x61b8 
0xa5ecd89cd9f83c477337ee99d24951288fa47e8a:0x61b9 
0xa5ecd89cd9f83c477337ee99d24951288fa47e8a:0x61ba 
0xa5ecd89cd9f83c477337ee99d24951288fa47e8a:0x61bb 
0xa5ecd89cd9f83c477337ee99d24951288fa47e8a:0x61bc 
0xa5ecd89cd9f83c477337ee99d24951288fa47e8a:0x61bd 
0xa5ecd89cd9f83c477337ee99d24951288fa47e8a:0x61be 
0xa5ecd89cd9f83c477337ee99d24951288fa47e8a:0x610b 
0xa5ecd89cd9f83c477337ee99d24951288fa47e8a:0x610c 
0xa5ecd89cd9f83c477337ee99d24951288fa47e8a:0x610d 
0xa5ecd89cd9f83c477337ee99d24951288fa47e8a:0x610e 
0xa5ecd89cd9f83c477337ee99d24951288fa47e8a:0x610f 
0xa5ecd89cd9f83c477337ee99d24951288fa47e8a:0x6110 
0xa5ecd89cd9f83c477337ee99d24951288fa47e8a:0x6111 
0xa5ecd89cd9f83c477337ee99d24951288fa47e8a:0x7080 
0xa5ecd89cd9f83c477337ee99d24951288fa47e8a:0x7081 
0xa5ecd89cd9f83c477337ee99d24951288fa47e8a:0x7082 
0xa5ecd89cd9f83c477337ee99d24951288fa47e8a:0x7083 
0xa5ecd89cd9f83c477337ee99d24951288fa47e8a:0x7086 
0xa5ecd89cd9f83c477337ee99d24951288fa47e8a:0x708b 
0xa5ecd89cd9f83c477337ee99d24951288fa47e8a:0x708c 
0xa5ecd89cd9f83c477337ee99d24951288fa47e8a:0x708d 
0xa5ecd89cd9f83c477337ee99d24951288fa47e8a:0x4a13 
0xa5ecd89cd9f83c477337ee99d24951288fa47e8a:0x4a14 
0xa5ecd89cd9f83c477337ee99d24951288fa47e8a:0x4a15 
0xa5ecd89cd9f83c477337ee99d24951288fa47e8a:0x4a16 
0xa5ecd89cd9f83c477337ee99d24951288fa47e8a:0x4a17 
0xa5ecd89cd9f83c477337ee99d24951288fa47e8a:0x4a18 
0xa5ecd89cd9f83c477337ee99d24951288fa47e8a:0x4b6d 
0xa5ecd89cd9f83c477337ee99d24951288fa47e8a:0x4b6e 
0xa5ecd89cd9f83c477337ee99d24951288fa47e8a:0x4b6f 
0xa5ecd89cd9f83c477337ee99d24951288fa47e8a:0x4b70 
0xa5ecd89cd9f83c477337ee99d24951288fa47e8a:0x4b71 
0xa5ecd89cd9f83c477337ee99d24951288fa47e8a:0x4b73 
0xa5ecd89cd9f83c477337ee99d24951288fa47e8a:0x4b76 
0xa5ecd89cd9f83c477337ee99d24951288fa47e8a:0x4b77 
0xa5ecd89cd9f83c477337ee99d24951288fa47e8a:0x4b78 
0xa5ecd89cd9f83c477337ee99d24951288fa47e8a:0x4b79 
0xa5ecd89cd9f83c477337ee99d24951288fa47e8a:0x4b7a 
0xa5ecd89cd9f83c477337ee99d24951288fa47e8a:0x4b7d 
0xa5ecd89cd9f83c477337ee99d24951288fa47e8a:0x4a04 
0xa5ecd89cd9f83c477337ee99d24951288fa47e8a:0x4a05 
0xa5ecd89cd9f83c477337ee99d24951288fa47e8a:0x4a07 
0xa5ecd89cd9f83c477337ee99d24951288fa47e8a:0x4a08 
0xa5ecd89cd9f83c477337ee99d24951288fa47e8a:0x4a09 
0xa5ecd89cd9f83c477337ee99d24951288fa47e8a:0x4a0a 
0xa5ecd89cd9f83c477337ee99d24951288fa47e8a:0x4a0b 
0xa5ecd89cd9f83c477337ee99d24951288fa47e8a:0x4a0e 
0xa5ecd89cd9f83c477337ee99d24951288fa47e8a:0x4a0f 
0xa5ecd89cd9f83c477337ee99d24951288fa47e8a:0x4a12 
0xa5ecd89cd9f83c477337ee99d24951288fa47e8a:0x7077 
0xa5ecd89cd9f83c477337ee99d24951288fa47e8a:0x7078 
0xa5ecd89cd9f83c477337ee99d24951288fa47e8a:0x707b 
0xa5ecd89cd9f83c477337ee99d24951288fa47e8a:0x707c 
0xa5ecd89cd9f83c477337ee99d24951288fa47e8a:0x707f 
0xa5ecd89cd9f83c477337ee99d24951288fa47e8a:0x6100 
0xa5ecd89cd9f83c477337ee99d24951288fa47e8a:0x6101 
0xa5ecd89cd9f83c477337ee99d24951288fa47e8a:0x6103 
0xa5ecd89cd9f83c477337ee99d24951288fa47e8a:0x6106 
0xa5ecd89cd9f83c477337ee99d24951288fa47e8a:0x6107 
0xa5ecd89cd9f83c477337ee99d24951288fa47e8a:0x610a 
0xa5ecd89cd9f83c477337ee99d24951288fa47e8a:0x619f 
0xa5ecd89cd9f83c477337ee99d24951288fa47e8a:0x61a0 
0xa5ecd89cd9f83c477337ee99d24951288fa47e8a:0x61a2 
0xa5ecd89cd9f83c477337ee99d24951288fa47e8a:0x61b7 
0xa5ecd89cd9f83c477337ee99d24951288fa47e8a:0x61b8 
0xa5ecd89cd9f83c477337ee99d24951288fa47e8a:0x61b9 
0xa5ecd89cd9f83c477337ee99d24951288fa47e8a:0x61ba 
0xa5ecd89cd9f83c477337ee99d24951288fa47e8a:0x61bb 
0xa5ecd89cd9f83c477337ee99d24951288fa47e8a:0x61bc 
0xa5ecd89cd9f83c477337ee99d24951288fa47e8a:0x61bd 
0xa5ecd89cd9f83c477337ee99d24951288fa47e8a:0x61be 
0xa5ecd89cd9f83c477337ee99d24951288fa47e8a:0x610b 
0xa5ecd89cd9f83c477337ee99d24951288fa47e8a:0x610c 
0xa5ecd89cd9f83c477337ee99d24951288fa47e8a:0x610d 
0xa5ecd89cd9f83c477337ee99d24951288fa47e8a:0x610e 
0xa5ecd89cd9f83c477337ee99d24951288fa47e8a:0x610f 
0xa5ecd89cd9f83c477337ee99d24951288fa47e8a:0x6110 
0xa5ecd89cd9f83c477337ee99d24951288fa47e8a:0x6111 
0xa5ecd89cd9f83c477337ee99d24951288fa47e8a:0x7080 
0xa5ecd89cd9f83c477337ee99d24951288fa47e8a:0x7081 
0xa5ecd89cd9f83c477337ee99d24951288fa47e8a:0x7082 
0xa5ecd89cd9f83c477337ee99d24951288fa47e8a:0x7083 
0xa5ecd89cd9f83c477337ee99d24951288fa47e8a:0x7086 
0xa5ecd89cd9f83c477337ee99d24951288fa47e8a:0x708b 
0xa5ecd89cd9f83c477337ee99d24951288fa47e8a:0x708c 
0xa5ecd89cd9f83c477337ee99d24951288fa47e8a:0x708d 
0xa5ecd89cd9f83c477337ee99d24951288fa47e8a:0x4a13 
0xa5ecd89cd9f83c477337ee99d24951288fa47e8a:0x4a14 
0xa5ecd89cd9f83c477337ee99d24951288fa47e8a:0x4a15 
0xa5ecd89cd9f83c477337ee99d24951288fa47e8a:0x4a16 
0xa5ecd89cd9f83c477337ee99d24951288fa47e8a:0x4a17 
0xa5ecd89cd9f83c477337ee99d24951288fa47e8a:0x4a18 
0xa5ecd89cd9f83c477337ee99d24951288fa47e8a:0x4b7e 
0xa5ecd89cd9f83c477337ee99d24951288fa47e8a:0x4b7f 
0xa5ecd89cd9f83c477337ee99d24951288fa47e8a:0x4b80 
0xa5ecd89cd9f83c477337ee99d24951288fa47e8a:0x4b81 
0xa5ecd89cd9f83c477337ee99d24951288fa47e8a:0x4b82 
0xa5ecd89cd9f83c477337ee99d24951288fa47e8a:0x4b83 
0xa5ecd89cd9f83c477337ee99d24951288fa47e8a:0x4b84 
0xa5ecd89cd9f83c477337ee99d24951288fa47e8a:0x4b85 
0xa5ecd89cd9f83c477337ee99d24951288fa47e8a:0x4b86 
0xa5ecd89cd9f83c477337ee99d24951288fa47e8a:0x4b87 
0xa5ecd89cd9f83c477337ee99d24951288fa47e8a:0x824 
0xa5ecd89cd9f83c477337ee99d24951288fa47e8a:0x825 
0xa5ecd89cd9f83c477337ee99d24951288fa47e8a:0x828 
0xa5ecd89cd9f83c477337ee99d24951288fa47e8a:0x21a1 
0xa5ecd89cd9f83c477337ee99d24951288fa47e8a:0x21a2 
0xa5ecd89cd9f83c477337ee99d24951288fa47e8a:0x21a4 
0xa5ecd89cd9f83c477337ee99d24951288fa47e8a:0x21a6 
0xa5ecd89cd9f83c477337ee99d24951288fa47e8a:0x21a8 
0xa5ecd89cd9f83c477337ee99d24951288fa47e8a:0x21a9 
0xa5ecd89cd9f83c477337ee99d24951288fa47e8a:0x21be 
0xa5ecd89cd9f83c477337ee99d24951288fa47e8a:0x21bf 
0xa5ecd89cd9f83c477337ee99d24951288fa47e8a:0x21d4 
0xa5ecd89cd9f83c477337ee99d24951288fa47e8a:0x21d5 
0xa5ecd89cd9f83c477337ee99d24951288fa47e8a:0x21d6 
0xa5ecd89cd9f83c477337ee99d24951288fa47e8a:0x21d7 
0xa5ecd89cd9f83c477337ee99d24951288fa47e8a:0x21d9 
0xa5ecd89cd9f83c477337ee99d24951288fa47e8a:0x21da 
0xa5ecd89cd9f83c477337ee99d24951288fa47e8a:0x21db 
0xa5ecd89cd9f83c477337ee99d24951288fa47e8a:0x21dc 
0xa5ecd89cd9f83c477337ee99d24951288fa47e8a:0x21dd 
0xa5ecd89cd9f83c477337ee99d24951288fa47e8a:0x21df 
0xa5ecd89cd9f83c477337ee99d24951288fa47e8a:0x21e0 
0xa5ecd89cd9f83c477337ee99d24951288fa47e8a:0x21e2 
0xa5ecd89cd9f83c477337ee99d24951288fa47e8a:0x21e3 
0xa5ecd89cd9f83c477337ee99d24951288fa47e8a:0x21e5 
0xa5ecd89cd9f83c477337ee99d24951288fa47e8a:0x21e6 
0xa5ecd89cd9f83c477337ee99d24951288fa47e8a:0x21fb 
0xa5ecd89cd9f83c477337ee99d24951288fa47e8a:0x21fc 
0xa5ecd89cd9f83c477337ee99d24951288fa47e8a:0x2211 
0xa5ecd89cd9f83c477337ee99d24951288fa47e8a:0x2212 
0xa5ecd89cd9f83c477337ee99d24951288fa47e8a:0x2213 
0xa5ecd89cd9f83c477337ee99d24951288fa47e8a:0x2214 
0xa5ecd89cd9f83c477337ee99d24951288fa47e8a:0x2216 
0xa5ecd89cd9f83c477337ee99d24951288fa47e8a:0x2217 
0xa5ecd89cd9f83c477337ee99d24951288fa47e8a:0x2218 
0xa5ecd89cd9f83c477337ee99d24951288fa47e8a:0x2219 
0xa5ecd89cd9f83c477337ee99d24951288fa47e8a:0x221a 
0xa5ecd89cd9f83c477337ee99d24951288fa47e8a:0x221c 
0xa5ecd89cd9f83c477337ee99d24951288fa47e8a:0x221d 
0xa5ecd89cd9f83c477337ee99d24951288fa47e8a:0x221f 
0xa5ecd89cd9f83c477337ee99d24951288fa47e8a:0x2220 
0xa5ecd89cd9f83c477337ee99d24951288fa47e8a:0x2221 
0xa5ecd89cd9f83c477337ee99d24951288fa47e8a:0x2222 
0xa5ecd89cd9f83c477337ee99d24951288fa47e8a:0x2223 
0xa5ecd89cd9f83c477337ee99d24951288fa47e8a:0x2224 
0xa5ecd89cd9f83c477337ee99d24951288fa47e8a:0x2225 
0xa5ecd89cd9f83c477337ee99d24951288fa47e8a:0x2226 
0xa5ecd89cd9f83c477337ee99d24951288fa47e8a:0x2227 
0xa5ecd89cd9f83c477337ee99d24951288fa47e8a:0x829 
0xa5ecd89cd9f83c477337ee99d24951288fa47e8a:0x82a 
0xa5ecd89cd9f83c477337ee99d24951288fa47e8a:0x82c 
0xa5ecd89cd9f83c477337ee99d24951288fa47e8a:0x82d 
0xa5ecd89cd9f83c477337ee99d24951288fa47e8a:0x830 
0xa5ecd89cd9f83c477337ee99d24951288fa47e8a:0x831 
0xa5ecd89cd9f83c477337ee99d24951288fa47e8a:0x832 
0xa5ecd89cd9f83c477337ee99d24951288fa47e8a:0x835 
0xa5ecd89cd9f83c477337ee99d24951288fa47e8a:0x5ed7 
0xa5ecd89cd9f83c477337ee99d24951288fa47e8a:0x5ed8 
0xa5ecd89cd9f83c477337ee99d24951288fa47e8a:0x5eda 
0xa5ecd89cd9f83c477337ee99d24951288fa47e8a:0x5edc 
0xa5ecd89cd9f83c477337ee99d24951288fa47e8a:0x5edd 
0xa5ecd89cd9f83c477337ee99d24951288fa47e8a:0x5ede 
0xa5ecd89cd9f83c477337ee99d24951288fa47e8a:0x5edf 
0xa5ecd89cd9f83c477337ee99d24951288fa47e8a:0x5ee0 
0xa5ecd89cd9f83c477337ee99d24951288fa47e8a:0x5ee3 
0xa5ecd89cd9f83c477337ee99d24951288fa47e8a:0x5ee5 
0xa5ecd89cd9f83c477337ee99d24951288fa47e8a:0x5ee6 
0xa5ecd89cd9f83c477337ee99d24951288fa47e8a:0x5ee7 
0xa5ecd89cd9f83c477337ee99d24951288fa47e8a:0x5ee8 
0xa5ecd89cd9f83c477337ee99d24951288fa47e8a:0x5eeb 
0xa5ecd89cd9f83c477337ee99d24951288fa47e8a:0x5702 
0xa5ecd89cd9f83c477337ee99d24951288fa47e8a:0x5703 
0xa5ecd89cd9f83c477337ee99d24951288fa47e8a:0x5706 
0xa5ecd89cd9f83c477337ee99d24951288fa47e8a:0x5707 
0xa5ecd89cd9f83c477337ee99d24951288fa47e8a:0x570a 
0xa5ecd89cd9f83c477337ee99d24951288fa47e8a:0x61bf 
0xa5ecd89cd9f83c477337ee99d24951288fa47e8a:0x61c0 
0xa5ecd89cd9f83c477337ee99d24951288fa47e8a:0x61c2 
0xa5ecd89cd9f83c477337ee99d24951288fa47e8a:0x61c3 
0xa5ecd89cd9f83c477337ee99d24951288fa47e8a:0x61c4 
0xa5ecd89cd9f83c477337ee99d24951288fa47e8a:0x61c5 
0xa5ecd89cd9f83c477337ee99d24951288fa47e8a:0x61c6 
0xa5ecd89cd9f83c477337ee99d24951288fa47e8a:0x61c7 
0xa5ecd89cd9f83c477337ee99d24951288fa47e8a:0x61c8 
0xa5ecd89cd9f83c477337ee99d24951288fa47e8a:0x570b 
0xa5ecd89cd9f83c477337ee99d24951288fa47e8a:0x570c 
0xa5ecd89cd9f83c477337ee99d24951288fa47e8a:0x570d 
0xa5ecd89cd9f83c477337ee99d24951288fa47e8a:0x570e 
0xa5ecd89cd9f83c477337ee99d24951288fa47e8a:0x570f 
0xa5ecd89cd9f83c477337ee99d24951288fa47e8a:0x5710 
0xa5ecd89cd9f83c477337ee99d24951288fa47e8a:0x5eec 
0xa5ecd89cd9f83c477337ee99d24951288fa47e8a:0x5eed 
0xa5ecd89cd9f83c477337ee99d24951288fa47e8a:0x5eee 
0xa5ecd89cd9f83c477337ee99d24951288fa47e8a:0x5eef 
0xa5ecd89cd9f83c477337ee99d24951288fa47e8a:0x5ef0 
0xa5ecd89cd9f83c477337ee99d24951288fa47e8a:0x5ef1 
0xa5ecd89cd9f83c477337ee99d24951288fa47e8a:0x836 
0xa5ecd89cd9f83c477337ee99d24951288fa47e8a:0x837 
0xa5ecd89cd9f83c477337ee99d24951288fa47e8a:0x839 
0xa5ecd89cd9f83c477337ee99d24951288fa47e8a:0x83a 
0xa5ecd89cd9f83c477337ee99d24951288fa47e8a:0x83b 
0xa5ecd89cd9f83c477337ee99d24951288fa47e8a:0x83c 
0xa5ecd89cd9f83c477337ee99d24951288fa47e8a:0x83d 
0xa5ecd89cd9f83c477337ee99d24951288fa47e8a:0x83e 
