---
0xa5ecd89cd9f83c477337ee99d24951288fa47e8a:0x0 *
0xa5ecd89cd9f83c477337ee99d24951288fa47e8a:0x2 *
0xa5ecd89cd9f83c477337ee99d24951288fa47e8a:0x4 *
0xa5ecd89cd9f83c477337ee99d24951288fa47e8a:0x5 *
0xa5ecd89cd9f83c477337ee99d24951288fa47e8a:0x6 *
0xa5ecd89cd9f83c477337ee99d24951288fa47e8a:0x7 *
0xa5ecd89cd9f83c477337ee99d24951288fa47e8a:0x8 *
0xa5ecd89cd9f83c477337ee99d24951288fa47e8a:0xb *
0xa5ecd89cd9f83c477337ee99d24951288fa47e8a:0x10 *
0xa5ecd89cd9f83c477337ee99d24951288fa47e8a:0x11 *
0xa5ecd89cd9f83c477337ee99d24951288fa47e8a:0x12 *
0xa5ecd89cd9f83c477337ee99d24951288fa47e8a:0x15 *
0xa5ecd89cd9f83c477337ee99d24951288fa47e8a:0x16 *
0xa5ecd89cd9f83c477337ee99d24951288fa47e8a:0x1a *
0xa5ecd89cd9f83c477337ee99d24951288fa47e8a:0x1c *
0xa5ecd89cd9f83c477337ee99d24951288fa47e8a:0x1d *
0xa5ecd89cd9f83c477337ee99d24951288fa47e8a:0x1f *
---
0xa5ecd89cd9f83c477337ee99d24951288fa47e8a:0x0 
0xa5ecd89cd9f83c477337ee99d24951288fa47e8a:0x2 
0xa5ecd89cd9f83c477337ee99d24951288fa47e8a:0x4 
0xa5ecd89cd9f83c477337ee99d24951288fa47e8a:0x5 
0xa5ecd89cd9f83c477337ee99d24951288fa47e8a:0x6 
0xa5ecd89cd9f83c477337ee99d24951288fa47e8a:0x7 
0xa5ecd89cd9f83c477337ee99d24951288fa47e8a:0x8 
0xa5ecd89cd9f83c477337ee99d24951288fa47e8a:0xb 
0xa5ecd89cd9f83c477337ee99d24951288fa47e8a:0x10 
0xa5ecd89cd9f83c477337ee99d24951288fa47e8a:0x11 
0xa5ecd89cd9f83c477337ee99d24951288fa47e8a:0x12 
0xa5ecd89cd9f83c477337ee99d24951288fa47e8a:0x14 
0xa5ecd89cd9f83c477337ee99d24951288fa47e8a:0x15 
0xa5ecd89cd9f83c477337ee99d24951288fa47e8a:0x16 
0xa5ecd89cd9f83c477337ee99d24951288fa47e8a:0x19 
0xa5ecd89cd9f83c477337ee99d24951288fa47e8a:0x1a 
0xa5ecd89cd9f83c477337ee99d24951288fa47e8a:0x1c 
0xa5ecd89cd9f83c477337ee99d24951288fa47e8a:0x1d 
0xa5ecd89cd9f83c477337ee99d24951288fa47e8a:0x1f 
0xa5ecd89cd9f83c477337ee99d24951288fa47e8a:0x20 
0xa5ecd89cd9f83c477337ee99d24951288fa47e8a:0x21 
0xa5ecd89cd9f83c477337ee99d24951288fa47e8a:0x26 
0xa5ecd89cd9f83c477337ee99d24951288fa47e8a:0x27 
0xa5ecd89cd9f83c477337ee99d24951288fa47e8a:0x2a 
0xa5ecd89cd9f83c477337ee99d24951288fa47e8a:0x2b 
0xa5ecd89cd9f83c477337ee99d24951288fa47e8a:0x2c 
0xa5ecd89cd9f83c477337ee99d24951288fa47e8a:0x31 
0xa5ecd89cd9f83c477337ee99d24951288fa47e8a:0x32 
0xa5ecd89cd9f83c477337ee99d24951288fa47e8a:0x35 
0xa5ecd89cd9f83c477337ee99d24951288fa47e8a:0xb8 
0xa5ecd89cd9f83c477337ee99d24951288fa47e8a:0xb9 
0xa5ecd89cd9f83c477337ee99d24951288fa47e8a:0xba 
0xa5ecd89cd9f83c477337ee99d24951288fa47e8a:0xbf 
0xa5ecd89cd9f83c477337ee99d24951288fa47e8a:0xc0 
0xa5ecd89cd9f83c477337ee99d24951288fa47e8a:0xc3 
0xa5ecd89cd9f83c477337ee99d24951288fa47e8a:0xff 
0xa5ecd89cd9f83c477337ee99d24951288fa47e8a:0x100 
0xa5ecd89cd9f83c477337ee99d24951288fa47e8a:0x101 
0xa5ecd89cd9f83c477337ee99d24951288fa47e8a:0x106 
0xa5ecd89cd9f83c477337ee99d24951288fa47e8a:0x107 
0xa5ecd89cd9f83c477337ee99d24951288fa47e8a:0x10a 
0xa5ecd89cd9f83c477337ee99d24951288fa47e8a:0x568 
0xa5ecd89cd9f83c477337ee99d24951288fa47e8a:0x569 
0xa5ecd89cd9f83c477337ee99d24951288fa47e8a:0x56c 
0xa5ecd89cd9f83c477337ee99d24951288fa47e8a:0x56e 
0xa5ecd89cd9f83c477337ee99d24951288fa47e8a:0x56f 
0xa5ecd89cd9f83c477337ee99d24951288fa47e8a:0x570 
0xa5ecd89cd9f83c477337ee99d24951288fa47e8a:0x571 
0xa5ecd89cd9f83c477337ee99d24951288fa47e8a:0x572 
0xa5ecd89cd9f83c477337ee99d24951288fa47e8a:0x573 
0xa5ecd89cd9f83c477337ee99d24951288fa47e8a:0x574 
0xa5ecd89cd9f83c477337ee99d24951288fa47e8a:0x577 
0xa5ecd89cd9f83c477337ee99d24951288fa47e8a:0x578 
0xa5ecd89cd9f83c477337ee99d24951288fa47e8a:0x579 
0xa5ecd89cd9f83c477337ee99d24951288fa47e8a:0x57c 
0xa5ecd89cd9f83c477337ee99d24951288fa47e8a:0x4e20 
0xa5ecd89cd9f83c477337ee99d24951288fa47e8a:0x4e21 
0xa5ecd89cd9f83c477337ee99d24951288fa47e8a:0x4e23 
0xa5ecd89cd9f83c477337ee99d24951288fa47e8a:0x4e25 
0xa5ecd89cd9f83c477337ee99d24951288fa47e8a:0x4e26 
0xa5ecd89cd9f83c477337ee99d24951288fa47e8a:0x4e27 
0xa5ecd89cd9f83c477337ee99d24951288fa47e8a:0x4e28 
0xa5ecd89cd9f83c477337ee99d24951288fa47e8a:0x4e29 
0xa5ecd89cd9f83c477337ee99d24951288fa47e8a:0x4e2a 
0xa5ecd89cd9f83c477337ee99d24951288fa47e8a:0x4e2d 
0xa5ecd89cd9f83c477337ee99d24951288fa47e8a:0x4e36 
0xa5ecd89cd9f83c477337ee99d24951288fa47e8a:0x4e37 
0xa5ecd89cd9f83c477337ee99d24951288fa47e8a:0x4e39 
0xa5ecd89cd9f83c477337ee99d24951288fa47e8a:0x4e3c 
0xa5ecd89cd9f83c477337ee99d24951288fa47e8a:0x4e3d 
0xa5ecd89cd9f83c477337ee99d24951288fa47e8a:0x4e3e 
0xa5ecd89cd9f83c477337ee99d24951288fa47e8a:0x4e3f 
0xa5ecd89cd9f83c477337ee99d24951288fa47e8a:0x4e40 
0xa5ecd89cd9f83c477337ee99d24951288fa47e8a:0x4e43 
0xa5ecd89cd9f83c477337ee99d24951288fa47e8a:0x4a2e 
0xa5ecd89cd9f83c477337ee99d24951288fa47e8a:0x4a2f 
0xa5ecd89cd9f83c477337ee99d24951288fa47e8a:0x4a31 
0xa5ecd89cd9f83c477337ee99d24951288fa47e8a:0x4a32 
0xa5ecd89cd9f83c477337ee99d24951288fa47e8a:0x4a33 
0xa5ecd89cd9f83c477337ee99d24951288fa47e8a:0x4a34 
0xa5ecd89cd9f83c477337ee99d24951288fa47e8a:0x4a35 
0xa5ecd89cd9f83c477337ee99d24951288fa47e8a:0x4a38 
0xa5ecd89cd9f83c477337ee99d24951288fa47e8a:0x4a39 
0xa5ecd89cd9f83c477337ee99d24951288fa47e8a:0x4a3c 
0xa5ecd89cd9f83c477337ee99d24951288fa47e8a:0x70a5 
0xa5ecd89cd9f83c477337ee99d24951288fa47e8a:0x70a6 
0xa5ecd89cd9f83c477337ee99d24951288fa47e8a:0x70a9 
0xa5ecd89cd9f83c477337ee99d24951288fa47e8a:0x70aa 
0xa5ecd89cd9f83c477337ee99d24951288fa47e8a:0x70ad 
0xa5ecd89cd9f83c477337ee99d24951288fa47e8a:0x611e 
0xa5ecd89cd9f83c477337ee99d24951288fa47e8a:0x611f 
0xa5ecd89cd9f83c477337ee99d24951288fa47e8a:0x6121 
0xa5ecd89cd9f83c477337ee99d24951288fa47e8a:0x6122 
0xa5ecd89cd9f83c477337ee99d24951288fa47e8a:0x6123 
0xa5ecd89cd9f83c477337ee99d24951288fa47e8a:0x6124 
0xa5ecd89cd9f83c477337ee99d24951288fa47e8a:0x6125 
0xa5ecd89cd9f83c477337ee99d24951288fa47e8a:0x6126 
0xa5ecd89cd9f83c477337ee99d24951288fa47e8a:0x6127 
0xa5ecd89cd9f83c477337ee99d24951288fa47e8a:0x70ae 
0xa5ecd89cd9f83c477337ee99d24951288fa47e8a:0x70af 
0xa5ecd89cd9f83c477337ee99d24951288fa47e8a:0x70b0 
0xa5ecd89cd9f83c477337ee99d24951288fa47e8a:0x70b1 
0xa5ecd89cd9f83c477337ee99d24951288fa47e8a:0x70b4 
0xa5ecd89cd9f83c477337ee99d24951288fa47e8a:0x70b9 
0xa5ecd89cd9f83c477337ee99d24951288fa47e8a:0x70ba 
0xa5ecd89cd9f83c477337ee99d24951288fa47e8a:0x70bb 
0xa5ecd89cd9f83c477337ee99d24951288fa47e8a:0x4a3d 
0xa5ecd89cd9f83c477337ee99d24951288fa47e8a:0x4a3e 
0xa5ecd89cd9f83c477337ee99d24951288fa47e8a:0x4a3f 
0xa5ecd89cd9f83c477337ee99d24951288fa47e8a:0x4a40 
0xa5ecd89cd9f83c477337ee99d24951288fa47e8a:0x4a41 
0xa5ecd89cd9f83c477337ee99d24951288fa47e8a:0x4a42 
0xa5ecd89cd9f83c477337ee99d24951288fa47e8a:0x4e44 
0xa5ecd89cd9f83c477337ee99d24951288fa47e8a:0x4e45 
0xa5ecd89cd9f83c477337ee99d24951288fa47e8a:0x4e46 
0xa5ecd89cd9f83c477337ee99d24951288fa47e8a:0x4e47 
0xa5ecd89cd9f83c477337ee99d24951288fa47e8a:0x4e48 
0xa5ecd89cd9f83c477337ee99d24951288fa47e8a:0x4e49 
0xa5ecd89cd9f83c477337ee99d24951288fa47e8a:0x4e4a 
0xa5ecd89cd9f83c477337ee99d24951288fa47e8a:0x4e4b 
0xa5ecd89cd9f83c477337ee99d24951288fa47e8a:0x4e4c 
0xa5ecd89cd9f83c477337ee99d24951288fa47e8a:0x57d 
0xa5ecd89cd9f83c477337ee99d24951288fa47e8a:0x57e 
0xa5ecd89cd9f83c477337ee99d24951288fa47e8a:0x581 
0xa5ecd89cd9f83c477337ee99d24951288fa47e8a:0x1652 
0xa5ecd89cd9f83c477337ee99d24951288fa47e8a:0x1653 
0xa5ecd89cd9f83c477337ee99d24951288fa47e8a:0x1656 
0xa5ecd89cd9f83c477337ee99d24951288fa47e8a:0x1659 
0xa5ecd89cd9f83c477337ee99d24951288fa47e8a:0x489c 
0xa5ecd89cd9f83c477337ee99d24951288fa47e8a:0x489d 
0xa5ecd89cd9f83c477337ee99d24951288fa47e8a:0x489f 
0xa5ecd89cd9f83c477337ee99d24951288fa47e8a:0x48a0 
0xa5ecd89cd9f83c477337ee99d24951288fa47e8a:0x48a1 
0xa5ecd89cd9f83c477337ee99d24951288fa47e8a:0x48a3 
0xa5ecd89cd9f83c477337ee99d24951288fa47e8a:0x48a4 
0xa5ecd89cd9f83c477337ee99d24951288fa47e8a:0x48a6 
0xa5ecd89cd9f83c477337ee99d24951288fa47e8a:0x48a7 
0xa5ecd89cd9f83c477337ee99d24951288fa47e8a:0x48a8 
0xa5ecd89cd9f83c477337ee99d24951288fa47e8a:0x48aa 
0xa5ecd89cd9f83c477337ee99d24951288fa47e8a:0x48ab 
0xa5ecd89cd9f83c477337ee99d24951288fa47e8a:0x48ac 
0xa5ecd89cd9f83c477337ee99d24951288fa47e8a:0x48ae 
0xa5ecd89cd9f83c477337ee99d24951288fa47e8a:0x48af 
0xa5ecd89cd9f83c477337ee99d24951288fa47e8a:0x48b1 
0xa5ecd89cd9f83c477337ee99d24951288fa47e8a:0x48c6 
0xa5ecd89cd9f83c477337ee99d24951288fa47e8a:0x48c7 
0xa5ecd89cd9f83c477337ee99d24951288fa47e8a:0x48c8 
0xa5ecd89cd9f83c477337ee99d24951288fa47e8a:0x48c9 
0xa5ecd89cd9f83c477337ee99d24951288fa47e8a:0x48cb 
0xa5ecd89cd9f83c477337ee99d24951288fa47e8a:0x48cc 
0xa5ecd89cd9f83c477337ee99d24951288fa47e8a:0x48ce 
0xa5ecd89cd9f83c477337ee99d24951288fa47e8a:0x48cf 
0xa5ecd89cd9f83c477337ee99d24951288fa47e8a:0x48d0 
0xa5ecd89cd9f83c477337ee99d24951288fa47e8a:0x48d2 
0xa5ecd89cd9f83c477337ee99d24951288fa47e8a:0x48d3 
0xa5ecd89cd9f83c477337ee99d24951288fa47e8a:0x48d5 
0xa5ecd89cd9f83c477337ee99d24951288fa47e8a:0x48d7 
0xa5ecd89cd9f83c477337ee99d24951288fa47e8a:0x48d8 
0xa5ecd89cd9f83c477337ee99d24951288fa47e8a:0x48d9 
0xa5ecd89cd9f83c477337ee99d24951288fa47e8a:0x48da 
0xa5ecd89cd9f83c477337ee99d24951288fa47e8a:0x48dd 
0xa5ecd89cd9f83c477337ee99d24951288fa47e8a:0x48e6 
0xa5ecd89cd9f83c477337ee99d24951288fa47e8a:0x48e7 
0xa5ecd89cd9f83c477337ee99d24951288fa47e8a:0x48e8 
0xa5ecd89cd9f83c477337ee99d24951288fa47e8a:0x48e9 
0xa5ecd89cd9f83c477337ee99d24951288fa47e8a:0x48eb 
0xa5ecd89cd9f83c477337ee99d24951288fa47e8a:0x48ec 
0xa5ecd89cd9f83c477337ee99d24951288fa47e8a:0x48ef 
0xa5ecd89cd9f83c477337ee99d24951288fa47e8a:0x48f2 
0xa5ecd89cd9f83c477337ee99d24951288fa47e8a:0x48f9 
0xa5ecd89cd9f83c477337ee99d24951288fa47e8a:0x48fa 
0xa5ecd89cd9f83c477337ee99d24951288fa47e8a:0x48fc 
0xa5ecd89cd9f83c477337ee99d24951288fa47e8a:0x48fd 
0xa5ecd89cd9f83c477337ee99d24951288fa47e8a:0x48fe 
0xa5ecd89cd9f83c477337ee99d24951288fa47e8a:0x4900 
0xa5ecd89cd9f83c477337ee99d24951288fa47e8a:0x4901 
0xa5ecd89cd9f83c477337ee99d24951288fa47e8a:0x4903 
0xa5ecd89cd9f83c477337ee99d24951288fa47e8a:0x4904 
0xa5ecd89cd9f83c477337ee99d24951288fa47e8a:0x4905 
0xa5ecd89cd9f83c477337ee99d24951288fa47e8a:0x4907 
0xa5ecd89cd9f83c477337ee99d24951288fa47e8a:0x490c 
0xa5ecd89cd9f83c477337ee99d24951288fa47e8a:0x490d 
0xa5ecd89cd9f83c477337ee99d24951288fa47e8a:0x490e 
0xa5ecd89cd9f83c477337ee99d24951288fa47e8a:0x490f 
0xa5ecd89cd9f83c477337ee99d24951288fa47e8a:0x4911 
0xa5ecd89cd9f83c477337ee99d24951288fa47e8a:0x4912 
0xa5ecd89cd9f83c477337ee99d24951288fa47e8a:0x4914 
0xa5ecd89cd9f83c477337ee99d24951288fa47e8a:0x4919 
0xa5ecd89cd9f83c477337ee99d24951288fa47e8a:0x491a 
0xa5ecd89cd9f83c477337ee99d24951288fa47e8a:0x491b 
0xa5ecd89cd9f83c477337ee99d24951288fa47e8a:0x491c 
0xa5ecd89cd9f83c477337ee99d24951288fa47e8a:0x491d 
0xa5ecd89cd9f83c477337ee99d24951288fa47e8a:0x491e 
0xa5ecd89cd9f83c477337ee99d24951288fa47e8a:0x48f3 
0xa5ecd89cd9f83c477337ee99d24951288fa47e8a:0x48f4 
0xa5ecd89cd9f83c477337ee99d24951288fa47e8a:0x48f5 
0xa5ecd89cd9f83c477337ee99d24951288fa47e8a:0x48f6 
0xa5ecd89cd9f83c477337ee99d24951288fa47e8a:0x48f7 
0xa5ecd89cd9f83c477337ee99d24951288fa47e8a:0x48f8 
0xa5ecd89cd9f83c477337ee99d24951288fa47e8a:0x165a 
0xa5ecd89cd9f83c477337ee99d24951288fa47e8a:0x165b 
0xa5ecd89cd9f83c477337ee99d24951288fa47e8a:0x165e 
0xa5ecd89cd9f83c477337ee99d24951288fa47e8a:0x1660 
0xa5ecd89cd9f83c477337ee99d24951288fa47e8a:0x1661 
0xa5ecd89cd9f83c477337ee99d24951288fa47e8a:0x1662 
0xa5ecd89cd9f83c477337ee99d24951288fa47e8a:0x1663 
0xa5ecd89cd9f83c477337ee99d24951288fa47e8a:0x1665 
0xa5ecd89cd9f83c477337ee99d24951288fa47e8a:0x1666 
0xa5ecd89cd9f83c477337ee99d24951288fa47e8a:0x1667 
0xa5ecd89cd9f83c477337ee99d24951288fa47e8a:0x1668 
0xa5ecd89cd9f83c477337ee99d24951288fa47e8a:0x1669 
0xa5ecd89cd9f83c477337ee99d24951288fa47e8a:0x166b 
0xa5ecd89cd9f83c477337ee99d24951288fa47e8a:0x166c 
0xa5ecd89cd9f83c477337ee99d24951288fa47e8a:0x166e 
0xa5ecd89cd9f83c477337ee99d24951288fa47e8a:0x166f 
0xa5ecd89cd9f83c477337ee99d24951288fa47e8a:0x1671 
0xa5ecd89cd9f83c477337ee99d24951288fa47e8a:0x1672 
0xa5ecd89cd9f83c477337ee99d24951288fa47e8a:0x1673 
0xa5ecd89cd9f83c477337ee99d24951288fa47e8a:0x1675 
0xa5ecd89cd9f83c477337ee99d24951288fa47e8a:0x1676 
0xa5ecd89cd9f83c477337ee99d24951288fa47e8a:0x1678 
0xa5ecd89cd9f83c477337ee99d24951288fa47e8a:0x1679 
0xa5ecd89cd9f83c477337ee99d24951288fa47e8a:0x167a 
0xa5ecd89cd9f83c477337ee99d24951288fa47e8a:0x167b 
0xa5ecd89cd9f83c477337ee99d24951288fa47e8a:0x167d 
0xa5ecd89cd9f83c477337ee99d24951288fa47e8a:0x167e 
0xa5ecd89cd9f83c477337ee99d24951288fa47e8a:0x167f 
0xa5ecd89cd9f83c477337ee99d24951288fa47e8a:0x1680 
0xa5ecd89cd9f83c477337ee99d24951288fa47e8a:0x1681 
0xa5ecd89cd9f83c477337ee99d24951288fa47e8a:0x1682 
0xa5ecd89cd9f83c477337ee99d24951288fa47e8a:0x1684 
0xa5ecd89cd9f83c477337ee99d24951288fa47e8a:0x1685 
0xa5ecd89cd9f83c477337ee99d24951288fa47e8a:0x1687 
0xa5ecd89cd9f83c477337ee99d24951288fa47e8a:0x1688 
0xa5ecd89cd9f83c477337ee99d24951288fa47e8a:0x1689 
0xa5ecd89cd9f83c477337ee99d24951288fa47e8a:0x168b 
0xa5ecd89cd9f83c477337ee99d24951288fa47e8a:0x168c 
0xa5ecd89cd9f83c477337ee99d24951288fa47e8a:0x168d 
0xa5ecd89cd9f83c477337ee99d24951288fa47e8a:0x168e 
0xa5ecd89cd9f83c477337ee99d24951288fa47e8a:0x1691 
0xa5ecd89cd9f83c477337ee99d24951288fa47e8a:0x1692 
0xa5ecd89cd9f83c477337ee99d24951288fa47e8a:0x1693 
0xa5ecd89cd9f83c477337ee99d24951288fa47e8a:0x1694 
0xa5ecd89cd9f83c477337ee99d24951288fa47e8a:0x16a9 
0xa5ecd89cd9f83c477337ee99d24951288fa47e8a:0x16aa 
0xa5ecd89cd9f83c477337ee99d24951288fa47e8a:0x16bf 
0xa5ecd89cd9f83c477337ee99d24951288fa47e8a:0x16c0 
0xa5ecd89cd9f83c477337ee99d24951288fa47e8a:0x16d5 
0xa5ecd89cd9f83c477337ee99d24951288fa47e8a:0x16d6 
0xa5ecd89cd9f83c477337ee99d24951288fa47e8a:0x16d7 
0xa5ecd89cd9f83c477337ee99d24951288fa47e8a:0x16d8 
0xa5ecd89cd9f83c477337ee99d24951288fa47e8a:0x16da 
0xa5ecd89cd9f83c477337ee99d24951288fa47e8a:0x16db 
0xa5ecd89cd9f83c477337ee99d24951288fa47e8a:0x16dd 
0xa5ecd89cd9f83c477337ee99d24951288fa47e8a:0x16de 
0xa5ecd89cd9f83c477337ee99d24951288fa47e8a:0x16df 
0xa5ecd89cd9f83c477337ee99d24951288fa47e8a:0x16e0 
0xa5ecd89cd9f83c477337ee99d24951288fa47e8a:0x16e1 
0xa5ecd89cd9f83c477337ee99d24951288fa47e8a:0x16e2 
0xa5ecd89cd9f83c477337ee99d24951288fa47e8a:0x16e4 
0xa5ecd89cd9f83c477337ee99d24951288fa47e8a:0x16e5 
0xa5ecd89cd9f83c477337ee99d24951288fa47e8a:0x16e7 
0xa5ecd89cd9f83c477337ee99d24951288fa47e8a:0x16e8 
0xa5ecd89cd9f83c477337ee99d24951288fa47e8a:0x16e9 
0xa5ecd89cd9f83c477337ee99d24951288fa47e8a:0x16eb 
0xa5ecd89cd9f83c477337ee99d24951288fa47e8a:0x16ec 
0xa5ecd89cd9f83c477337ee99d24951288fa47e8a:0x16ed 
0xa5ecd89cd9f83c477337ee99d24951288fa47e8a:0x16ee 
0xa5ecd89cd9f83c477337ee99d24951288fa47e8a:0x16f1 
0xa5ecd89cd9f83c477337ee99d24951288fa47e8a:0x16f2 
0xa5ecd89cd9f83c477337ee99d24951288fa47e8a:0x16f3 
0xa5ecd89cd9f83c477337ee99d24951288fa47e8a:0x16f4 
0xa5ecd89cd9f83c477337ee99d24951288fa47e8a:0x16f6 
0xa5ecd89cd9f83c477337ee99d24951288fa47e8a:0x16f7 
0xa5ecd89cd9f83c477337ee99d24951288fa47e8a:0x16f9 
0xa5ecd89cd9f83c477337ee99d24951288fa47e8a:0x16fa 
0xa5ecd89cd9f83c477337ee99d24951288fa47e8a:0x16fb 
0xa5ecd89cd9f83c477337ee99d24951288fa47e8a:0x16fc 
0xa5ecd89cd9f83c477337ee99d24951288fa47e8a:0x16ff 
0xa5ecd89cd9f83c477337ee99d24951288fa47e8a:0x1708 
0xa5ecd89cd9f83c477337ee99d24951288fa47e8a:0x1709 
0xa5ecd89cd9f83c477337ee99d24951288fa47e8a:0x170b 
0xa5ecd89cd9f83c477337ee99d24951288fa47e8a:0x170c 
0xa5ecd89cd9f83c477337ee99d24951288fa47e8a:0x170d 
0xa5ecd89cd9f83c477337ee99d24951288fa47e8a:0x170e 
0xa5ecd89cd9f83c477337ee99d24951288fa47e8a:0x1711 
0xa5ecd89cd9f83c477337ee99d24951288fa47e8a:0x171a 
0xa5ecd89cd9f83c477337ee99d24951288fa47e8a:0x171b 
0xa5ecd89cd9f83c477337ee99d24951288fa47e8a:0x171c 
0xa5ecd89cd9f83c477337ee99d24951288fa47e8a:0x171d 
0xa5ecd89cd9f83c477337ee99d24951288fa47e8a:0x171f 
0xa5ecd89cd9f83c477337ee99d24951288fa47e8a:0x1720 
0xa5ecd89cd9f83c477337ee99d24951288fa47e8a:0x1722 
0xa5ecd89cd9f83c477337ee99d24951288fa47e8a:0x1723 
0xa5ecd89cd9f83c477337ee99d24951288fa47e8a:0x1724 
0xa5ecd89cd9f83c477337ee99d24951288fa47e8a:0x1726 
0xa5ecd89cd9f83c477337ee99d24951288fa47e8a:0x1727 
0xa5ecd89cd9f83c477337ee99d24951288fa47e8a:0x1728 
0xa5ecd89cd9f83c477337ee99d24951288fa47e8a:0x172a 
0xa5ecd89cd9f83c477337ee99d24951288fa47e8a:0x172b 
0xa5ecd89cd9f83c477337ee99d24951288fa47e8a:0x172d 
0xa5ecd89cd9f83c477337ee99d24951288fa47e8a:0x172e 
0xa5ecd89cd9f83c477337ee99d24951288fa47e8a:0x172f 
0xa5ecd89cd9f83c477337ee99d24951288fa47e8a:0x1730 
0xa5ecd89cd9f83c477337ee99d24951288fa47e8a:0x1732 
0xa5ecd89cd9f83c477337ee99d24951288fa47e8a:0x1733 
0xa5ecd89cd9f83c477337ee99d24951288fa47e8a:0x1734 
0xa5ecd89cd9f83c477337ee99d24951288fa47e8a:0x1736 
0xa5ecd89cd9f83c477337ee99d24951288fa47e8a:0x1737 
0xa5ecd89cd9f83c477337ee99d24951288fa47e8a:0x1738 
0xa5ecd89cd9f83c477337ee99d24951288fa47e8a:0x1739 
0xa5ecd89cd9f83c477337ee99d24951288fa47e8a:0x173c 
0xa5ecd89cd9f83c477337ee99d24951288fa47e8a:0x173d 
0xa5ecd89cd9f83c477337ee99d24951288fa47e8a:0x173e 
0xa5ecd89cd9f83c477337ee99d24951288fa47e8a:0x173f 
0xa5ecd89cd9f83c477337ee99d24951288fa47e8a:0x1744 
0xa5ecd89cd9f83c477337ee99d24951288fa47e8a:0x1745 
0xa5ecd89cd9f83c477337ee99d24951288fa47e8a:0x174a 
0xa5ecd89cd9f83c477337ee99d24951288fa47e8a:0x174b 
0xa5ecd89cd9f83c477337ee99d24951288fa47e8a:0x1750 
0xa5ecd89cd9f83c477337ee99d24951288fa47e8a:0x1751 
0xa5ecd89cd9f83c477337ee99d24951288fa47e8a:0x1752 
0xa5ecd89cd9f83c477337ee99d24951288fa47e8a:0x1753 
0xa5ecd89cd9f83c477337ee99d24951288fa47e8a:0x1755 
0xa5ecd89cd9f83c477337ee99d24951288fa47e8a:0x1756 
0xa5ecd89cd9f83c477337ee99d24951288fa47e8a:0x1758 
0xa5ecd89cd9f83c477337ee99d24951288fa47e8a:0x1759 
0xa5ecd89cd9f83c477337ee99d24951288fa47e8a:0x175a 
0xa5ecd89cd9f83c477337ee99d24951288fa47e8a:0x175c 
0xa5ecd89cd9f83c477337ee99d24951288fa47e8a:0x175d 
0xa5ecd89cd9f83c477337ee99d24951288fa47e8a:0x175e 
0xa5ecd89cd9f83c477337ee99d24951288fa47e8a:0x175f 
0xa5ecd89cd9f83c477337ee99d24951288fa47e8a:0x1762 
0xa5ecd89cd9f83c477337ee99d24951288fa47e8a:0x1763 
0xa5ecd89cd9f83c477337ee99d24951288fa47e8a:0x1764 
0xa5ecd89cd9f83c477337ee99d24951288fa47e8a:0x1765 
0xa5ecd89cd9f83c477337ee99d24951288fa47e8a:0x176a 
0xa5ecd89cd9f83c477337ee99d24951288fa47e8a:0x176b 
0xa5ecd89cd9f83c477337ee99d24951288fa47e8a:0x1770 
0xa5ecd89cd9f83c477337ee99d24951288fa47e8a:0x1771 
0xa5ecd89cd9f83c477337ee99d24951288fa47e8a:0x1776 
0xa5ecd89cd9f83c477337ee99d24951288fa47e8a:0x1777 
0xa5ecd89cd9f83c477337ee99d24951288fa47e8a:0x1778 
0xa5ecd89cd9f83c477337ee99d24951288fa47e8a:0x1779 
0xa5ecd89cd9f83c477337ee99d24951288fa47e8a:0x177a 
0xa5ecd89cd9f83c477337ee99d24951288fa47e8a:0x177b 
0xa5ecd89cd9f83c477337ee99d24951288fa47e8a:0x177c 
0xa5ecd89cd9f83c477337ee99d24951288fa47e8a:0x177d 
0xa5ecd89cd9f83c477337ee99d24951288fa47e8a:0x177e 
0xa5ecd89cd9f83c477337ee99d24951288fa47e8a:0x177f 
0xa5ecd89cd9f83c477337ee99d24951288fa47e8a:0x1780 
0xa5ecd89cd9f83c477337ee99d24951288fa47e8a:0x1781 
0xa5ecd89cd9f83c477337ee99d24951288fa47e8a:0x1782 
0xa5ecd89cd9f83c477337ee99d24951288fa47e8a:0x1783 
0xa5ecd89cd9f83c477337ee99d24951288fa47e8a:0x1784 
0xa5ecd89cd9f83c477337ee99d24951288fa47e8a:0x582 
0xa5ecd89cd9f83c477337ee99d24951288fa47e8a:0x583 
0xa5ecd89cd9f83c477337ee99d24951288fa47e8a:0x585 
0xa5ecd89cd9f83c477337ee99d24951288fa47e8a:0x586 
0xa5ecd89cd9f83c477337ee99d24951288fa47e8a:0x589 
0xa5ecd89cd9f83c477337ee99d24951288fa47e8a:0x58a 
0xa5ecd89cd9f83c477337ee99d24951288fa47e8a:0x58b 
0xa5ecd89cd9f83c477337ee99d24951288fa47e8a:0x58e 
0xa5ecd89cd9f83c477337ee99d24951288fa47e8a:0x5ea1 
0xa5ecd89cd9f83c477337ee99d24951288fa47e8a:0x5ea2 
0xa5ecd89cd9f83c477337ee99d24951288fa47e8a:0x5ea4 
0xa5ecd89cd9f83c477337ee99d24951288fa47e8a:0x5ea6 
0xa5ecd89cd9f83c477337ee99d24951288fa47e8a:0x5ea7 
0xa5ecd89cd9f83c477337ee99d24951288fa47e8a:0x5ea8 
0xa5ecd89cd9f83c477337ee99d24951288fa47e8a:0x5ea9 
0xa5ecd89cd9f83c477337ee99d24951288fa47e8a:0x5eaa 
0xa5ecd89cd9f83c477337ee99d24951288fa47e8a:0x5ead 
0xa5ecd89cd9f83c477337ee99d24951288fa47e8a:0x5eaf 
0xa5ecd89cd9f83c477337ee99d24951288fa47e8a:0x5eb0 
0xa5ecd89cd9f83c477337ee99d24951288fa47e8a:0x5eb1 
0xa5ecd89cd9f83c477337ee99d24951288fa47e8a:0x5eb2 
0xa5ecd89cd9f83c477337ee99d24951288fa47e8a:0x5eb5 
0xa5ecd89cd9f83c477337ee99d24951288fa47e8a:0x562d 
0xa5ecd89cd9f83c477337ee99d24951288fa47e8a:0x562e 
0xa5ecd89cd9f83c477337ee99d24951288fa47e8a:0x5630 
0xa5ecd89cd9f83c477337ee99d24951288fa47e8a:0x5631 
0xa5ecd89cd9f83c477337ee99d24951288fa47e8a:0x5632 
0xa5ecd89cd9f83c477337ee99d24951288fa47e8a:0x5634 
0xa5ecd89cd9f83c477337ee99d24951288fa47e8a:0x5635 
0xa5ecd89cd9f83c477337ee99d24951288fa47e8a:0x5636 
0xa5ecd89cd9f83c477337ee99d24951288fa47e8a:0x5637 
0xa5ecd89cd9f83c477337ee99d24951288fa47e8a:0x563a 
0xa5ecd89cd9f83c477337ee99d24951288fa47e8a:0x563c 
0xa5ecd89cd9f83c477337ee99d24951288fa47e8a:0x563d 
0xa5ecd89cd9f83c477337ee99d24951288fa47e8a:0x563e 
0xa5ecd89cd9f83c477337ee99d24951288fa47e8a:0x563f 
0xa5ecd89cd9f83c477337ee99d24951288fa47e8a:0x5642 
0xa5ecd89cd9f83c477337ee99d24951288fa47e8a:0x56f3 
0xa5ecd89cd9f83c477337ee99d24951288fa47e8a:0x56f4 
0xa5ecd89cd9f83c477337ee99d24951288fa47e8a:0x56f7 
0xa5ecd89cd9f83c477337ee99d24951288fa47e8a:0x56f8 
0xa5ecd89cd9f83c477337ee99d24951288fa47e8a:0x56fb 
0xa5ecd89cd9f83c477337ee99d24951288fa47e8a:0x61bf 
0xa5ecd89cd9f83c477337ee99d24951288fa47e8a:0x61c0 
0xa5ecd89cd9f83c477337ee99d24951288fa47e8a:0x61c2 
0xa5ecd89cd9f83c477337ee99d24951288fa47e8a:0x61c3 
0xa5ecd89cd9f83c477337ee99d24951288fa47e8a:0x61c4 
0xa5ecd89cd9f83c477337ee99d24951288fa47e8a:0x61c5 
0xa5ecd89cd9f83c477337ee99d24951288fa47e8a:0x61c6 
0xa5ecd89cd9f83c477337ee99d24951288fa47e8a:0x61c7 
0xa5ecd89cd9f83c477337ee99d24951288fa47e8a:0x61c8 
0xa5ecd89cd9f83c477337ee99d24951288fa47e8a:0x56fc 
0xa5ecd89cd9f83c477337ee99d24951288fa47e8a:0x56fd 
0xa5ecd89cd9f83c477337ee99d24951288fa47e8a:0x56fe 
0xa5ecd89cd9f83c477337ee99d24951288fa47e8a:0x56ff 
0xa5ecd89cd9f83c477337ee99d24951288fa47e8a:0x5700 
0xa5ecd89cd9f83c477337ee99d24951288fa47e8a:0x5701 
0xa5ecd89cd9f83c477337ee99d24951288fa47e8a:0x5643 
0xa5ecd89cd9f83c477337ee99d24951288fa47e8a:0x5644 
0xa5ecd89cd9f83c477337ee99d24951288fa47e8a:0x5645 
0xa5ecd89cd9f83c477337ee99d24951288fa47e8a:0x5647 
0xa5ecd89cd9f83c477337ee99d24951288fa47e8a:0x5648 
0xa5ecd89cd9f83c477337ee99d24951288fa47e8a:0x5649 
0xa5ecd89cd9f83c477337ee99d24951288fa47e8a:0x564a 
0xa5ecd89cd9f83c477337ee99d24951288fa47e8a:0x564d 
0xa5ecd89cd9f83c477337ee99d24951288fa47e8a:0x564f 
0xa5ecd89cd9f83c477337ee99d24951288fa47e8a:0x5650 
0xa5ecd89cd9f83c477337ee99d24951288fa47e8a:0x5651 
0xa5ecd89cd9f83c477337ee99d24951288fa47e8a:0x5652 
0xa5ecd89cd9f83c477337ee99d24951288fa47e8a:0x5655 
0xa5ecd89cd9f83c477337ee99d24951288fa47e8a:0x4ff2 
0xa5ecd89cd9f83c477337ee99d24951288fa47e8a:0x4ff3 
0xa5ecd89cd9f83c477337ee99d24951288fa47e8a:0x4ff6 
0xa5ecd89cd9f83c477337ee99d24951288fa47e8a:0x4ff7 
0xa5ecd89cd9f83c477337ee99d24951288fa47e8a:0x4ffa 
0xa5ecd89cd9f83c477337ee99d24951288fa47e8a:0x6100 
0xa5ecd89cd9f83c477337ee99d24951288fa47e8a:0x6101 
0xa5ecd89cd9f83c477337ee99d24951288fa47e8a:0x6103 
0xa5ecd89cd9f83c477337ee99d24951288fa47e8a:0x6106 
0xa5ecd89cd9f83c477337ee99d24951288fa47e8a:0x6107 
0xa5ecd89cd9f83c477337ee99d24951288fa47e8a:0x610a 
0xa5ecd89cd9f83c477337ee99d24951288fa47e8a:0x619f 
0xa5ecd89cd9f83c477337ee99d24951288fa47e8a:0x61a0 
0xa5ecd89cd9f83c477337ee99d24951288fa47e8a:0x61a2 
0xa5ecd89cd9f83c477337ee99d24951288fa47e8a:0x61b7 
0xa5ecd89cd9f83c477337ee99d24951288fa47e8a:0x61b8 
0xa5ecd89cd9f83c477337ee99d24951288fa47e8a:0x61b9 
0xa5ecd89cd9f83c477337ee99d24951288fa47e8a:0x61ba 
0xa5ecd89cd9f83c477337ee99d24951288fa47e8a:0x61bb 
0xa5ecd89cd9f83c477337ee99d24951288fa47e8a:0x61bc 
0xa5ecd89cd9f83c477337ee99d24951288fa47e8a:0x61bd 
0xa5ecd89cd9f83c477337ee99d24951288fa47e8a:0x61be 
0xa5ecd89cd9f83c477337ee99d24951288fa47e8a:0x610b 
0xa5ecd89cd9f83c477337ee99d24951288fa47e8a:0x610c 
0xa5ecd89cd9f83c477337ee99d24951288fa47e8a:0x610d 
0xa5ecd89cd9f83c477337ee99d24951288fa47e8a:0x610e 
0xa5ecd89cd9f83c477337ee99d24951288fa47e8a:0x610f 
0xa5ecd89cd9f83c477337ee99d24951288fa47e8a:0x6110 
0xa5ecd89cd9f83c477337ee99d24951288fa47e8a:0x6111 
0xa5ecd89cd9f83c477337ee99d24951288fa47e8a:0x4ffb 
0xa5ecd89cd9f83c477337ee99d24951288fa47e8a:0x4ffc 
0xa5ecd89cd9f83c477337ee99d24951288fa47e8a:0x4ffd 
0xa5ecd89cd9f83c477337ee99d24951288fa47e8a:0x4ffe 
0xa5ecd89cd9f83c477337ee99d24951288fa47e8a:0x4fff 
0xa5ecd89cd9f83c477337ee99d24951288fa47e8a:0x5000 
0xa5ecd89cd9f83c477337ee99d24951288fa47e8a:0x5656 
0xa5ecd89cd9f83c477337ee99d24951288fa47e8a:0x5657 
0xa5ecd89cd9f83c477337ee99d24951288fa47e8a:0x5658 
0xa5ecd89cd9f83c477337ee99d24951288fa47e8a:0x565a 
0xa5ecd89cd9f83c477337ee99d24951288fa47e8a:0x565b 
0xa5ecd89cd9f83c477337ee99d24951288fa47e8a:0x565c 
0xa5ecd89cd9f83c477337ee99d24951288fa47e8a:0x565d 
0xa5ecd89cd9f83c477337ee99d24951288fa47e8a:0x5660 
0xa5ecd89cd9f83c477337ee99d24951288fa47e8a:0x5662 
0xa5ecd89cd9f83c477337ee99d24951288fa47e8a:0x5663 
0xa5ecd89cd9f83c477337ee99d24951288fa47e8a:0x5664 
0xa5ecd89cd9f83c477337ee99d24951288fa47e8a:0x5665 
0xa5ecd89cd9f83c477337ee99d24951288fa47e8a:0x5668 
0xa5ecd89cd9f83c477337ee99d24951288fa47e8a:0x56f3 
0xa5ecd89cd9f83c477337ee99d24951288fa47e8a:0x56f4 
0xa5ecd89cd9f83c477337ee99d24951288fa47e8a:0x56f7 
0xa5ecd89cd9f83c477337ee99d24951288fa47e8a:0x56f8 
0xa5ecd89cd9f83c477337ee99d24951288fa47e8a:0x56fb 
0xa5ecd89cd9f83c477337ee99d24951288fa47e8a:0x61bf 
0xa5ecd89cd9f83c477337ee99d24951288fa47e8a:0x61c0 
0xa5ecd89cd9f83c477337ee99d24951288fa47e8a:0x61c2 
0xa5ecd89cd9f83c477337ee99d24951288fa47e8a:0x61c3 
0xa5ecd89cd9f83c477337ee99d24951288fa47e8a:0x61c4 
0xa5ecd89cd9f83c477337ee99d24951288fa47e8a:0x61c5 
0xa5ecd89cd9f83c477337ee99d24951288fa47e8a:0x61c6 
0xa5ecd89cd9f83c477337ee99d24951288fa47e8a:0x61c7 
0xa5ecd89cd9f83c477337ee99d24951288fa47e8a:0x61c8 
0xa5ecd89cd9f83c477337ee99d24951288fa47e8a:0x56fc 
0xa5ecd89cd9f83c477337ee99d24951288fa47e8a:0x56fd 
0xa5ecd89cd9f83c477337ee99d24951288fa47e8a:0x56fe 
0xa5ecd89cd9f83c477337ee99d24951288fa47e8a:0x56ff 
0xa5ecd89cd9f83c477337ee99d24951288fa47e8a:0x5700 
0xa5ecd89cd9f83c477337ee99d24951288fa47e8a:0x5701 
0xa5ecd89cd9f83c477337ee99d24951288fa47e8a:0x5669 
0xa5ecd89cd9f83c477337ee99d24951288fa47e8a:0x566a 
0xa5ecd89cd9f83c477337ee99d24951288fa47e8a:0x566b 
0xa5ecd89cd9f83c477337ee99d24951288fa47e8a:0x566d 
0xa5ecd89cd9f83c477337ee99d24951288fa47e8a:0x566e 
0xa5ecd89cd9f83c477337ee99d24951288fa47e8a:0x566f 
0xa5ecd89cd9f83c477337ee99d24951288fa47e8a:0x5670 
0xa5ecd89cd9f83c477337ee99d24951288fa47e8a:0x5673 
0xa5ecd89cd9f83c477337ee99d24951288fa47e8a:0x5675 
0xa5ecd89cd9f83c477337ee99d24951288fa47e8a:0x5676 
0xa5ecd89cd9f83c477337ee99d24951288fa47e8a:0x5677 
0xa5ecd89cd9f83c477337ee99d24951288fa47e8a:0x5678 
0xa5ecd89cd9f83c477337ee99d24951288fa47e8a:0x567b 
0xa5ecd89cd9f83c477337ee99d24951288fa47e8a:0x505c 
0xa5ecd89cd9f83c477337ee99d24951288fa47e8a:0x505d 
0xa5ecd89cd9f83c477337ee99d24951288fa47e8a:0x5060 
0xa5ecd89cd9f83c477337ee99d24951288fa47e8a:0x5061 
0xa5ecd89cd9f83c477337ee99d24951288fa47e8a:0x5064 
0xa5ecd89cd9f83c477337ee99d24951288fa47e8a:0x61e6 
0xa5ecd89cd9f83c477337ee99d24951288fa47e8a:0x61e7 
0xa5ecd89cd9f83c477337ee99d24951288fa47e8a:0x61e9 
0xa5ecd89cd9f83c477337ee99d24951288fa47e8a:0x61ec 
0xa5ecd89cd9f83c477337ee99d24951288fa47e8a:0x61ed 
0xa5ecd89cd9f83c477337ee99d24951288fa47e8a:0x61f0 
0xa5ecd89cd9f83c477337ee99d24951288fa47e8a:0x6166 
0xa5ecd89cd9f83c477337ee99d24951288fa47e8a:0x6167 
0xa5ecd89cd9f83c477337ee99d24951288fa47e8a:0x6169 
0xa5ecd89cd9f83c477337ee99d24951288fa47e8a:0x616a 
0xa5ecd89cd9f83c477337ee99d24951288fa47e8a:0x616b 
0xa5ecd89cd9f83c477337ee99d24951288fa47e8a:0x616c 
0xa5ecd89cd9f83c477337ee99d24951288fa47e8a:0x616f 
0xa5ecd89cd9f83c477337ee99d24951288fa47e8a:0x6170 
0xa5ecd89cd9f83c477337ee99d24951288fa47e8a:0x6173 
0xa5ecd89cd9f83c477337ee99d24951288fa47e8a:0x703b 
0xa5ecd89cd9f83c477337ee99d24951288fa47e8a:0x703c 
0xa5ecd89cd9f83c477337ee99d24951288fa47e8a:0x703e 
0xa5ecd89cd9f83c477337ee99d24951288fa47e8a:0x703f 
0xa5ecd89cd9f83c477337ee99d24951288fa47e8a:0x7040 
0xa5ecd89cd9f83c477337ee99d24951288fa47e8a:0x7043 
0xa5ecd89cd9f83c477337ee99d24951288fa47e8a:0x704c 
0xa5ecd89cd9f83c477337ee99d24951288fa47e8a:0x704d 
0xa5ecd89cd9f83c477337ee99d24951288fa47e8a:0x704e 
0xa5ecd89cd9f83c477337ee99d24951288fa47e8a:0x6174 
0xa5ecd89cd9f83c477337ee99d24951288fa47e8a:0x6175 
0xa5ecd89cd9f83c477337ee99d24951288fa47e8a:0x6176 
0xa5ecd89cd9f83c477337ee99d24951288fa47e8a:0x6177 
0xa5ecd89cd9f83c477337ee99d24951288fa47e8a:0x6178 
0xa5ecd89cd9f83c477337ee99d24951288fa47e8a:0x61f1 
0xa5ecd89cd9f83c477337ee99d24951288fa47e8a:0x61f2 
0xa5ecd89cd9f83c477337ee99d24951288fa47e8a:0x61f3 
0xa5ecd89cd9f83c477337ee99d24951288fa47e8a:0x61f4 
0xa5ecd89cd9f83c477337ee99d24951288fa47e8a:0x61f5 
0xa5ecd89cd9f83c477337ee99d24951288fa47e8a:0x61f6 
0xa5ecd89cd9f83c477337ee99d24951288fa47e8a:0x61f7 
0xa5ecd89cd9f83c477337ee99d24951288fa47e8a:0x5065 
0xa5ecd89cd9f83c477337ee99d24951288fa47e8a:0x5066 
0xa5ecd89cd9f83c477337ee99d24951288fa47e8a:0x5067 
0xa5ecd89cd9f83c477337ee99d24951288fa47e8a:0x5068 
0xa5ecd89cd9f83c477337ee99d24951288fa47e8a:0x5069 
0xa5ecd89cd9f83c477337ee99d24951288fa47e8a:0x506a 
0xa5ecd89cd9f83c477337ee99d24951288fa47e8a:0x567c 
0xa5ecd89cd9f83c477337ee99d24951288fa47e8a:0x567d 
0xa5ecd89cd9f83c477337ee99d24951288fa47e8a:0x567e 
0xa5ecd89cd9f83c477337ee99d24951288fa47e8a:0x5680 
0xa5ecd89cd9f83c477337ee99d24951288fa47e8a:0x5681 
0xa5ecd89cd9f83c477337ee99d24951288fa47e8a:0x5682 
0xa5ecd89cd9f83c477337ee99d24951288fa47e8a:0x5683 
0xa5ecd89cd9f83c477337ee99d24951288fa47e8a:0x5686 
0xa5ecd89cd9f83c477337ee99d24951288fa47e8a:0x5688 
0xa5ecd89cd9f83c477337ee99d24951288fa47e8a:0x5689 
0xa5ecd89cd9f83c477337ee99d24951288fa47e8a:0x568a 
0xa5ecd89cd9f83c477337ee99d24951288fa47e8a:0x568b 
0xa5ecd89cd9f83c477337ee99d24951288fa47e8a:0x568e 
0xa5ecd89cd9f83c477337ee99d24951288fa47e8a:0x5695 
0xa5ecd89cd9f83c477337ee99d24951288fa47e8a:0x5696 
0xa5ecd89cd9f83c477337ee99d24951288fa47e8a:0x5698 
0xa5ecd89cd9f83c477337ee99d24951288fa47e8a:0x5699 
0xa5ecd89cd9f83c477337ee99d24951288fa47e8a:0x569a 
0xa5ecd89cd9f83c477337ee99d24951288fa47e8a:0x569c 
0xa5ecd89cd9f83c477337ee99d24951288fa47e8a:0x569d 
0xa5ecd89cd9f83c477337ee99d24951288fa47e8a:0x569e 
0xa5ecd89cd9f83c477337ee99d24951288fa47e8a:0x569f 
0xa5ecd89cd9f83c477337ee99d24951288fa47e8a:0x56a2 
0xa5ecd89cd9f83c477337ee99d24951288fa47e8a:0x56a4 
0xa5ecd89cd9f83c477337ee99d24951288fa47e8a:0x56a5 
0xa5ecd89cd9f83c477337ee99d24951288fa47e8a:0x56a6 
0xa5ecd89cd9f83c477337ee99d24951288fa47e8a:0x56a7 
0xa5ecd89cd9f83c477337ee99d24951288fa47e8a:0x56aa 
0xa5ecd89cd9f83c477337ee99d24951288fa47e8a:0x5728 
0xa5ecd89cd9f83c477337ee99d24951288fa47e8a:0x5729 
0xa5ecd89cd9f83c477337ee99d24951288fa47e8a:0x572c 
0xa5ecd89cd9f83c477337ee99d24951288fa47e8a:0x572d 
0xa5ecd89cd9f83c477337ee99d24951288fa47e8a:0x5730 
0xa5ecd89cd9f83c477337ee99d24951288fa47e8a:0x61c9 
0xa5ecd89cd9f83c477337ee99d24951288fa47e8a:0x61ca 
0xa5ecd89cd9f83c477337ee99d24951288fa47e8a:0x61cc 
0xa5ecd89cd9f83c477337ee99d24951288fa47e8a:0x61d1 
0xa5ecd89cd9f83c477337ee99d24951288fa47e8a:0x61d2 
0xa5ecd89cd9f83c477337ee99d24951288fa47e8a:0x61d3 
0xa5ecd89cd9f83c477337ee99d24951288fa47e8a:0x61d4 
0xa5ecd89cd9f83c477337ee99d24951288fa47e8a:0x61d5 
0xa5ecd89cd9f83c477337ee99d24951288fa47e8a:0x61d6 
0xa5ecd89cd9f83c477337ee99d24951288fa47e8a:0x61d7 
0xa5ecd89cd9f83c477337ee99d24951288fa47e8a:0x61d8 
0xa5ecd89cd9f83c477337ee99d24951288fa47e8a:0x5731 
0xa5ecd89cd9f83c477337ee99d24951288fa47e8a:0x5732 
0xa5ecd89cd9f83c477337ee99d24951288fa47e8a:0x5733 
0xa5ecd89cd9f83c477337ee99d24951288fa47e8a:0x5734 
0xa5ecd89cd9f83c477337ee99d24951288fa47e8a:0x5735 
0xa5ecd89cd9f83c477337ee99d24951288fa47e8a:0x5736 
0xa5ecd89cd9f83c477337ee99d24951288fa47e8a:0x56ab 
0xa5ecd89cd9f83c477337ee99d24951288fa47e8a:0x56ac 
0xa5ecd89cd9f83c477337ee99d24951288fa47e8a:0x56ad 
0xa5ecd89cd9f83c477337ee99d24951288fa47e8a:0x56af 
0xa5ecd89cd9f83c477337ee99d24951288fa47e8a:0x56b0 
0xa5ecd89cd9f83c477337ee99d24951288fa47e8a:0x56b1 
0xa5ecd89cd9f83c477337ee99d24951288fa47e8a:0x56b2 
0xa5ecd89cd9f83c477337ee99d24951288fa47e8a:0x56b5 
0xa5ecd89cd9f83c477337ee99d24951288fa47e8a:0x56b7 
0xa5ecd89cd9f83c477337ee99d24951288fa47e8a:0x56b8 
0xa5ecd89cd9f83c477337ee99d24951288fa47e8a:0x56b9 
0xa5ecd89cd9f83c477337ee99d24951288fa47e8a:0x56ba 
0xa5ecd89cd9f83c477337ee99d24951288fa47e8a:0x56bd 
0xa5ecd89cd9f83c477337ee99d24951288fa47e8a:0x5728 
0xa5ecd89cd9f83c477337ee99d24951288fa47e8a:0x5729 
0xa5ecd89cd9f83c477337ee99d24951288fa47e8a:0x572c 
0xa5ecd89cd9f83c477337ee99d24951288fa47e8a:0x572d 
0xa5ecd89cd9f83c477337ee99d24951288fa47e8a:0x5730 
0xa5ecd89cd9f83c477337ee99d24951288fa47e8a:0x61c9 
0xa5ecd89cd9f83c477337ee99d24951288fa47e8a:0x61ca 
0xa5ecd89cd9f83c477337ee99d24951288fa47e8a:0x61cc 
0xa5ecd89cd9f83c477337ee99d24951288fa47e8a:0x61d1 
0xa5ecd89cd9f83c477337ee99d24951288fa47e8a:0x61d2 
0xa5ecd89cd9f83c477337ee99d24951288fa47e8a:0x61d3 
0xa5ecd89cd9f83c477337ee99d24951288fa47e8a:0x61d4 
0xa5ecd89cd9f83c477337ee99d24951288fa47e8a:0x61d5 
0xa5ecd89cd9f83c477337ee99d24951288fa47e8a:0x61d6 
0xa5ecd89cd9f83c477337ee99d24951288fa47e8a:0x61d7 
0xa5ecd89cd9f83c477337ee99d24951288fa47e8a:0x61d8 
0xa5ecd89cd9f83c477337ee99d24951288fa47e8a:0x5731 
0xa5ecd89cd9f83c477337ee99d24951288fa47e8a:0x5732 
0xa5ecd89cd9f83c477337ee99d24951288fa47e8a:0x5733 
0xa5ecd89cd9f83c477337ee99d24951288fa47e8a:0x5734 
0xa5ecd89cd9f83c477337ee99d24951288fa47e8a:0x5735 
0xa5ecd89cd9f83c477337ee99d24951288fa47e8a:0x5736 
0xa5ecd89cd9f83c477337ee99d24951288fa47e8a:0x56be 
0xa5ecd89cd9f83c477337ee99d24951288fa47e8a:0x56bf 
0xa5ecd89cd9f83c477337ee99d24951288fa47e8a:0x56c0 
0xa5ecd89cd9f83c477337ee99d24951288fa47e8a:0x56c1 
0xa5ecd89cd9f83c477337ee99d24951288fa47e8a:0x56c2 
0xa5ecd89cd9f83c477337ee99d24951288fa47e8a:0x56c3 
0xa5ecd89cd9f83c477337ee99d24951288fa47e8a:0x568f 
0xa5ecd89cd9f83c477337ee99d24951288fa47e8a:0x5690 
0xa5ecd89cd9f83c477337ee99d24951288fa47e8a:0x5691 
0xa5ecd89cd9f83c477337ee99d24951288fa47e8a:0x5692 
0xa5ecd89cd9f83c477337ee99d24951288fa47e8a:0x5693 
0xa5ecd89cd9f83c477337ee99d24951288fa47e8a:0x5694 
0xa5ecd89cd9f83c477337ee99d24951288fa47e8a:0x5eb6 
0xa5ecd89cd9f83c477337ee99d24951288fa47e8a:0x5eb7 
0xa5ecd89cd9f83c477337ee99d24951288fa47e8a:0x5eb8 
0xa5ecd89cd9f83c477337ee99d24951288fa47e8a:0x5eb9 
0xa5ecd89cd9f83c477337ee99d24951288fa47e8a:0x5eba 
0xa5ecd89cd9f83c477337ee99d24951288fa47e8a:0x5ebb 
0xa5ecd89cd9f83c477337ee99d24951288fa47e8a:0x58f 
0xa5ecd89cd9f83c477337ee99d24951288fa47e8a:0x590 
0xa5ecd89cd9f83c477337ee99d24951288fa47e8a:0x592 
0xa5ecd89cd9f83c477337ee99d24951288fa47e8a:0x593 
0xa5ecd89cd9f83c477337ee99d24951288fa47e8a:0x594 
0xa5ecd89cd9f83c477337ee99d24951288fa47e8a:0x595 
0xa5ecd89cd9f83c477337ee99d24951288fa47e8a:0x596 
0xa5ecd89cd9f83c477337ee99d24951288fa47e8a:0x597 
