---
0xa5ecd89cd9f83c477337ee99d24951288fa47e8a:0x0 *
0xa5ecd89cd9f83c477337ee99d24951288fa47e8a:0x2 *
0xa5ecd89cd9f83c477337ee99d24951288fa47e8a:0x4 *
0xa5ecd89cd9f83c477337ee99d24951288fa47e8a:0x5 *
0xa5ecd89cd9f83c477337ee99d24951288fa47e8a:0x6 *
0xa5ecd89cd9f83c477337ee99d24951288fa47e8a:0x7 *
0xa5ecd89cd9f83c477337ee99d24951288fa47e8a:0x8 *
0xa5ecd89cd9f83c477337ee99d24951288fa47e8a:0xb *
0xa5ecd89cd9f83c477337ee99d24951288fa47e8a:0x10 *
0xa5ecd89cd9f83c477337ee99d24951288fa47e8a:0x11 *
0xa5ecd89cd9f83c477337ee99d24951288fa47e8a:0x12 *
0xa5ecd89cd9f83c477337ee99d24951288fa47e8a:0x15 *
0xa5ecd89cd9f83c477337ee99d24951288fa47e8a:0x16 *
0xa5ecd89cd9f83c477337ee99d24951288fa47e8a:0x1a *
0xa5ecd89cd9f83c477337ee99d24951288fa47e8a:0x1c *
0xa5ecd89cd9f83c477337ee99d24951288fa47e8a:0x1d *
0xa5ecd89cd9f83c477337ee99d24951288fa47e8a:0x1f *
---
0xa5ecd89cd9f83c477337ee99d24951288fa47e8a:0x0 
0xa5ecd89cd9f83c477337ee99d24951288fa47e8a:0x2 
0xa5ecd89cd9f83c477337ee99d24951288fa47e8a:0x4 
0xa5ecd89cd9f83c477337ee99d24951288fa47e8a:0x5 
0xa5ecd89cd9f83c477337ee99d24951288fa47e8a:0x6 
0xa5ecd89cd9f83c477337ee99d24951288fa47e8a:0x7 
0xa5ecd89cd9f83c477337ee99d24951288fa47e8a:0x8 
0xa5ecd89cd9f83c477337ee99d24951288fa47e8a:0xb 
0xa5ecd89cd9f83c477337ee99d24951288fa47e8a:0x10 
0xa5ecd89cd9f83c477337ee99d24951288fa47e8a:0x11 
0xa5ecd89cd9f83c477337ee99d24951288fa47e8a:0x12 
0xa5ecd89cd9f83c477337ee99d24951288fa47e8a:0x14 
0xa5ecd89cd9f83c477337ee99d24951288fa47e8a:0x15 
0xa5ecd89cd9f83c477337ee99d24951288fa47e8a:0x16 
0xa5ecd89cd9f83c477337ee99d24951288fa47e8a:0x19 
0xa5ecd89cd9f83c477337ee99d24951288fa47e8a:0x1a 
0xa5ecd89cd9f83c477337ee99d24951288fa47e8a:0x1c 
0xa5ecd89cd9f83c477337ee99d24951288fa47e8a:0x1d 
0xa5ecd89cd9f83c477337ee99d24951288fa47e8a:0x1f 
0xa5ecd89cd9f83c477337ee99d24951288fa47e8a:0x20 
0xa5ecd89cd9f83c477337ee99d24951288fa47e8a:0x21 
0xa5ecd89cd9f83c477337ee99d24951288fa47e8a:0x26 
0xa5ecd89cd9f83c477337ee99d24951288fa47e8a:0x27 
0xa5ecd89cd9f83c477337ee99d24951288fa47e8a:0x2a 
0xa5ecd89cd9f83c477337ee99d24951288fa47e8a:0x130 
0xa5ecd89cd9f83c477337ee99d24951288fa47e8a:0x131 
0xa5ecd89cd9f83c477337ee99d24951288fa47e8a:0x132 
0xa5ecd89cd9f83c477337ee99d24951288fa47e8a:0x137 
0xa5ecd89cd9f83c477337ee99d24951288fa47e8a:0x138 
0xa5ecd89cd9f83c477337ee99d24951288fa47e8a:0x13b 
0xa5ecd89cd9f83c477337ee99d24951288fa47e8a:0x1be 
0xa5ecd89cd9f83c477337ee99d24951288fa47e8a:0x1bf 
0xa5ecd89cd9f83c477337ee99d24951288fa47e8a:0x1c0 
0xa5ecd89cd9f83c477337ee99d24951288fa47e8a:0x1c5 
0xa5ecd89cd9f83c477337ee99d24951288fa47e8a:0x1c6 
0xa5ecd89cd9f83c477337ee99d24951288fa47e8a:0x1c9 
0xa5ecd89cd9f83c477337ee99d24951288fa47e8a:0x205 
0xa5ecd89cd9f83c477337ee99d24951288fa47e8a:0x206 
0xa5ecd89cd9f83c477337ee99d24951288fa47e8a:0x207 
0xa5ecd89cd9f83c477337ee99d24951288fa47e8a:0x20b 
0xa5ecd89cd9f83c477337ee99d24951288fa47e8a:0x20c 
0xa5ecd89cd9f83c477337ee99d24951288fa47e8a:0x20f 
0xa5ecd89cd9f83c477337ee99d24951288fa47e8a:0x210 
0xa5ecd89cd9f83c477337ee99d24951288fa47e8a:0x211 
0xa5ecd89cd9f83c477337ee99d24951288fa47e8a:0x216 
0xa5ecd89cd9f83c477337ee99d24951288fa47e8a:0x217 
0xa5ecd89cd9f83c477337ee99d24951288fa47e8a:0x21a 
0xa5ecd89cd9f83c477337ee99d24951288fa47e8a:0x266 
0xa5ecd89cd9f83c477337ee99d24951288fa47e8a:0x267 
0xa5ecd89cd9f83c477337ee99d24951288fa47e8a:0x26a 
0xa5ecd89cd9f83c477337ee99d24951288fa47e8a:0x26c 
0xa5ecd89cd9f83c477337ee99d24951288fa47e8a:0x26d 
0xa5ecd89cd9f83c477337ee99d24951288fa47e8a:0x26e 
0xa5ecd89cd9f83c477337ee99d24951288fa47e8a:0x26f 
0xa5ecd89cd9f83c477337ee99d24951288fa47e8a:0x270 
0xa5ecd89cd9f83c477337ee99d24951288fa47e8a:0x271 
0xa5ecd89cd9f83c477337ee99d24951288fa47e8a:0x272 
0xa5ecd89cd9f83c477337ee99d24951288fa47e8a:0x275 
0xa5ecd89cd9f83c477337ee99d24951288fa47e8a:0x276 
0xa5ecd89cd9f83c477337ee99d24951288fa47e8a:0x277 
0xa5ecd89cd9f83c477337ee99d24951288fa47e8a:0x27a 
0xa5ecd89cd9f83c477337ee99d24951288fa47e8a:0x4ecd 
0xa5ecd89cd9f83c477337ee99d24951288fa47e8a:0x4ece 
0xa5ecd89cd9f83c477337ee99d24951288fa47e8a:0x4ed0 
0xa5ecd89cd9f83c477337ee99d24951288fa47e8a:0x4ed2 
0xa5ecd89cd9f83c477337ee99d24951288fa47e8a:0x4ed3 
0xa5ecd89cd9f83c477337ee99d24951288fa47e8a:0x4ed4 
0xa5ecd89cd9f83c477337ee99d24951288fa47e8a:0x4ed5 
0xa5ecd89cd9f83c477337ee99d24951288fa47e8a:0x4ed6 
0xa5ecd89cd9f83c477337ee99d24951288fa47e8a:0x4ed7 
0xa5ecd89cd9f83c477337ee99d24951288fa47e8a:0x4eda 
0xa5ecd89cd9f83c477337ee99d24951288fa47e8a:0x4ee3 
0xa5ecd89cd9f83c477337ee99d24951288fa47e8a:0x4ee4 
0xa5ecd89cd9f83c477337ee99d24951288fa47e8a:0x4ee6 
0xa5ecd89cd9f83c477337ee99d24951288fa47e8a:0x4ee9 
0xa5ecd89cd9f83c477337ee99d24951288fa47e8a:0x4eea 
0xa5ecd89cd9f83c477337ee99d24951288fa47e8a:0x4eeb 
0xa5ecd89cd9f83c477337ee99d24951288fa47e8a:0x4eec 
0xa5ecd89cd9f83c477337ee99d24951288fa47e8a:0x4eed 
0xa5ecd89cd9f83c477337ee99d24951288fa47e8a:0x4ef0 
0xa5ecd89cd9f83c477337ee99d24951288fa47e8a:0x4a43 
0xa5ecd89cd9f83c477337ee99d24951288fa47e8a:0x4a44 
0xa5ecd89cd9f83c477337ee99d24951288fa47e8a:0x4a46 
0xa5ecd89cd9f83c477337ee99d24951288fa47e8a:0x4a47 
0xa5ecd89cd9f83c477337ee99d24951288fa47e8a:0x4a48 
0xa5ecd89cd9f83c477337ee99d24951288fa47e8a:0x4a49 
0xa5ecd89cd9f83c477337ee99d24951288fa47e8a:0x4a4a 
0xa5ecd89cd9f83c477337ee99d24951288fa47e8a:0x4a4d 
0xa5ecd89cd9f83c477337ee99d24951288fa47e8a:0x4a4e 
0xa5ecd89cd9f83c477337ee99d24951288fa47e8a:0x4a51 
0xa5ecd89cd9f83c477337ee99d24951288fa47e8a:0x70bc 
0xa5ecd89cd9f83c477337ee99d24951288fa47e8a:0x70bd 
0xa5ecd89cd9f83c477337ee99d24951288fa47e8a:0x70c0 
0xa5ecd89cd9f83c477337ee99d24951288fa47e8a:0x70c1 
0xa5ecd89cd9f83c477337ee99d24951288fa47e8a:0x70c4 
0xa5ecd89cd9f83c477337ee99d24951288fa47e8a:0x6128 
0xa5ecd89cd9f83c477337ee99d24951288fa47e8a:0x6129 
0xa5ecd89cd9f83c477337ee99d24951288fa47e8a:0x612b 
0xa5ecd89cd9f83c477337ee99d24951288fa47e8a:0x614c 
0xa5ecd89cd9f83c477337ee99d24951288fa47e8a:0x614d 
0xa5ecd89cd9f83c477337ee99d24951288fa47e8a:0x614e 
0xa5ecd89cd9f83c477337ee99d24951288fa47e8a:0x614f 
0xa5ecd89cd9f83c477337ee99d24951288fa47e8a:0x6150 
0xa5ecd89cd9f83c477337ee99d24951288fa47e8a:0x6151 
0xa5ecd89cd9f83c477337ee99d24951288fa47e8a:0x6152 
0xa5ecd89cd9f83c477337ee99d24951288fa47e8a:0x6153 
0xa5ecd89cd9f83c477337ee99d24951288fa47e8a:0x70c5 
0xa5ecd89cd9f83c477337ee99d24951288fa47e8a:0x70c6 
0xa5ecd89cd9f83c477337ee99d24951288fa47e8a:0x70c7 
0xa5ecd89cd9f83c477337ee99d24951288fa47e8a:0x70c8 
0xa5ecd89cd9f83c477337ee99d24951288fa47e8a:0x70cb 
0xa5ecd89cd9f83c477337ee99d24951288fa47e8a:0x70d0 
0xa5ecd89cd9f83c477337ee99d24951288fa47e8a:0x70d1 
0xa5ecd89cd9f83c477337ee99d24951288fa47e8a:0x70d2 
0xa5ecd89cd9f83c477337ee99d24951288fa47e8a:0x4a52 
0xa5ecd89cd9f83c477337ee99d24951288fa47e8a:0x4a53 
0xa5ecd89cd9f83c477337ee99d24951288fa47e8a:0x4a54 
0xa5ecd89cd9f83c477337ee99d24951288fa47e8a:0x4a55 
0xa5ecd89cd9f83c477337ee99d24951288fa47e8a:0x4a56 
0xa5ecd89cd9f83c477337ee99d24951288fa47e8a:0x4a57 
0xa5ecd89cd9f83c477337ee99d24951288fa47e8a:0x4ef1 
0xa5ecd89cd9f83c477337ee99d24951288fa47e8a:0x4ef2 
0xa5ecd89cd9f83c477337ee99d24951288fa47e8a:0x4ef3 
0xa5ecd89cd9f83c477337ee99d24951288fa47e8a:0x4ef4 
0xa5ecd89cd9f83c477337ee99d24951288fa47e8a:0x4ef5 
0xa5ecd89cd9f83c477337ee99d24951288fa47e8a:0x4ef6 
0xa5ecd89cd9f83c477337ee99d24951288fa47e8a:0x4ef7 
0xa5ecd89cd9f83c477337ee99d24951288fa47e8a:0x4ef8 
0xa5ecd89cd9f83c477337ee99d24951288fa47e8a:0x4ef9 
0xa5ecd89cd9f83c477337ee99d24951288fa47e8a:0x27b 
0xa5ecd89cd9f83c477337ee99d24951288fa47e8a:0x27c 
0xa5ecd89cd9f83c477337ee99d24951288fa47e8a:0x27f 
0xa5ecd89cd9f83c477337ee99d24951288fa47e8a:0x8b2 
0xa5ecd89cd9f83c477337ee99d24951288fa47e8a:0x8b3 
0xa5ecd89cd9f83c477337ee99d24951288fa47e8a:0x8b5 
0xa5ecd89cd9f83c477337ee99d24951288fa47e8a:0x8d6 
0xa5ecd89cd9f83c477337ee99d24951288fa47e8a:0x8f3 
0xa5ecd89cd9f83c477337ee99d24951288fa47e8a:0x8f4 
0xa5ecd89cd9f83c477337ee99d24951288fa47e8a:0x8f5 
0xa5ecd89cd9f83c477337ee99d24951288fa47e8a:0x8f6 
0xa5ecd89cd9f83c477337ee99d24951288fa47e8a:0x913 
0xa5ecd89cd9f83c477337ee99d24951288fa47e8a:0x914 
0xa5ecd89cd9f83c477337ee99d24951288fa47e8a:0x915 
0xa5ecd89cd9f83c477337ee99d24951288fa47e8a:0x916 
0xa5ecd89cd9f83c477337ee99d24951288fa47e8a:0x917 
0xa5ecd89cd9f83c477337ee99d24951288fa47e8a:0x91a 
0xa5ecd89cd9f83c477337ee99d24951288fa47e8a:0x91b 
0xa5ecd89cd9f83c477337ee99d24951288fa47e8a:0x91c 
0xa5ecd89cd9f83c477337ee99d24951288fa47e8a:0x91f 
0xa5ecd89cd9f83c477337ee99d24951288fa47e8a:0x920 
0xa5ecd89cd9f83c477337ee99d24951288fa47e8a:0x923 
0xa5ecd89cd9f83c477337ee99d24951288fa47e8a:0x2321 
0xa5ecd89cd9f83c477337ee99d24951288fa47e8a:0x2322 
0xa5ecd89cd9f83c477337ee99d24951288fa47e8a:0x2324 
0xa5ecd89cd9f83c477337ee99d24951288fa47e8a:0x2345 
0xa5ecd89cd9f83c477337ee99d24951288fa47e8a:0x2362 
0xa5ecd89cd9f83c477337ee99d24951288fa47e8a:0x2363 
0xa5ecd89cd9f83c477337ee99d24951288fa47e8a:0x2364 
0xa5ecd89cd9f83c477337ee99d24951288fa47e8a:0x2365 
0xa5ecd89cd9f83c477337ee99d24951288fa47e8a:0x2382 
0xa5ecd89cd9f83c477337ee99d24951288fa47e8a:0x2383 
0xa5ecd89cd9f83c477337ee99d24951288fa47e8a:0x2384 
0xa5ecd89cd9f83c477337ee99d24951288fa47e8a:0x2385 
0xa5ecd89cd9f83c477337ee99d24951288fa47e8a:0x2386 
0xa5ecd89cd9f83c477337ee99d24951288fa47e8a:0x2389 
0xa5ecd89cd9f83c477337ee99d24951288fa47e8a:0x2394 
0xa5ecd89cd9f83c477337ee99d24951288fa47e8a:0x2395 
0xa5ecd89cd9f83c477337ee99d24951288fa47e8a:0x2396 
0xa5ecd89cd9f83c477337ee99d24951288fa47e8a:0x2397 
0xa5ecd89cd9f83c477337ee99d24951288fa47e8a:0x2398 
0xa5ecd89cd9f83c477337ee99d24951288fa47e8a:0x2399 
0xa5ecd89cd9f83c477337ee99d24951288fa47e8a:0x239a 
0xa5ecd89cd9f83c477337ee99d24951288fa47e8a:0x924 
0xa5ecd89cd9f83c477337ee99d24951288fa47e8a:0x925 
0xa5ecd89cd9f83c477337ee99d24951288fa47e8a:0x926 
0xa5ecd89cd9f83c477337ee99d24951288fa47e8a:0x927 
0xa5ecd89cd9f83c477337ee99d24951288fa47e8a:0x928 
0xa5ecd89cd9f83c477337ee99d24951288fa47e8a:0x929 
0xa5ecd89cd9f83c477337ee99d24951288fa47e8a:0x92a 
0xa5ecd89cd9f83c477337ee99d24951288fa47e8a:0x92b 
0xa5ecd89cd9f83c477337ee99d24951288fa47e8a:0x280 
0xa5ecd89cd9f83c477337ee99d24951288fa47e8a:0x281 
0xa5ecd89cd9f83c477337ee99d24951288fa47e8a:0x283 
0xa5ecd89cd9f83c477337ee99d24951288fa47e8a:0x284 
0xa5ecd89cd9f83c477337ee99d24951288fa47e8a:0x287 
0xa5ecd89cd9f83c477337ee99d24951288fa47e8a:0x288 
0xa5ecd89cd9f83c477337ee99d24951288fa47e8a:0x289 
0xa5ecd89cd9f83c477337ee99d24951288fa47e8a:0x28c 
0xa5ecd89cd9f83c477337ee99d24951288fa47e8a:0x59a4 
0xa5ecd89cd9f83c477337ee99d24951288fa47e8a:0x59a5 
0xa5ecd89cd9f83c477337ee99d24951288fa47e8a:0x59a7 
0xa5ecd89cd9f83c477337ee99d24951288fa47e8a:0x59a9 
0xa5ecd89cd9f83c477337ee99d24951288fa47e8a:0x59aa 
0xa5ecd89cd9f83c477337ee99d24951288fa47e8a:0x59ab 
0xa5ecd89cd9f83c477337ee99d24951288fa47e8a:0x59ac 
0xa5ecd89cd9f83c477337ee99d24951288fa47e8a:0x59ad 
0xa5ecd89cd9f83c477337ee99d24951288fa47e8a:0x59b0 
0xa5ecd89cd9f83c477337ee99d24951288fa47e8a:0x59b2 
0xa5ecd89cd9f83c477337ee99d24951288fa47e8a:0x59b3 
0xa5ecd89cd9f83c477337ee99d24951288fa47e8a:0x59b4 
0xa5ecd89cd9f83c477337ee99d24951288fa47e8a:0x59b5 
0xa5ecd89cd9f83c477337ee99d24951288fa47e8a:0x59b8 
0xa5ecd89cd9f83c477337ee99d24951288fa47e8a:0x5027 
0xa5ecd89cd9f83c477337ee99d24951288fa47e8a:0x5028 
0xa5ecd89cd9f83c477337ee99d24951288fa47e8a:0x502b 
0xa5ecd89cd9f83c477337ee99d24951288fa47e8a:0x502c 
0xa5ecd89cd9f83c477337ee99d24951288fa47e8a:0x502f 
0xa5ecd89cd9f83c477337ee99d24951288fa47e8a:0x6112 
0xa5ecd89cd9f83c477337ee99d24951288fa47e8a:0x6113 
0xa5ecd89cd9f83c477337ee99d24951288fa47e8a:0x6115 
0xa5ecd89cd9f83c477337ee99d24951288fa47e8a:0x6116 
0xa5ecd89cd9f83c477337ee99d24951288fa47e8a:0x6117 
0xa5ecd89cd9f83c477337ee99d24951288fa47e8a:0x6118 
0xa5ecd89cd9f83c477337ee99d24951288fa47e8a:0x6119 
0xa5ecd89cd9f83c477337ee99d24951288fa47e8a:0x611a 
0xa5ecd89cd9f83c477337ee99d24951288fa47e8a:0x611b 
0xa5ecd89cd9f83c477337ee99d24951288fa47e8a:0x611c 
0xa5ecd89cd9f83c477337ee99d24951288fa47e8a:0x611d 
0xa5ecd89cd9f83c477337ee99d24951288fa47e8a:0x5030 
0xa5ecd89cd9f83c477337ee99d24951288fa47e8a:0x5031 
0xa5ecd89cd9f83c477337ee99d24951288fa47e8a:0x5032 
0xa5ecd89cd9f83c477337ee99d24951288fa47e8a:0x5033 
0xa5ecd89cd9f83c477337ee99d24951288fa47e8a:0x5034 
0xa5ecd89cd9f83c477337ee99d24951288fa47e8a:0x5035 
0xa5ecd89cd9f83c477337ee99d24951288fa47e8a:0x59b9 
0xa5ecd89cd9f83c477337ee99d24951288fa47e8a:0x59ba 
0xa5ecd89cd9f83c477337ee99d24951288fa47e8a:0x59bb 
0xa5ecd89cd9f83c477337ee99d24951288fa47e8a:0x59bc 
0xa5ecd89cd9f83c477337ee99d24951288fa47e8a:0x59bd 
0xa5ecd89cd9f83c477337ee99d24951288fa47e8a:0x59be 
0xa5ecd89cd9f83c477337ee99d24951288fa47e8a:0x28d 
0xa5ecd89cd9f83c477337ee99d24951288fa47e8a:0x28e 
0xa5ecd89cd9f83c477337ee99d24951288fa47e8a:0x290 
0xa5ecd89cd9f83c477337ee99d24951288fa47e8a:0x291 
0xa5ecd89cd9f83c477337ee99d24951288fa47e8a:0x292 
0xa5ecd89cd9f83c477337ee99d24951288fa47e8a:0x293 
0xa5ecd89cd9f83c477337ee99d24951288fa47e8a:0x294 
0xa5ecd89cd9f83c477337ee99d24951288fa47e8a:0x295 
