---
0xa5ecd89cd9f83c477337ee99d24951288fa47e8a:0x0 *
0xa5ecd89cd9f83c477337ee99d24951288fa47e8a:0x2 *
0xa5ecd89cd9f83c477337ee99d24951288fa47e8a:0x4 *
0xa5ecd89cd9f83c477337ee99d24951288fa47e8a:0x5 *
0xa5ecd89cd9f83c477337ee99d24951288fa47e8a:0x6 *
0xa5ecd89cd9f83c477337ee99d24951288fa47e8a:0x7 *
0xa5ecd89cd9f83c477337ee99d24951288fa47e8a:0x8 *
0xa5ecd89cd9f83c477337ee99d24951288fa47e8a:0xb *
0xa5ecd89cd9f83c477337ee99d24951288fa47e8a:0x10 *
0xa5ecd89cd9f83c477337ee99d24951288fa47e8a:0x11 *
0xa5ecd89cd9f83c477337ee99d24951288fa47e8a:0x12 *
0xa5ecd89cd9f83c477337ee99d24951288fa47e8a:0x15 *
0xa5ecd89cd9f83c477337ee99d24951288fa47e8a:0x16 *
0xa5ecd89cd9f83c477337ee99d24951288fa47e8a:0x1a *
0xa5ecd89cd9f83c477337ee99d24951288fa47e8a:0x1c *
0xa5ecd89cd9f83c477337ee99d24951288fa47e8a:0x1d *
0xa5ecd89cd9f83c477337ee99d24951288fa47e8a:0x1f *
---
0xa5ecd89cd9f83c477337ee99d24951288fa47e8a:0x0 
0xa5ecd89cd9f83c477337ee99d24951288fa47e8a:0x2 
0xa5ecd89cd9f83c477337ee99d24951288fa47e8a:0x4 
0xa5ecd89cd9f83c477337ee99d24951288fa47e8a:0x5 
0xa5ecd89cd9f83c477337ee99d24951288fa47e8a:0x6 
0xa5ecd89cd9f83c477337ee99d24951288fa47e8a:0x7 
0xa5ecd89cd9f83c477337ee99d24951288fa47e8a:0x8 
0xa5ecd89cd9f83c477337ee99d24951288fa47e8a:0xb 
0xa5ecd89cd9f83c477337ee99d24951288fa47e8a:0x10 
0xa5ecd89cd9f83c477337ee99d24951288fa47e8a:0x11 
0xa5ecd89cd9f83c477337ee99d24951288fa47e8a:0x12 
0xa5ecd89cd9f83c477337ee99d24951288fa47e8a:0x14 
0xa5ecd89cd9f83c477337ee99d24951288fa47e8a:0x15 
0xa5ecd89cd9f83c477337ee99d24951288fa47e8a:0x16 
0xa5ecd89cd9f83c477337ee99d24951288fa47e8a:0x19 
0xa5ecd89cd9f83c477337ee99d24951288fa47e8a:0x1a 
0xa5ecd89cd9f83c477337ee99d24951288fa47e8a:0x1c 
0xa5ecd89cd9f83c477337ee99d24951288fa47e8a:0x1d 
0xa5ecd89cd9f83c477337ee99d24951288fa47e8a:0x1f 
0xa5ecd89cd9f83c477337ee99d24951288fa47e8a:0x20 
0xa5ecd89cd9f83c477337ee99d24951288fa47e8a:0x21 
0xa5ecd89cd9f83c477337ee99d24951288fa47e8a:0x26 
0xa5ecd89cd9f83c477337ee99d24951288fa47e8a:0x27 
0xa5ecd89cd9f83c477337ee99d24951288fa47e8a:0x2a 
0xa5ecd89cd9f83c477337ee99d24951288fa47e8a:0x130 
0xa5ecd89cd9f83c477337ee99d24951288fa47e8a:0x131 
0xa5ecd89cd9f83c477337ee99d24951288fa47e8a:0x132 
0xa5ecd89cd9f83c477337ee99d24951288fa47e8a:0x137 
0xa5ecd89cd9f83c477337ee99d24951288fa47e8a:0x138 
0xa5ecd89cd9f83c477337ee99d24951288fa47e8a:0x13b 
0xa5ecd89cd9f83c477337ee99d24951288fa47e8a:0x1be 
0xa5ecd89cd9f83c477337ee99d24951288fa47e8a:0x1bf 
0xa5ecd89cd9f83c477337ee99d24951288fa47e8a:0x1c0 
0xa5ecd89cd9f83c477337ee99d24951288fa47e8a:0x1c5 
0xa5ecd89cd9f83c477337ee99d24951288fa47e8a:0x1c6 
0xa5ecd89cd9f83c477337ee99d24951288fa47e8a:0x1c9 
0xa5ecd89cd9f83c477337ee99d24951288fa47e8a:0x205 
0xa5ecd89cd9f83c477337ee99d24951288fa47e8a:0x206 
0xa5ecd89cd9f83c477337ee99d24951288fa47e8a:0x207 
0xa5ecd89cd9f83c477337ee99d24951288fa47e8a:0x20b 
0xa5ecd89cd9f83c477337ee99d24951288fa47e8a:0x20c 
0xa5ecd89cd9f83c477337ee99d24951288fa47e8a:0x20f 
0xa5ecd89cd9f83c477337ee99d24951288fa47e8a:0x210 
0xa5ecd89cd9f83c477337ee99d24951288fa47e8a:0x211 
0xa5ecd89cd9f83c477337ee99d24951288fa47e8a:0x216 
0xa5ecd89cd9f83c477337ee99d24951288fa47e8a:0x217 
0xa5ecd89cd9f83c477337ee99d24951288fa47e8a:0x21a 
0xa5ecd89cd9f83c477337ee99d24951288fa47e8a:0x21b 
0xa5ecd89cd9f83c477337ee99d24951288fa47e8a:0x21c 
0xa5ecd89cd9f83c477337ee99d24951288fa47e8a:0x221 
0xa5ecd89cd9f83c477337ee99d24951288fa47e8a:0x222 
0xa5ecd89cd9f83c477337ee99d24951288fa47e8a:0x225 
0xa5ecd89cd9f83c477337ee99d24951288fa47e8a:0x296 
0xa5ecd89cd9f83c477337ee99d24951288fa47e8a:0x297 
0xa5ecd89cd9f83c477337ee99d24951288fa47e8a:0x29a 
0xa5ecd89cd9f83c477337ee99d24951288fa47e8a:0x29d 
0xa5ecd89cd9f83c477337ee99d24951288fa47e8a:0x92c 
0xa5ecd89cd9f83c477337ee99d24951288fa47e8a:0x92d 
0xa5ecd89cd9f83c477337ee99d24951288fa47e8a:0x92f 
0xa5ecd89cd9f83c477337ee99d24951288fa47e8a:0x931 
0xa5ecd89cd9f83c477337ee99d24951288fa47e8a:0x932 
0xa5ecd89cd9f83c477337ee99d24951288fa47e8a:0x933 
0xa5ecd89cd9f83c477337ee99d24951288fa47e8a:0x936 
0xa5ecd89cd9f83c477337ee99d24951288fa47e8a:0x937 
0xa5ecd89cd9f83c477337ee99d24951288fa47e8a:0x93a 
0xa5ecd89cd9f83c477337ee99d24951288fa47e8a:0x6288 
0xa5ecd89cd9f83c477337ee99d24951288fa47e8a:0x6289 
0xa5ecd89cd9f83c477337ee99d24951288fa47e8a:0x628b 
0xa5ecd89cd9f83c477337ee99d24951288fa47e8a:0x628d 
0xa5ecd89cd9f83c477337ee99d24951288fa47e8a:0x628e 
0xa5ecd89cd9f83c477337ee99d24951288fa47e8a:0x628f 
0xa5ecd89cd9f83c477337ee99d24951288fa47e8a:0x6290 
0xa5ecd89cd9f83c477337ee99d24951288fa47e8a:0x6291 
0xa5ecd89cd9f83c477337ee99d24951288fa47e8a:0x6293 
0xa5ecd89cd9f83c477337ee99d24951288fa47e8a:0x6294 
0xa5ecd89cd9f83c477337ee99d24951288fa47e8a:0x6295 
0xa5ecd89cd9f83c477337ee99d24951288fa47e8a:0x6296 
0xa5ecd89cd9f83c477337ee99d24951288fa47e8a:0x6299 
0xa5ecd89cd9f83c477337ee99d24951288fa47e8a:0x629a 
0xa5ecd89cd9f83c477337ee99d24951288fa47e8a:0x629c 
0xa5ecd89cd9f83c477337ee99d24951288fa47e8a:0x629d 
0xa5ecd89cd9f83c477337ee99d24951288fa47e8a:0x629e 
0xa5ecd89cd9f83c477337ee99d24951288fa47e8a:0x629f 
0xa5ecd89cd9f83c477337ee99d24951288fa47e8a:0x62a0 
0xa5ecd89cd9f83c477337ee99d24951288fa47e8a:0x62a1 
0xa5ecd89cd9f83c477337ee99d24951288fa47e8a:0x62a3 
0xa5ecd89cd9f83c477337ee99d24951288fa47e8a:0x62a4 
0xa5ecd89cd9f83c477337ee99d24951288fa47e8a:0x62a5 
0xa5ecd89cd9f83c477337ee99d24951288fa47e8a:0x62a6 
0xa5ecd89cd9f83c477337ee99d24951288fa47e8a:0x62a7 
0xa5ecd89cd9f83c477337ee99d24951288fa47e8a:0x62a8 
0xa5ecd89cd9f83c477337ee99d24951288fa47e8a:0x62ab 
0xa5ecd89cd9f83c477337ee99d24951288fa47e8a:0x62b4 
0xa5ecd89cd9f83c477337ee99d24951288fa47e8a:0x62b5 
0xa5ecd89cd9f83c477337ee99d24951288fa47e8a:0x62b6 
0xa5ecd89cd9f83c477337ee99d24951288fa47e8a:0x62b7 
0xa5ecd89cd9f83c477337ee99d24951288fa47e8a:0x62b8 
0xa5ecd89cd9f83c477337ee99d24951288fa47e8a:0x62b9 
0xa5ecd89cd9f83c477337ee99d24951288fa47e8a:0x93b 
0xa5ecd89cd9f83c477337ee99d24951288fa47e8a:0x93c 
0xa5ecd89cd9f83c477337ee99d24951288fa47e8a:0x93d 
0xa5ecd89cd9f83c477337ee99d24951288fa47e8a:0x93f 
0xa5ecd89cd9f83c477337ee99d24951288fa47e8a:0x940 
0xa5ecd89cd9f83c477337ee99d24951288fa47e8a:0x942 
0xa5ecd89cd9f83c477337ee99d24951288fa47e8a:0x943 
0xa5ecd89cd9f83c477337ee99d24951288fa47e8a:0x944 
0xa5ecd89cd9f83c477337ee99d24951288fa47e8a:0x945 
0xa5ecd89cd9f83c477337ee99d24951288fa47e8a:0x946 
0xa5ecd89cd9f83c477337ee99d24951288fa47e8a:0x948 
0xa5ecd89cd9f83c477337ee99d24951288fa47e8a:0x949 
0xa5ecd89cd9f83c477337ee99d24951288fa47e8a:0x94b 
0xa5ecd89cd9f83c477337ee99d24951288fa47e8a:0x94c 
0xa5ecd89cd9f83c477337ee99d24951288fa47e8a:0x94d 
0xa5ecd89cd9f83c477337ee99d24951288fa47e8a:0x94e 
0xa5ecd89cd9f83c477337ee99d24951288fa47e8a:0x94f 
0xa5ecd89cd9f83c477337ee99d24951288fa47e8a:0x951 
0xa5ecd89cd9f83c477337ee99d24951288fa47e8a:0x952 
0xa5ecd89cd9f83c477337ee99d24951288fa47e8a:0x953 
0xa5ecd89cd9f83c477337ee99d24951288fa47e8a:0x954 
0xa5ecd89cd9f83c477337ee99d24951288fa47e8a:0x955 
0xa5ecd89cd9f83c477337ee99d24951288fa47e8a:0x956 
0xa5ecd89cd9f83c477337ee99d24951288fa47e8a:0x957 
0xa5ecd89cd9f83c477337ee99d24951288fa47e8a:0x958 
0xa5ecd89cd9f83c477337ee99d24951288fa47e8a:0x959 
0xa5ecd89cd9f83c477337ee99d24951288fa47e8a:0x95b 
0xa5ecd89cd9f83c477337ee99d24951288fa47e8a:0x95c 
0xa5ecd89cd9f83c477337ee99d24951288fa47e8a:0x95d 
0xa5ecd89cd9f83c477337ee99d24951288fa47e8a:0x95e 
0xa5ecd89cd9f83c477337ee99d24951288fa47e8a:0x95f 
0xa5ecd89cd9f83c477337ee99d24951288fa47e8a:0x962 
0xa5ecd89cd9f83c477337ee99d24951288fa47e8a:0x963 
0xa5ecd89cd9f83c477337ee99d24951288fa47e8a:0x966 
0xa5ecd89cd9f83c477337ee99d24951288fa47e8a:0x6288 
0xa5ecd89cd9f83c477337ee99d24951288fa47e8a:0x6289 
0xa5ecd89cd9f83c477337ee99d24951288fa47e8a:0x628b 
0xa5ecd89cd9f83c477337ee99d24951288fa47e8a:0x628d 
0xa5ecd89cd9f83c477337ee99d24951288fa47e8a:0x628e 
0xa5ecd89cd9f83c477337ee99d24951288fa47e8a:0x628f 
0xa5ecd89cd9f83c477337ee99d24951288fa47e8a:0x6290 
0xa5ecd89cd9f83c477337ee99d24951288fa47e8a:0x6291 
0xa5ecd89cd9f83c477337ee99d24951288fa47e8a:0x6293 
0xa5ecd89cd9f83c477337ee99d24951288fa47e8a:0x6294 
0xa5ecd89cd9f83c477337ee99d24951288fa47e8a:0x6295 
0xa5ecd89cd9f83c477337ee99d24951288fa47e8a:0x6296 
0xa5ecd89cd9f83c477337ee99d24951288fa47e8a:0x6299 
0xa5ecd89cd9f83c477337ee99d24951288fa47e8a:0x629a 
0xa5ecd89cd9f83c477337ee99d24951288fa47e8a:0x629c 
0xa5ecd89cd9f83c477337ee99d24951288fa47e8a:0x629d 
0xa5ecd89cd9f83c477337ee99d24951288fa47e8a:0x629e 
0xa5ecd89cd9f83c477337ee99d24951288fa47e8a:0x629f 
0xa5ecd89cd9f83c477337ee99d24951288fa47e8a:0x62a0 
0xa5ecd89cd9f83c477337ee99d24951288fa47e8a:0x62a1 
0xa5ecd89cd9f83c477337ee99d24951288fa47e8a:0x62a3 
0xa5ecd89cd9f83c477337ee99d24951288fa47e8a:0x62a4 
0xa5ecd89cd9f83c477337ee99d24951288fa47e8a:0x62a5 
0xa5ecd89cd9f83c477337ee99d24951288fa47e8a:0x62a6 
0xa5ecd89cd9f83c477337ee99d24951288fa47e8a:0x62a7 
0xa5ecd89cd9f83c477337ee99d24951288fa47e8a:0x62a8 
0xa5ecd89cd9f83c477337ee99d24951288fa47e8a:0x62ab 
0xa5ecd89cd9f83c477337ee99d24951288fa47e8a:0x62b4 
0xa5ecd89cd9f83c477337ee99d24951288fa47e8a:0x62b5 
0xa5ecd89cd9f83c477337ee99d24951288fa47e8a:0x62b6 
0xa5ecd89cd9f83c477337ee99d24951288fa47e8a:0x62b7 
0xa5ecd89cd9f83c477337ee99d24951288fa47e8a:0x62b8 
0xa5ecd89cd9f83c477337ee99d24951288fa47e8a:0x62b9 
0xa5ecd89cd9f83c477337ee99d24951288fa47e8a:0x967 
0xa5ecd89cd9f83c477337ee99d24951288fa47e8a:0x968 
0xa5ecd89cd9f83c477337ee99d24951288fa47e8a:0x969 
0xa5ecd89cd9f83c477337ee99d24951288fa47e8a:0x96a 
0xa5ecd89cd9f83c477337ee99d24951288fa47e8a:0x96d 
0xa5ecd89cd9f83c477337ee99d24951288fa47e8a:0x9b4 
0xa5ecd89cd9f83c477337ee99d24951288fa47e8a:0x9b5 
0xa5ecd89cd9f83c477337ee99d24951288fa47e8a:0x9b6 
0xa5ecd89cd9f83c477337ee99d24951288fa47e8a:0x9b7 
0xa5ecd89cd9f83c477337ee99d24951288fa47e8a:0x9b8 
0xa5ecd89cd9f83c477337ee99d24951288fa47e8a:0x9b9 
0xa5ecd89cd9f83c477337ee99d24951288fa47e8a:0x9ba 
0xa5ecd89cd9f83c477337ee99d24951288fa47e8a:0x9bb 
0xa5ecd89cd9f83c477337ee99d24951288fa47e8a:0x9bc 
0xa5ecd89cd9f83c477337ee99d24951288fa47e8a:0x9bd 
0xa5ecd89cd9f83c477337ee99d24951288fa47e8a:0x29e 
0xa5ecd89cd9f83c477337ee99d24951288fa47e8a:0x29f 
0xa5ecd89cd9f83c477337ee99d24951288fa47e8a:0x2a1 
0xa5ecd89cd9f83c477337ee99d24951288fa47e8a:0x2a2 
0xa5ecd89cd9f83c477337ee99d24951288fa47e8a:0x2a5 
0xa5ecd89cd9f83c477337ee99d24951288fa47e8a:0x2a6 
0xa5ecd89cd9f83c477337ee99d24951288fa47e8a:0x2a7 
0xa5ecd89cd9f83c477337ee99d24951288fa47e8a:0x2aa 
0xa5ecd89cd9f83c477337ee99d24951288fa47e8a:0x5a1f 
0xa5ecd89cd9f83c477337ee99d24951288fa47e8a:0x5a20 
0xa5ecd89cd9f83c477337ee99d24951288fa47e8a:0x5a22 
0xa5ecd89cd9f83c477337ee99d24951288fa47e8a:0x5a24 
0xa5ecd89cd9f83c477337ee99d24951288fa47e8a:0x5a25 
0xa5ecd89cd9f83c477337ee99d24951288fa47e8a:0x5a26 
0xa5ecd89cd9f83c477337ee99d24951288fa47e8a:0x5a27 
0xa5ecd89cd9f83c477337ee99d24951288fa47e8a:0x5a28 
0xa5ecd89cd9f83c477337ee99d24951288fa47e8a:0x5a29 
0xa5ecd89cd9f83c477337ee99d24951288fa47e8a:0x5a2a 
0xa5ecd89cd9f83c477337ee99d24951288fa47e8a:0x5a2b 
0xa5ecd89cd9f83c477337ee99d24951288fa47e8a:0x5a2d 
0xa5ecd89cd9f83c477337ee99d24951288fa47e8a:0x5a2e 
0xa5ecd89cd9f83c477337ee99d24951288fa47e8a:0x5a2f 
0xa5ecd89cd9f83c477337ee99d24951288fa47e8a:0x5a30 
0xa5ecd89cd9f83c477337ee99d24951288fa47e8a:0x5a33 
0xa5ecd89cd9f83c477337ee99d24951288fa47e8a:0x5a34 
0xa5ecd89cd9f83c477337ee99d24951288fa47e8a:0x5a35 
0xa5ecd89cd9f83c477337ee99d24951288fa47e8a:0x5a38 
0xa5ecd89cd9f83c477337ee99d24951288fa47e8a:0x5091 
0xa5ecd89cd9f83c477337ee99d24951288fa47e8a:0x5092 
0xa5ecd89cd9f83c477337ee99d24951288fa47e8a:0x5094 
0xa5ecd89cd9f83c477337ee99d24951288fa47e8a:0x5097 
0xa5ecd89cd9f83c477337ee99d24951288fa47e8a:0x5098 
0xa5ecd89cd9f83c477337ee99d24951288fa47e8a:0x509b 
0xa5ecd89cd9f83c477337ee99d24951288fa47e8a:0x5fc4 
0xa5ecd89cd9f83c477337ee99d24951288fa47e8a:0x5fc5 
0xa5ecd89cd9f83c477337ee99d24951288fa47e8a:0x5fc7 
0xa5ecd89cd9f83c477337ee99d24951288fa47e8a:0x5fc8 
0xa5ecd89cd9f83c477337ee99d24951288fa47e8a:0x5fc9 
0xa5ecd89cd9f83c477337ee99d24951288fa47e8a:0x5fca 
0xa5ecd89cd9f83c477337ee99d24951288fa47e8a:0x5fcb 
0xa5ecd89cd9f83c477337ee99d24951288fa47e8a:0x5fcc 
0xa5ecd89cd9f83c477337ee99d24951288fa47e8a:0x5fcd 
0xa5ecd89cd9f83c477337ee99d24951288fa47e8a:0x5fce 
0xa5ecd89cd9f83c477337ee99d24951288fa47e8a:0x509c 
0xa5ecd89cd9f83c477337ee99d24951288fa47e8a:0x509d 
0xa5ecd89cd9f83c477337ee99d24951288fa47e8a:0x50a0 
0xa5ecd89cd9f83c477337ee99d24951288fa47e8a:0x50a1 
0xa5ecd89cd9f83c477337ee99d24951288fa47e8a:0x50a2 
0xa5ecd89cd9f83c477337ee99d24951288fa47e8a:0x50a5 
0xa5ecd89cd9f83c477337ee99d24951288fa47e8a:0x5fcf 
0xa5ecd89cd9f83c477337ee99d24951288fa47e8a:0x5fd0 
0xa5ecd89cd9f83c477337ee99d24951288fa47e8a:0x5fd2 
0xa5ecd89cd9f83c477337ee99d24951288fa47e8a:0x5fd3 
0xa5ecd89cd9f83c477337ee99d24951288fa47e8a:0x5fd4 
0xa5ecd89cd9f83c477337ee99d24951288fa47e8a:0x5fd5 
0xa5ecd89cd9f83c477337ee99d24951288fa47e8a:0x5fd7 
0xa5ecd89cd9f83c477337ee99d24951288fa47e8a:0x5fd8 
0xa5ecd89cd9f83c477337ee99d24951288fa47e8a:0x5fd9 
0xa5ecd89cd9f83c477337ee99d24951288fa47e8a:0x5fda 
0xa5ecd89cd9f83c477337ee99d24951288fa47e8a:0x5fdb 
0xa5ecd89cd9f83c477337ee99d24951288fa47e8a:0x5fdc 
0xa5ecd89cd9f83c477337ee99d24951288fa47e8a:0x5fdd 
0xa5ecd89cd9f83c477337ee99d24951288fa47e8a:0x5fde 
0xa5ecd89cd9f83c477337ee99d24951288fa47e8a:0x5fdf 
0xa5ecd89cd9f83c477337ee99d24951288fa47e8a:0x50a6 
0xa5ecd89cd9f83c477337ee99d24951288fa47e8a:0x50a7 
0xa5ecd89cd9f83c477337ee99d24951288fa47e8a:0x50a8 
0xa5ecd89cd9f83c477337ee99d24951288fa47e8a:0x50a9 
0xa5ecd89cd9f83c477337ee99d24951288fa47e8a:0x50ac 
0xa5ecd89cd9f83c477337ee99d24951288fa47e8a:0x50ad 
0xa5ecd89cd9f83c477337ee99d24951288fa47e8a:0x50ae 
0xa5ecd89cd9f83c477337ee99d24951288fa47e8a:0x50b0 
0xa5ecd89cd9f83c477337ee99d24951288fa47e8a:0x50b1 
0xa5ecd89cd9f83c477337ee99d24951288fa47e8a:0x50b2 
0xa5ecd89cd9f83c477337ee99d24951288fa47e8a:0x50b5 
0xa5ecd89cd9f83c477337ee99d24951288fa47e8a:0x622b 
0xa5ecd89cd9f83c477337ee99d24951288fa47e8a:0x622c 
0xa5ecd89cd9f83c477337ee99d24951288fa47e8a:0x622e 
0xa5ecd89cd9f83c477337ee99d24951288fa47e8a:0x622f 
0xa5ecd89cd9f83c477337ee99d24951288fa47e8a:0x6230 
0xa5ecd89cd9f83c477337ee99d24951288fa47e8a:0x6231 
0xa5ecd89cd9f83c477337ee99d24951288fa47e8a:0x6232 
0xa5ecd89cd9f83c477337ee99d24951288fa47e8a:0x6233 
0xa5ecd89cd9f83c477337ee99d24951288fa47e8a:0x6236 
0xa5ecd89cd9f83c477337ee99d24951288fa47e8a:0x6249 
0xa5ecd89cd9f83c477337ee99d24951288fa47e8a:0x624a 
0xa5ecd89cd9f83c477337ee99d24951288fa47e8a:0x624b 
0xa5ecd89cd9f83c477337ee99d24951288fa47e8a:0x624c 
0xa5ecd89cd9f83c477337ee99d24951288fa47e8a:0x624d 
0xa5ecd89cd9f83c477337ee99d24951288fa47e8a:0x624e 
0xa5ecd89cd9f83c477337ee99d24951288fa47e8a:0x6251 
0xa5ecd89cd9f83c477337ee99d24951288fa47e8a:0x6258 
0xa5ecd89cd9f83c477337ee99d24951288fa47e8a:0x6259 
0xa5ecd89cd9f83c477337ee99d24951288fa47e8a:0x625a 
0xa5ecd89cd9f83c477337ee99d24951288fa47e8a:0x625b 
0xa5ecd89cd9f83c477337ee99d24951288fa47e8a:0x625c 
0xa5ecd89cd9f83c477337ee99d24951288fa47e8a:0x625d 
0xa5ecd89cd9f83c477337ee99d24951288fa47e8a:0x50b6 
0xa5ecd89cd9f83c477337ee99d24951288fa47e8a:0x50b7 
0xa5ecd89cd9f83c477337ee99d24951288fa47e8a:0x50ba 
0xa5ecd89cd9f83c477337ee99d24951288fa47e8a:0x50bb 
0xa5ecd89cd9f83c477337ee99d24951288fa47e8a:0x50be 
0xa5ecd89cd9f83c477337ee99d24951288fa47e8a:0x6514 
0xa5ecd89cd9f83c477337ee99d24951288fa47e8a:0x6515 
0xa5ecd89cd9f83c477337ee99d24951288fa47e8a:0x6517 
0xa5ecd89cd9f83c477337ee99d24951288fa47e8a:0x6519 
0xa5ecd89cd9f83c477337ee99d24951288fa47e8a:0x651a 
0xa5ecd89cd9f83c477337ee99d24951288fa47e8a:0x651c 
0xa5ecd89cd9f83c477337ee99d24951288fa47e8a:0x651d 
0xa5ecd89cd9f83c477337ee99d24951288fa47e8a:0x651e 
0xa5ecd89cd9f83c477337ee99d24951288fa47e8a:0x651f 
0xa5ecd89cd9f83c477337ee99d24951288fa47e8a:0x6520 
0xa5ecd89cd9f83c477337ee99d24951288fa47e8a:0x6521 
0xa5ecd89cd9f83c477337ee99d24951288fa47e8a:0x6522 
0xa5ecd89cd9f83c477337ee99d24951288fa47e8a:0x6523 
0xa5ecd89cd9f83c477337ee99d24951288fa47e8a:0x6524 
0xa5ecd89cd9f83c477337ee99d24951288fa47e8a:0x50bf 
0xa5ecd89cd9f83c477337ee99d24951288fa47e8a:0x50c0 
0xa5ecd89cd9f83c477337ee99d24951288fa47e8a:0x50c1 
0xa5ecd89cd9f83c477337ee99d24951288fa47e8a:0x50c2 
0xa5ecd89cd9f83c477337ee99d24951288fa47e8a:0x50c3 
0xa5ecd89cd9f83c477337ee99d24951288fa47e8a:0x50c4 
0xa5ecd89cd9f83c477337ee99d24951288fa47e8a:0x50c5 
0xa5ecd89cd9f83c477337ee99d24951288fa47e8a:0x50c6 
0xa5ecd89cd9f83c477337ee99d24951288fa47e8a:0x50c7 
0xa5ecd89cd9f83c477337ee99d24951288fa47e8a:0x50c8 
0xa5ecd89cd9f83c477337ee99d24951288fa47e8a:0x50c9 
0xa5ecd89cd9f83c477337ee99d24951288fa47e8a:0x5a39 
0xa5ecd89cd9f83c477337ee99d24951288fa47e8a:0x5a3a 
0xa5ecd89cd9f83c477337ee99d24951288fa47e8a:0x5a3b 
0xa5ecd89cd9f83c477337ee99d24951288fa47e8a:0x5a3c 
0xa5ecd89cd9f83c477337ee99d24951288fa47e8a:0x5a3d 
0xa5ecd89cd9f83c477337ee99d24951288fa47e8a:0x5a3e 
0xa5ecd89cd9f83c477337ee99d24951288fa47e8a:0x5a3f 
0xa5ecd89cd9f83c477337ee99d24951288fa47e8a:0x5a40 
0xa5ecd89cd9f83c477337ee99d24951288fa47e8a:0x2ab 
0xa5ecd89cd9f83c477337ee99d24951288fa47e8a:0x2ac 
0xa5ecd89cd9f83c477337ee99d24951288fa47e8a:0x2ae 
0xa5ecd89cd9f83c477337ee99d24951288fa47e8a:0x2af 
0xa5ecd89cd9f83c477337ee99d24951288fa47e8a:0x2b0 
0xa5ecd89cd9f83c477337ee99d24951288fa47e8a:0x2b1 
0xa5ecd89cd9f83c477337ee99d24951288fa47e8a:0x2b2 
0xa5ecd89cd9f83c477337ee99d24951288fa47e8a:0x2b3 
