---
0xa5ecd89cd9f83c477337ee99d24951288fa47e8a:0x0 *
0xa5ecd89cd9f83c477337ee99d24951288fa47e8a:0x2 *
0xa5ecd89cd9f83c477337ee99d24951288fa47e8a:0x4 *
0xa5ecd89cd9f83c477337ee99d24951288fa47e8a:0x5 *
0xa5ecd89cd9f83c477337ee99d24951288fa47e8a:0x6 *
0xa5ecd89cd9f83c477337ee99d24951288fa47e8a:0x7 *
0xa5ecd89cd9f83c477337ee99d24951288fa47e8a:0x8 *
0xa5ecd89cd9f83c477337ee99d24951288fa47e8a:0xb *
0xa5ecd89cd9f83c477337ee99d24951288fa47e8a:0x10 *
0xa5ecd89cd9f83c477337ee99d24951288fa47e8a:0x11 *
0xa5ecd89cd9f83c477337ee99d24951288fa47e8a:0x12 *
0xa5ecd89cd9f83c477337ee99d24951288fa47e8a:0x15 *
0xa5ecd89cd9f83c477337ee99d24951288fa47e8a:0x16 *
0xa5ecd89cd9f83c477337ee99d24951288fa47e8a:0x1a *
0xa5ecd89cd9f83c477337ee99d24951288fa47e8a:0x1c *
0xa5ecd89cd9f83c477337ee99d24951288fa47e8a:0x1d *
0xa5ecd89cd9f83c477337ee99d24951288fa47e8a:0x1f *
---
0xa5ecd89cd9f83c477337ee99d24951288fa47e8a:0x0 
0xa5ecd89cd9f83c477337ee99d24951288fa47e8a:0x2 
0xa5ecd89cd9f83c477337ee99d24951288fa47e8a:0x4 
0xa5ecd89cd9f83c477337ee99d24951288fa47e8a:0x5 
0xa5ecd89cd9f83c477337ee99d24951288fa47e8a:0x6 
0xa5ecd89cd9f83c477337ee99d24951288fa47e8a:0x7 
0xa5ecd89cd9f83c477337ee99d24951288fa47e8a:0x8 
0xa5ecd89cd9f83c477337ee99d24951288fa47e8a:0xb 
0xa5ecd89cd9f83c477337ee99d24951288fa47e8a:0x10 
0xa5ecd89cd9f83c477337ee99d24951288fa47e8a:0x11 
0xa5ecd89cd9f83c477337ee99d24951288fa47e8a:0x12 
0xa5ecd89cd9f83c477337ee99d24951288fa47e8a:0x14 
0xa5ecd89cd9f83c477337ee99d24951288fa47e8a:0x15 
0xa5ecd89cd9f83c477337ee99d24951288fa47e8a:0x16 
0xa5ecd89cd9f83c477337ee99d24951288fa47e8a:0x19 
0xa5ecd89cd9f83c477337ee99d24951288fa47e8a:0x1a 
0xa5ecd89cd9f83c477337ee99d24951288fa47e8a:0x1c 
0xa5ecd89cd9f83c477337ee99d24951288fa47e8a:0x1d 
0xa5ecd89cd9f83c477337ee99d24951288fa47e8a:0x1f 
0xa5ecd89cd9f83c477337ee99d24951288fa47e8a:0x20 
0xa5ecd89cd9f83c477337ee99d24951288fa47e8a:0x21 
0xa5ecd89cd9f83c477337ee99d24951288fa47e8a:0x26 
0xa5ecd89cd9f83c477337ee99d24951288fa47e8a:0x27 
0xa5ecd89cd9f83c477337ee99d24951288fa47e8a:0x2a 
0xa5ecd89cd9f83c477337ee99d24951288fa47e8a:0x130 
0xa5ecd89cd9f83c477337ee99d24951288fa47e8a:0x131 
0xa5ecd89cd9f83c477337ee99d24951288fa47e8a:0x132 
0xa5ecd89cd9f83c477337ee99d24951288fa47e8a:0x137 
0xa5ecd89cd9f83c477337ee99d24951288fa47e8a:0x138 
0xa5ecd89cd9f83c477337ee99d24951288fa47e8a:0x13b 
0xa5ecd89cd9f83c477337ee99d24951288fa47e8a:0x13c 
0xa5ecd89cd9f83c477337ee99d24951288fa47e8a:0x13d 
0xa5ecd89cd9f83c477337ee99d24951288fa47e8a:0x142 
0xa5ecd89cd9f83c477337ee99d24951288fa47e8a:0x143 
0xa5ecd89cd9f83c477337ee99d24951288fa47e8a:0x146 
0xa5ecd89cd9f83c477337ee99d24951288fa47e8a:0x147 
0xa5ecd89cd9f83c477337ee99d24951288fa47e8a:0x148 
0xa5ecd89cd9f83c477337ee99d24951288fa47e8a:0x14d 
0xa5ecd89cd9f83c477337ee99d24951288fa47e8a:0x14e 
0xa5ecd89cd9f83c477337ee99d24951288fa47e8a:0x151 
0xa5ecd89cd9f83c477337ee99d24951288fa47e8a:0x152 
0xa5ecd89cd9f83c477337ee99d24951288fa47e8a:0x153 
0xa5ecd89cd9f83c477337ee99d24951288fa47e8a:0x158 
0xa5ecd89cd9f83c477337ee99d24951288fa47e8a:0x159 
0xa5ecd89cd9f83c477337ee99d24951288fa47e8a:0x15c 
0xa5ecd89cd9f83c477337ee99d24951288fa47e8a:0x15d 
0xa5ecd89cd9f83c477337ee99d24951288fa47e8a:0x15e 
0xa5ecd89cd9f83c477337ee99d24951288fa47e8a:0x163 
0xa5ecd89cd9f83c477337ee99d24951288fa47e8a:0x164 
0xa5ecd89cd9f83c477337ee99d24951288fa47e8a:0x167 
0xa5ecd89cd9f83c477337ee99d24951288fa47e8a:0x168 
0xa5ecd89cd9f83c477337ee99d24951288fa47e8a:0x169 
0xa5ecd89cd9f83c477337ee99d24951288fa47e8a:0x16e 
0xa5ecd89cd9f83c477337ee99d24951288fa47e8a:0x16f 
0xa5ecd89cd9f83c477337ee99d24951288fa47e8a:0x172 
0xa5ecd89cd9f83c477337ee99d24951288fa47e8a:0x508 
0xa5ecd89cd9f83c477337ee99d24951288fa47e8a:0x509 
0xa5ecd89cd9f83c477337ee99d24951288fa47e8a:0x50c 
0xa5ecd89cd9f83c477337ee99d24951288fa47e8a:0x50e 
0xa5ecd89cd9f83c477337ee99d24951288fa47e8a:0x50f 
0xa5ecd89cd9f83c477337ee99d24951288fa47e8a:0x510 
0xa5ecd89cd9f83c477337ee99d24951288fa47e8a:0x511 
0xa5ecd89cd9f83c477337ee99d24951288fa47e8a:0x512 
0xa5ecd89cd9f83c477337ee99d24951288fa47e8a:0x513 
0xa5ecd89cd9f83c477337ee99d24951288fa47e8a:0x514 
0xa5ecd89cd9f83c477337ee99d24951288fa47e8a:0x517 
0xa5ecd89cd9f83c477337ee99d24951288fa47e8a:0x518 
0xa5ecd89cd9f83c477337ee99d24951288fa47e8a:0x519 
0xa5ecd89cd9f83c477337ee99d24951288fa47e8a:0x51c 
0xa5ecd89cd9f83c477337ee99d24951288fa47e8a:0x4b1b 
0xa5ecd89cd9f83c477337ee99d24951288fa47e8a:0x4b1c 
0xa5ecd89cd9f83c477337ee99d24951288fa47e8a:0x4b1e 
0xa5ecd89cd9f83c477337ee99d24951288fa47e8a:0x4b20 
0xa5ecd89cd9f83c477337ee99d24951288fa47e8a:0x4b21 
0xa5ecd89cd9f83c477337ee99d24951288fa47e8a:0x4b22 
0xa5ecd89cd9f83c477337ee99d24951288fa47e8a:0x4b23 
0xa5ecd89cd9f83c477337ee99d24951288fa47e8a:0x4b24 
0xa5ecd89cd9f83c477337ee99d24951288fa47e8a:0x4b25 
0xa5ecd89cd9f83c477337ee99d24951288fa47e8a:0x4b28 
0xa5ecd89cd9f83c477337ee99d24951288fa47e8a:0x4b31 
0xa5ecd89cd9f83c477337ee99d24951288fa47e8a:0x4b32 
0xa5ecd89cd9f83c477337ee99d24951288fa47e8a:0x4b34 
0xa5ecd89cd9f83c477337ee99d24951288fa47e8a:0x4b37 
0xa5ecd89cd9f83c477337ee99d24951288fa47e8a:0x4b38 
0xa5ecd89cd9f83c477337ee99d24951288fa47e8a:0x4b39 
0xa5ecd89cd9f83c477337ee99d24951288fa47e8a:0x4b3a 
0xa5ecd89cd9f83c477337ee99d24951288fa47e8a:0x4b3b 
0xa5ecd89cd9f83c477337ee99d24951288fa47e8a:0x4b3e 
0xa5ecd89cd9f83c477337ee99d24951288fa47e8a:0x4a04 
0xa5ecd89cd9f83c477337ee99d24951288fa47e8a:0x4a05 
0xa5ecd89cd9f83c477337ee99d24951288fa47e8a:0x4a07 
0xa5ecd89cd9f83c477337ee99d24951288fa47e8a:0x4a08 
0xa5ecd89cd9f83c477337ee99d24951288fa47e8a:0x4a09 
0xa5ecd89cd9f83c477337ee99d24951288fa47e8a:0x4a0a 
0xa5ecd89cd9f83c477337ee99d24951288fa47e8a:0x4a0b 
0xa5ecd89cd9f83c477337ee99d24951288fa47e8a:0x4a0e 
0xa5ecd89cd9f83c477337ee99d24951288fa47e8a:0x4a0f 
0xa5ecd89cd9f83c477337ee99d24951288fa47e8a:0x4a12 
0xa5ecd89cd9f83c477337ee99d24951288fa47e8a:0x7077 
0xa5ecd89cd9f83c477337ee99d24951288fa47e8a:0x7078 
0xa5ecd89cd9f83c477337ee99d24951288fa47e8a:0x707b 
0xa5ecd89cd9f83c477337ee99d24951288fa47e8a:0x707c 
0xa5ecd89cd9f83c477337ee99d24951288fa47e8a:0x707f 
0xa5ecd89cd9f83c477337ee99d24951288fa47e8a:0x6100 
0xa5ecd89cd9f83c477337ee99d24951288fa47e8a:0x6101 
0xa5ecd89cd9f83c477337ee99d24951288fa47e8a:0x6103 
0xa5ecd89cd9f83c477337ee99d24951288fa47e8a:0x6106 
0xa5ecd89cd9f83c477337ee99d24951288fa47e8a:0x6107 
0xa5ecd89cd9f83c477337ee99d24951288fa47e8a:0x610a 
0xa5ecd89cd9f83c477337ee99d24951288fa47e8a:0x619f 
0xa5ecd89cd9f83c477337ee99d24951288fa47e8a:0x61a0 
0xa5ecd89cd9f83c477337ee99d24951288fa47e8a:0x61a2 
0xa5ecd89cd9f83c477337ee99d24951288fa47e8a:0x61b7 
0xa5ecd89cd9f83c477337ee99d24951288fa47e8a:0x61b8 
0xa5ecd89cd9f83c477337ee99d24951288fa47e8a:0x61b9 
0xa5ecd89cd9f83c477337ee99d24951288fa47e8a:0x61ba 
0xa5ecd89cd9f83c477337ee99d24951288fa47e8a:0x61bb 
0xa5ecd89cd9f83c477337ee99d24951288fa47e8a:0x61bc 
0xa5ecd89cd9f83c477337ee99d24951288fa47e8a:0x61bd 
0xa5ecd89cd9f83c477337ee99d24951288fa47e8a:0x61be 
0xa5ecd89cd9f83c477337ee99d24951288fa47e8a:0x610b 
0xa5ecd89cd9f83c477337ee99d24951288fa47e8a:0x610c 
0xa5ecd89cd9f83c477337ee99d24951288fa47e8a:0x610d 
0xa5ecd89cd9f83c477337ee99d24951288fa47e8a:0x610e 
0xa5ecd89cd9f83c477337ee99d24951288fa47e8a:0x610f 
0xa5ecd89cd9f83c477337ee99d24951288fa47e8a:0x6110 
0xa5ecd89cd9f83c477337ee99d24951288fa47e8a:0x6111 
0xa5ecd89cd9f83c477337ee99d24951288fa47e8a:0x7080 
0xa5ecd89cd9f83c477337ee99d24951288fa47e8a:0x7081 
0xa5ecd89cd9f83c477337ee99d24951288fa47e8a:0x7082 
0xa5ecd89cd9f83c477337ee99d24951288fa47e8a:0x7083 
0xa5ecd89cd9f83c477337ee99d24951288fa47e8a:0x7086 
0xa5ecd89cd9f83c477337ee99d24951288fa47e8a:0x708b 
0xa5ecd89cd9f83c477337ee99d24951288fa47e8a:0x708c 
0xa5ecd89cd9f83c477337ee99d24951288fa47e8a:0x708d 
0xa5ecd89cd9f83c477337ee99d24951288fa47e8a:0x4a13 
0xa5ecd89cd9f83c477337ee99d24951288fa47e8a:0x4a14 
0xa5ecd89cd9f83c477337ee99d24951288fa47e8a:0x4a15 
0xa5ecd89cd9f83c477337ee99d24951288fa47e8a:0x4a16 
0xa5ecd89cd9f83c477337ee99d24951288fa47e8a:0x4a17 
0xa5ecd89cd9f83c477337ee99d24951288fa47e8a:0x4a18 
0xa5ecd89cd9f83c477337ee99d24951288fa47e8a:0x4b3f 
0xa5ecd89cd9f83c477337ee99d24951288fa47e8a:0x4b40 
0xa5ecd89cd9f83c477337ee99d24951288fa47e8a:0x4b41 
0xa5ecd89cd9f83c477337ee99d24951288fa47e8a:0x4b42 
0xa5ecd89cd9f83c477337ee99d24951288fa47e8a:0x4b43 
0xa5ecd89cd9f83c477337ee99d24951288fa47e8a:0x4b44 
0xa5ecd89cd9f83c477337ee99d24951288fa47e8a:0x4b45 
0xa5ecd89cd9f83c477337ee99d24951288fa47e8a:0x4b46 
0xa5ecd89cd9f83c477337ee99d24951288fa47e8a:0x4b47 
0xa5ecd89cd9f83c477337ee99d24951288fa47e8a:0x51d 
0xa5ecd89cd9f83c477337ee99d24951288fa47e8a:0x51e 
0xa5ecd89cd9f83c477337ee99d24951288fa47e8a:0x521 
0xa5ecd89cd9f83c477337ee99d24951288fa47e8a:0x119b 
0xa5ecd89cd9f83c477337ee99d24951288fa47e8a:0x119c 
0xa5ecd89cd9f83c477337ee99d24951288fa47e8a:0x119e 
0xa5ecd89cd9f83c477337ee99d24951288fa47e8a:0x11a0 
0xa5ecd89cd9f83c477337ee99d24951288fa47e8a:0x11a2 
0xa5ecd89cd9f83c477337ee99d24951288fa47e8a:0x11a3 
0xa5ecd89cd9f83c477337ee99d24951288fa47e8a:0x11b8 
0xa5ecd89cd9f83c477337ee99d24951288fa47e8a:0x11b9 
0xa5ecd89cd9f83c477337ee99d24951288fa47e8a:0x11ce 
0xa5ecd89cd9f83c477337ee99d24951288fa47e8a:0x11cf 
0xa5ecd89cd9f83c477337ee99d24951288fa47e8a:0x11d0 
0xa5ecd89cd9f83c477337ee99d24951288fa47e8a:0x11d1 
0xa5ecd89cd9f83c477337ee99d24951288fa47e8a:0x11d3 
0xa5ecd89cd9f83c477337ee99d24951288fa47e8a:0x11d4 
0xa5ecd89cd9f83c477337ee99d24951288fa47e8a:0x11d5 
0xa5ecd89cd9f83c477337ee99d24951288fa47e8a:0x11d6 
0xa5ecd89cd9f83c477337ee99d24951288fa47e8a:0x11d7 
0xa5ecd89cd9f83c477337ee99d24951288fa47e8a:0x11d9 
0xa5ecd89cd9f83c477337ee99d24951288fa47e8a:0x11da 
0xa5ecd89cd9f83c477337ee99d24951288fa47e8a:0x11dc 
0xa5ecd89cd9f83c477337ee99d24951288fa47e8a:0x11dd 
0xa5ecd89cd9f83c477337ee99d24951288fa47e8a:0x11de 
0xa5ecd89cd9f83c477337ee99d24951288fa47e8a:0x11df 
0xa5ecd89cd9f83c477337ee99d24951288fa47e8a:0x11e0 
0xa5ecd89cd9f83c477337ee99d24951288fa47e8a:0x11e1 
0xa5ecd89cd9f83c477337ee99d24951288fa47e8a:0x11e2 
0xa5ecd89cd9f83c477337ee99d24951288fa47e8a:0x11e3 
0xa5ecd89cd9f83c477337ee99d24951288fa47e8a:0x522 
0xa5ecd89cd9f83c477337ee99d24951288fa47e8a:0x523 
0xa5ecd89cd9f83c477337ee99d24951288fa47e8a:0x525 
0xa5ecd89cd9f83c477337ee99d24951288fa47e8a:0x526 
0xa5ecd89cd9f83c477337ee99d24951288fa47e8a:0x529 
0xa5ecd89cd9f83c477337ee99d24951288fa47e8a:0x52a 
0xa5ecd89cd9f83c477337ee99d24951288fa47e8a:0x52b 
0xa5ecd89cd9f83c477337ee99d24951288fa47e8a:0x52e 
0xa5ecd89cd9f83c477337ee99d24951288fa47e8a:0x5ed7 
0xa5ecd89cd9f83c477337ee99d24951288fa47e8a:0x5ed8 
0xa5ecd89cd9f83c477337ee99d24951288fa47e8a:0x5eda 
0xa5ecd89cd9f83c477337ee99d24951288fa47e8a:0x5edc 
0xa5ecd89cd9f83c477337ee99d24951288fa47e8a:0x5edd 
0xa5ecd89cd9f83c477337ee99d24951288fa47e8a:0x5ede 
0xa5ecd89cd9f83c477337ee99d24951288fa47e8a:0x5edf 
0xa5ecd89cd9f83c477337ee99d24951288fa47e8a:0x5ee0 
0xa5ecd89cd9f83c477337ee99d24951288fa47e8a:0x5ee3 
0xa5ecd89cd9f83c477337ee99d24951288fa47e8a:0x5ee5 
0xa5ecd89cd9f83c477337ee99d24951288fa47e8a:0x5ee6 
0xa5ecd89cd9f83c477337ee99d24951288fa47e8a:0x5ee7 
0xa5ecd89cd9f83c477337ee99d24951288fa47e8a:0x5ee8 
0xa5ecd89cd9f83c477337ee99d24951288fa47e8a:0x5eeb 
0xa5ecd89cd9f83c477337ee99d24951288fa47e8a:0x5702 
0xa5ecd89cd9f83c477337ee99d24951288fa47e8a:0x5703 
0xa5ecd89cd9f83c477337ee99d24951288fa47e8a:0x5706 
0xa5ecd89cd9f83c477337ee99d24951288fa47e8a:0x5707 
0xa5ecd89cd9f83c477337ee99d24951288fa47e8a:0x570a 
0xa5ecd89cd9f83c477337ee99d24951288fa47e8a:0x61bf 
0xa5ecd89cd9f83c477337ee99d24951288fa47e8a:0x61c0 
0xa5ecd89cd9f83c477337ee99d24951288fa47e8a:0x61c2 
0xa5ecd89cd9f83c477337ee99d24951288fa47e8a:0x61c3 
0xa5ecd89cd9f83c477337ee99d24951288fa47e8a:0x61c4 
0xa5ecd89cd9f83c477337ee99d24951288fa47e8a:0x61c5 
0xa5ecd89cd9f83c477337ee99d24951288fa47e8a:0x61c6 
0xa5ecd89cd9f83c477337ee99d24951288fa47e8a:0x61c7 
0xa5ecd89cd9f83c477337ee99d24951288fa47e8a:0x61c8 
0xa5ecd89cd9f83c477337ee99d24951288fa47e8a:0x570b 
0xa5ecd89cd9f83c477337ee99d24951288fa47e8a:0x570c 
0xa5ecd89cd9f83c477337ee99d24951288fa47e8a:0x570d 
0xa5ecd89cd9f83c477337ee99d24951288fa47e8a:0x570e 
0xa5ecd89cd9f83c477337ee99d24951288fa47e8a:0x570f 
0xa5ecd89cd9f83c477337ee99d24951288fa47e8a:0x5710 
0xa5ecd89cd9f83c477337ee99d24951288fa47e8a:0x5eec 
0xa5ecd89cd9f83c477337ee99d24951288fa47e8a:0x5eed 
0xa5ecd89cd9f83c477337ee99d24951288fa47e8a:0x5eee 
0xa5ecd89cd9f83c477337ee99d24951288fa47e8a:0x5eef 
0xa5ecd89cd9f83c477337ee99d24951288fa47e8a:0x5ef0 
0xa5ecd89cd9f83c477337ee99d24951288fa47e8a:0x5ef1 
0xa5ecd89cd9f83c477337ee99d24951288fa47e8a:0x52f 
0xa5ecd89cd9f83c477337ee99d24951288fa47e8a:0x530 
0xa5ecd89cd9f83c477337ee99d24951288fa47e8a:0x532 
0xa5ecd89cd9f83c477337ee99d24951288fa47e8a:0x533 
0xa5ecd89cd9f83c477337ee99d24951288fa47e8a:0x534 
0xa5ecd89cd9f83c477337ee99d24951288fa47e8a:0x535 
0xa5ecd89cd9f83c477337ee99d24951288fa47e8a:0x536 
0xa5ecd89cd9f83c477337ee99d24951288fa47e8a:0x537 
