---
0xa5ecd89cd9f83c477337ee99d24951288fa47e8a:0x0 *
0xa5ecd89cd9f83c477337ee99d24951288fa47e8a:0x2 *
0xa5ecd89cd9f83c477337ee99d24951288fa47e8a:0x4 *
0xa5ecd89cd9f83c477337ee99d24951288fa47e8a:0x5 *
0xa5ecd89cd9f83c477337ee99d24951288fa47e8a:0x6 *
0xa5ecd89cd9f83c477337ee99d24951288fa47e8a:0x7 *
0xa5ecd89cd9f83c477337ee99d24951288fa47e8a:0x8 *
0xa5ecd89cd9f83c477337ee99d24951288fa47e8a:0xb *
0xa5ecd89cd9f83c477337ee99d24951288fa47e8a:0x10 *
0xa5ecd89cd9f83c477337ee99d24951288fa47e8a:0x11 *
0xa5ecd89cd9f83c477337ee99d24951288fa47e8a:0x12 *
0xa5ecd89cd9f83c477337ee99d24951288fa47e8a:0x15 *
0xa5ecd89cd9f83c477337ee99d24951288fa47e8a:0x16 *
0xa5ecd89cd9f83c477337ee99d24951288fa47e8a:0x1a *
0xa5ecd89cd9f83c477337ee99d24951288fa47e8a:0x1c *
0xa5ecd89cd9f83c477337ee99d24951288fa47e8a:0x1d *
0xa5ecd89cd9f83c477337ee99d24951288fa47e8a:0x1f *
---
0xa5ecd89cd9f83c477337ee99d24951288fa47e8a:0x0 
0xa5ecd89cd9f83c477337ee99d24951288fa47e8a:0x2 
0xa5ecd89cd9f83c477337ee99d24951288fa47e8a:0x4 
0xa5ecd89cd9f83c477337ee99d24951288fa47e8a:0x5 
0xa5ecd89cd9f83c477337ee99d24951288fa47e8a:0x6 
0xa5ecd89cd9f83c477337ee99d24951288fa47e8a:0x7 
0xa5ecd89cd9f83c477337ee99d24951288fa47e8a:0x8 
0xa5ecd89cd9f83c477337ee99d24951288fa47e8a:0xb 
0xa5ecd89cd9f83c477337ee99d24951288fa47e8a:0x10 
0xa5ecd89cd9f83c477337ee99d24951288fa47e8a:0x11 
0xa5ecd89cd9f83c477337ee99d24951288fa47e8a:0x12 
0xa5ecd89cd9f83c477337ee99d24951288fa47e8a:0x14 
0xa5ecd89cd9f83c477337ee99d24951288fa47e8a:0x15 
0xa5ecd89cd9f83c477337ee99d24951288fa47e8a:0x16 
0xa5ecd89cd9f83c477337ee99d24951288fa47e8a:0x19 
0xa5ecd89cd9f83c477337ee99d24951288fa47e8a:0x1a 
0xa5ecd89cd9f83c477337ee99d24951288fa47e8a:0x1c 
0xa5ecd89cd9f83c477337ee99d24951288fa47e8a:0x1d 
0xa5ecd89cd9f83c477337ee99d24951288fa47e8a:0x1f 
0xa5ecd89cd9f83c477337ee99d24951288fa47e8a:0x20 
0xa5ecd89cd9f83c477337ee99d24951288fa47e8a:0x21 
0xa5ecd89cd9f83c477337ee99d24951288fa47e8a:0x26 
0xa5ecd89cd9f83c477337ee99d24951288fa47e8a:0x27 
0xa5ecd89cd9f83c477337ee99d24951288fa47e8a:0x2a 
0xa5ecd89cd9f83c477337ee99d24951288fa47e8a:0x2b 
0xa5ecd89cd9f83c477337ee99d24951288fa47e8a:0x2c 
0xa5ecd89cd9f83c477337ee99d24951288fa47e8a:0x31 
0xa5ecd89cd9f83c477337ee99d24951288fa47e8a:0x32 
0xa5ecd89cd9f83c477337ee99d24951288fa47e8a:0x35 
0xa5ecd89cd9f83c477337ee99d24951288fa47e8a:0x36 
0xa5ecd89cd9f83c477337ee99d24951288fa47e8a:0x37 
0xa5ecd89cd9f83c477337ee99d24951288fa47e8a:0x3c 
0xa5ecd89cd9f83c477337ee99d24951288fa47e8a:0x3d 
0xa5ecd89cd9f83c477337ee99d24951288fa47e8a:0x40 
0xa5ecd89cd9f83c477337ee99d24951288fa47e8a:0x7c 
0xa5ecd89cd9f83c477337ee99d24951288fa47e8a:0x7d 
0xa5ecd89cd9f83c477337ee99d24951288fa47e8a:0x7e 
0xa5ecd89cd9f83c477337ee99d24951288fa47e8a:0x83 
0xa5ecd89cd9f83c477337ee99d24951288fa47e8a:0x84 
0xa5ecd89cd9f83c477337ee99d24951288fa47e8a:0x87 
0xa5ecd89cd9f83c477337ee99d24951288fa47e8a:0x6e0 
0xa5ecd89cd9f83c477337ee99d24951288fa47e8a:0x6e1 
0xa5ecd89cd9f83c477337ee99d24951288fa47e8a:0x6e4 
0xa5ecd89cd9f83c477337ee99d24951288fa47e8a:0x6e7 
0xa5ecd89cd9f83c477337ee99d24951288fa47e8a:0x1de1 
0xa5ecd89cd9f83c477337ee99d24951288fa47e8a:0x1de2 
0xa5ecd89cd9f83c477337ee99d24951288fa47e8a:0x1de4 
0xa5ecd89cd9f83c477337ee99d24951288fa47e8a:0x1de5 
0xa5ecd89cd9f83c477337ee99d24951288fa47e8a:0x1de6 
0xa5ecd89cd9f83c477337ee99d24951288fa47e8a:0x1de7 
0xa5ecd89cd9f83c477337ee99d24951288fa47e8a:0x6e8 
0xa5ecd89cd9f83c477337ee99d24951288fa47e8a:0x6e9 
0xa5ecd89cd9f83c477337ee99d24951288fa47e8a:0x6eb 
0xa5ecd89cd9f83c477337ee99d24951288fa47e8a:0x6ec 
0xa5ecd89cd9f83c477337ee99d24951288fa47e8a:0x6ef 
0xa5ecd89cd9f83c477337ee99d24951288fa47e8a:0x6f0 
0xa5ecd89cd9f83c477337ee99d24951288fa47e8a:0x6f1 
0xa5ecd89cd9f83c477337ee99d24951288fa47e8a:0x6f4 
0xa5ecd89cd9f83c477337ee99d24951288fa47e8a:0x59bf 
0xa5ecd89cd9f83c477337ee99d24951288fa47e8a:0x59c0 
0xa5ecd89cd9f83c477337ee99d24951288fa47e8a:0x59c2 
0xa5ecd89cd9f83c477337ee99d24951288fa47e8a:0x59c4 
0xa5ecd89cd9f83c477337ee99d24951288fa47e8a:0x59c5 
0xa5ecd89cd9f83c477337ee99d24951288fa47e8a:0x59c6 
0xa5ecd89cd9f83c477337ee99d24951288fa47e8a:0x59c7 
0xa5ecd89cd9f83c477337ee99d24951288fa47e8a:0x59c8 
0xa5ecd89cd9f83c477337ee99d24951288fa47e8a:0x59cb 
0xa5ecd89cd9f83c477337ee99d24951288fa47e8a:0x59cd 
0xa5ecd89cd9f83c477337ee99d24951288fa47e8a:0x59ce 
0xa5ecd89cd9f83c477337ee99d24951288fa47e8a:0x59cf 
0xa5ecd89cd9f83c477337ee99d24951288fa47e8a:0x59d0 
0xa5ecd89cd9f83c477337ee99d24951288fa47e8a:0x59d3 
0xa5ecd89cd9f83c477337ee99d24951288fa47e8a:0x5036 
0xa5ecd89cd9f83c477337ee99d24951288fa47e8a:0x5037 
0xa5ecd89cd9f83c477337ee99d24951288fa47e8a:0x503a 
0xa5ecd89cd9f83c477337ee99d24951288fa47e8a:0x503b 
0xa5ecd89cd9f83c477337ee99d24951288fa47e8a:0x503e 
0xa5ecd89cd9f83c477337ee99d24951288fa47e8a:0x611e 
0xa5ecd89cd9f83c477337ee99d24951288fa47e8a:0x611f 
0xa5ecd89cd9f83c477337ee99d24951288fa47e8a:0x6121 
0xa5ecd89cd9f83c477337ee99d24951288fa47e8a:0x6122 
0xa5ecd89cd9f83c477337ee99d24951288fa47e8a:0x6123 
0xa5ecd89cd9f83c477337ee99d24951288fa47e8a:0x6124 
0xa5ecd89cd9f83c477337ee99d24951288fa47e8a:0x6125 
0xa5ecd89cd9f83c477337ee99d24951288fa47e8a:0x6126 
0xa5ecd89cd9f83c477337ee99d24951288fa47e8a:0x6127 
0xa5ecd89cd9f83c477337ee99d24951288fa47e8a:0x503f 
0xa5ecd89cd9f83c477337ee99d24951288fa47e8a:0x5040 
0xa5ecd89cd9f83c477337ee99d24951288fa47e8a:0x5041 
0xa5ecd89cd9f83c477337ee99d24951288fa47e8a:0x5042 
0xa5ecd89cd9f83c477337ee99d24951288fa47e8a:0x5043 
0xa5ecd89cd9f83c477337ee99d24951288fa47e8a:0x5044 
0xa5ecd89cd9f83c477337ee99d24951288fa47e8a:0x59d4 
0xa5ecd89cd9f83c477337ee99d24951288fa47e8a:0x59d5 
0xa5ecd89cd9f83c477337ee99d24951288fa47e8a:0x59d6 
0xa5ecd89cd9f83c477337ee99d24951288fa47e8a:0x59d7 
0xa5ecd89cd9f83c477337ee99d24951288fa47e8a:0x59d8 
0xa5ecd89cd9f83c477337ee99d24951288fa47e8a:0x59d9 
0xa5ecd89cd9f83c477337ee99d24951288fa47e8a:0x6f5 
0xa5ecd89cd9f83c477337ee99d24951288fa47e8a:0x6f6 
0xa5ecd89cd9f83c477337ee99d24951288fa47e8a:0x6f8 
0xa5ecd89cd9f83c477337ee99d24951288fa47e8a:0x6f9 
0xa5ecd89cd9f83c477337ee99d24951288fa47e8a:0x6fa 
0xa5ecd89cd9f83c477337ee99d24951288fa47e8a:0x6fb 
0xa5ecd89cd9f83c477337ee99d24951288fa47e8a:0x6fc 
0xa5ecd89cd9f83c477337ee99d24951288fa47e8a:0x6fd 
