---
0xa5ecd89cd9f83c477337ee99d24951288fa47e8a:0x0 *
0xa5ecd89cd9f83c477337ee99d24951288fa47e8a:0x2 *
0xa5ecd89cd9f83c477337ee99d24951288fa47e8a:0x4 *
0xa5ecd89cd9f83c477337ee99d24951288fa47e8a:0x5 *
0xa5ecd89cd9f83c477337ee99d24951288fa47e8a:0x6 *
0xa5ecd89cd9f83c477337ee99d24951288fa47e8a:0x7 *
0xa5ecd89cd9f83c477337ee99d24951288fa47e8a:0x8 *
0xa5ecd89cd9f83c477337ee99d24951288fa47e8a:0xb *
0xa5ecd89cd9f83c477337ee99d24951288fa47e8a:0x10 *
0xa5ecd89cd9f83c477337ee99d24951288fa47e8a:0x11 *
0xa5ecd89cd9f83c477337ee99d24951288fa47e8a:0x12 *
0xa5ecd89cd9f83c477337ee99d24951288fa47e8a:0x15 *
0xa5ecd89cd9f83c477337ee99d24951288fa47e8a:0x16 *
0xa5ecd89cd9f83c477337ee99d24951288fa47e8a:0x1a *
0xa5ecd89cd9f83c477337ee99d24951288fa47e8a:0x1c *
0xa5ecd89cd9f83c477337ee99d24951288fa47e8a:0x1d *
0xa5ecd89cd9f83c477337ee99d24951288fa47e8a:0x1f *
---
0xa5ecd89cd9f83c477337ee99d24951288fa47e8a:0x0 
0xa5ecd89cd9f83c477337ee99d24951288fa47e8a:0x2 
0xa5ecd89cd9f83c477337ee99d24951288fa47e8a:0x4 
0xa5ecd89cd9f83c477337ee99d24951288fa47e8a:0x5 
0xa5ecd89cd9f83c477337ee99d24951288fa47e8a:0x6 
0xa5ecd89cd9f83c477337ee99d24951288fa47e8a:0x7 
0xa5ecd89cd9f83c477337ee99d24951288fa47e8a:0x8 
0xa5ecd89cd9f83c477337ee99d24951288fa47e8a:0xb 
0xa5ecd89cd9f83c477337ee99d24951288fa47e8a:0x10 
0xa5ecd89cd9f83c477337ee99d24951288fa47e8a:0x11 
0xa5ecd89cd9f83c477337ee99d24951288fa47e8a:0x12 
0xa5ecd89cd9f83c477337ee99d24951288fa47e8a:0x14 
0xa5ecd89cd9f83c477337ee99d24951288fa47e8a:0x15 
0xa5ecd89cd9f83c477337ee99d24951288fa47e8a:0x16 
0xa5ecd89cd9f83c477337ee99d24951288fa47e8a:0x19 
0xa5ecd89cd9f83c477337ee99d24951288fa47e8a:0x1a 
0xa5ecd89cd9f83c477337ee99d24951288fa47e8a:0x1c 
0xa5ecd89cd9f83c477337ee99d24951288fa47e8a:0x1d 
0xa5ecd89cd9f83c477337ee99d24951288fa47e8a:0x1f 
0xa5ecd89cd9f83c477337ee99d24951288fa47e8a:0x20 
0xa5ecd89cd9f83c477337ee99d24951288fa47e8a:0x21 
0xa5ecd89cd9f83c477337ee99d24951288fa47e8a:0x26 
0xa5ecd89cd9f83c477337ee99d24951288fa47e8a:0x27 
0xa5ecd89cd9f83c477337ee99d24951288fa47e8a:0x2a 
0xa5ecd89cd9f83c477337ee99d24951288fa47e8a:0x130 
0xa5ecd89cd9f83c477337ee99d24951288fa47e8a:0x131 
0xa5ecd89cd9f83c477337ee99d24951288fa47e8a:0x132 
0xa5ecd89cd9f83c477337ee99d24951288fa47e8a:0x137 
0xa5ecd89cd9f83c477337ee99d24951288fa47e8a:0x138 
0xa5ecd89cd9f83c477337ee99d24951288fa47e8a:0x13b 
0xa5ecd89cd9f83c477337ee99d24951288fa47e8a:0x13c 
0xa5ecd89cd9f83c477337ee99d24951288fa47e8a:0x13d 
0xa5ecd89cd9f83c477337ee99d24951288fa47e8a:0x142 
0xa5ecd89cd9f83c477337ee99d24951288fa47e8a:0x143 
0xa5ecd89cd9f83c477337ee99d24951288fa47e8a:0x146 
0xa5ecd89cd9f83c477337ee99d24951288fa47e8a:0x147 
0xa5ecd89cd9f83c477337ee99d24951288fa47e8a:0x148 
0xa5ecd89cd9f83c477337ee99d24951288fa47e8a:0x14d 
0xa5ecd89cd9f83c477337ee99d24951288fa47e8a:0x14e 
0xa5ecd89cd9f83c477337ee99d24951288fa47e8a:0x151 
0xa5ecd89cd9f83c477337ee99d24951288fa47e8a:0x478 
0xa5ecd89cd9f83c477337ee99d24951288fa47e8a:0x479 
0xa5ecd89cd9f83c477337ee99d24951288fa47e8a:0x47c 
0xa5ecd89cd9f83c477337ee99d24951288fa47e8a:0x47e 
0xa5ecd89cd9f83c477337ee99d24951288fa47e8a:0x47f 
0xa5ecd89cd9f83c477337ee99d24951288fa47e8a:0x480 
0xa5ecd89cd9f83c477337ee99d24951288fa47e8a:0x481 
0xa5ecd89cd9f83c477337ee99d24951288fa47e8a:0x482 
0xa5ecd89cd9f83c477337ee99d24951288fa47e8a:0x483 
0xa5ecd89cd9f83c477337ee99d24951288fa47e8a:0x484 
0xa5ecd89cd9f83c477337ee99d24951288fa47e8a:0x487 
0xa5ecd89cd9f83c477337ee99d24951288fa47e8a:0x488 
0xa5ecd89cd9f83c477337ee99d24951288fa47e8a:0x489 
0xa5ecd89cd9f83c477337ee99d24951288fa47e8a:0x48c 
0xa5ecd89cd9f83c477337ee99d24951288fa47e8a:0x4d60 
0xa5ecd89cd9f83c477337ee99d24951288fa47e8a:0x4d61 
0xa5ecd89cd9f83c477337ee99d24951288fa47e8a:0x4d63 
0xa5ecd89cd9f83c477337ee99d24951288fa47e8a:0x4d64 
0xa5ecd89cd9f83c477337ee99d24951288fa47e8a:0x4d66 
0xa5ecd89cd9f83c477337ee99d24951288fa47e8a:0x4d67 
0xa5ecd89cd9f83c477337ee99d24951288fa47e8a:0x4d68 
0xa5ecd89cd9f83c477337ee99d24951288fa47e8a:0x4d69 
0xa5ecd89cd9f83c477337ee99d24951288fa47e8a:0x4d6a 
0xa5ecd89cd9f83c477337ee99d24951288fa47e8a:0x4d6b 
0xa5ecd89cd9f83c477337ee99d24951288fa47e8a:0x4d6e 
0xa5ecd89cd9f83c477337ee99d24951288fa47e8a:0x4d77 
0xa5ecd89cd9f83c477337ee99d24951288fa47e8a:0x4d78 
0xa5ecd89cd9f83c477337ee99d24951288fa47e8a:0x4d7a 
0xa5ecd89cd9f83c477337ee99d24951288fa47e8a:0x4d7d 
0xa5ecd89cd9f83c477337ee99d24951288fa47e8a:0x4d7e 
0xa5ecd89cd9f83c477337ee99d24951288fa47e8a:0x4d7f 
0xa5ecd89cd9f83c477337ee99d24951288fa47e8a:0x4d80 
0xa5ecd89cd9f83c477337ee99d24951288fa47e8a:0x4d81 
0xa5ecd89cd9f83c477337ee99d24951288fa47e8a:0x4d84 
0xa5ecd89cd9f83c477337ee99d24951288fa47e8a:0x4a04 
0xa5ecd89cd9f83c477337ee99d24951288fa47e8a:0x4a05 
0xa5ecd89cd9f83c477337ee99d24951288fa47e8a:0x4a07 
0xa5ecd89cd9f83c477337ee99d24951288fa47e8a:0x4a08 
0xa5ecd89cd9f83c477337ee99d24951288fa47e8a:0x4a09 
0xa5ecd89cd9f83c477337ee99d24951288fa47e8a:0x4a0a 
0xa5ecd89cd9f83c477337ee99d24951288fa47e8a:0x4a0b 
0xa5ecd89cd9f83c477337ee99d24951288fa47e8a:0x4a0e 
0xa5ecd89cd9f83c477337ee99d24951288fa47e8a:0x4a0f 
0xa5ecd89cd9f83c477337ee99d24951288fa47e8a:0x4a12 
0xa5ecd89cd9f83c477337ee99d24951288fa47e8a:0x7077 
0xa5ecd89cd9f83c477337ee99d24951288fa47e8a:0x7078 
0xa5ecd89cd9f83c477337ee99d24951288fa47e8a:0x707b 
0xa5ecd89cd9f83c477337ee99d24951288fa47e8a:0x707c 
0xa5ecd89cd9f83c477337ee99d24951288fa47e8a:0x707f 
0xa5ecd89cd9f83c477337ee99d24951288fa47e8a:0x6100 
0xa5ecd89cd9f83c477337ee99d24951288fa47e8a:0x6101 
0xa5ecd89cd9f83c477337ee99d24951288fa47e8a:0x6103 
0xa5ecd89cd9f83c477337ee99d24951288fa47e8a:0x6106 
0xa5ecd89cd9f83c477337ee99d24951288fa47e8a:0x6107 
0xa5ecd89cd9f83c477337ee99d24951288fa47e8a:0x610a 
0xa5ecd89cd9f83c477337ee99d24951288fa47e8a:0x619f 
0xa5ecd89cd9f83c477337ee99d24951288fa47e8a:0x61a0 
0xa5ecd89cd9f83c477337ee99d24951288fa47e8a:0x61a2 
0xa5ecd89cd9f83c477337ee99d24951288fa47e8a:0x61b7 
0xa5ecd89cd9f83c477337ee99d24951288fa47e8a:0x61b8 
0xa5ecd89cd9f83c477337ee99d24951288fa47e8a:0x61b9 
0xa5ecd89cd9f83c477337ee99d24951288fa47e8a:0x61ba 
0xa5ecd89cd9f83c477337ee99d24951288fa47e8a:0x61bb 
0xa5ecd89cd9f83c477337ee99d24951288fa47e8a:0x61bc 
0xa5ecd89cd9f83c477337ee99d24951288fa47e8a:0x61bd 
0xa5ecd89cd9f83c477337ee99d24951288fa47e8a:0x61be 
0xa5ecd89cd9f83c477337ee99d24951288fa47e8a:0x610b 
0xa5ecd89cd9f83c477337ee99d24951288fa47e8a:0x610c 
0xa5ecd89cd9f83c477337ee99d24951288fa47e8a:0x610d 
0xa5ecd89cd9f83c477337ee99d24951288fa47e8a:0x610e 
0xa5ecd89cd9f83c477337ee99d24951288fa47e8a:0x610f 
0xa5ecd89cd9f83c477337ee99d24951288fa47e8a:0x6110 
0xa5ecd89cd9f83c477337ee99d24951288fa47e8a:0x6111 
0xa5ecd89cd9f83c477337ee99d24951288fa47e8a:0x7080 
0xa5ecd89cd9f83c477337ee99d24951288fa47e8a:0x7081 
0xa5ecd89cd9f83c477337ee99d24951288fa47e8a:0x7082 
0xa5ecd89cd9f83c477337ee99d24951288fa47e8a:0x7083 
0xa5ecd89cd9f83c477337ee99d24951288fa47e8a:0x7086 
0xa5ecd89cd9f83c477337ee99d24951288fa47e8a:0x708b 
0xa5ecd89cd9f83c477337ee99d24951288fa47e8a:0x708c 
0xa5ecd89cd9f83c477337ee99d24951288fa47e8a:0x708d 
0xa5ecd89cd9f83c477337ee99d24951288fa47e8a:0x4a13 
0xa5ecd89cd9f83c477337ee99d24951288fa47e8a:0x4a14 
0xa5ecd89cd9f83c477337ee99d24951288fa47e8a:0x4a15 
0xa5ecd89cd9f83c477337ee99d24951288fa47e8a:0x4a16 
0xa5ecd89cd9f83c477337ee99d24951288fa47e8a:0x4a17 
0xa5ecd89cd9f83c477337ee99d24951288fa47e8a:0x4a18 
0xa5ecd89cd9f83c477337ee99d24951288fa47e8a:0x4d85 
0xa5ecd89cd9f83c477337ee99d24951288fa47e8a:0x4d86 
0xa5ecd89cd9f83c477337ee99d24951288fa47e8a:0x4d87 
0xa5ecd89cd9f83c477337ee99d24951288fa47e8a:0x4d88 
0xa5ecd89cd9f83c477337ee99d24951288fa47e8a:0x4d89 
0xa5ecd89cd9f83c477337ee99d24951288fa47e8a:0x4d8b 
0xa5ecd89cd9f83c477337ee99d24951288fa47e8a:0x4d8e 
0xa5ecd89cd9f83c477337ee99d24951288fa47e8a:0x4d8f 
0xa5ecd89cd9f83c477337ee99d24951288fa47e8a:0x4d90 
0xa5ecd89cd9f83c477337ee99d24951288fa47e8a:0x4d91 
0xa5ecd89cd9f83c477337ee99d24951288fa47e8a:0x4d92 
0xa5ecd89cd9f83c477337ee99d24951288fa47e8a:0x4d95 
0xa5ecd89cd9f83c477337ee99d24951288fa47e8a:0x4af1 
0xa5ecd89cd9f83c477337ee99d24951288fa47e8a:0x4af2 
0xa5ecd89cd9f83c477337ee99d24951288fa47e8a:0x4af4 
0xa5ecd89cd9f83c477337ee99d24951288fa47e8a:0x4af5 
0xa5ecd89cd9f83c477337ee99d24951288fa47e8a:0x4af6 
0xa5ecd89cd9f83c477337ee99d24951288fa47e8a:0x4af7 
0xa5ecd89cd9f83c477337ee99d24951288fa47e8a:0x4af8 
0xa5ecd89cd9f83c477337ee99d24951288fa47e8a:0x4afb 
0xa5ecd89cd9f83c477337ee99d24951288fa47e8a:0x4afc 
0xa5ecd89cd9f83c477337ee99d24951288fa47e8a:0x4aff 
0xa5ecd89cd9f83c477337ee99d24951288fa47e8a:0x70ea 
0xa5ecd89cd9f83c477337ee99d24951288fa47e8a:0x70eb 
0xa5ecd89cd9f83c477337ee99d24951288fa47e8a:0x70ee 
0xa5ecd89cd9f83c477337ee99d24951288fa47e8a:0x70ef 
0xa5ecd89cd9f83c477337ee99d24951288fa47e8a:0x70f2 
0xa5ecd89cd9f83c477337ee99d24951288fa47e8a:0x61bf 
0xa5ecd89cd9f83c477337ee99d24951288fa47e8a:0x61c0 
0xa5ecd89cd9f83c477337ee99d24951288fa47e8a:0x61c2 
0xa5ecd89cd9f83c477337ee99d24951288fa47e8a:0x61c3 
0xa5ecd89cd9f83c477337ee99d24951288fa47e8a:0x61c4 
0xa5ecd89cd9f83c477337ee99d24951288fa47e8a:0x61c5 
0xa5ecd89cd9f83c477337ee99d24951288fa47e8a:0x61c6 
0xa5ecd89cd9f83c477337ee99d24951288fa47e8a:0x61c7 
0xa5ecd89cd9f83c477337ee99d24951288fa47e8a:0x61c8 
0xa5ecd89cd9f83c477337ee99d24951288fa47e8a:0x70f3 
0xa5ecd89cd9f83c477337ee99d24951288fa47e8a:0x70f4 
0xa5ecd89cd9f83c477337ee99d24951288fa47e8a:0x70f5 
0xa5ecd89cd9f83c477337ee99d24951288fa47e8a:0x70f6 
0xa5ecd89cd9f83c477337ee99d24951288fa47e8a:0x70f9 
0xa5ecd89cd9f83c477337ee99d24951288fa47e8a:0x70fe 
0xa5ecd89cd9f83c477337ee99d24951288fa47e8a:0x70ff 
0xa5ecd89cd9f83c477337ee99d24951288fa47e8a:0x7100 
0xa5ecd89cd9f83c477337ee99d24951288fa47e8a:0x4b00 
0xa5ecd89cd9f83c477337ee99d24951288fa47e8a:0x4b01 
0xa5ecd89cd9f83c477337ee99d24951288fa47e8a:0x4b02 
0xa5ecd89cd9f83c477337ee99d24951288fa47e8a:0x4b03 
0xa5ecd89cd9f83c477337ee99d24951288fa47e8a:0x4b04 
0xa5ecd89cd9f83c477337ee99d24951288fa47e8a:0x4b05 
0xa5ecd89cd9f83c477337ee99d24951288fa47e8a:0x4d96 
0xa5ecd89cd9f83c477337ee99d24951288fa47e8a:0x4d97 
0xa5ecd89cd9f83c477337ee99d24951288fa47e8a:0x4d98 
0xa5ecd89cd9f83c477337ee99d24951288fa47e8a:0x4d99 
0xa5ecd89cd9f83c477337ee99d24951288fa47e8a:0x4d9a 
0xa5ecd89cd9f83c477337ee99d24951288fa47e8a:0x4d9b 
0xa5ecd89cd9f83c477337ee99d24951288fa47e8a:0x4d9c 
0xa5ecd89cd9f83c477337ee99d24951288fa47e8a:0x4d9d 
0xa5ecd89cd9f83c477337ee99d24951288fa47e8a:0x4d9e 
0xa5ecd89cd9f83c477337ee99d24951288fa47e8a:0x4d9f 
0xa5ecd89cd9f83c477337ee99d24951288fa47e8a:0x48d 
0xa5ecd89cd9f83c477337ee99d24951288fa47e8a:0x48e 
0xa5ecd89cd9f83c477337ee99d24951288fa47e8a:0x491 
0xa5ecd89cd9f83c477337ee99d24951288fa47e8a:0xced 
0xa5ecd89cd9f83c477337ee99d24951288fa47e8a:0xcee 
0xa5ecd89cd9f83c477337ee99d24951288fa47e8a:0xcf0 
0xa5ecd89cd9f83c477337ee99d24951288fa47e8a:0xcf3 
0xa5ecd89cd9f83c477337ee99d24951288fa47e8a:0xcf6 
0xa5ecd89cd9f83c477337ee99d24951288fa47e8a:0xcf9 
0xa5ecd89cd9f83c477337ee99d24951288fa47e8a:0x239b 
0xa5ecd89cd9f83c477337ee99d24951288fa47e8a:0x239c 
0xa5ecd89cd9f83c477337ee99d24951288fa47e8a:0x239e 
0xa5ecd89cd9f83c477337ee99d24951288fa47e8a:0x239f 
0xa5ecd89cd9f83c477337ee99d24951288fa47e8a:0x23a0 
0xa5ecd89cd9f83c477337ee99d24951288fa47e8a:0x23a1 
0xa5ecd89cd9f83c477337ee99d24951288fa47e8a:0x23a2 
0xa5ecd89cd9f83c477337ee99d24951288fa47e8a:0xcfa 
0xa5ecd89cd9f83c477337ee99d24951288fa47e8a:0xcfb 
0xa5ecd89cd9f83c477337ee99d24951288fa47e8a:0xcfc 
0xa5ecd89cd9f83c477337ee99d24951288fa47e8a:0xcfd 
0xa5ecd89cd9f83c477337ee99d24951288fa47e8a:0xcff 
0xa5ecd89cd9f83c477337ee99d24951288fa47e8a:0xd01 
0xa5ecd89cd9f83c477337ee99d24951288fa47e8a:0xd04 
0xa5ecd89cd9f83c477337ee99d24951288fa47e8a:0xd07 
0xa5ecd89cd9f83c477337ee99d24951288fa47e8a:0x239b 
0xa5ecd89cd9f83c477337ee99d24951288fa47e8a:0x239c 
0xa5ecd89cd9f83c477337ee99d24951288fa47e8a:0x239e 
0xa5ecd89cd9f83c477337ee99d24951288fa47e8a:0x239f 
0xa5ecd89cd9f83c477337ee99d24951288fa47e8a:0x23a0 
0xa5ecd89cd9f83c477337ee99d24951288fa47e8a:0x23a1 
0xa5ecd89cd9f83c477337ee99d24951288fa47e8a:0x23a2 
0xa5ecd89cd9f83c477337ee99d24951288fa47e8a:0xd08 
0xa5ecd89cd9f83c477337ee99d24951288fa47e8a:0xd09 
0xa5ecd89cd9f83c477337ee99d24951288fa47e8a:0xd1e 
0xa5ecd89cd9f83c477337ee99d24951288fa47e8a:0xd1f 
0xa5ecd89cd9f83c477337ee99d24951288fa47e8a:0xd34 
0xa5ecd89cd9f83c477337ee99d24951288fa47e8a:0xd35 
0xa5ecd89cd9f83c477337ee99d24951288fa47e8a:0xd36 
0xa5ecd89cd9f83c477337ee99d24951288fa47e8a:0xd37 
0xa5ecd89cd9f83c477337ee99d24951288fa47e8a:0xd39 
0xa5ecd89cd9f83c477337ee99d24951288fa47e8a:0xd3a 
0xa5ecd89cd9f83c477337ee99d24951288fa47e8a:0xd3b 
0xa5ecd89cd9f83c477337ee99d24951288fa47e8a:0xd3c 
0xa5ecd89cd9f83c477337ee99d24951288fa47e8a:0xd3d 
0xa5ecd89cd9f83c477337ee99d24951288fa47e8a:0xd3f 
0xa5ecd89cd9f83c477337ee99d24951288fa47e8a:0xd40 
0xa5ecd89cd9f83c477337ee99d24951288fa47e8a:0xd42 
0xa5ecd89cd9f83c477337ee99d24951288fa47e8a:0xd43 
0xa5ecd89cd9f83c477337ee99d24951288fa47e8a:0xd45 
0xa5ecd89cd9f83c477337ee99d24951288fa47e8a:0xd46 
0xa5ecd89cd9f83c477337ee99d24951288fa47e8a:0xd5b 
0xa5ecd89cd9f83c477337ee99d24951288fa47e8a:0xd5c 
0xa5ecd89cd9f83c477337ee99d24951288fa47e8a:0xd71 
0xa5ecd89cd9f83c477337ee99d24951288fa47e8a:0xd72 
0xa5ecd89cd9f83c477337ee99d24951288fa47e8a:0xd73 
0xa5ecd89cd9f83c477337ee99d24951288fa47e8a:0xd74 
0xa5ecd89cd9f83c477337ee99d24951288fa47e8a:0xd76 
0xa5ecd89cd9f83c477337ee99d24951288fa47e8a:0xd77 
0xa5ecd89cd9f83c477337ee99d24951288fa47e8a:0xd78 
0xa5ecd89cd9f83c477337ee99d24951288fa47e8a:0xd79 
0xa5ecd89cd9f83c477337ee99d24951288fa47e8a:0xd7a 
0xa5ecd89cd9f83c477337ee99d24951288fa47e8a:0xd7c 
0xa5ecd89cd9f83c477337ee99d24951288fa47e8a:0xd7d 
0xa5ecd89cd9f83c477337ee99d24951288fa47e8a:0xd7f 
0xa5ecd89cd9f83c477337ee99d24951288fa47e8a:0xd80 
0xa5ecd89cd9f83c477337ee99d24951288fa47e8a:0xd81 
0xa5ecd89cd9f83c477337ee99d24951288fa47e8a:0xd84 
0xa5ecd89cd9f83c477337ee99d24951288fa47e8a:0xd85 
0xa5ecd89cd9f83c477337ee99d24951288fa47e8a:0xd86 
0xa5ecd89cd9f83c477337ee99d24951288fa47e8a:0xd89 
0xa5ecd89cd9f83c477337ee99d24951288fa47e8a:0x5feb 
0xa5ecd89cd9f83c477337ee99d24951288fa47e8a:0x5fec 
0xa5ecd89cd9f83c477337ee99d24951288fa47e8a:0x5fee 
0xa5ecd89cd9f83c477337ee99d24951288fa47e8a:0x5ff1 
0xa5ecd89cd9f83c477337ee99d24951288fa47e8a:0x5ff2 
0xa5ecd89cd9f83c477337ee99d24951288fa47e8a:0x5ff5 
0xa5ecd89cd9f83c477337ee99d24951288fa47e8a:0x61bf 
0xa5ecd89cd9f83c477337ee99d24951288fa47e8a:0x61c0 
0xa5ecd89cd9f83c477337ee99d24951288fa47e8a:0x61c2 
0xa5ecd89cd9f83c477337ee99d24951288fa47e8a:0x61c3 
0xa5ecd89cd9f83c477337ee99d24951288fa47e8a:0x61c4 
0xa5ecd89cd9f83c477337ee99d24951288fa47e8a:0x61c5 
0xa5ecd89cd9f83c477337ee99d24951288fa47e8a:0x61c6 
0xa5ecd89cd9f83c477337ee99d24951288fa47e8a:0x61c7 
0xa5ecd89cd9f83c477337ee99d24951288fa47e8a:0x61c8 
0xa5ecd89cd9f83c477337ee99d24951288fa47e8a:0x5ff6 
0xa5ecd89cd9f83c477337ee99d24951288fa47e8a:0x5ff7 
0xa5ecd89cd9f83c477337ee99d24951288fa47e8a:0x5ff8 
0xa5ecd89cd9f83c477337ee99d24951288fa47e8a:0x5ff9 
0xa5ecd89cd9f83c477337ee99d24951288fa47e8a:0x5ffc 
0xa5ecd89cd9f83c477337ee99d24951288fa47e8a:0x5ffd 
0xa5ecd89cd9f83c477337ee99d24951288fa47e8a:0x6000 
0xa5ecd89cd9f83c477337ee99d24951288fa47e8a:0x61bf 
0xa5ecd89cd9f83c477337ee99d24951288fa47e8a:0x61c0 
0xa5ecd89cd9f83c477337ee99d24951288fa47e8a:0x61c2 
0xa5ecd89cd9f83c477337ee99d24951288fa47e8a:0x61c3 
0xa5ecd89cd9f83c477337ee99d24951288fa47e8a:0x61c4 
0xa5ecd89cd9f83c477337ee99d24951288fa47e8a:0x61c5 
0xa5ecd89cd9f83c477337ee99d24951288fa47e8a:0x61c6 
0xa5ecd89cd9f83c477337ee99d24951288fa47e8a:0x61c7 
0xa5ecd89cd9f83c477337ee99d24951288fa47e8a:0x61c8 
0xa5ecd89cd9f83c477337ee99d24951288fa47e8a:0x6001 
0xa5ecd89cd9f83c477337ee99d24951288fa47e8a:0x6002 
0xa5ecd89cd9f83c477337ee99d24951288fa47e8a:0x6003 
0xa5ecd89cd9f83c477337ee99d24951288fa47e8a:0x6004 
0xa5ecd89cd9f83c477337ee99d24951288fa47e8a:0x6005 
0xa5ecd89cd9f83c477337ee99d24951288fa47e8a:0x6026 
0xa5ecd89cd9f83c477337ee99d24951288fa47e8a:0x6027 
0xa5ecd89cd9f83c477337ee99d24951288fa47e8a:0x6028 
0xa5ecd89cd9f83c477337ee99d24951288fa47e8a:0x6029 
0xa5ecd89cd9f83c477337ee99d24951288fa47e8a:0x602a 
0xa5ecd89cd9f83c477337ee99d24951288fa47e8a:0x602d 
0xa5ecd89cd9f83c477337ee99d24951288fa47e8a:0x6036 
0xa5ecd89cd9f83c477337ee99d24951288fa47e8a:0x6037 
0xa5ecd89cd9f83c477337ee99d24951288fa47e8a:0x6038 
0xa5ecd89cd9f83c477337ee99d24951288fa47e8a:0x6039 
0xa5ecd89cd9f83c477337ee99d24951288fa47e8a:0x603a 
0xa5ecd89cd9f83c477337ee99d24951288fa47e8a:0x603b 
0xa5ecd89cd9f83c477337ee99d24951288fa47e8a:0x603c 
0xa5ecd89cd9f83c477337ee99d24951288fa47e8a:0x603d 
0xa5ecd89cd9f83c477337ee99d24951288fa47e8a:0x603e 
0xa5ecd89cd9f83c477337ee99d24951288fa47e8a:0x603f 
0xa5ecd89cd9f83c477337ee99d24951288fa47e8a:0x6040 
0xa5ecd89cd9f83c477337ee99d24951288fa47e8a:0xd8a 
0xa5ecd89cd9f83c477337ee99d24951288fa47e8a:0xd8b 
0xa5ecd89cd9f83c477337ee99d24951288fa47e8a:0xd8e 
0xa5ecd89cd9f83c477337ee99d24951288fa47e8a:0x23a3 
0xa5ecd89cd9f83c477337ee99d24951288fa47e8a:0x23a4 
0xa5ecd89cd9f83c477337ee99d24951288fa47e8a:0x23a6 
0xa5ecd89cd9f83c477337ee99d24951288fa47e8a:0x23bb 
0xa5ecd89cd9f83c477337ee99d24951288fa47e8a:0x23bc 
0xa5ecd89cd9f83c477337ee99d24951288fa47e8a:0x23bd 
0xa5ecd89cd9f83c477337ee99d24951288fa47e8a:0x23d2 
0xa5ecd89cd9f83c477337ee99d24951288fa47e8a:0x23d3 
0xa5ecd89cd9f83c477337ee99d24951288fa47e8a:0x23d4 
0xa5ecd89cd9f83c477337ee99d24951288fa47e8a:0x23d5 
0xa5ecd89cd9f83c477337ee99d24951288fa47e8a:0x23d8 
0xa5ecd89cd9f83c477337ee99d24951288fa47e8a:0x2413 
0xa5ecd89cd9f83c477337ee99d24951288fa47e8a:0x2414 
0xa5ecd89cd9f83c477337ee99d24951288fa47e8a:0x2416 
0xa5ecd89cd9f83c477337ee99d24951288fa47e8a:0x242b 
0xa5ecd89cd9f83c477337ee99d24951288fa47e8a:0x242c 
0xa5ecd89cd9f83c477337ee99d24951288fa47e8a:0x242d 
0xa5ecd89cd9f83c477337ee99d24951288fa47e8a:0x2442 
0xa5ecd89cd9f83c477337ee99d24951288fa47e8a:0x2443 
0xa5ecd89cd9f83c477337ee99d24951288fa47e8a:0x2444 
0xa5ecd89cd9f83c477337ee99d24951288fa47e8a:0x2445 
0xa5ecd89cd9f83c477337ee99d24951288fa47e8a:0x2448 
0xa5ecd89cd9f83c477337ee99d24951288fa47e8a:0x2483 
0xa5ecd89cd9f83c477337ee99d24951288fa47e8a:0x2484 
0xa5ecd89cd9f83c477337ee99d24951288fa47e8a:0x2485 
0xa5ecd89cd9f83c477337ee99d24951288fa47e8a:0x2487 
0xa5ecd89cd9f83c477337ee99d24951288fa47e8a:0x2489 
0xa5ecd89cd9f83c477337ee99d24951288fa47e8a:0x248a 
0xa5ecd89cd9f83c477337ee99d24951288fa47e8a:0x249f 
0xa5ecd89cd9f83c477337ee99d24951288fa47e8a:0x24a0 
0xa5ecd89cd9f83c477337ee99d24951288fa47e8a:0x24b5 
0xa5ecd89cd9f83c477337ee99d24951288fa47e8a:0x24b6 
0xa5ecd89cd9f83c477337ee99d24951288fa47e8a:0x24b7 
0xa5ecd89cd9f83c477337ee99d24951288fa47e8a:0x24b8 
0xa5ecd89cd9f83c477337ee99d24951288fa47e8a:0x24ba 
0xa5ecd89cd9f83c477337ee99d24951288fa47e8a:0x24bb 
0xa5ecd89cd9f83c477337ee99d24951288fa47e8a:0x24bc 
0xa5ecd89cd9f83c477337ee99d24951288fa47e8a:0x24bd 
0xa5ecd89cd9f83c477337ee99d24951288fa47e8a:0x24be 
0xa5ecd89cd9f83c477337ee99d24951288fa47e8a:0x24c0 
0xa5ecd89cd9f83c477337ee99d24951288fa47e8a:0x24c1 
0xa5ecd89cd9f83c477337ee99d24951288fa47e8a:0x24c3 
0xa5ecd89cd9f83c477337ee99d24951288fa47e8a:0x24c4 
0xa5ecd89cd9f83c477337ee99d24951288fa47e8a:0x24c6 
0xa5ecd89cd9f83c477337ee99d24951288fa47e8a:0x24c7 
0xa5ecd89cd9f83c477337ee99d24951288fa47e8a:0x24dc 
0xa5ecd89cd9f83c477337ee99d24951288fa47e8a:0x24dd 
0xa5ecd89cd9f83c477337ee99d24951288fa47e8a:0x24f2 
0xa5ecd89cd9f83c477337ee99d24951288fa47e8a:0x24f3 
0xa5ecd89cd9f83c477337ee99d24951288fa47e8a:0x24f4 
0xa5ecd89cd9f83c477337ee99d24951288fa47e8a:0x24f5 
0xa5ecd89cd9f83c477337ee99d24951288fa47e8a:0x24f7 
0xa5ecd89cd9f83c477337ee99d24951288fa47e8a:0x24f8 
0xa5ecd89cd9f83c477337ee99d24951288fa47e8a:0x24f9 
0xa5ecd89cd9f83c477337ee99d24951288fa47e8a:0x24fa 
0xa5ecd89cd9f83c477337ee99d24951288fa47e8a:0x24fb 
0xa5ecd89cd9f83c477337ee99d24951288fa47e8a:0x24fd 
0xa5ecd89cd9f83c477337ee99d24951288fa47e8a:0x24fe 
0xa5ecd89cd9f83c477337ee99d24951288fa47e8a:0x2500 
0xa5ecd89cd9f83c477337ee99d24951288fa47e8a:0x2501 
0xa5ecd89cd9f83c477337ee99d24951288fa47e8a:0x2502 
0xa5ecd89cd9f83c477337ee99d24951288fa47e8a:0x2503 
0xa5ecd89cd9f83c477337ee99d24951288fa47e8a:0x2504 
0xa5ecd89cd9f83c477337ee99d24951288fa47e8a:0x2505 
0xa5ecd89cd9f83c477337ee99d24951288fa47e8a:0x2506 
0xa5ecd89cd9f83c477337ee99d24951288fa47e8a:0x251b 
0xa5ecd89cd9f83c477337ee99d24951288fa47e8a:0x251c 
0xa5ecd89cd9f83c477337ee99d24951288fa47e8a:0x251d 
0xa5ecd89cd9f83c477337ee99d24951288fa47e8a:0x2532 
0xa5ecd89cd9f83c477337ee99d24951288fa47e8a:0x2533 
0xa5ecd89cd9f83c477337ee99d24951288fa47e8a:0x2554 
0xa5ecd89cd9f83c477337ee99d24951288fa47e8a:0x2555 
0xa5ecd89cd9f83c477337ee99d24951288fa47e8a:0x2557 
0xa5ecd89cd9f83c477337ee99d24951288fa47e8a:0x2558 
0xa5ecd89cd9f83c477337ee99d24951288fa47e8a:0x255b 
0xa5ecd89cd9f83c477337ee99d24951288fa47e8a:0x255c 
0xa5ecd89cd9f83c477337ee99d24951288fa47e8a:0x255d 
0xa5ecd89cd9f83c477337ee99d24951288fa47e8a:0x2560 
0xa5ecd89cd9f83c477337ee99d24951288fa47e8a:0x5ed7 
0xa5ecd89cd9f83c477337ee99d24951288fa47e8a:0x5ed8 
0xa5ecd89cd9f83c477337ee99d24951288fa47e8a:0x5eda 
0xa5ecd89cd9f83c477337ee99d24951288fa47e8a:0x5edc 
0xa5ecd89cd9f83c477337ee99d24951288fa47e8a:0x5edd 
0xa5ecd89cd9f83c477337ee99d24951288fa47e8a:0x5ede 
0xa5ecd89cd9f83c477337ee99d24951288fa47e8a:0x5edf 
0xa5ecd89cd9f83c477337ee99d24951288fa47e8a:0x5ee0 
0xa5ecd89cd9f83c477337ee99d24951288fa47e8a:0x5ee3 
0xa5ecd89cd9f83c477337ee99d24951288fa47e8a:0x5ee5 
0xa5ecd89cd9f83c477337ee99d24951288fa47e8a:0x5ee6 
0xa5ecd89cd9f83c477337ee99d24951288fa47e8a:0x5ee7 
0xa5ecd89cd9f83c477337ee99d24951288fa47e8a:0x5ee8 
0xa5ecd89cd9f83c477337ee99d24951288fa47e8a:0x5eeb 
0xa5ecd89cd9f83c477337ee99d24951288fa47e8a:0x5702 
0xa5ecd89cd9f83c477337ee99d24951288fa47e8a:0x5703 
0xa5ecd89cd9f83c477337ee99d24951288fa47e8a:0x5706 
0xa5ecd89cd9f83c477337ee99d24951288fa47e8a:0x5707 
0xa5ecd89cd9f83c477337ee99d24951288fa47e8a:0x570a 
0xa5ecd89cd9f83c477337ee99d24951288fa47e8a:0x61bf 
0xa5ecd89cd9f83c477337ee99d24951288fa47e8a:0x61c0 
0xa5ecd89cd9f83c477337ee99d24951288fa47e8a:0x61c2 
0xa5ecd89cd9f83c477337ee99d24951288fa47e8a:0x61c3 
0xa5ecd89cd9f83c477337ee99d24951288fa47e8a:0x61c4 
0xa5ecd89cd9f83c477337ee99d24951288fa47e8a:0x61c5 
0xa5ecd89cd9f83c477337ee99d24951288fa47e8a:0x61c6 
0xa5ecd89cd9f83c477337ee99d24951288fa47e8a:0x61c7 
0xa5ecd89cd9f83c477337ee99d24951288fa47e8a:0x61c8 
0xa5ecd89cd9f83c477337ee99d24951288fa47e8a:0x570b 
0xa5ecd89cd9f83c477337ee99d24951288fa47e8a:0x570c 
0xa5ecd89cd9f83c477337ee99d24951288fa47e8a:0x570d 
0xa5ecd89cd9f83c477337ee99d24951288fa47e8a:0x570e 
0xa5ecd89cd9f83c477337ee99d24951288fa47e8a:0x570f 
0xa5ecd89cd9f83c477337ee99d24951288fa47e8a:0x5710 
0xa5ecd89cd9f83c477337ee99d24951288fa47e8a:0x5eec 
0xa5ecd89cd9f83c477337ee99d24951288fa47e8a:0x5eed 
0xa5ecd89cd9f83c477337ee99d24951288fa47e8a:0x5eee 
0xa5ecd89cd9f83c477337ee99d24951288fa47e8a:0x5eef 
0xa5ecd89cd9f83c477337ee99d24951288fa47e8a:0x5ef0 
0xa5ecd89cd9f83c477337ee99d24951288fa47e8a:0x5ef1 
0xa5ecd89cd9f83c477337ee99d24951288fa47e8a:0x2561 
0xa5ecd89cd9f83c477337ee99d24951288fa47e8a:0x2562 
0xa5ecd89cd9f83c477337ee99d24951288fa47e8a:0x2564 
0xa5ecd89cd9f83c477337ee99d24951288fa47e8a:0x2565 
0xa5ecd89cd9f83c477337ee99d24951288fa47e8a:0x2566 
0xa5ecd89cd9f83c477337ee99d24951288fa47e8a:0x2567 
0xa5ecd89cd9f83c477337ee99d24951288fa47e8a:0x2568 
0xa5ecd89cd9f83c477337ee99d24951288fa47e8a:0x2569 
0xa5ecd89cd9f83c477337ee99d24951288fa47e8a:0x256a 
0xa5ecd89cd9f83c477337ee99d24951288fa47e8a:0x256b 
0xa5ecd89cd9f83c477337ee99d24951288fa47e8a:0x256c 
0xa5ecd89cd9f83c477337ee99d24951288fa47e8a:0x256d 
0xa5ecd89cd9f83c477337ee99d24951288fa47e8a:0xd8f 
0xa5ecd89cd9f83c477337ee99d24951288fa47e8a:0xd90 
0xa5ecd89cd9f83c477337ee99d24951288fa47e8a:0xd92 
0xa5ecd89cd9f83c477337ee99d24951288fa47e8a:0xd93 
0xa5ecd89cd9f83c477337ee99d24951288fa47e8a:0xd94 
0xa5ecd89cd9f83c477337ee99d24951288fa47e8a:0xd95 
0xa5ecd89cd9f83c477337ee99d24951288fa47e8a:0xd96 
0xa5ecd89cd9f83c477337ee99d24951288fa47e8a:0xd97 
0xa5ecd89cd9f83c477337ee99d24951288fa47e8a:0xd98 
0xa5ecd89cd9f83c477337ee99d24951288fa47e8a:0x492 
0xa5ecd89cd9f83c477337ee99d24951288fa47e8a:0x493 
0xa5ecd89cd9f83c477337ee99d24951288fa47e8a:0x495 
0xa5ecd89cd9f83c477337ee99d24951288fa47e8a:0x496 
0xa5ecd89cd9f83c477337ee99d24951288fa47e8a:0x499 
0xa5ecd89cd9f83c477337ee99d24951288fa47e8a:0x49a 
0xa5ecd89cd9f83c477337ee99d24951288fa47e8a:0x49b 
0xa5ecd89cd9f83c477337ee99d24951288fa47e8a:0x49e 
0xa5ecd89cd9f83c477337ee99d24951288fa47e8a:0x59a4 
0xa5ecd89cd9f83c477337ee99d24951288fa47e8a:0x59a5 
0xa5ecd89cd9f83c477337ee99d24951288fa47e8a:0x59a7 
0xa5ecd89cd9f83c477337ee99d24951288fa47e8a:0x59a9 
0xa5ecd89cd9f83c477337ee99d24951288fa47e8a:0x59aa 
0xa5ecd89cd9f83c477337ee99d24951288fa47e8a:0x59ab 
0xa5ecd89cd9f83c477337ee99d24951288fa47e8a:0x59ac 
0xa5ecd89cd9f83c477337ee99d24951288fa47e8a:0x59ad 
0xa5ecd89cd9f83c477337ee99d24951288fa47e8a:0x59b0 
0xa5ecd89cd9f83c477337ee99d24951288fa47e8a:0x59b2 
0xa5ecd89cd9f83c477337ee99d24951288fa47e8a:0x59b3 
0xa5ecd89cd9f83c477337ee99d24951288fa47e8a:0x59b4 
0xa5ecd89cd9f83c477337ee99d24951288fa47e8a:0x59b5 
0xa5ecd89cd9f83c477337ee99d24951288fa47e8a:0x59b8 
0xa5ecd89cd9f83c477337ee99d24951288fa47e8a:0x5027 
0xa5ecd89cd9f83c477337ee99d24951288fa47e8a:0x5028 
0xa5ecd89cd9f83c477337ee99d24951288fa47e8a:0x502b 
0xa5ecd89cd9f83c477337ee99d24951288fa47e8a:0x502c 
0xa5ecd89cd9f83c477337ee99d24951288fa47e8a:0x502f 
0xa5ecd89cd9f83c477337ee99d24951288fa47e8a:0x6112 
0xa5ecd89cd9f83c477337ee99d24951288fa47e8a:0x6113 
0xa5ecd89cd9f83c477337ee99d24951288fa47e8a:0x6115 
0xa5ecd89cd9f83c477337ee99d24951288fa47e8a:0x6116 
0xa5ecd89cd9f83c477337ee99d24951288fa47e8a:0x6117 
0xa5ecd89cd9f83c477337ee99d24951288fa47e8a:0x6118 
0xa5ecd89cd9f83c477337ee99d24951288fa47e8a:0x6119 
0xa5ecd89cd9f83c477337ee99d24951288fa47e8a:0x611a 
0xa5ecd89cd9f83c477337ee99d24951288fa47e8a:0x611b 
0xa5ecd89cd9f83c477337ee99d24951288fa47e8a:0x611c 
0xa5ecd89cd9f83c477337ee99d24951288fa47e8a:0x611d 
0xa5ecd89cd9f83c477337ee99d24951288fa47e8a:0x5030 
0xa5ecd89cd9f83c477337ee99d24951288fa47e8a:0x5031 
0xa5ecd89cd9f83c477337ee99d24951288fa47e8a:0x5032 
0xa5ecd89cd9f83c477337ee99d24951288fa47e8a:0x5033 
0xa5ecd89cd9f83c477337ee99d24951288fa47e8a:0x5034 
0xa5ecd89cd9f83c477337ee99d24951288fa47e8a:0x5035 
0xa5ecd89cd9f83c477337ee99d24951288fa47e8a:0x59b9 
0xa5ecd89cd9f83c477337ee99d24951288fa47e8a:0x59ba 
0xa5ecd89cd9f83c477337ee99d24951288fa47e8a:0x59bb 
0xa5ecd89cd9f83c477337ee99d24951288fa47e8a:0x59bc 
0xa5ecd89cd9f83c477337ee99d24951288fa47e8a:0x59bd 
0xa5ecd89cd9f83c477337ee99d24951288fa47e8a:0x59be 
0xa5ecd89cd9f83c477337ee99d24951288fa47e8a:0x49f 
0xa5ecd89cd9f83c477337ee99d24951288fa47e8a:0x4a0 
0xa5ecd89cd9f83c477337ee99d24951288fa47e8a:0x4a2 
0xa5ecd89cd9f83c477337ee99d24951288fa47e8a:0x4a3 
0xa5ecd89cd9f83c477337ee99d24951288fa47e8a:0x4a4 
0xa5ecd89cd9f83c477337ee99d24951288fa47e8a:0x4a5 
0xa5ecd89cd9f83c477337ee99d24951288fa47e8a:0x4a6 
0xa5ecd89cd9f83c477337ee99d24951288fa47e8a:0x4a7 
