---
0xa5ecd89cd9f83c477337ee99d24951288fa47e8a:0x0 *
0xa5ecd89cd9f83c477337ee99d24951288fa47e8a:0x2 *
0xa5ecd89cd9f83c477337ee99d24951288fa47e8a:0x4 *
0xa5ecd89cd9f83c477337ee99d24951288fa47e8a:0x5 *
0xa5ecd89cd9f83c477337ee99d24951288fa47e8a:0x6 *
0xa5ecd89cd9f83c477337ee99d24951288fa47e8a:0x7 *
0xa5ecd89cd9f83c477337ee99d24951288fa47e8a:0x8 *
0xa5ecd89cd9f83c477337ee99d24951288fa47e8a:0xb *
0xa5ecd89cd9f83c477337ee99d24951288fa47e8a:0x10 *
0xa5ecd89cd9f83c477337ee99d24951288fa47e8a:0x11 *
0xa5ecd89cd9f83c477337ee99d24951288fa47e8a:0x12 *
0xa5ecd89cd9f83c477337ee99d24951288fa47e8a:0x15 *
0xa5ecd89cd9f83c477337ee99d24951288fa47e8a:0x16 *
0xa5ecd89cd9f83c477337ee99d24951288fa47e8a:0x1a *
0xa5ecd89cd9f83c477337ee99d24951288fa47e8a:0x1c *
0xa5ecd89cd9f83c477337ee99d24951288fa47e8a:0x1d *
0xa5ecd89cd9f83c477337ee99d24951288fa47e8a:0x1f *
---
0xa5ecd89cd9f83c477337ee99d24951288fa47e8a:0x0 
0xa5ecd89cd9f83c477337ee99d24951288fa47e8a:0x2 
0xa5ecd89cd9f83c477337ee99d24951288fa47e8a:0x4 
0xa5ecd89cd9f83c477337ee99d24951288fa47e8a:0x5 
0xa5ecd89cd9f83c477337ee99d24951288fa47e8a:0x6 
0xa5ecd89cd9f83c477337ee99d24951288fa47e8a:0x7 
0xa5ecd89cd9f83c477337ee99d24951288fa47e8a:0x8 
0xa5ecd89cd9f83c477337ee99d24951288fa47e8a:0xb 
0xa5ecd89cd9f83c477337ee99d24951288fa47e8a:0x10 
0xa5ecd89cd9f83c477337ee99d24951288fa47e8a:0x11 
0xa5ecd89cd9f83c477337ee99d24951288fa47e8a:0x12 
0xa5ecd89cd9f83c477337ee99d24951288fa47e8a:0x14 
0xa5ecd89cd9f83c477337ee99d24951288fa47e8a:0x15 
0xa5ecd89cd9f83c477337ee99d24951288fa47e8a:0x16 
0xa5ecd89cd9f83c477337ee99d24951288fa47e8a:0x19 
0xa5ecd89cd9f83c477337ee99d24951288fa47e8a:0x1a 
0xa5ecd89cd9f83c477337ee99d24951288fa47e8a:0x1c 
0xa5ecd89cd9f83c477337ee99d24951288fa47e8a:0x1d 
0xa5ecd89cd9f83c477337ee99d24951288fa47e8a:0x1f 
0xa5ecd89cd9f83c477337ee99d24951288fa47e8a:0x20 
0xa5ecd89cd9f83c477337ee99d24951288fa47e8a:0x21 
0xa5ecd89cd9f83c477337ee99d24951288fa47e8a:0x26 
0xa5ecd89cd9f83c477337ee99d24951288fa47e8a:0x27 
0xa5ecd89cd9f83c477337ee99d24951288fa47e8a:0x2a 
0xa5ecd89cd9f83c477337ee99d24951288fa47e8a:0x2b 
0xa5ecd89cd9f83c477337ee99d24951288fa47e8a:0x2c 
0xa5ecd89cd9f83c477337ee99d24951288fa47e8a:0x31 
0xa5ecd89cd9f83c477337ee99d24951288fa47e8a:0x32 
0xa5ecd89cd9f83c477337ee99d24951288fa47e8a:0x35 
0xa5ecd89cd9f83c477337ee99d24951288fa47e8a:0x36 
0xa5ecd89cd9f83c477337ee99d24951288fa47e8a:0x37 
0xa5ecd89cd9f83c477337ee99d24951288fa47e8a:0x3c 
0xa5ecd89cd9f83c477337ee99d24951288fa47e8a:0x3d 
0xa5ecd89cd9f83c477337ee99d24951288fa47e8a:0x40 
0xa5ecd89cd9f83c477337ee99d24951288fa47e8a:0x7c 
0xa5ecd89cd9f83c477337ee99d24951288fa47e8a:0x7d 
0xa5ecd89cd9f83c477337ee99d24951288fa47e8a:0x7e 
0xa5ecd89cd9f83c477337ee99d24951288fa47e8a:0x83 
0xa5ecd89cd9f83c477337ee99d24951288fa47e8a:0x84 
0xa5ecd89cd9f83c477337ee99d24951288fa47e8a:0x87 
0xa5ecd89cd9f83c477337ee99d24951288fa47e8a:0x88 
0xa5ecd89cd9f83c477337ee99d24951288fa47e8a:0x89 
0xa5ecd89cd9f83c477337ee99d24951288fa47e8a:0x8e 
0xa5ecd89cd9f83c477337ee99d24951288fa47e8a:0x8f 
0xa5ecd89cd9f83c477337ee99d24951288fa47e8a:0x92 
0xa5ecd89cd9f83c477337ee99d24951288fa47e8a:0x93 
0xa5ecd89cd9f83c477337ee99d24951288fa47e8a:0x94 
0xa5ecd89cd9f83c477337ee99d24951288fa47e8a:0x99 
0xa5ecd89cd9f83c477337ee99d24951288fa47e8a:0x9a 
0xa5ecd89cd9f83c477337ee99d24951288fa47e8a:0x9d 
0xa5ecd89cd9f83c477337ee99d24951288fa47e8a:0x9e 
0xa5ecd89cd9f83c477337ee99d24951288fa47e8a:0x9f 
0xa5ecd89cd9f83c477337ee99d24951288fa47e8a:0xa4 
0xa5ecd89cd9f83c477337ee99d24951288fa47e8a:0xa5 
0xa5ecd89cd9f83c477337ee99d24951288fa47e8a:0xa8 
0xa5ecd89cd9f83c477337ee99d24951288fa47e8a:0xa9 
0xa5ecd89cd9f83c477337ee99d24951288fa47e8a:0xaa 
0xa5ecd89cd9f83c477337ee99d24951288fa47e8a:0xaf 
0xa5ecd89cd9f83c477337ee99d24951288fa47e8a:0xb0 
0xa5ecd89cd9f83c477337ee99d24951288fa47e8a:0xb3 
0xa5ecd89cd9f83c477337ee99d24951288fa47e8a:0x793 
0xa5ecd89cd9f83c477337ee99d24951288fa47e8a:0x794 
0xa5ecd89cd9f83c477337ee99d24951288fa47e8a:0x797 
0xa5ecd89cd9f83c477337ee99d24951288fa47e8a:0x799 
0xa5ecd89cd9f83c477337ee99d24951288fa47e8a:0x79a 
0xa5ecd89cd9f83c477337ee99d24951288fa47e8a:0x79b 
0xa5ecd89cd9f83c477337ee99d24951288fa47e8a:0x79c 
0xa5ecd89cd9f83c477337ee99d24951288fa47e8a:0x79d 
0xa5ecd89cd9f83c477337ee99d24951288fa47e8a:0x79e 
0xa5ecd89cd9f83c477337ee99d24951288fa47e8a:0x79f 
0xa5ecd89cd9f83c477337ee99d24951288fa47e8a:0x7a2 
0xa5ecd89cd9f83c477337ee99d24951288fa47e8a:0x7a3 
0xa5ecd89cd9f83c477337ee99d24951288fa47e8a:0x7a4 
0xa5ecd89cd9f83c477337ee99d24951288fa47e8a:0x7a7 
0xa5ecd89cd9f83c477337ee99d24951288fa47e8a:0x4d60 
0xa5ecd89cd9f83c477337ee99d24951288fa47e8a:0x4d61 
0xa5ecd89cd9f83c477337ee99d24951288fa47e8a:0x4d63 
0xa5ecd89cd9f83c477337ee99d24951288fa47e8a:0x4d64 
0xa5ecd89cd9f83c477337ee99d24951288fa47e8a:0x4d66 
0xa5ecd89cd9f83c477337ee99d24951288fa47e8a:0x4d67 
0xa5ecd89cd9f83c477337ee99d24951288fa47e8a:0x4d68 
0xa5ecd89cd9f83c477337ee99d24951288fa47e8a:0x4d69 
0xa5ecd89cd9f83c477337ee99d24951288fa47e8a:0x4d6a 
0xa5ecd89cd9f83c477337ee99d24951288fa47e8a:0x4d6b 
0xa5ecd89cd9f83c477337ee99d24951288fa47e8a:0x4d6e 
0xa5ecd89cd9f83c477337ee99d24951288fa47e8a:0x4d77 
0xa5ecd89cd9f83c477337ee99d24951288fa47e8a:0x4d78 
0xa5ecd89cd9f83c477337ee99d24951288fa47e8a:0x4d7a 
0xa5ecd89cd9f83c477337ee99d24951288fa47e8a:0x4d7d 
0xa5ecd89cd9f83c477337ee99d24951288fa47e8a:0x4d7e 
0xa5ecd89cd9f83c477337ee99d24951288fa47e8a:0x4d7f 
0xa5ecd89cd9f83c477337ee99d24951288fa47e8a:0x4d80 
0xa5ecd89cd9f83c477337ee99d24951288fa47e8a:0x4d81 
0xa5ecd89cd9f83c477337ee99d24951288fa47e8a:0x4d84 
0xa5ecd89cd9f83c477337ee99d24951288fa47e8a:0x4a04 
0xa5ecd89cd9f83c477337ee99d24951288fa47e8a:0x4a05 
0xa5ecd89cd9f83c477337ee99d24951288fa47e8a:0x4a07 
0xa5ecd89cd9f83c477337ee99d24951288fa47e8a:0x4a08 
0xa5ecd89cd9f83c477337ee99d24951288fa47e8a:0x4a09 
0xa5ecd89cd9f83c477337ee99d24951288fa47e8a:0x4a0a 
0xa5ecd89cd9f83c477337ee99d24951288fa47e8a:0x4a0b 
0xa5ecd89cd9f83c477337ee99d24951288fa47e8a:0x4a0e 
0xa5ecd89cd9f83c477337ee99d24951288fa47e8a:0x4a0f 
0xa5ecd89cd9f83c477337ee99d24951288fa47e8a:0x4a12 
0xa5ecd89cd9f83c477337ee99d24951288fa47e8a:0x7077 
0xa5ecd89cd9f83c477337ee99d24951288fa47e8a:0x7078 
0xa5ecd89cd9f83c477337ee99d24951288fa47e8a:0x707b 
0xa5ecd89cd9f83c477337ee99d24951288fa47e8a:0x707c 
0xa5ecd89cd9f83c477337ee99d24951288fa47e8a:0x707f 
0xa5ecd89cd9f83c477337ee99d24951288fa47e8a:0x6100 
0xa5ecd89cd9f83c477337ee99d24951288fa47e8a:0x6101 
0xa5ecd89cd9f83c477337ee99d24951288fa47e8a:0x6103 
0xa5ecd89cd9f83c477337ee99d24951288fa47e8a:0x6106 
0xa5ecd89cd9f83c477337ee99d24951288fa47e8a:0x6107 
0xa5ecd89cd9f83c477337ee99d24951288fa47e8a:0x610a 
0xa5ecd89cd9f83c477337ee99d24951288fa47e8a:0x619f 
0xa5ecd89cd9f83c477337ee99d24951288fa47e8a:0x61a0 
0xa5ecd89cd9f83c477337ee99d24951288fa47e8a:0x61a2 
0xa5ecd89cd9f83c477337ee99d24951288fa47e8a:0x61b7 
0xa5ecd89cd9f83c477337ee99d24951288fa47e8a:0x61b8 
0xa5ecd89cd9f83c477337ee99d24951288fa47e8a:0x61b9 
0xa5ecd89cd9f83c477337ee99d24951288fa47e8a:0x61ba 
0xa5ecd89cd9f83c477337ee99d24951288fa47e8a:0x61bb 
0xa5ecd89cd9f83c477337ee99d24951288fa47e8a:0x61bc 
0xa5ecd89cd9f83c477337ee99d24951288fa47e8a:0x61bd 
0xa5ecd89cd9f83c477337ee99d24951288fa47e8a:0x61be 
0xa5ecd89cd9f83c477337ee99d24951288fa47e8a:0x610b 
0xa5ecd89cd9f83c477337ee99d24951288fa47e8a:0x610c 
0xa5ecd89cd9f83c477337ee99d24951288fa47e8a:0x610d 
0xa5ecd89cd9f83c477337ee99d24951288fa47e8a:0x610e 
0xa5ecd89cd9f83c477337ee99d24951288fa47e8a:0x610f 
0xa5ecd89cd9f83c477337ee99d24951288fa47e8a:0x6110 
0xa5ecd89cd9f83c477337ee99d24951288fa47e8a:0x6111 
0xa5ecd89cd9f83c477337ee99d24951288fa47e8a:0x7080 
0xa5ecd89cd9f83c477337ee99d24951288fa47e8a:0x7081 
0xa5ecd89cd9f83c477337ee99d24951288fa47e8a:0x7082 
0xa5ecd89cd9f83c477337ee99d24951288fa47e8a:0x7083 
0xa5ecd89cd9f83c477337ee99d24951288fa47e8a:0x7086 
0xa5ecd89cd9f83c477337ee99d24951288fa47e8a:0x708b 
0xa5ecd89cd9f83c477337ee99d24951288fa47e8a:0x708c 
0xa5ecd89cd9f83c477337ee99d24951288fa47e8a:0x708d 
0xa5ecd89cd9f83c477337ee99d24951288fa47e8a:0x4a13 
0xa5ecd89cd9f83c477337ee99d24951288fa47e8a:0x4a14 
0xa5ecd89cd9f83c477337ee99d24951288fa47e8a:0x4a15 
0xa5ecd89cd9f83c477337ee99d24951288fa47e8a:0x4a16 
0xa5ecd89cd9f83c477337ee99d24951288fa47e8a:0x4a17 
0xa5ecd89cd9f83c477337ee99d24951288fa47e8a:0x4a18 
0xa5ecd89cd9f83c477337ee99d24951288fa47e8a:0x4d85 
0xa5ecd89cd9f83c477337ee99d24951288fa47e8a:0x4d86 
0xa5ecd89cd9f83c477337ee99d24951288fa47e8a:0x4d87 
0xa5ecd89cd9f83c477337ee99d24951288fa47e8a:0x4d88 
0xa5ecd89cd9f83c477337ee99d24951288fa47e8a:0x4d89 
0xa5ecd89cd9f83c477337ee99d24951288fa47e8a:0x4d8b 
0xa5ecd89cd9f83c477337ee99d24951288fa47e8a:0x4d8e 
0xa5ecd89cd9f83c477337ee99d24951288fa47e8a:0x4d8f 
0xa5ecd89cd9f83c477337ee99d24951288fa47e8a:0x4d90 
0xa5ecd89cd9f83c477337ee99d24951288fa47e8a:0x4d91 
0xa5ecd89cd9f83c477337ee99d24951288fa47e8a:0x4d92 
0xa5ecd89cd9f83c477337ee99d24951288fa47e8a:0x4d95 
0xa5ecd89cd9f83c477337ee99d24951288fa47e8a:0x4af1 
0xa5ecd89cd9f83c477337ee99d24951288fa47e8a:0x4af2 
0xa5ecd89cd9f83c477337ee99d24951288fa47e8a:0x4af4 
0xa5ecd89cd9f83c477337ee99d24951288fa47e8a:0x4af5 
0xa5ecd89cd9f83c477337ee99d24951288fa47e8a:0x4af6 
0xa5ecd89cd9f83c477337ee99d24951288fa47e8a:0x4af7 
0xa5ecd89cd9f83c477337ee99d24951288fa47e8a:0x4af8 
0xa5ecd89cd9f83c477337ee99d24951288fa47e8a:0x4afb 
0xa5ecd89cd9f83c477337ee99d24951288fa47e8a:0x4afc 
0xa5ecd89cd9f83c477337ee99d24951288fa47e8a:0x4aff 
0xa5ecd89cd9f83c477337ee99d24951288fa47e8a:0x70ea 
0xa5ecd89cd9f83c477337ee99d24951288fa47e8a:0x70eb 
0xa5ecd89cd9f83c477337ee99d24951288fa47e8a:0x70ee 
0xa5ecd89cd9f83c477337ee99d24951288fa47e8a:0x70ef 
0xa5ecd89cd9f83c477337ee99d24951288fa47e8a:0x70f2 
0xa5ecd89cd9f83c477337ee99d24951288fa47e8a:0x61bf 
0xa5ecd89cd9f83c477337ee99d24951288fa47e8a:0x61c0 
0xa5ecd89cd9f83c477337ee99d24951288fa47e8a:0x61c2 
0xa5ecd89cd9f83c477337ee99d24951288fa47e8a:0x61c3 
0xa5ecd89cd9f83c477337ee99d24951288fa47e8a:0x61c4 
0xa5ecd89cd9f83c477337ee99d24951288fa47e8a:0x61c5 
0xa5ecd89cd9f83c477337ee99d24951288fa47e8a:0x61c6 
0xa5ecd89cd9f83c477337ee99d24951288fa47e8a:0x61c7 
0xa5ecd89cd9f83c477337ee99d24951288fa47e8a:0x61c8 
0xa5ecd89cd9f83c477337ee99d24951288fa47e8a:0x70f3 
0xa5ecd89cd9f83c477337ee99d24951288fa47e8a:0x70f4 
0xa5ecd89cd9f83c477337ee99d24951288fa47e8a:0x70f5 
0xa5ecd89cd9f83c477337ee99d24951288fa47e8a:0x70f6 
0xa5ecd89cd9f83c477337ee99d24951288fa47e8a:0x70f9 
0xa5ecd89cd9f83c477337ee99d24951288fa47e8a:0x70fe 
0xa5ecd89cd9f83c477337ee99d24951288fa47e8a:0x70ff 
0xa5ecd89cd9f83c477337ee99d24951288fa47e8a:0x7100 
0xa5ecd89cd9f83c477337ee99d24951288fa47e8a:0x4b00 
0xa5ecd89cd9f83c477337ee99d24951288fa47e8a:0x4b01 
0xa5ecd89cd9f83c477337ee99d24951288fa47e8a:0x4b02 
0xa5ecd89cd9f83c477337ee99d24951288fa47e8a:0x4b03 
0xa5ecd89cd9f83c477337ee99d24951288fa47e8a:0x4b04 
0xa5ecd89cd9f83c477337ee99d24951288fa47e8a:0x4b05 
0xa5ecd89cd9f83c477337ee99d24951288fa47e8a:0x4d96 
0xa5ecd89cd9f83c477337ee99d24951288fa47e8a:0x4d97 
0xa5ecd89cd9f83c477337ee99d24951288fa47e8a:0x4d98 
0xa5ecd89cd9f83c477337ee99d24951288fa47e8a:0x4d99 
0xa5ecd89cd9f83c477337ee99d24951288fa47e8a:0x4d9a 
0xa5ecd89cd9f83c477337ee99d24951288fa47e8a:0x4d9b 
0xa5ecd89cd9f83c477337ee99d24951288fa47e8a:0x4d9c 
0xa5ecd89cd9f83c477337ee99d24951288fa47e8a:0x4d9d 
0xa5ecd89cd9f83c477337ee99d24951288fa47e8a:0x4d9e 
0xa5ecd89cd9f83c477337ee99d24951288fa47e8a:0x4d9f 
0xa5ecd89cd9f83c477337ee99d24951288fa47e8a:0x7a8 
0xa5ecd89cd9f83c477337ee99d24951288fa47e8a:0x7a9 
0xa5ecd89cd9f83c477337ee99d24951288fa47e8a:0x7ac 
0xa5ecd89cd9f83c477337ee99d24951288fa47e8a:0x212b 
0xa5ecd89cd9f83c477337ee99d24951288fa47e8a:0x212c 
0xa5ecd89cd9f83c477337ee99d24951288fa47e8a:0x212e 
0xa5ecd89cd9f83c477337ee99d24951288fa47e8a:0x2131 
0xa5ecd89cd9f83c477337ee99d24951288fa47e8a:0x2134 
0xa5ecd89cd9f83c477337ee99d24951288fa47e8a:0x2137 
0xa5ecd89cd9f83c477337ee99d24951288fa47e8a:0x239b 
0xa5ecd89cd9f83c477337ee99d24951288fa47e8a:0x239c 
0xa5ecd89cd9f83c477337ee99d24951288fa47e8a:0x239e 
0xa5ecd89cd9f83c477337ee99d24951288fa47e8a:0x239f 
0xa5ecd89cd9f83c477337ee99d24951288fa47e8a:0x23a0 
0xa5ecd89cd9f83c477337ee99d24951288fa47e8a:0x23a1 
0xa5ecd89cd9f83c477337ee99d24951288fa47e8a:0x23a2 
0xa5ecd89cd9f83c477337ee99d24951288fa47e8a:0x2138 
0xa5ecd89cd9f83c477337ee99d24951288fa47e8a:0x2139 
0xa5ecd89cd9f83c477337ee99d24951288fa47e8a:0x213a 
0xa5ecd89cd9f83c477337ee99d24951288fa47e8a:0x213b 
0xa5ecd89cd9f83c477337ee99d24951288fa47e8a:0x213e 
0xa5ecd89cd9f83c477337ee99d24951288fa47e8a:0x275a 
0xa5ecd89cd9f83c477337ee99d24951288fa47e8a:0x275b 
0xa5ecd89cd9f83c477337ee99d24951288fa47e8a:0x275d 
0xa5ecd89cd9f83c477337ee99d24951288fa47e8a:0x2772 
0xa5ecd89cd9f83c477337ee99d24951288fa47e8a:0x2773 
0xa5ecd89cd9f83c477337ee99d24951288fa47e8a:0x2774 
0xa5ecd89cd9f83c477337ee99d24951288fa47e8a:0x2789 
0xa5ecd89cd9f83c477337ee99d24951288fa47e8a:0x278a 
0xa5ecd89cd9f83c477337ee99d24951288fa47e8a:0x278b 
0xa5ecd89cd9f83c477337ee99d24951288fa47e8a:0x278c 
0xa5ecd89cd9f83c477337ee99d24951288fa47e8a:0x278f 
0xa5ecd89cd9f83c477337ee99d24951288fa47e8a:0x27ca 
0xa5ecd89cd9f83c477337ee99d24951288fa47e8a:0x27cb 
0xa5ecd89cd9f83c477337ee99d24951288fa47e8a:0x27cd 
0xa5ecd89cd9f83c477337ee99d24951288fa47e8a:0x27e2 
0xa5ecd89cd9f83c477337ee99d24951288fa47e8a:0x27e3 
0xa5ecd89cd9f83c477337ee99d24951288fa47e8a:0x27e4 
0xa5ecd89cd9f83c477337ee99d24951288fa47e8a:0x27f9 
0xa5ecd89cd9f83c477337ee99d24951288fa47e8a:0x27fa 
0xa5ecd89cd9f83c477337ee99d24951288fa47e8a:0x27fb 
0xa5ecd89cd9f83c477337ee99d24951288fa47e8a:0x27fc 
0xa5ecd89cd9f83c477337ee99d24951288fa47e8a:0x27ff 
0xa5ecd89cd9f83c477337ee99d24951288fa47e8a:0x283a 
0xa5ecd89cd9f83c477337ee99d24951288fa47e8a:0x283b 
0xa5ecd89cd9f83c477337ee99d24951288fa47e8a:0x283e 
0xa5ecd89cd9f83c477337ee99d24951288fa47e8a:0x283f 
0xa5ecd89cd9f83c477337ee99d24951288fa47e8a:0x2840 
0xa5ecd89cd9f83c477337ee99d24951288fa47e8a:0x2841 
0xa5ecd89cd9f83c477337ee99d24951288fa47e8a:0x2844 
0xa5ecd89cd9f83c477337ee99d24951288fa47e8a:0x3501 
0xa5ecd89cd9f83c477337ee99d24951288fa47e8a:0x3502 
0xa5ecd89cd9f83c477337ee99d24951288fa47e8a:0x3505 
0xa5ecd89cd9f83c477337ee99d24951288fa47e8a:0x3506 
0xa5ecd89cd9f83c477337ee99d24951288fa47e8a:0x3507 
0xa5ecd89cd9f83c477337ee99d24951288fa47e8a:0x3508 
0xa5ecd89cd9f83c477337ee99d24951288fa47e8a:0x350b 
0xa5ecd89cd9f83c477337ee99d24951288fa47e8a:0x458e 
0xa5ecd89cd9f83c477337ee99d24951288fa47e8a:0x458f 
0xa5ecd89cd9f83c477337ee99d24951288fa47e8a:0x4592 
0xa5ecd89cd9f83c477337ee99d24951288fa47e8a:0x4593 
0xa5ecd89cd9f83c477337ee99d24951288fa47e8a:0x4594 
0xa5ecd89cd9f83c477337ee99d24951288fa47e8a:0x4595 
0xa5ecd89cd9f83c477337ee99d24951288fa47e8a:0x4598 
0xa5ecd89cd9f83c477337ee99d24951288fa47e8a:0x4897 
0xa5ecd89cd9f83c477337ee99d24951288fa47e8a:0x4898 
0xa5ecd89cd9f83c477337ee99d24951288fa47e8a:0x4899 
0xa5ecd89cd9f83c477337ee99d24951288fa47e8a:0x489a 
0xa5ecd89cd9f83c477337ee99d24951288fa47e8a:0x489b 
0xa5ecd89cd9f83c477337ee99d24951288fa47e8a:0x4599 
0xa5ecd89cd9f83c477337ee99d24951288fa47e8a:0x459a 
0xa5ecd89cd9f83c477337ee99d24951288fa47e8a:0x459b 
0xa5ecd89cd9f83c477337ee99d24951288fa47e8a:0x459c 
0xa5ecd89cd9f83c477337ee99d24951288fa47e8a:0x459d 
0xa5ecd89cd9f83c477337ee99d24951288fa47e8a:0x350c 
0xa5ecd89cd9f83c477337ee99d24951288fa47e8a:0x350d 
0xa5ecd89cd9f83c477337ee99d24951288fa47e8a:0x3510 
0xa5ecd89cd9f83c477337ee99d24951288fa47e8a:0x3511 
0xa5ecd89cd9f83c477337ee99d24951288fa47e8a:0x3512 
0xa5ecd89cd9f83c477337ee99d24951288fa47e8a:0x3513 
0xa5ecd89cd9f83c477337ee99d24951288fa47e8a:0x3516 
0xa5ecd89cd9f83c477337ee99d24951288fa47e8a:0x459e 
0xa5ecd89cd9f83c477337ee99d24951288fa47e8a:0x459f 
0xa5ecd89cd9f83c477337ee99d24951288fa47e8a:0x45a1 
0xa5ecd89cd9f83c477337ee99d24951288fa47e8a:0x45b6 
0xa5ecd89cd9f83c477337ee99d24951288fa47e8a:0x45b7 
0xa5ecd89cd9f83c477337ee99d24951288fa47e8a:0x45b8 
0xa5ecd89cd9f83c477337ee99d24951288fa47e8a:0x45cd 
0xa5ecd89cd9f83c477337ee99d24951288fa47e8a:0x45ce 
0xa5ecd89cd9f83c477337ee99d24951288fa47e8a:0x45cf 
0xa5ecd89cd9f83c477337ee99d24951288fa47e8a:0x45d2 
0xa5ecd89cd9f83c477337ee99d24951288fa47e8a:0x45d3 
0xa5ecd89cd9f83c477337ee99d24951288fa47e8a:0x45d4 
0xa5ecd89cd9f83c477337ee99d24951288fa47e8a:0x45d7 
0xa5ecd89cd9f83c477337ee99d24951288fa47e8a:0x45d8 
0xa5ecd89cd9f83c477337ee99d24951288fa47e8a:0x45db 
0xa5ecd89cd9f83c477337ee99d24951288fa47e8a:0x22c5 
0xa5ecd89cd9f83c477337ee99d24951288fa47e8a:0x22c6 
0xa5ecd89cd9f83c477337ee99d24951288fa47e8a:0x22c8 
0xa5ecd89cd9f83c477337ee99d24951288fa47e8a:0x22ca 
0xa5ecd89cd9f83c477337ee99d24951288fa47e8a:0x22cc 
0xa5ecd89cd9f83c477337ee99d24951288fa47e8a:0x22cd 
0xa5ecd89cd9f83c477337ee99d24951288fa47e8a:0x22e2 
0xa5ecd89cd9f83c477337ee99d24951288fa47e8a:0x22e3 
0xa5ecd89cd9f83c477337ee99d24951288fa47e8a:0x22f8 
0xa5ecd89cd9f83c477337ee99d24951288fa47e8a:0x22f9 
0xa5ecd89cd9f83c477337ee99d24951288fa47e8a:0x22fa 
0xa5ecd89cd9f83c477337ee99d24951288fa47e8a:0x22fb 
0xa5ecd89cd9f83c477337ee99d24951288fa47e8a:0x22fd 
0xa5ecd89cd9f83c477337ee99d24951288fa47e8a:0x22fe 
0xa5ecd89cd9f83c477337ee99d24951288fa47e8a:0x22ff 
0xa5ecd89cd9f83c477337ee99d24951288fa47e8a:0x2300 
0xa5ecd89cd9f83c477337ee99d24951288fa47e8a:0x2301 
0xa5ecd89cd9f83c477337ee99d24951288fa47e8a:0x2303 
0xa5ecd89cd9f83c477337ee99d24951288fa47e8a:0x2304 
0xa5ecd89cd9f83c477337ee99d24951288fa47e8a:0x2306 
0xa5ecd89cd9f83c477337ee99d24951288fa47e8a:0x2307 
0xa5ecd89cd9f83c477337ee99d24951288fa47e8a:0x2308 
0xa5ecd89cd9f83c477337ee99d24951288fa47e8a:0x230b 
0xa5ecd89cd9f83c477337ee99d24951288fa47e8a:0x230c 
0xa5ecd89cd9f83c477337ee99d24951288fa47e8a:0x230f 
0xa5ecd89cd9f83c477337ee99d24951288fa47e8a:0x119b 
0xa5ecd89cd9f83c477337ee99d24951288fa47e8a:0x119c 
0xa5ecd89cd9f83c477337ee99d24951288fa47e8a:0x119e 
0xa5ecd89cd9f83c477337ee99d24951288fa47e8a:0x11a0 
0xa5ecd89cd9f83c477337ee99d24951288fa47e8a:0x11a2 
0xa5ecd89cd9f83c477337ee99d24951288fa47e8a:0x11a3 
0xa5ecd89cd9f83c477337ee99d24951288fa47e8a:0x11b8 
0xa5ecd89cd9f83c477337ee99d24951288fa47e8a:0x11b9 
0xa5ecd89cd9f83c477337ee99d24951288fa47e8a:0x11ce 
0xa5ecd89cd9f83c477337ee99d24951288fa47e8a:0x11cf 
0xa5ecd89cd9f83c477337ee99d24951288fa47e8a:0x11d0 
0xa5ecd89cd9f83c477337ee99d24951288fa47e8a:0x11d1 
0xa5ecd89cd9f83c477337ee99d24951288fa47e8a:0x11d3 
0xa5ecd89cd9f83c477337ee99d24951288fa47e8a:0x11d4 
0xa5ecd89cd9f83c477337ee99d24951288fa47e8a:0x11d5 
0xa5ecd89cd9f83c477337ee99d24951288fa47e8a:0x11d6 
0xa5ecd89cd9f83c477337ee99d24951288fa47e8a:0x11d7 
0xa5ecd89cd9f83c477337ee99d24951288fa47e8a:0x11d9 
0xa5ecd89cd9f83c477337ee99d24951288fa47e8a:0x11da 
0xa5ecd89cd9f83c477337ee99d24951288fa47e8a:0x11dc 
0xa5ecd89cd9f83c477337ee99d24951288fa47e8a:0x11dd 
0xa5ecd89cd9f83c477337ee99d24951288fa47e8a:0x11de 
0xa5ecd89cd9f83c477337ee99d24951288fa47e8a:0x11df 
0xa5ecd89cd9f83c477337ee99d24951288fa47e8a:0x11e0 
0xa5ecd89cd9f83c477337ee99d24951288fa47e8a:0x11e1 
0xa5ecd89cd9f83c477337ee99d24951288fa47e8a:0x11e2 
0xa5ecd89cd9f83c477337ee99d24951288fa47e8a:0x11e3 
0xa5ecd89cd9f83c477337ee99d24951288fa47e8a:0x2310 
0xa5ecd89cd9f83c477337ee99d24951288fa47e8a:0x2311 
0xa5ecd89cd9f83c477337ee99d24951288fa47e8a:0x2314 
0xa5ecd89cd9f83c477337ee99d24951288fa47e8a:0x2315 
0xa5ecd89cd9f83c477337ee99d24951288fa47e8a:0x2316 
0xa5ecd89cd9f83c477337ee99d24951288fa47e8a:0x2319 
0xa5ecd89cd9f83c477337ee99d24951288fa47e8a:0x60cc 
0xa5ecd89cd9f83c477337ee99d24951288fa47e8a:0x60cd 
0xa5ecd89cd9f83c477337ee99d24951288fa47e8a:0x60cf 
0xa5ecd89cd9f83c477337ee99d24951288fa47e8a:0x60d2 
0xa5ecd89cd9f83c477337ee99d24951288fa47e8a:0x60d3 
0xa5ecd89cd9f83c477337ee99d24951288fa47e8a:0x60d6 
0xa5ecd89cd9f83c477337ee99d24951288fa47e8a:0x61bf 
0xa5ecd89cd9f83c477337ee99d24951288fa47e8a:0x61c0 
0xa5ecd89cd9f83c477337ee99d24951288fa47e8a:0x61c2 
0xa5ecd89cd9f83c477337ee99d24951288fa47e8a:0x61c3 
0xa5ecd89cd9f83c477337ee99d24951288fa47e8a:0x61c4 
0xa5ecd89cd9f83c477337ee99d24951288fa47e8a:0x61c5 
0xa5ecd89cd9f83c477337ee99d24951288fa47e8a:0x61c6 
0xa5ecd89cd9f83c477337ee99d24951288fa47e8a:0x61c7 
0xa5ecd89cd9f83c477337ee99d24951288fa47e8a:0x61c8 
0xa5ecd89cd9f83c477337ee99d24951288fa47e8a:0x60d7 
0xa5ecd89cd9f83c477337ee99d24951288fa47e8a:0x60d8 
0xa5ecd89cd9f83c477337ee99d24951288fa47e8a:0x60d9 
0xa5ecd89cd9f83c477337ee99d24951288fa47e8a:0x60da 
0xa5ecd89cd9f83c477337ee99d24951288fa47e8a:0x60dd 
0xa5ecd89cd9f83c477337ee99d24951288fa47e8a:0x60de 
0xa5ecd89cd9f83c477337ee99d24951288fa47e8a:0x60e1 
0xa5ecd89cd9f83c477337ee99d24951288fa47e8a:0x61bf 
0xa5ecd89cd9f83c477337ee99d24951288fa47e8a:0x61c0 
0xa5ecd89cd9f83c477337ee99d24951288fa47e8a:0x61c2 
0xa5ecd89cd9f83c477337ee99d24951288fa47e8a:0x61c3 
0xa5ecd89cd9f83c477337ee99d24951288fa47e8a:0x61c4 
0xa5ecd89cd9f83c477337ee99d24951288fa47e8a:0x61c5 
0xa5ecd89cd9f83c477337ee99d24951288fa47e8a:0x61c6 
0xa5ecd89cd9f83c477337ee99d24951288fa47e8a:0x61c7 
0xa5ecd89cd9f83c477337ee99d24951288fa47e8a:0x61c8 
0xa5ecd89cd9f83c477337ee99d24951288fa47e8a:0x60e2 
0xa5ecd89cd9f83c477337ee99d24951288fa47e8a:0x60e3 
0xa5ecd89cd9f83c477337ee99d24951288fa47e8a:0x60e4 
0xa5ecd89cd9f83c477337ee99d24951288fa47e8a:0x60e5 
0xa5ecd89cd9f83c477337ee99d24951288fa47e8a:0x60e6 
0xa5ecd89cd9f83c477337ee99d24951288fa47e8a:0x60e7 
0xa5ecd89cd9f83c477337ee99d24951288fa47e8a:0x60e8 
0xa5ecd89cd9f83c477337ee99d24951288fa47e8a:0x60e9 
0xa5ecd89cd9f83c477337ee99d24951288fa47e8a:0x60ec 
0xa5ecd89cd9f83c477337ee99d24951288fa47e8a:0x60f5 
0xa5ecd89cd9f83c477337ee99d24951288fa47e8a:0x60f6 
0xa5ecd89cd9f83c477337ee99d24951288fa47e8a:0x60f7 
0xa5ecd89cd9f83c477337ee99d24951288fa47e8a:0x60f8 
0xa5ecd89cd9f83c477337ee99d24951288fa47e8a:0x60f9 
0xa5ecd89cd9f83c477337ee99d24951288fa47e8a:0x60fa 
0xa5ecd89cd9f83c477337ee99d24951288fa47e8a:0x60fb 
0xa5ecd89cd9f83c477337ee99d24951288fa47e8a:0x60fc 
0xa5ecd89cd9f83c477337ee99d24951288fa47e8a:0x60fd 
0xa5ecd89cd9f83c477337ee99d24951288fa47e8a:0x60fe 
0xa5ecd89cd9f83c477337ee99d24951288fa47e8a:0x60ff 
0xa5ecd89cd9f83c477337ee99d24951288fa47e8a:0x231a 
0xa5ecd89cd9f83c477337ee99d24951288fa47e8a:0x231b 
0xa5ecd89cd9f83c477337ee99d24951288fa47e8a:0x231c 
0xa5ecd89cd9f83c477337ee99d24951288fa47e8a:0x231d 
0xa5ecd89cd9f83c477337ee99d24951288fa47e8a:0x231e 
0xa5ecd89cd9f83c477337ee99d24951288fa47e8a:0x231f 
0xa5ecd89cd9f83c477337ee99d24951288fa47e8a:0x2320 
0xa5ecd89cd9f83c477337ee99d24951288fa47e8a:0x45dc 
0xa5ecd89cd9f83c477337ee99d24951288fa47e8a:0x45dd 
0xa5ecd89cd9f83c477337ee99d24951288fa47e8a:0x45de 
0xa5ecd89cd9f83c477337ee99d24951288fa47e8a:0x45df 
0xa5ecd89cd9f83c477337ee99d24951288fa47e8a:0x45e2 
0xa5ecd89cd9f83c477337ee99d24951288fa47e8a:0x461d 
0xa5ecd89cd9f83c477337ee99d24951288fa47e8a:0x461e 
0xa5ecd89cd9f83c477337ee99d24951288fa47e8a:0x461f 
0xa5ecd89cd9f83c477337ee99d24951288fa47e8a:0x4622 
0xa5ecd89cd9f83c477337ee99d24951288fa47e8a:0x4623 
0xa5ecd89cd9f83c477337ee99d24951288fa47e8a:0x4624 
0xa5ecd89cd9f83c477337ee99d24951288fa47e8a:0x4625 
0xa5ecd89cd9f83c477337ee99d24951288fa47e8a:0x4628 
0xa5ecd89cd9f83c477337ee99d24951288fa47e8a:0x4897 
0xa5ecd89cd9f83c477337ee99d24951288fa47e8a:0x4898 
0xa5ecd89cd9f83c477337ee99d24951288fa47e8a:0x4899 
0xa5ecd89cd9f83c477337ee99d24951288fa47e8a:0x489a 
0xa5ecd89cd9f83c477337ee99d24951288fa47e8a:0x489b 
0xa5ecd89cd9f83c477337ee99d24951288fa47e8a:0x4629 
0xa5ecd89cd9f83c477337ee99d24951288fa47e8a:0x462a 
0xa5ecd89cd9f83c477337ee99d24951288fa47e8a:0x462b 
0xa5ecd89cd9f83c477337ee99d24951288fa47e8a:0x462c 
0xa5ecd89cd9f83c477337ee99d24951288fa47e8a:0x462d 
0xa5ecd89cd9f83c477337ee99d24951288fa47e8a:0x3517 
0xa5ecd89cd9f83c477337ee99d24951288fa47e8a:0x3518 
0xa5ecd89cd9f83c477337ee99d24951288fa47e8a:0x3519 
0xa5ecd89cd9f83c477337ee99d24951288fa47e8a:0x351a 
0xa5ecd89cd9f83c477337ee99d24951288fa47e8a:0x351b 
0xa5ecd89cd9f83c477337ee99d24951288fa47e8a:0x2845 
0xa5ecd89cd9f83c477337ee99d24951288fa47e8a:0x2846 
0xa5ecd89cd9f83c477337ee99d24951288fa47e8a:0x2848 
0xa5ecd89cd9f83c477337ee99d24951288fa47e8a:0x284a 
0xa5ecd89cd9f83c477337ee99d24951288fa47e8a:0x284c 
0xa5ecd89cd9f83c477337ee99d24951288fa47e8a:0x284d 
0xa5ecd89cd9f83c477337ee99d24951288fa47e8a:0x2862 
0xa5ecd89cd9f83c477337ee99d24951288fa47e8a:0x2863 
0xa5ecd89cd9f83c477337ee99d24951288fa47e8a:0x2878 
0xa5ecd89cd9f83c477337ee99d24951288fa47e8a:0x2879 
0xa5ecd89cd9f83c477337ee99d24951288fa47e8a:0x287a 
0xa5ecd89cd9f83c477337ee99d24951288fa47e8a:0x287b 
0xa5ecd89cd9f83c477337ee99d24951288fa47e8a:0x287d 
0xa5ecd89cd9f83c477337ee99d24951288fa47e8a:0x287e 
0xa5ecd89cd9f83c477337ee99d24951288fa47e8a:0x287f 
0xa5ecd89cd9f83c477337ee99d24951288fa47e8a:0x2880 
0xa5ecd89cd9f83c477337ee99d24951288fa47e8a:0x2881 
0xa5ecd89cd9f83c477337ee99d24951288fa47e8a:0x2883 
0xa5ecd89cd9f83c477337ee99d24951288fa47e8a:0x2884 
0xa5ecd89cd9f83c477337ee99d24951288fa47e8a:0x2886 
0xa5ecd89cd9f83c477337ee99d24951288fa47e8a:0x2887 
0xa5ecd89cd9f83c477337ee99d24951288fa47e8a:0x2888 
0xa5ecd89cd9f83c477337ee99d24951288fa47e8a:0x2889 
0xa5ecd89cd9f83c477337ee99d24951288fa47e8a:0x288a 
0xa5ecd89cd9f83c477337ee99d24951288fa47e8a:0x288b 
0xa5ecd89cd9f83c477337ee99d24951288fa47e8a:0x288c 
0xa5ecd89cd9f83c477337ee99d24951288fa47e8a:0x288d 
0xa5ecd89cd9f83c477337ee99d24951288fa47e8a:0x288e 
0xa5ecd89cd9f83c477337ee99d24951288fa47e8a:0x2891 
0xa5ecd89cd9f83c477337ee99d24951288fa47e8a:0x28cc 
0xa5ecd89cd9f83c477337ee99d24951288fa47e8a:0x28cd 
0xa5ecd89cd9f83c477337ee99d24951288fa47e8a:0x28ce 
0xa5ecd89cd9f83c477337ee99d24951288fa47e8a:0x28cf 
0xa5ecd89cd9f83c477337ee99d24951288fa47e8a:0x28d0 
0xa5ecd89cd9f83c477337ee99d24951288fa47e8a:0x28d2 
0xa5ecd89cd9f83c477337ee99d24951288fa47e8a:0x28d4 
0xa5ecd89cd9f83c477337ee99d24951288fa47e8a:0x28d5 
0xa5ecd89cd9f83c477337ee99d24951288fa47e8a:0x28ea 
0xa5ecd89cd9f83c477337ee99d24951288fa47e8a:0x28eb 
0xa5ecd89cd9f83c477337ee99d24951288fa47e8a:0x2900 
0xa5ecd89cd9f83c477337ee99d24951288fa47e8a:0x2901 
0xa5ecd89cd9f83c477337ee99d24951288fa47e8a:0x2902 
0xa5ecd89cd9f83c477337ee99d24951288fa47e8a:0x2903 
0xa5ecd89cd9f83c477337ee99d24951288fa47e8a:0x2905 
0xa5ecd89cd9f83c477337ee99d24951288fa47e8a:0x2906 
0xa5ecd89cd9f83c477337ee99d24951288fa47e8a:0x2907 
0xa5ecd89cd9f83c477337ee99d24951288fa47e8a:0x2908 
0xa5ecd89cd9f83c477337ee99d24951288fa47e8a:0x2909 
0xa5ecd89cd9f83c477337ee99d24951288fa47e8a:0x290b 
0xa5ecd89cd9f83c477337ee99d24951288fa47e8a:0x290c 
0xa5ecd89cd9f83c477337ee99d24951288fa47e8a:0x290e 
0xa5ecd89cd9f83c477337ee99d24951288fa47e8a:0x290f 
0xa5ecd89cd9f83c477337ee99d24951288fa47e8a:0x2910 
0xa5ecd89cd9f83c477337ee99d24951288fa47e8a:0x2911 
0xa5ecd89cd9f83c477337ee99d24951288fa47e8a:0x2912 
0xa5ecd89cd9f83c477337ee99d24951288fa47e8a:0x2913 
0xa5ecd89cd9f83c477337ee99d24951288fa47e8a:0x2914 
0xa5ecd89cd9f83c477337ee99d24951288fa47e8a:0x2916 
0xa5ecd89cd9f83c477337ee99d24951288fa47e8a:0x2918 
0xa5ecd89cd9f83c477337ee99d24951288fa47e8a:0x2919 
0xa5ecd89cd9f83c477337ee99d24951288fa47e8a:0x292e 
0xa5ecd89cd9f83c477337ee99d24951288fa47e8a:0x292f 
0xa5ecd89cd9f83c477337ee99d24951288fa47e8a:0x2944 
0xa5ecd89cd9f83c477337ee99d24951288fa47e8a:0x2945 
0xa5ecd89cd9f83c477337ee99d24951288fa47e8a:0x2946 
0xa5ecd89cd9f83c477337ee99d24951288fa47e8a:0x2947 
0xa5ecd89cd9f83c477337ee99d24951288fa47e8a:0x2949 
0xa5ecd89cd9f83c477337ee99d24951288fa47e8a:0x294a 
0xa5ecd89cd9f83c477337ee99d24951288fa47e8a:0x294b 
0xa5ecd89cd9f83c477337ee99d24951288fa47e8a:0x294c 
0xa5ecd89cd9f83c477337ee99d24951288fa47e8a:0x294d 
0xa5ecd89cd9f83c477337ee99d24951288fa47e8a:0x294f 
0xa5ecd89cd9f83c477337ee99d24951288fa47e8a:0x2950 
0xa5ecd89cd9f83c477337ee99d24951288fa47e8a:0x2952 
0xa5ecd89cd9f83c477337ee99d24951288fa47e8a:0x2953 
0xa5ecd89cd9f83c477337ee99d24951288fa47e8a:0x2955 
0xa5ecd89cd9f83c477337ee99d24951288fa47e8a:0x2956 
0xa5ecd89cd9f83c477337ee99d24951288fa47e8a:0x2957 
0xa5ecd89cd9f83c477337ee99d24951288fa47e8a:0x2958 
0xa5ecd89cd9f83c477337ee99d24951288fa47e8a:0x295b 
0xa5ecd89cd9f83c477337ee99d24951288fa47e8a:0x295c 
0xa5ecd89cd9f83c477337ee99d24951288fa47e8a:0x295d 
0xa5ecd89cd9f83c477337ee99d24951288fa47e8a:0x2960 
0xa5ecd89cd9f83c477337ee99d24951288fa47e8a:0x5feb 
0xa5ecd89cd9f83c477337ee99d24951288fa47e8a:0x5fec 
0xa5ecd89cd9f83c477337ee99d24951288fa47e8a:0x5fee 
0xa5ecd89cd9f83c477337ee99d24951288fa47e8a:0x5ff1 
0xa5ecd89cd9f83c477337ee99d24951288fa47e8a:0x5ff2 
0xa5ecd89cd9f83c477337ee99d24951288fa47e8a:0x5ff5 
0xa5ecd89cd9f83c477337ee99d24951288fa47e8a:0x61bf 
0xa5ecd89cd9f83c477337ee99d24951288fa47e8a:0x61c0 
0xa5ecd89cd9f83c477337ee99d24951288fa47e8a:0x61c2 
0xa5ecd89cd9f83c477337ee99d24951288fa47e8a:0x61c3 
0xa5ecd89cd9f83c477337ee99d24951288fa47e8a:0x61c4 
0xa5ecd89cd9f83c477337ee99d24951288fa47e8a:0x61c5 
0xa5ecd89cd9f83c477337ee99d24951288fa47e8a:0x61c6 
0xa5ecd89cd9f83c477337ee99d24951288fa47e8a:0x61c7 
0xa5ecd89cd9f83c477337ee99d24951288fa47e8a:0x61c8 
0xa5ecd89cd9f83c477337ee99d24951288fa47e8a:0x5ff6 
0xa5ecd89cd9f83c477337ee99d24951288fa47e8a:0x5ff7 
0xa5ecd89cd9f83c477337ee99d24951288fa47e8a:0x5ff8 
0xa5ecd89cd9f83c477337ee99d24951288fa47e8a:0x5ff9 
0xa5ecd89cd9f83c477337ee99d24951288fa47e8a:0x5ffc 
0xa5ecd89cd9f83c477337ee99d24951288fa47e8a:0x5ffd 
0xa5ecd89cd9f83c477337ee99d24951288fa47e8a:0x6000 
0xa5ecd89cd9f83c477337ee99d24951288fa47e8a:0x61bf 
0xa5ecd89cd9f83c477337ee99d24951288fa47e8a:0x61c0 
0xa5ecd89cd9f83c477337ee99d24951288fa47e8a:0x61c2 
0xa5ecd89cd9f83c477337ee99d24951288fa47e8a:0x61c3 
0xa5ecd89cd9f83c477337ee99d24951288fa47e8a:0x61c4 
0xa5ecd89cd9f83c477337ee99d24951288fa47e8a:0x61c5 
0xa5ecd89cd9f83c477337ee99d24951288fa47e8a:0x61c6 
0xa5ecd89cd9f83c477337ee99d24951288fa47e8a:0x61c7 
0xa5ecd89cd9f83c477337ee99d24951288fa47e8a:0x61c8 
0xa5ecd89cd9f83c477337ee99d24951288fa47e8a:0x6001 
0xa5ecd89cd9f83c477337ee99d24951288fa47e8a:0x6002 
0xa5ecd89cd9f83c477337ee99d24951288fa47e8a:0x6003 
0xa5ecd89cd9f83c477337ee99d24951288fa47e8a:0x6004 
0xa5ecd89cd9f83c477337ee99d24951288fa47e8a:0x6005 
0xa5ecd89cd9f83c477337ee99d24951288fa47e8a:0x6026 
0xa5ecd89cd9f83c477337ee99d24951288fa47e8a:0x6027 
0xa5ecd89cd9f83c477337ee99d24951288fa47e8a:0x6028 
0xa5ecd89cd9f83c477337ee99d24951288fa47e8a:0x6029 
0xa5ecd89cd9f83c477337ee99d24951288fa47e8a:0x602a 
0xa5ecd89cd9f83c477337ee99d24951288fa47e8a:0x602d 
0xa5ecd89cd9f83c477337ee99d24951288fa47e8a:0x6036 
0xa5ecd89cd9f83c477337ee99d24951288fa47e8a:0x6037 
0xa5ecd89cd9f83c477337ee99d24951288fa47e8a:0x6038 
0xa5ecd89cd9f83c477337ee99d24951288fa47e8a:0x6039 
0xa5ecd89cd9f83c477337ee99d24951288fa47e8a:0x603a 
0xa5ecd89cd9f83c477337ee99d24951288fa47e8a:0x603b 
0xa5ecd89cd9f83c477337ee99d24951288fa47e8a:0x603c 
0xa5ecd89cd9f83c477337ee99d24951288fa47e8a:0x603d 
0xa5ecd89cd9f83c477337ee99d24951288fa47e8a:0x603e 
0xa5ecd89cd9f83c477337ee99d24951288fa47e8a:0x603f 
0xa5ecd89cd9f83c477337ee99d24951288fa47e8a:0x6040 
0xa5ecd89cd9f83c477337ee99d24951288fa47e8a:0x2961 
0xa5ecd89cd9f83c477337ee99d24951288fa47e8a:0x2962 
0xa5ecd89cd9f83c477337ee99d24951288fa47e8a:0x2963 
0xa5ecd89cd9f83c477337ee99d24951288fa47e8a:0x2964 
0xa5ecd89cd9f83c477337ee99d24951288fa47e8a:0x2965 
0xa5ecd89cd9f83c477337ee99d24951288fa47e8a:0x2966 
0xa5ecd89cd9f83c477337ee99d24951288fa47e8a:0x2967 
0xa5ecd89cd9f83c477337ee99d24951288fa47e8a:0x2968 
0xa5ecd89cd9f83c477337ee99d24951288fa47e8a:0x2969 
0xa5ecd89cd9f83c477337ee99d24951288fa47e8a:0x296a 
0xa5ecd89cd9f83c477337ee99d24951288fa47e8a:0x297f 
0xa5ecd89cd9f83c477337ee99d24951288fa47e8a:0x2980 
0xa5ecd89cd9f83c477337ee99d24951288fa47e8a:0x2981 
0xa5ecd89cd9f83c477337ee99d24951288fa47e8a:0x2996 
0xa5ecd89cd9f83c477337ee99d24951288fa47e8a:0x2997 
0xa5ecd89cd9f83c477337ee99d24951288fa47e8a:0x29b8 
0xa5ecd89cd9f83c477337ee99d24951288fa47e8a:0x29b9 
0xa5ecd89cd9f83c477337ee99d24951288fa47e8a:0x29bb 
0xa5ecd89cd9f83c477337ee99d24951288fa47e8a:0x29bc 
0xa5ecd89cd9f83c477337ee99d24951288fa47e8a:0x29bf 
0xa5ecd89cd9f83c477337ee99d24951288fa47e8a:0x29c0 
0xa5ecd89cd9f83c477337ee99d24951288fa47e8a:0x29c1 
0xa5ecd89cd9f83c477337ee99d24951288fa47e8a:0x29c4 
0xa5ecd89cd9f83c477337ee99d24951288fa47e8a:0x5ed7 
0xa5ecd89cd9f83c477337ee99d24951288fa47e8a:0x5ed8 
0xa5ecd89cd9f83c477337ee99d24951288fa47e8a:0x5eda 
0xa5ecd89cd9f83c477337ee99d24951288fa47e8a:0x5edc 
0xa5ecd89cd9f83c477337ee99d24951288fa47e8a:0x5edd 
0xa5ecd89cd9f83c477337ee99d24951288fa47e8a:0x5ede 
0xa5ecd89cd9f83c477337ee99d24951288fa47e8a:0x5edf 
0xa5ecd89cd9f83c477337ee99d24951288fa47e8a:0x5ee0 
0xa5ecd89cd9f83c477337ee99d24951288fa47e8a:0x5ee3 
0xa5ecd89cd9f83c477337ee99d24951288fa47e8a:0x5ee5 
0xa5ecd89cd9f83c477337ee99d24951288fa47e8a:0x5ee6 
0xa5ecd89cd9f83c477337ee99d24951288fa47e8a:0x5ee7 
0xa5ecd89cd9f83c477337ee99d24951288fa47e8a:0x5ee8 
0xa5ecd89cd9f83c477337ee99d24951288fa47e8a:0x5eeb 
0xa5ecd89cd9f83c477337ee99d24951288fa47e8a:0x5702 
0xa5ecd89cd9f83c477337ee99d24951288fa47e8a:0x5703 
0xa5ecd89cd9f83c477337ee99d24951288fa47e8a:0x5706 
0xa5ecd89cd9f83c477337ee99d24951288fa47e8a:0x5707 
0xa5ecd89cd9f83c477337ee99d24951288fa47e8a:0x570a 
0xa5ecd89cd9f83c477337ee99d24951288fa47e8a:0x61bf 
0xa5ecd89cd9f83c477337ee99d24951288fa47e8a:0x61c0 
0xa5ecd89cd9f83c477337ee99d24951288fa47e8a:0x61c2 
0xa5ecd89cd9f83c477337ee99d24951288fa47e8a:0x61c3 
0xa5ecd89cd9f83c477337ee99d24951288fa47e8a:0x61c4 
0xa5ecd89cd9f83c477337ee99d24951288fa47e8a:0x61c5 
0xa5ecd89cd9f83c477337ee99d24951288fa47e8a:0x61c6 
0xa5ecd89cd9f83c477337ee99d24951288fa47e8a:0x61c7 
0xa5ecd89cd9f83c477337ee99d24951288fa47e8a:0x61c8 
0xa5ecd89cd9f83c477337ee99d24951288fa47e8a:0x570b 
0xa5ecd89cd9f83c477337ee99d24951288fa47e8a:0x570c 
0xa5ecd89cd9f83c477337ee99d24951288fa47e8a:0x570d 
0xa5ecd89cd9f83c477337ee99d24951288fa47e8a:0x570e 
0xa5ecd89cd9f83c477337ee99d24951288fa47e8a:0x570f 
0xa5ecd89cd9f83c477337ee99d24951288fa47e8a:0x5710 
0xa5ecd89cd9f83c477337ee99d24951288fa47e8a:0x5eec 
0xa5ecd89cd9f83c477337ee99d24951288fa47e8a:0x5eed 
0xa5ecd89cd9f83c477337ee99d24951288fa47e8a:0x5eee 
0xa5ecd89cd9f83c477337ee99d24951288fa47e8a:0x5eef 
0xa5ecd89cd9f83c477337ee99d24951288fa47e8a:0x5ef0 
0xa5ecd89cd9f83c477337ee99d24951288fa47e8a:0x5ef1 
0xa5ecd89cd9f83c477337ee99d24951288fa47e8a:0x29c5 
0xa5ecd89cd9f83c477337ee99d24951288fa47e8a:0x29c6 
0xa5ecd89cd9f83c477337ee99d24951288fa47e8a:0x29c8 
0xa5ecd89cd9f83c477337ee99d24951288fa47e8a:0x29c9 
0xa5ecd89cd9f83c477337ee99d24951288fa47e8a:0x29ca 
0xa5ecd89cd9f83c477337ee99d24951288fa47e8a:0x29cb 
0xa5ecd89cd9f83c477337ee99d24951288fa47e8a:0x29cc 
0xa5ecd89cd9f83c477337ee99d24951288fa47e8a:0x29cd 
0xa5ecd89cd9f83c477337ee99d24951288fa47e8a:0x29ce 
0xa5ecd89cd9f83c477337ee99d24951288fa47e8a:0x29d1 
0xa5ecd89cd9f83c477337ee99d24951288fa47e8a:0x29d2 
0xa5ecd89cd9f83c477337ee99d24951288fa47e8a:0x29d3 
0xa5ecd89cd9f83c477337ee99d24951288fa47e8a:0x29d4 
0xa5ecd89cd9f83c477337ee99d24951288fa47e8a:0x29d7 
0xa5ecd89cd9f83c477337ee99d24951288fa47e8a:0x351c 
0xa5ecd89cd9f83c477337ee99d24951288fa47e8a:0x351d 
0xa5ecd89cd9f83c477337ee99d24951288fa47e8a:0x351e 
0xa5ecd89cd9f83c477337ee99d24951288fa47e8a:0x351f 
0xa5ecd89cd9f83c477337ee99d24951288fa47e8a:0x3520 
0xa5ecd89cd9f83c477337ee99d24951288fa47e8a:0x29d8 
0xa5ecd89cd9f83c477337ee99d24951288fa47e8a:0x29d9 
0xa5ecd89cd9f83c477337ee99d24951288fa47e8a:0x29da 
0xa5ecd89cd9f83c477337ee99d24951288fa47e8a:0x29db 
0xa5ecd89cd9f83c477337ee99d24951288fa47e8a:0x29dc 
0xa5ecd89cd9f83c477337ee99d24951288fa47e8a:0x29dd 
0xa5ecd89cd9f83c477337ee99d24951288fa47e8a:0x213f 
0xa5ecd89cd9f83c477337ee99d24951288fa47e8a:0x2140 
0xa5ecd89cd9f83c477337ee99d24951288fa47e8a:0x2142 
0xa5ecd89cd9f83c477337ee99d24951288fa47e8a:0x2143 
0xa5ecd89cd9f83c477337ee99d24951288fa47e8a:0x2144 
0xa5ecd89cd9f83c477337ee99d24951288fa47e8a:0x2145 
0xa5ecd89cd9f83c477337ee99d24951288fa47e8a:0x2146 
0xa5ecd89cd9f83c477337ee99d24951288fa47e8a:0x2147 
0xa5ecd89cd9f83c477337ee99d24951288fa47e8a:0x2148 
0xa5ecd89cd9f83c477337ee99d24951288fa47e8a:0x7ad 
0xa5ecd89cd9f83c477337ee99d24951288fa47e8a:0x7ae 
0xa5ecd89cd9f83c477337ee99d24951288fa47e8a:0x7b0 
0xa5ecd89cd9f83c477337ee99d24951288fa47e8a:0x7b1 
0xa5ecd89cd9f83c477337ee99d24951288fa47e8a:0x7b4 
0xa5ecd89cd9f83c477337ee99d24951288fa47e8a:0x7b5 
0xa5ecd89cd9f83c477337ee99d24951288fa47e8a:0x7b6 
0xa5ecd89cd9f83c477337ee99d24951288fa47e8a:0x7b9 
0xa5ecd89cd9f83c477337ee99d24951288fa47e8a:0x59a4 
0xa5ecd89cd9f83c477337ee99d24951288fa47e8a:0x59a5 
0xa5ecd89cd9f83c477337ee99d24951288fa47e8a:0x59a7 
0xa5ecd89cd9f83c477337ee99d24951288fa47e8a:0x59a9 
0xa5ecd89cd9f83c477337ee99d24951288fa47e8a:0x59aa 
0xa5ecd89cd9f83c477337ee99d24951288fa47e8a:0x59ab 
0xa5ecd89cd9f83c477337ee99d24951288fa47e8a:0x59ac 
0xa5ecd89cd9f83c477337ee99d24951288fa47e8a:0x59ad 
0xa5ecd89cd9f83c477337ee99d24951288fa47e8a:0x59b0 
0xa5ecd89cd9f83c477337ee99d24951288fa47e8a:0x59b2 
0xa5ecd89cd9f83c477337ee99d24951288fa47e8a:0x59b3 
0xa5ecd89cd9f83c477337ee99d24951288fa47e8a:0x59b4 
0xa5ecd89cd9f83c477337ee99d24951288fa47e8a:0x59b5 
0xa5ecd89cd9f83c477337ee99d24951288fa47e8a:0x59b8 
0xa5ecd89cd9f83c477337ee99d24951288fa47e8a:0x5027 
0xa5ecd89cd9f83c477337ee99d24951288fa47e8a:0x5028 
0xa5ecd89cd9f83c477337ee99d24951288fa47e8a:0x502b 
0xa5ecd89cd9f83c477337ee99d24951288fa47e8a:0x502c 
0xa5ecd89cd9f83c477337ee99d24951288fa47e8a:0x502f 
0xa5ecd89cd9f83c477337ee99d24951288fa47e8a:0x6112 
0xa5ecd89cd9f83c477337ee99d24951288fa47e8a:0x6113 
0xa5ecd89cd9f83c477337ee99d24951288fa47e8a:0x6115 
0xa5ecd89cd9f83c477337ee99d24951288fa47e8a:0x6116 
0xa5ecd89cd9f83c477337ee99d24951288fa47e8a:0x6117 
0xa5ecd89cd9f83c477337ee99d24951288fa47e8a:0x6118 
0xa5ecd89cd9f83c477337ee99d24951288fa47e8a:0x6119 
0xa5ecd89cd9f83c477337ee99d24951288fa47e8a:0x611a 
0xa5ecd89cd9f83c477337ee99d24951288fa47e8a:0x611b 
0xa5ecd89cd9f83c477337ee99d24951288fa47e8a:0x611c 
0xa5ecd89cd9f83c477337ee99d24951288fa47e8a:0x611d 
0xa5ecd89cd9f83c477337ee99d24951288fa47e8a:0x5030 
0xa5ecd89cd9f83c477337ee99d24951288fa47e8a:0x5031 
0xa5ecd89cd9f83c477337ee99d24951288fa47e8a:0x5032 
0xa5ecd89cd9f83c477337ee99d24951288fa47e8a:0x5033 
0xa5ecd89cd9f83c477337ee99d24951288fa47e8a:0x5034 
0xa5ecd89cd9f83c477337ee99d24951288fa47e8a:0x5035 
0xa5ecd89cd9f83c477337ee99d24951288fa47e8a:0x59b9 
0xa5ecd89cd9f83c477337ee99d24951288fa47e8a:0x59ba 
0xa5ecd89cd9f83c477337ee99d24951288fa47e8a:0x59bb 
0xa5ecd89cd9f83c477337ee99d24951288fa47e8a:0x59bc 
0xa5ecd89cd9f83c477337ee99d24951288fa47e8a:0x59bd 
0xa5ecd89cd9f83c477337ee99d24951288fa47e8a:0x59be 
0xa5ecd89cd9f83c477337ee99d24951288fa47e8a:0x7ba 
0xa5ecd89cd9f83c477337ee99d24951288fa47e8a:0x7bb 
0xa5ecd89cd9f83c477337ee99d24951288fa47e8a:0x7bd 
0xa5ecd89cd9f83c477337ee99d24951288fa47e8a:0x7be 
0xa5ecd89cd9f83c477337ee99d24951288fa47e8a:0x7bf 
0xa5ecd89cd9f83c477337ee99d24951288fa47e8a:0x7c0 
0xa5ecd89cd9f83c477337ee99d24951288fa47e8a:0x7c1 
0xa5ecd89cd9f83c477337ee99d24951288fa47e8a:0x7c2 
