---
0xa5ecd89cd9f83c477337ee99d24951288fa47e8a:0x0 *
0xa5ecd89cd9f83c477337ee99d24951288fa47e8a:0x2 *
0xa5ecd89cd9f83c477337ee99d24951288fa47e8a:0x4 *
0xa5ecd89cd9f83c477337ee99d24951288fa47e8a:0x5 *
0xa5ecd89cd9f83c477337ee99d24951288fa47e8a:0x6 *
0xa5ecd89cd9f83c477337ee99d24951288fa47e8a:0x7 *
0xa5ecd89cd9f83c477337ee99d24951288fa47e8a:0x8 *
0xa5ecd89cd9f83c477337ee99d24951288fa47e8a:0xb *
0xa5ecd89cd9f83c477337ee99d24951288fa47e8a:0x10 *
0xa5ecd89cd9f83c477337ee99d24951288fa47e8a:0x11 *
0xa5ecd89cd9f83c477337ee99d24951288fa47e8a:0x12 *
0xa5ecd89cd9f83c477337ee99d24951288fa47e8a:0x15 *
0xa5ecd89cd9f83c477337ee99d24951288fa47e8a:0x16 *
0xa5ecd89cd9f83c477337ee99d24951288fa47e8a:0x1a *
0xa5ecd89cd9f83c477337ee99d24951288fa47e8a:0x1c *
0xa5ecd89cd9f83c477337ee99d24951288fa47e8a:0x1d *
0xa5ecd89cd9f83c477337ee99d24951288fa47e8a:0x1f *
---
0xa5ecd89cd9f83c477337ee99d24951288fa47e8a:0x0 
0xa5ecd89cd9f83c477337ee99d24951288fa47e8a:0x2 
0xa5ecd89cd9f83c477337ee99d24951288fa47e8a:0x4 
0xa5ecd89cd9f83c477337ee99d24951288fa47e8a:0x5 
0xa5ecd89cd9f83c477337ee99d24951288fa47e8a:0x6 
0xa5ecd89cd9f83c477337ee99d24951288fa47e8a:0x7 
0xa5ecd89cd9f83c477337ee99d24951288fa47e8a:0x8 
0xa5ecd89cd9f83c477337ee99d24951288fa47e8a:0xb 
0xa5ecd89cd9f83c477337ee99d24951288fa47e8a:0x10 
0xa5ecd89cd9f83c477337ee99d24951288fa47e8a:0x11 
0xa5ecd89cd9f83c477337ee99d24951288fa47e8a:0x12 
0xa5ecd89cd9f83c477337ee99d24951288fa47e8a:0x14 
0xa5ecd89cd9f83c477337ee99d24951288fa47e8a:0x15 
0xa5ecd89cd9f83c477337ee99d24951288fa47e8a:0x16 
0xa5ecd89cd9f83c477337ee99d24951288fa47e8a:0x19 
0xa5ecd89cd9f83c477337ee99d24951288fa47e8a:0x1a 
0xa5ecd89cd9f83c477337ee99d24951288fa47e8a:0x1c 
0xa5ecd89cd9f83c477337ee99d24951288fa47e8a:0x1d 
0xa5ecd89cd9f83c477337ee99d24951288fa47e8a:0x1f 
0xa5ecd89cd9f83c477337ee99d24951288fa47e8a:0x20 
0xa5ecd89cd9f83c477337ee99d24951288fa47e8a:0x21 
0xa5ecd89cd9f83c477337ee99d24951288fa47e8a:0x26 
0xa5ecd89cd9f83c477337ee99d24951288fa47e8a:0x27 
0xa5ecd89cd9f83c477337ee99d24951288fa47e8a:0x2a 
0xa5ecd89cd9f83c477337ee99d24951288fa47e8a:0x2b 
0xa5ecd89cd9f83c477337ee99d24951288fa47e8a:0x2c 
0xa5ecd89cd9f83c477337ee99d24951288fa47e8a:0x31 
0xa5ecd89cd9f83c477337ee99d24951288fa47e8a:0x32 
0xa5ecd89cd9f83c477337ee99d24951288fa47e8a:0x35 
0xa5ecd89cd9f83c477337ee99d24951288fa47e8a:0xb8 
0xa5ecd89cd9f83c477337ee99d24951288fa47e8a:0xb9 
0xa5ecd89cd9f83c477337ee99d24951288fa47e8a:0xba 
0xa5ecd89cd9f83c477337ee99d24951288fa47e8a:0xbf 
0xa5ecd89cd9f83c477337ee99d24951288fa47e8a:0xc0 
0xa5ecd89cd9f83c477337ee99d24951288fa47e8a:0xc3 
0xa5ecd89cd9f83c477337ee99d24951288fa47e8a:0xc4 
0xa5ecd89cd9f83c477337ee99d24951288fa47e8a:0xc5 
0xa5ecd89cd9f83c477337ee99d24951288fa47e8a:0xca 
0xa5ecd89cd9f83c477337ee99d24951288fa47e8a:0xcb 
0xa5ecd89cd9f83c477337ee99d24951288fa47e8a:0xce 
0xa5ecd89cd9f83c477337ee99d24951288fa47e8a:0xcf 
0xa5ecd89cd9f83c477337ee99d24951288fa47e8a:0xd0 
0xa5ecd89cd9f83c477337ee99d24951288fa47e8a:0xd5 
0xa5ecd89cd9f83c477337ee99d24951288fa47e8a:0xd6 
0xa5ecd89cd9f83c477337ee99d24951288fa47e8a:0xd9 
0xa5ecd89cd9f83c477337ee99d24951288fa47e8a:0xda 
0xa5ecd89cd9f83c477337ee99d24951288fa47e8a:0xdb 
0xa5ecd89cd9f83c477337ee99d24951288fa47e8a:0xe0 
0xa5ecd89cd9f83c477337ee99d24951288fa47e8a:0xe1 
0xa5ecd89cd9f83c477337ee99d24951288fa47e8a:0xe4 
0xa5ecd89cd9f83c477337ee99d24951288fa47e8a:0x674 
0xa5ecd89cd9f83c477337ee99d24951288fa47e8a:0x675 
0xa5ecd89cd9f83c477337ee99d24951288fa47e8a:0x678 
0xa5ecd89cd9f83c477337ee99d24951288fa47e8a:0x67b 
0xa5ecd89cd9f83c477337ee99d24951288fa47e8a:0x1d0f 
0xa5ecd89cd9f83c477337ee99d24951288fa47e8a:0x1d10 
0xa5ecd89cd9f83c477337ee99d24951288fa47e8a:0x1d31 
0xa5ecd89cd9f83c477337ee99d24951288fa47e8a:0x1d32 
0xa5ecd89cd9f83c477337ee99d24951288fa47e8a:0x67c 
0xa5ecd89cd9f83c477337ee99d24951288fa47e8a:0x67d 
0xa5ecd89cd9f83c477337ee99d24951288fa47e8a:0x67f 
0xa5ecd89cd9f83c477337ee99d24951288fa47e8a:0x680 
0xa5ecd89cd9f83c477337ee99d24951288fa47e8a:0x683 
0xa5ecd89cd9f83c477337ee99d24951288fa47e8a:0x684 
0xa5ecd89cd9f83c477337ee99d24951288fa47e8a:0x685 
0xa5ecd89cd9f83c477337ee99d24951288fa47e8a:0x688 
0xa5ecd89cd9f83c477337ee99d24951288fa47e8a:0x59bf 
0xa5ecd89cd9f83c477337ee99d24951288fa47e8a:0x59c0 
0xa5ecd89cd9f83c477337ee99d24951288fa47e8a:0x59c2 
0xa5ecd89cd9f83c477337ee99d24951288fa47e8a:0x59c4 
0xa5ecd89cd9f83c477337ee99d24951288fa47e8a:0x59c5 
0xa5ecd89cd9f83c477337ee99d24951288fa47e8a:0x59c6 
0xa5ecd89cd9f83c477337ee99d24951288fa47e8a:0x59c7 
0xa5ecd89cd9f83c477337ee99d24951288fa47e8a:0x59c8 
0xa5ecd89cd9f83c477337ee99d24951288fa47e8a:0x59cb 
0xa5ecd89cd9f83c477337ee99d24951288fa47e8a:0x59cd 
0xa5ecd89cd9f83c477337ee99d24951288fa47e8a:0x59ce 
0xa5ecd89cd9f83c477337ee99d24951288fa47e8a:0x59cf 
0xa5ecd89cd9f83c477337ee99d24951288fa47e8a:0x59d0 
0xa5ecd89cd9f83c477337ee99d24951288fa47e8a:0x59d3 
0xa5ecd89cd9f83c477337ee99d24951288fa47e8a:0x5036 
0xa5ecd89cd9f83c477337ee99d24951288fa47e8a:0x5037 
0xa5ecd89cd9f83c477337ee99d24951288fa47e8a:0x503a 
0xa5ecd89cd9f83c477337ee99d24951288fa47e8a:0x503b 
0xa5ecd89cd9f83c477337ee99d24951288fa47e8a:0x503e 
0xa5ecd89cd9f83c477337ee99d24951288fa47e8a:0x611e 
0xa5ecd89cd9f83c477337ee99d24951288fa47e8a:0x611f 
0xa5ecd89cd9f83c477337ee99d24951288fa47e8a:0x6121 
0xa5ecd89cd9f83c477337ee99d24951288fa47e8a:0x6122 
0xa5ecd89cd9f83c477337ee99d24951288fa47e8a:0x6123 
0xa5ecd89cd9f83c477337ee99d24951288fa47e8a:0x6124 
0xa5ecd89cd9f83c477337ee99d24951288fa47e8a:0x6125 
0xa5ecd89cd9f83c477337ee99d24951288fa47e8a:0x6126 
0xa5ecd89cd9f83c477337ee99d24951288fa47e8a:0x6127 
0xa5ecd89cd9f83c477337ee99d24951288fa47e8a:0x503f 
0xa5ecd89cd9f83c477337ee99d24951288fa47e8a:0x5040 
0xa5ecd89cd9f83c477337ee99d24951288fa47e8a:0x5041 
0xa5ecd89cd9f83c477337ee99d24951288fa47e8a:0x5042 
0xa5ecd89cd9f83c477337ee99d24951288fa47e8a:0x5043 
0xa5ecd89cd9f83c477337ee99d24951288fa47e8a:0x5044 
0xa5ecd89cd9f83c477337ee99d24951288fa47e8a:0x59d4 
0xa5ecd89cd9f83c477337ee99d24951288fa47e8a:0x59d5 
0xa5ecd89cd9f83c477337ee99d24951288fa47e8a:0x59d6 
0xa5ecd89cd9f83c477337ee99d24951288fa47e8a:0x59d7 
0xa5ecd89cd9f83c477337ee99d24951288fa47e8a:0x59d8 
0xa5ecd89cd9f83c477337ee99d24951288fa47e8a:0x59d9 
0xa5ecd89cd9f83c477337ee99d24951288fa47e8a:0x689 
0xa5ecd89cd9f83c477337ee99d24951288fa47e8a:0x68a 
0xa5ecd89cd9f83c477337ee99d24951288fa47e8a:0x68c 
0xa5ecd89cd9f83c477337ee99d24951288fa47e8a:0x68d 
0xa5ecd89cd9f83c477337ee99d24951288fa47e8a:0x68e 
0xa5ecd89cd9f83c477337ee99d24951288fa47e8a:0x68f 
0xa5ecd89cd9f83c477337ee99d24951288fa47e8a:0x690 
0xa5ecd89cd9f83c477337ee99d24951288fa47e8a:0x691 
