---
0xa5ecd89cd9f83c477337ee99d24951288fa47e8a:0x0 *
0xa5ecd89cd9f83c477337ee99d24951288fa47e8a:0x2 *
0xa5ecd89cd9f83c477337ee99d24951288fa47e8a:0x4 *
0xa5ecd89cd9f83c477337ee99d24951288fa47e8a:0x5 *
0xa5ecd89cd9f83c477337ee99d24951288fa47e8a:0x6 *
0xa5ecd89cd9f83c477337ee99d24951288fa47e8a:0x7 *
0xa5ecd89cd9f83c477337ee99d24951288fa47e8a:0x8 *
0xa5ecd89cd9f83c477337ee99d24951288fa47e8a:0xb *
0xa5ecd89cd9f83c477337ee99d24951288fa47e8a:0x10 *
0xa5ecd89cd9f83c477337ee99d24951288fa47e8a:0x11 *
0xa5ecd89cd9f83c477337ee99d24951288fa47e8a:0x12 *
0xa5ecd89cd9f83c477337ee99d24951288fa47e8a:0x15 *
0xa5ecd89cd9f83c477337ee99d24951288fa47e8a:0x16 *
0xa5ecd89cd9f83c477337ee99d24951288fa47e8a:0x1a *
0xa5ecd89cd9f83c477337ee99d24951288fa47e8a:0x1c *
0xa5ecd89cd9f83c477337ee99d24951288fa47e8a:0x1d *
0xa5ecd89cd9f83c477337ee99d24951288fa47e8a:0x1f *
---
0xa5ecd89cd9f83c477337ee99d24951288fa47e8a:0x0 
0xa5ecd89cd9f83c477337ee99d24951288fa47e8a:0x2 
0xa5ecd89cd9f83c477337ee99d24951288fa47e8a:0x4 
0xa5ecd89cd9f83c477337ee99d24951288fa47e8a:0x5 
0xa5ecd89cd9f83c477337ee99d24951288fa47e8a:0x6 
0xa5ecd89cd9f83c477337ee99d24951288fa47e8a:0x7 
0xa5ecd89cd9f83c477337ee99d24951288fa47e8a:0x8 
0xa5ecd89cd9f83c477337ee99d24951288fa47e8a:0xb 
0xa5ecd89cd9f83c477337ee99d24951288fa47e8a:0x10 
0xa5ecd89cd9f83c477337ee99d24951288fa47e8a:0x11 
0xa5ecd89cd9f83c477337ee99d24951288fa47e8a:0x12 
0xa5ecd89cd9f83c477337ee99d24951288fa47e8a:0x14 
0xa5ecd89cd9f83c477337ee99d24951288fa47e8a:0x15 
0xa5ecd89cd9f83c477337ee99d24951288fa47e8a:0x16 
0xa5ecd89cd9f83c477337ee99d24951288fa47e8a:0x19 
0xa5ecd89cd9f83c477337ee99d24951288fa47e8a:0x1a 
0xa5ecd89cd9f83c477337ee99d24951288fa47e8a:0x1c 
0xa5ecd89cd9f83c477337ee99d24951288fa47e8a:0x1d 
0xa5ecd89cd9f83c477337ee99d24951288fa47e8a:0x1f 
0xa5ecd89cd9f83c477337ee99d24951288fa47e8a:0x20 
0xa5ecd89cd9f83c477337ee99d24951288fa47e8a:0x21 
0xa5ecd89cd9f83c477337ee99d24951288fa47e8a:0x26 
0xa5ecd89cd9f83c477337ee99d24951288fa47e8a:0x27 
0xa5ecd89cd9f83c477337ee99d24951288fa47e8a:0x2a 
0xa5ecd89cd9f83c477337ee99d24951288fa47e8a:0x130 
0xa5ecd89cd9f83c477337ee99d24951288fa47e8a:0x131 
0xa5ecd89cd9f83c477337ee99d24951288fa47e8a:0x132 
0xa5ecd89cd9f83c477337ee99d24951288fa47e8a:0x137 
0xa5ecd89cd9f83c477337ee99d24951288fa47e8a:0x138 
0xa5ecd89cd9f83c477337ee99d24951288fa47e8a:0x13b 
0xa5ecd89cd9f83c477337ee99d24951288fa47e8a:0x13c 
0xa5ecd89cd9f83c477337ee99d24951288fa47e8a:0x13d 
0xa5ecd89cd9f83c477337ee99d24951288fa47e8a:0x142 
0xa5ecd89cd9f83c477337ee99d24951288fa47e8a:0x143 
0xa5ecd89cd9f83c477337ee99d24951288fa47e8a:0x146 
0xa5ecd89cd9f83c477337ee99d24951288fa47e8a:0x182 
0xa5ecd89cd9f83c477337ee99d24951288fa47e8a:0x183 
0xa5ecd89cd9f83c477337ee99d24951288fa47e8a:0x184 
0xa5ecd89cd9f83c477337ee99d24951288fa47e8a:0x189 
0xa5ecd89cd9f83c477337ee99d24951288fa47e8a:0x18a 
0xa5ecd89cd9f83c477337ee99d24951288fa47e8a:0x18d 
0xa5ecd89cd9f83c477337ee99d24951288fa47e8a:0x18e 
0xa5ecd89cd9f83c477337ee99d24951288fa47e8a:0x18f 
0xa5ecd89cd9f83c477337ee99d24951288fa47e8a:0x194 
0xa5ecd89cd9f83c477337ee99d24951288fa47e8a:0x195 
0xa5ecd89cd9f83c477337ee99d24951288fa47e8a:0x198 
0xa5ecd89cd9f83c477337ee99d24951288fa47e8a:0x199 
0xa5ecd89cd9f83c477337ee99d24951288fa47e8a:0x19a 
0xa5ecd89cd9f83c477337ee99d24951288fa47e8a:0x19f 
0xa5ecd89cd9f83c477337ee99d24951288fa47e8a:0x1a0 
0xa5ecd89cd9f83c477337ee99d24951288fa47e8a:0x1a3 
0xa5ecd89cd9f83c477337ee99d24951288fa47e8a:0x1a4 
0xa5ecd89cd9f83c477337ee99d24951288fa47e8a:0x1a5 
0xa5ecd89cd9f83c477337ee99d24951288fa47e8a:0x1aa 
0xa5ecd89cd9f83c477337ee99d24951288fa47e8a:0x1ab 
0xa5ecd89cd9f83c477337ee99d24951288fa47e8a:0x1ae 
0xa5ecd89cd9f83c477337ee99d24951288fa47e8a:0x42c 
0xa5ecd89cd9f83c477337ee99d24951288fa47e8a:0x42d 
0xa5ecd89cd9f83c477337ee99d24951288fa47e8a:0x430 
0xa5ecd89cd9f83c477337ee99d24951288fa47e8a:0x432 
0xa5ecd89cd9f83c477337ee99d24951288fa47e8a:0x433 
0xa5ecd89cd9f83c477337ee99d24951288fa47e8a:0x434 
0xa5ecd89cd9f83c477337ee99d24951288fa47e8a:0x435 
0xa5ecd89cd9f83c477337ee99d24951288fa47e8a:0x436 
0xa5ecd89cd9f83c477337ee99d24951288fa47e8a:0x437 
0xa5ecd89cd9f83c477337ee99d24951288fa47e8a:0x438 
0xa5ecd89cd9f83c477337ee99d24951288fa47e8a:0x43b 
0xa5ecd89cd9f83c477337ee99d24951288fa47e8a:0x43c 
0xa5ecd89cd9f83c477337ee99d24951288fa47e8a:0x43d 
0xa5ecd89cd9f83c477337ee99d24951288fa47e8a:0x440 
0xa5ecd89cd9f83c477337ee99d24951288fa47e8a:0x4e4d 
0xa5ecd89cd9f83c477337ee99d24951288fa47e8a:0x4e4e 
0xa5ecd89cd9f83c477337ee99d24951288fa47e8a:0x4e50 
0xa5ecd89cd9f83c477337ee99d24951288fa47e8a:0x4e51 
0xa5ecd89cd9f83c477337ee99d24951288fa47e8a:0x4e53 
0xa5ecd89cd9f83c477337ee99d24951288fa47e8a:0x4e54 
0xa5ecd89cd9f83c477337ee99d24951288fa47e8a:0x4e55 
0xa5ecd89cd9f83c477337ee99d24951288fa47e8a:0x4e56 
0xa5ecd89cd9f83c477337ee99d24951288fa47e8a:0x4e57 
0xa5ecd89cd9f83c477337ee99d24951288fa47e8a:0x4e58 
0xa5ecd89cd9f83c477337ee99d24951288fa47e8a:0x4e5b 
0xa5ecd89cd9f83c477337ee99d24951288fa47e8a:0x4e64 
0xa5ecd89cd9f83c477337ee99d24951288fa47e8a:0x4e65 
0xa5ecd89cd9f83c477337ee99d24951288fa47e8a:0x4e67 
0xa5ecd89cd9f83c477337ee99d24951288fa47e8a:0x4e6a 
0xa5ecd89cd9f83c477337ee99d24951288fa47e8a:0x4e6b 
0xa5ecd89cd9f83c477337ee99d24951288fa47e8a:0x4e6c 
0xa5ecd89cd9f83c477337ee99d24951288fa47e8a:0x4e6d 
0xa5ecd89cd9f83c477337ee99d24951288fa47e8a:0x4e6e 
0xa5ecd89cd9f83c477337ee99d24951288fa47e8a:0x4e71 
0xa5ecd89cd9f83c477337ee99d24951288fa47e8a:0x4a2e 
0xa5ecd89cd9f83c477337ee99d24951288fa47e8a:0x4a2f 
0xa5ecd89cd9f83c477337ee99d24951288fa47e8a:0x4a31 
0xa5ecd89cd9f83c477337ee99d24951288fa47e8a:0x4a32 
0xa5ecd89cd9f83c477337ee99d24951288fa47e8a:0x4a33 
0xa5ecd89cd9f83c477337ee99d24951288fa47e8a:0x4a34 
0xa5ecd89cd9f83c477337ee99d24951288fa47e8a:0x4a35 
0xa5ecd89cd9f83c477337ee99d24951288fa47e8a:0x4a38 
0xa5ecd89cd9f83c477337ee99d24951288fa47e8a:0x4a39 
0xa5ecd89cd9f83c477337ee99d24951288fa47e8a:0x4a3c 
0xa5ecd89cd9f83c477337ee99d24951288fa47e8a:0x70a5 
0xa5ecd89cd9f83c477337ee99d24951288fa47e8a:0x70a6 
0xa5ecd89cd9f83c477337ee99d24951288fa47e8a:0x70a9 
0xa5ecd89cd9f83c477337ee99d24951288fa47e8a:0x70aa 
0xa5ecd89cd9f83c477337ee99d24951288fa47e8a:0x70ad 
0xa5ecd89cd9f83c477337ee99d24951288fa47e8a:0x611e 
0xa5ecd89cd9f83c477337ee99d24951288fa47e8a:0x611f 
0xa5ecd89cd9f83c477337ee99d24951288fa47e8a:0x6121 
0xa5ecd89cd9f83c477337ee99d24951288fa47e8a:0x6122 
0xa5ecd89cd9f83c477337ee99d24951288fa47e8a:0x6123 
0xa5ecd89cd9f83c477337ee99d24951288fa47e8a:0x6124 
0xa5ecd89cd9f83c477337ee99d24951288fa47e8a:0x6125 
0xa5ecd89cd9f83c477337ee99d24951288fa47e8a:0x6126 
0xa5ecd89cd9f83c477337ee99d24951288fa47e8a:0x6127 
0xa5ecd89cd9f83c477337ee99d24951288fa47e8a:0x70ae 
0xa5ecd89cd9f83c477337ee99d24951288fa47e8a:0x70af 
0xa5ecd89cd9f83c477337ee99d24951288fa47e8a:0x70b0 
0xa5ecd89cd9f83c477337ee99d24951288fa47e8a:0x70b1 
0xa5ecd89cd9f83c477337ee99d24951288fa47e8a:0x70b4 
0xa5ecd89cd9f83c477337ee99d24951288fa47e8a:0x70b9 
0xa5ecd89cd9f83c477337ee99d24951288fa47e8a:0x70ba 
0xa5ecd89cd9f83c477337ee99d24951288fa47e8a:0x70bb 
0xa5ecd89cd9f83c477337ee99d24951288fa47e8a:0x4a3d 
0xa5ecd89cd9f83c477337ee99d24951288fa47e8a:0x4a3e 
0xa5ecd89cd9f83c477337ee99d24951288fa47e8a:0x4a3f 
0xa5ecd89cd9f83c477337ee99d24951288fa47e8a:0x4a40 
0xa5ecd89cd9f83c477337ee99d24951288fa47e8a:0x4a41 
0xa5ecd89cd9f83c477337ee99d24951288fa47e8a:0x4a42 
0xa5ecd89cd9f83c477337ee99d24951288fa47e8a:0x4e72 
0xa5ecd89cd9f83c477337ee99d24951288fa47e8a:0x4e73 
0xa5ecd89cd9f83c477337ee99d24951288fa47e8a:0x4e74 
0xa5ecd89cd9f83c477337ee99d24951288fa47e8a:0x4e75 
0xa5ecd89cd9f83c477337ee99d24951288fa47e8a:0x4e76 
0xa5ecd89cd9f83c477337ee99d24951288fa47e8a:0x4e78 
0xa5ecd89cd9f83c477337ee99d24951288fa47e8a:0x4e7b 
0xa5ecd89cd9f83c477337ee99d24951288fa47e8a:0x4e7c 
0xa5ecd89cd9f83c477337ee99d24951288fa47e8a:0x4e7d 
0xa5ecd89cd9f83c477337ee99d24951288fa47e8a:0x4e7e 
0xa5ecd89cd9f83c477337ee99d24951288fa47e8a:0x4e7f 
0xa5ecd89cd9f83c477337ee99d24951288fa47e8a:0x4e82 
0xa5ecd89cd9f83c477337ee99d24951288fa47e8a:0x4a04 
0xa5ecd89cd9f83c477337ee99d24951288fa47e8a:0x4a05 
0xa5ecd89cd9f83c477337ee99d24951288fa47e8a:0x4a07 
0xa5ecd89cd9f83c477337ee99d24951288fa47e8a:0x4a08 
0xa5ecd89cd9f83c477337ee99d24951288fa47e8a:0x4a09 
0xa5ecd89cd9f83c477337ee99d24951288fa47e8a:0x4a0a 
0xa5ecd89cd9f83c477337ee99d24951288fa47e8a:0x4a0b 
0xa5ecd89cd9f83c477337ee99d24951288fa47e8a:0x4a0e 
0xa5ecd89cd9f83c477337ee99d24951288fa47e8a:0x4a0f 
0xa5ecd89cd9f83c477337ee99d24951288fa47e8a:0x4a12 
0xa5ecd89cd9f83c477337ee99d24951288fa47e8a:0x7077 
0xa5ecd89cd9f83c477337ee99d24951288fa47e8a:0x7078 
0xa5ecd89cd9f83c477337ee99d24951288fa47e8a:0x707b 
0xa5ecd89cd9f83c477337ee99d24951288fa47e8a:0x707c 
0xa5ecd89cd9f83c477337ee99d24951288fa47e8a:0x707f 
0xa5ecd89cd9f83c477337ee99d24951288fa47e8a:0x6100 
0xa5ecd89cd9f83c477337ee99d24951288fa47e8a:0x6101 
0xa5ecd89cd9f83c477337ee99d24951288fa47e8a:0x6103 
0xa5ecd89cd9f83c477337ee99d24951288fa47e8a:0x6106 
0xa5ecd89cd9f83c477337ee99d24951288fa47e8a:0x6107 
0xa5ecd89cd9f83c477337ee99d24951288fa47e8a:0x610a 
0xa5ecd89cd9f83c477337ee99d24951288fa47e8a:0x619f 
0xa5ecd89cd9f83c477337ee99d24951288fa47e8a:0x61a0 
0xa5ecd89cd9f83c477337ee99d24951288fa47e8a:0x61a2 
0xa5ecd89cd9f83c477337ee99d24951288fa47e8a:0x61b7 
0xa5ecd89cd9f83c477337ee99d24951288fa47e8a:0x61b8 
0xa5ecd89cd9f83c477337ee99d24951288fa47e8a:0x61b9 
0xa5ecd89cd9f83c477337ee99d24951288fa47e8a:0x61ba 
0xa5ecd89cd9f83c477337ee99d24951288fa47e8a:0x61bb 
0xa5ecd89cd9f83c477337ee99d24951288fa47e8a:0x61bc 
0xa5ecd89cd9f83c477337ee99d24951288fa47e8a:0x61bd 
0xa5ecd89cd9f83c477337ee99d24951288fa47e8a:0x61be 
0xa5ecd89cd9f83c477337ee99d24951288fa47e8a:0x610b 
0xa5ecd89cd9f83c477337ee99d24951288fa47e8a:0x610c 
0xa5ecd89cd9f83c477337ee99d24951288fa47e8a:0x610d 
0xa5ecd89cd9f83c477337ee99d24951288fa47e8a:0x610e 
0xa5ecd89cd9f83c477337ee99d24951288fa47e8a:0x610f 
0xa5ecd89cd9f83c477337ee99d24951288fa47e8a:0x6110 
0xa5ecd89cd9f83c477337ee99d24951288fa47e8a:0x6111 
0xa5ecd89cd9f83c477337ee99d24951288fa47e8a:0x7080 
0xa5ecd89cd9f83c477337ee99d24951288fa47e8a:0x7081 
0xa5ecd89cd9f83c477337ee99d24951288fa47e8a:0x7082 
0xa5ecd89cd9f83c477337ee99d24951288fa47e8a:0x7083 
0xa5ecd89cd9f83c477337ee99d24951288fa47e8a:0x7086 
0xa5ecd89cd9f83c477337ee99d24951288fa47e8a:0x708b 
0xa5ecd89cd9f83c477337ee99d24951288fa47e8a:0x708c 
0xa5ecd89cd9f83c477337ee99d24951288fa47e8a:0x708d 
0xa5ecd89cd9f83c477337ee99d24951288fa47e8a:0x4a13 
0xa5ecd89cd9f83c477337ee99d24951288fa47e8a:0x4a14 
0xa5ecd89cd9f83c477337ee99d24951288fa47e8a:0x4a15 
0xa5ecd89cd9f83c477337ee99d24951288fa47e8a:0x4a16 
0xa5ecd89cd9f83c477337ee99d24951288fa47e8a:0x4a17 
0xa5ecd89cd9f83c477337ee99d24951288fa47e8a:0x4a18 
0xa5ecd89cd9f83c477337ee99d24951288fa47e8a:0x4e83 
0xa5ecd89cd9f83c477337ee99d24951288fa47e8a:0x4e84 
0xa5ecd89cd9f83c477337ee99d24951288fa47e8a:0x4e85 
0xa5ecd89cd9f83c477337ee99d24951288fa47e8a:0x4e86 
0xa5ecd89cd9f83c477337ee99d24951288fa47e8a:0x4e87 
0xa5ecd89cd9f83c477337ee99d24951288fa47e8a:0x4e88 
0xa5ecd89cd9f83c477337ee99d24951288fa47e8a:0x4e89 
0xa5ecd89cd9f83c477337ee99d24951288fa47e8a:0x4e8a 
0xa5ecd89cd9f83c477337ee99d24951288fa47e8a:0x4e8b 
0xa5ecd89cd9f83c477337ee99d24951288fa47e8a:0x4e8c 
0xa5ecd89cd9f83c477337ee99d24951288fa47e8a:0x441 
0xa5ecd89cd9f83c477337ee99d24951288fa47e8a:0x442 
0xa5ecd89cd9f83c477337ee99d24951288fa47e8a:0x445 
0xa5ecd89cd9f83c477337ee99d24951288fa47e8a:0xca7 
0xa5ecd89cd9f83c477337ee99d24951288fa47e8a:0xca8 
0xa5ecd89cd9f83c477337ee99d24951288fa47e8a:0xcab 
0xa5ecd89cd9f83c477337ee99d24951288fa47e8a:0xcac 
0xa5ecd89cd9f83c477337ee99d24951288fa47e8a:0xcad 
0xa5ecd89cd9f83c477337ee99d24951288fa47e8a:0xcb0 
0xa5ecd89cd9f83c477337ee99d24951288fa47e8a:0x2bcd 
0xa5ecd89cd9f83c477337ee99d24951288fa47e8a:0x2bce 
0xa5ecd89cd9f83c477337ee99d24951288fa47e8a:0x2bd1 
0xa5ecd89cd9f83c477337ee99d24951288fa47e8a:0x2bd4 
0xa5ecd89cd9f83c477337ee99d24951288fa47e8a:0x239b 
0xa5ecd89cd9f83c477337ee99d24951288fa47e8a:0x239c 
0xa5ecd89cd9f83c477337ee99d24951288fa47e8a:0x239e 
0xa5ecd89cd9f83c477337ee99d24951288fa47e8a:0x239f 
0xa5ecd89cd9f83c477337ee99d24951288fa47e8a:0x23a0 
0xa5ecd89cd9f83c477337ee99d24951288fa47e8a:0x23a1 
0xa5ecd89cd9f83c477337ee99d24951288fa47e8a:0x23a2 
0xa5ecd89cd9f83c477337ee99d24951288fa47e8a:0x2bd5 
0xa5ecd89cd9f83c477337ee99d24951288fa47e8a:0x2bd6 
0xa5ecd89cd9f83c477337ee99d24951288fa47e8a:0x2beb 
0xa5ecd89cd9f83c477337ee99d24951288fa47e8a:0x2bec 
0xa5ecd89cd9f83c477337ee99d24951288fa47e8a:0x2bed 
0xa5ecd89cd9f83c477337ee99d24951288fa47e8a:0x2c02 
0xa5ecd89cd9f83c477337ee99d24951288fa47e8a:0x2c03 
0xa5ecd89cd9f83c477337ee99d24951288fa47e8a:0x2c04 
0xa5ecd89cd9f83c477337ee99d24951288fa47e8a:0x2c07 
0xa5ecd89cd9f83c477337ee99d24951288fa47e8a:0x2c42 
0xa5ecd89cd9f83c477337ee99d24951288fa47e8a:0x2c43 
0xa5ecd89cd9f83c477337ee99d24951288fa47e8a:0x2c46 
0xa5ecd89cd9f83c477337ee99d24951288fa47e8a:0x2c47 
0xa5ecd89cd9f83c477337ee99d24951288fa47e8a:0x2c48 
0xa5ecd89cd9f83c477337ee99d24951288fa47e8a:0x2c4b 
0xa5ecd89cd9f83c477337ee99d24951288fa47e8a:0x3ee6 
0xa5ecd89cd9f83c477337ee99d24951288fa47e8a:0x3ee7 
0xa5ecd89cd9f83c477337ee99d24951288fa47e8a:0x3eea 
0xa5ecd89cd9f83c477337ee99d24951288fa47e8a:0x3eeb 
0xa5ecd89cd9f83c477337ee99d24951288fa47e8a:0x3eec 
0xa5ecd89cd9f83c477337ee99d24951288fa47e8a:0x3eef 
0xa5ecd89cd9f83c477337ee99d24951288fa47e8a:0x1ca4 
0xa5ecd89cd9f83c477337ee99d24951288fa47e8a:0x1ca5 
0xa5ecd89cd9f83c477337ee99d24951288fa47e8a:0x1ca7 
0xa5ecd89cd9f83c477337ee99d24951288fa47e8a:0x1ca9 
0xa5ecd89cd9f83c477337ee99d24951288fa47e8a:0x1cab 
0xa5ecd89cd9f83c477337ee99d24951288fa47e8a:0x1cac 
0xa5ecd89cd9f83c477337ee99d24951288fa47e8a:0x1cad 
0xa5ecd89cd9f83c477337ee99d24951288fa47e8a:0x1cae 
0xa5ecd89cd9f83c477337ee99d24951288fa47e8a:0x1cb0 
0xa5ecd89cd9f83c477337ee99d24951288fa47e8a:0x1cb1 
0xa5ecd89cd9f83c477337ee99d24951288fa47e8a:0x1cb2 
0xa5ecd89cd9f83c477337ee99d24951288fa47e8a:0x1cb3 
0xa5ecd89cd9f83c477337ee99d24951288fa47e8a:0x1cb4 
0xa5ecd89cd9f83c477337ee99d24951288fa47e8a:0x1cb6 
0xa5ecd89cd9f83c477337ee99d24951288fa47e8a:0x1cb7 
0xa5ecd89cd9f83c477337ee99d24951288fa47e8a:0x1cb9 
0xa5ecd89cd9f83c477337ee99d24951288fa47e8a:0x1cba 
0xa5ecd89cd9f83c477337ee99d24951288fa47e8a:0x1cbc 
0xa5ecd89cd9f83c477337ee99d24951288fa47e8a:0x1cbd 
0xa5ecd89cd9f83c477337ee99d24951288fa47e8a:0x1cbf 
0xa5ecd89cd9f83c477337ee99d24951288fa47e8a:0x1cc0 
0xa5ecd89cd9f83c477337ee99d24951288fa47e8a:0x1cd5 
0xa5ecd89cd9f83c477337ee99d24951288fa47e8a:0x1cd6 
0xa5ecd89cd9f83c477337ee99d24951288fa47e8a:0x1ceb 
0xa5ecd89cd9f83c477337ee99d24951288fa47e8a:0x1cec 
0xa5ecd89cd9f83c477337ee99d24951288fa47e8a:0x1ced 
0xa5ecd89cd9f83c477337ee99d24951288fa47e8a:0x1cee 
0xa5ecd89cd9f83c477337ee99d24951288fa47e8a:0x1cf0 
0xa5ecd89cd9f83c477337ee99d24951288fa47e8a:0x1cf1 
0xa5ecd89cd9f83c477337ee99d24951288fa47e8a:0x1cf2 
0xa5ecd89cd9f83c477337ee99d24951288fa47e8a:0x1cf3 
0xa5ecd89cd9f83c477337ee99d24951288fa47e8a:0x1cf4 
0xa5ecd89cd9f83c477337ee99d24951288fa47e8a:0x1cf6 
0xa5ecd89cd9f83c477337ee99d24951288fa47e8a:0x1cf7 
0xa5ecd89cd9f83c477337ee99d24951288fa47e8a:0x1cf9 
0xa5ecd89cd9f83c477337ee99d24951288fa47e8a:0x1cfa 
0xa5ecd89cd9f83c477337ee99d24951288fa47e8a:0x1cfc 
0xa5ecd89cd9f83c477337ee99d24951288fa47e8a:0x1cfd 
0xa5ecd89cd9f83c477337ee99d24951288fa47e8a:0x1cfe 
0xa5ecd89cd9f83c477337ee99d24951288fa47e8a:0x1cff 
0xa5ecd89cd9f83c477337ee99d24951288fa47e8a:0x1d02 
0xa5ecd89cd9f83c477337ee99d24951288fa47e8a:0x1d03 
0xa5ecd89cd9f83c477337ee99d24951288fa47e8a:0x1d04 
0xa5ecd89cd9f83c477337ee99d24951288fa47e8a:0x1d05 
0xa5ecd89cd9f83c477337ee99d24951288fa47e8a:0x1d07 
0xa5ecd89cd9f83c477337ee99d24951288fa47e8a:0x1d08 
0xa5ecd89cd9f83c477337ee99d24951288fa47e8a:0x1d09 
0xa5ecd89cd9f83c477337ee99d24951288fa47e8a:0x1d0a 
0xa5ecd89cd9f83c477337ee99d24951288fa47e8a:0x1d0b 
0xa5ecd89cd9f83c477337ee99d24951288fa47e8a:0x1d0c 
0xa5ecd89cd9f83c477337ee99d24951288fa47e8a:0x1d0d 
0xa5ecd89cd9f83c477337ee99d24951288fa47e8a:0x1d0e 
0xa5ecd89cd9f83c477337ee99d24951288fa47e8a:0x3ef0 
0xa5ecd89cd9f83c477337ee99d24951288fa47e8a:0x3ef1 
0xa5ecd89cd9f83c477337ee99d24951288fa47e8a:0x3ef2 
0xa5ecd89cd9f83c477337ee99d24951288fa47e8a:0x3ef5 
0xa5ecd89cd9f83c477337ee99d24951288fa47e8a:0x3fc4 
0xa5ecd89cd9f83c477337ee99d24951288fa47e8a:0x3fc5 
0xa5ecd89cd9f83c477337ee99d24951288fa47e8a:0x3fc6 
0xa5ecd89cd9f83c477337ee99d24951288fa47e8a:0x3fc7 
0xa5ecd89cd9f83c477337ee99d24951288fa47e8a:0x2c4c 
0xa5ecd89cd9f83c477337ee99d24951288fa47e8a:0x2c4d 
0xa5ecd89cd9f83c477337ee99d24951288fa47e8a:0x2c4e 
0xa5ecd89cd9f83c477337ee99d24951288fa47e8a:0x2c4f 
0xa5ecd89cd9f83c477337ee99d24951288fa47e8a:0xcb1 
0xa5ecd89cd9f83c477337ee99d24951288fa47e8a:0xcb2 
0xa5ecd89cd9f83c477337ee99d24951288fa47e8a:0xcb5 
0xa5ecd89cd9f83c477337ee99d24951288fa47e8a:0xcb6 
0xa5ecd89cd9f83c477337ee99d24951288fa47e8a:0xcb8 
0xa5ecd89cd9f83c477337ee99d24951288fa47e8a:0xcba 
0xa5ecd89cd9f83c477337ee99d24951288fa47e8a:0xcbb 
0xa5ecd89cd9f83c477337ee99d24951288fa47e8a:0xcbc 
0xa5ecd89cd9f83c477337ee99d24951288fa47e8a:0xcbd 
0xa5ecd89cd9f83c477337ee99d24951288fa47e8a:0xcbf 
0xa5ecd89cd9f83c477337ee99d24951288fa47e8a:0xcc0 
0xa5ecd89cd9f83c477337ee99d24951288fa47e8a:0xcc1 
0xa5ecd89cd9f83c477337ee99d24951288fa47e8a:0xcc2 
0xa5ecd89cd9f83c477337ee99d24951288fa47e8a:0xcc3 
0xa5ecd89cd9f83c477337ee99d24951288fa47e8a:0xcc5 
0xa5ecd89cd9f83c477337ee99d24951288fa47e8a:0xcc6 
0xa5ecd89cd9f83c477337ee99d24951288fa47e8a:0xcc8 
0xa5ecd89cd9f83c477337ee99d24951288fa47e8a:0xcc9 
0xa5ecd89cd9f83c477337ee99d24951288fa47e8a:0xccc 
0xa5ecd89cd9f83c477337ee99d24951288fa47e8a:0xccd 
0xa5ecd89cd9f83c477337ee99d24951288fa47e8a:0xcce 
0xa5ecd89cd9f83c477337ee99d24951288fa47e8a:0xccf 
0xa5ecd89cd9f83c477337ee99d24951288fa47e8a:0xcd4 
0xa5ecd89cd9f83c477337ee99d24951288fa47e8a:0xcd5 
0xa5ecd89cd9f83c477337ee99d24951288fa47e8a:0x2c50 
0xa5ecd89cd9f83c477337ee99d24951288fa47e8a:0x2c51 
0xa5ecd89cd9f83c477337ee99d24951288fa47e8a:0x2c53 
0xa5ecd89cd9f83c477337ee99d24951288fa47e8a:0x2c56 
0xa5ecd89cd9f83c477337ee99d24951288fa47e8a:0x2c57 
0xa5ecd89cd9f83c477337ee99d24951288fa47e8a:0x2c59 
0xa5ecd89cd9f83c477337ee99d24951288fa47e8a:0x2c5a 
0xa5ecd89cd9f83c477337ee99d24951288fa47e8a:0x2c5b 
0xa5ecd89cd9f83c477337ee99d24951288fa47e8a:0x2c70 
0xa5ecd89cd9f83c477337ee99d24951288fa47e8a:0x2c71 
0xa5ecd89cd9f83c477337ee99d24951288fa47e8a:0x2c73 
0xa5ecd89cd9f83c477337ee99d24951288fa47e8a:0x2c74 
0xa5ecd89cd9f83c477337ee99d24951288fa47e8a:0x2c77 
0xa5ecd89cd9f83c477337ee99d24951288fa47e8a:0x3fc8 
0xa5ecd89cd9f83c477337ee99d24951288fa47e8a:0x3fc9 
0xa5ecd89cd9f83c477337ee99d24951288fa47e8a:0x3fcb 
0xa5ecd89cd9f83c477337ee99d24951288fa47e8a:0x3fcc 
0xa5ecd89cd9f83c477337ee99d24951288fa47e8a:0x3fcd 
0xa5ecd89cd9f83c477337ee99d24951288fa47e8a:0x3fcf 
0xa5ecd89cd9f83c477337ee99d24951288fa47e8a:0x3fd0 
0xa5ecd89cd9f83c477337ee99d24951288fa47e8a:0x3fd2 
0xa5ecd89cd9f83c477337ee99d24951288fa47e8a:0x3fd3 
0xa5ecd89cd9f83c477337ee99d24951288fa47e8a:0x3fd4 
0xa5ecd89cd9f83c477337ee99d24951288fa47e8a:0x3fd5 
0xa5ecd89cd9f83c477337ee99d24951288fa47e8a:0x3fd7 
0xa5ecd89cd9f83c477337ee99d24951288fa47e8a:0x3fd8 
0xa5ecd89cd9f83c477337ee99d24951288fa47e8a:0x3fd9 
0xa5ecd89cd9f83c477337ee99d24951288fa47e8a:0x3fda 
0xa5ecd89cd9f83c477337ee99d24951288fa47e8a:0x3fdb 
0xa5ecd89cd9f83c477337ee99d24951288fa47e8a:0x3fdd 
0xa5ecd89cd9f83c477337ee99d24951288fa47e8a:0x3fde 
0xa5ecd89cd9f83c477337ee99d24951288fa47e8a:0x3fe0 
0xa5ecd89cd9f83c477337ee99d24951288fa47e8a:0x3fe1 
0xa5ecd89cd9f83c477337ee99d24951288fa47e8a:0x3fe2 
0xa5ecd89cd9f83c477337ee99d24951288fa47e8a:0x3fe3 
0xa5ecd89cd9f83c477337ee99d24951288fa47e8a:0x3fe4 
0xa5ecd89cd9f83c477337ee99d24951288fa47e8a:0x3fe6 
0xa5ecd89cd9f83c477337ee99d24951288fa47e8a:0x3fe7 
0xa5ecd89cd9f83c477337ee99d24951288fa47e8a:0x3fe8 
0xa5ecd89cd9f83c477337ee99d24951288fa47e8a:0x3feb 
0xa5ecd89cd9f83c477337ee99d24951288fa47e8a:0x40d0 
0xa5ecd89cd9f83c477337ee99d24951288fa47e8a:0x40d1 
0xa5ecd89cd9f83c477337ee99d24951288fa47e8a:0x40d3 
0xa5ecd89cd9f83c477337ee99d24951288fa47e8a:0x40d4 
0xa5ecd89cd9f83c477337ee99d24951288fa47e8a:0x40d5 
0xa5ecd89cd9f83c477337ee99d24951288fa47e8a:0x40d6 
0xa5ecd89cd9f83c477337ee99d24951288fa47e8a:0x40d7 
0xa5ecd89cd9f83c477337ee99d24951288fa47e8a:0x40d8 
0xa5ecd89cd9f83c477337ee99d24951288fa47e8a:0x40d9 
0xa5ecd89cd9f83c477337ee99d24951288fa47e8a:0x40da 
0xa5ecd89cd9f83c477337ee99d24951288fa47e8a:0x40db 
0xa5ecd89cd9f83c477337ee99d24951288fa47e8a:0x2c78 
0xa5ecd89cd9f83c477337ee99d24951288fa47e8a:0x2c79 
0xa5ecd89cd9f83c477337ee99d24951288fa47e8a:0x2c7a 
0xa5ecd89cd9f83c477337ee99d24951288fa47e8a:0x2c7b 
0xa5ecd89cd9f83c477337ee99d24951288fa47e8a:0x2c7c 
0xa5ecd89cd9f83c477337ee99d24951288fa47e8a:0x2c7d 
0xa5ecd89cd9f83c477337ee99d24951288fa47e8a:0x2c7e 
0xa5ecd89cd9f83c477337ee99d24951288fa47e8a:0x2c7f 
0xa5ecd89cd9f83c477337ee99d24951288fa47e8a:0xcd6 
0xa5ecd89cd9f83c477337ee99d24951288fa47e8a:0xcd7 
0xa5ecd89cd9f83c477337ee99d24951288fa47e8a:0xcd8 
0xa5ecd89cd9f83c477337ee99d24951288fa47e8a:0xcd9 
0xa5ecd89cd9f83c477337ee99d24951288fa47e8a:0xcda 
0xa5ecd89cd9f83c477337ee99d24951288fa47e8a:0x446 
0xa5ecd89cd9f83c477337ee99d24951288fa47e8a:0x447 
