---
0xa5ecd89cd9f83c477337ee99d24951288fa47e8a:0x0 *
0xa5ecd89cd9f83c477337ee99d24951288fa47e8a:0x2 *
0xa5ecd89cd9f83c477337ee99d24951288fa47e8a:0x4 *
0xa5ecd89cd9f83c477337ee99d24951288fa47e8a:0x5 *
0xa5ecd89cd9f83c477337ee99d24951288fa47e8a:0x6 *
0xa5ecd89cd9f83c477337ee99d24951288fa47e8a:0x7 *
0xa5ecd89cd9f83c477337ee99d24951288fa47e8a:0x8 *
0xa5ecd89cd9f83c477337ee99d24951288fa47e8a:0xb *
0xa5ecd89cd9f83c477337ee99d24951288fa47e8a:0x10 *
0xa5ecd89cd9f83c477337ee99d24951288fa47e8a:0x11 *
0xa5ecd89cd9f83c477337ee99d24951288fa47e8a:0x12 *
0xa5ecd89cd9f83c477337ee99d24951288fa47e8a:0x15 *
0xa5ecd89cd9f83c477337ee99d24951288fa47e8a:0x16 *
0xa5ecd89cd9f83c477337ee99d24951288fa47e8a:0x1a *
0xa5ecd89cd9f83c477337ee99d24951288fa47e8a:0x1c *
0xa5ecd89cd9f83c477337ee99d24951288fa47e8a:0x1d *
0xa5ecd89cd9f83c477337ee99d24951288fa47e8a:0x1f *
---
0xa5ecd89cd9f83c477337ee99d24951288fa47e8a:0x0 
0xa5ecd89cd9f83c477337ee99d24951288fa47e8a:0x2 
0xa5ecd89cd9f83c477337ee99d24951288fa47e8a:0x4 
0xa5ecd89cd9f83c477337ee99d24951288fa47e8a:0x5 
0xa5ecd89cd9f83c477337ee99d24951288fa47e8a:0x6 
0xa5ecd89cd9f83c477337ee99d24951288fa47e8a:0x7 
0xa5ecd89cd9f83c477337ee99d24951288fa47e8a:0x8 
0xa5ecd89cd9f83c477337ee99d24951288fa47e8a:0xb 
0xa5ecd89cd9f83c477337ee99d24951288fa47e8a:0x10 
0xa5ecd89cd9f83c477337ee99d24951288fa47e8a:0x11 
0xa5ecd89cd9f83c477337ee99d24951288fa47e8a:0x12 
0xa5ecd89cd9f83c477337ee99d24951288fa47e8a:0x14 
0xa5ecd89cd9f83c477337ee99d24951288fa47e8a:0x15 
0xa5ecd89cd9f83c477337ee99d24951288fa47e8a:0x16 
0xa5ecd89cd9f83c477337ee99d24951288fa47e8a:0x19 
0xa5ecd89cd9f83c477337ee99d24951288fa47e8a:0x1a 
0xa5ecd89cd9f83c477337ee99d24951288fa47e8a:0x1c 
0xa5ecd89cd9f83c477337ee99d24951288fa47e8a:0x1d 
0xa5ecd89cd9f83c477337ee99d24951288fa47e8a:0x1f 
0xa5ecd89cd9f83c477337ee99d24951288fa47e8a:0x20 
0xa5ecd89cd9f83c477337ee99d24951288fa47e8a:0x21 
0xa5ecd89cd9f83c477337ee99d24951288fa47e8a:0x26 
0xa5ecd89cd9f83c477337ee99d24951288fa47e8a:0x27 
0xa5ecd89cd9f83c477337ee99d24951288fa47e8a:0x2a 
0xa5ecd89cd9f83c477337ee99d24951288fa47e8a:0x130 
0xa5ecd89cd9f83c477337ee99d24951288fa47e8a:0x131 
0xa5ecd89cd9f83c477337ee99d24951288fa47e8a:0x132 
0xa5ecd89cd9f83c477337ee99d24951288fa47e8a:0x137 
0xa5ecd89cd9f83c477337ee99d24951288fa47e8a:0x138 
0xa5ecd89cd9f83c477337ee99d24951288fa47e8a:0x13b 
0xa5ecd89cd9f83c477337ee99d24951288fa47e8a:0x13c 
0xa5ecd89cd9f83c477337ee99d24951288fa47e8a:0x13d 
0xa5ecd89cd9f83c477337ee99d24951288fa47e8a:0x142 
0xa5ecd89cd9f83c477337ee99d24951288fa47e8a:0x143 
0xa5ecd89cd9f83c477337ee99d24951288fa47e8a:0x146 
0xa5ecd89cd9f83c477337ee99d24951288fa47e8a:0x182 
0xa5ecd89cd9f83c477337ee99d24951288fa47e8a:0x183 
0xa5ecd89cd9f83c477337ee99d24951288fa47e8a:0x184 
0xa5ecd89cd9f83c477337ee99d24951288fa47e8a:0x189 
0xa5ecd89cd9f83c477337ee99d24951288fa47e8a:0x18a 
0xa5ecd89cd9f83c477337ee99d24951288fa47e8a:0x18d 
0xa5ecd89cd9f83c477337ee99d24951288fa47e8a:0x18e 
0xa5ecd89cd9f83c477337ee99d24951288fa47e8a:0x18f 
0xa5ecd89cd9f83c477337ee99d24951288fa47e8a:0x194 
0xa5ecd89cd9f83c477337ee99d24951288fa47e8a:0x195 
0xa5ecd89cd9f83c477337ee99d24951288fa47e8a:0x198 
0xa5ecd89cd9f83c477337ee99d24951288fa47e8a:0x199 
0xa5ecd89cd9f83c477337ee99d24951288fa47e8a:0x19a 
0xa5ecd89cd9f83c477337ee99d24951288fa47e8a:0x19f 
0xa5ecd89cd9f83c477337ee99d24951288fa47e8a:0x1a0 
0xa5ecd89cd9f83c477337ee99d24951288fa47e8a:0x1a3 
0xa5ecd89cd9f83c477337ee99d24951288fa47e8a:0x40e 
0xa5ecd89cd9f83c477337ee99d24951288fa47e8a:0x40f 
0xa5ecd89cd9f83c477337ee99d24951288fa47e8a:0x412 
0xa5ecd89cd9f83c477337ee99d24951288fa47e8a:0x415 
0xa5ecd89cd9f83c477337ee99d24951288fa47e8a:0xc9e 
0xa5ecd89cd9f83c477337ee99d24951288fa47e8a:0xc9f 
0xa5ecd89cd9f83c477337ee99d24951288fa47e8a:0xca1 
0xa5ecd89cd9f83c477337ee99d24951288fa47e8a:0xca3 
0xa5ecd89cd9f83c477337ee99d24951288fa47e8a:0xca4 
0xa5ecd89cd9f83c477337ee99d24951288fa47e8a:0xca5 
0xa5ecd89cd9f83c477337ee99d24951288fa47e8a:0xca6 
0xa5ecd89cd9f83c477337ee99d24951288fa47e8a:0x416 
0xa5ecd89cd9f83c477337ee99d24951288fa47e8a:0x417 
0xa5ecd89cd9f83c477337ee99d24951288fa47e8a:0x419 
0xa5ecd89cd9f83c477337ee99d24951288fa47e8a:0x41a 
0xa5ecd89cd9f83c477337ee99d24951288fa47e8a:0x41d 
0xa5ecd89cd9f83c477337ee99d24951288fa47e8a:0x41e 
0xa5ecd89cd9f83c477337ee99d24951288fa47e8a:0x41f 
0xa5ecd89cd9f83c477337ee99d24951288fa47e8a:0x422 
0xa5ecd89cd9f83c477337ee99d24951288fa47e8a:0x5f53 
0xa5ecd89cd9f83c477337ee99d24951288fa47e8a:0x5f54 
0xa5ecd89cd9f83c477337ee99d24951288fa47e8a:0x5f56 
0xa5ecd89cd9f83c477337ee99d24951288fa47e8a:0x5f58 
0xa5ecd89cd9f83c477337ee99d24951288fa47e8a:0x5f59 
0xa5ecd89cd9f83c477337ee99d24951288fa47e8a:0x5f5a 
0xa5ecd89cd9f83c477337ee99d24951288fa47e8a:0x5f5b 
0xa5ecd89cd9f83c477337ee99d24951288fa47e8a:0x5f5c 
0xa5ecd89cd9f83c477337ee99d24951288fa47e8a:0x5f5f 
0xa5ecd89cd9f83c477337ee99d24951288fa47e8a:0x5f61 
0xa5ecd89cd9f83c477337ee99d24951288fa47e8a:0x5f62 
0xa5ecd89cd9f83c477337ee99d24951288fa47e8a:0x5f63 
0xa5ecd89cd9f83c477337ee99d24951288fa47e8a:0x5f64 
0xa5ecd89cd9f83c477337ee99d24951288fa47e8a:0x5f67 
0xa5ecd89cd9f83c477337ee99d24951288fa47e8a:0x5737 
0xa5ecd89cd9f83c477337ee99d24951288fa47e8a:0x5738 
0xa5ecd89cd9f83c477337ee99d24951288fa47e8a:0x573b 
0xa5ecd89cd9f83c477337ee99d24951288fa47e8a:0x573c 
0xa5ecd89cd9f83c477337ee99d24951288fa47e8a:0x573f 
0xa5ecd89cd9f83c477337ee99d24951288fa47e8a:0x61d9 
0xa5ecd89cd9f83c477337ee99d24951288fa47e8a:0x61da 
0xa5ecd89cd9f83c477337ee99d24951288fa47e8a:0x61dc 
0xa5ecd89cd9f83c477337ee99d24951288fa47e8a:0x61de 
0xa5ecd89cd9f83c477337ee99d24951288fa47e8a:0x61df 
0xa5ecd89cd9f83c477337ee99d24951288fa47e8a:0x61e0 
0xa5ecd89cd9f83c477337ee99d24951288fa47e8a:0x61e1 
0xa5ecd89cd9f83c477337ee99d24951288fa47e8a:0x61e2 
0xa5ecd89cd9f83c477337ee99d24951288fa47e8a:0x61e3 
0xa5ecd89cd9f83c477337ee99d24951288fa47e8a:0x61e4 
0xa5ecd89cd9f83c477337ee99d24951288fa47e8a:0x61e5 
0xa5ecd89cd9f83c477337ee99d24951288fa47e8a:0x5740 
0xa5ecd89cd9f83c477337ee99d24951288fa47e8a:0x5741 
0xa5ecd89cd9f83c477337ee99d24951288fa47e8a:0x5742 
0xa5ecd89cd9f83c477337ee99d24951288fa47e8a:0x5743 
0xa5ecd89cd9f83c477337ee99d24951288fa47e8a:0x5744 
0xa5ecd89cd9f83c477337ee99d24951288fa47e8a:0x5745 
0xa5ecd89cd9f83c477337ee99d24951288fa47e8a:0x5f68 
0xa5ecd89cd9f83c477337ee99d24951288fa47e8a:0x5f69 
0xa5ecd89cd9f83c477337ee99d24951288fa47e8a:0x5f6a 
0xa5ecd89cd9f83c477337ee99d24951288fa47e8a:0x5f6b 
0xa5ecd89cd9f83c477337ee99d24951288fa47e8a:0x5f6c 
0xa5ecd89cd9f83c477337ee99d24951288fa47e8a:0x5f6d 
0xa5ecd89cd9f83c477337ee99d24951288fa47e8a:0x423 
0xa5ecd89cd9f83c477337ee99d24951288fa47e8a:0x424 
0xa5ecd89cd9f83c477337ee99d24951288fa47e8a:0x426 
0xa5ecd89cd9f83c477337ee99d24951288fa47e8a:0x427 
0xa5ecd89cd9f83c477337ee99d24951288fa47e8a:0x428 
0xa5ecd89cd9f83c477337ee99d24951288fa47e8a:0x429 
0xa5ecd89cd9f83c477337ee99d24951288fa47e8a:0x42a 
0xa5ecd89cd9f83c477337ee99d24951288fa47e8a:0x42b 
