---
0xa5ecd89cd9f83c477337ee99d24951288fa47e8a:0x0 *
0xa5ecd89cd9f83c477337ee99d24951288fa47e8a:0x2 *
0xa5ecd89cd9f83c477337ee99d24951288fa47e8a:0x4 *
0xa5ecd89cd9f83c477337ee99d24951288fa47e8a:0x5 *
0xa5ecd89cd9f83c477337ee99d24951288fa47e8a:0x6 *
0xa5ecd89cd9f83c477337ee99d24951288fa47e8a:0x7 *
0xa5ecd89cd9f83c477337ee99d24951288fa47e8a:0x8 *
0xa5ecd89cd9f83c477337ee99d24951288fa47e8a:0xb *
0xa5ecd89cd9f83c477337ee99d24951288fa47e8a:0x10 *
0xa5ecd89cd9f83c477337ee99d24951288fa47e8a:0x11 *
0xa5ecd89cd9f83c477337ee99d24951288fa47e8a:0x12 *
0xa5ecd89cd9f83c477337ee99d24951288fa47e8a:0x15 *
0xa5ecd89cd9f83c477337ee99d24951288fa47e8a:0x16 *
0xa5ecd89cd9f83c477337ee99d24951288fa47e8a:0x1a *
0xa5ecd89cd9f83c477337ee99d24951288fa47e8a:0x1c *
0xa5ecd89cd9f83c477337ee99d24951288fa47e8a:0x1d *
0xa5ecd89cd9f83c477337ee99d24951288fa47e8a:0x1f *
---
0xa5ecd89cd9f83c477337ee99d24951288fa47e8a:0x0 
0xa5ecd89cd9f83c477337ee99d24951288fa47e8a:0x2 
0xa5ecd89cd9f83c477337ee99d24951288fa47e8a:0x4 
0xa5ecd89cd9f83c477337ee99d24951288fa47e8a:0x5 
0xa5ecd89cd9f83c477337ee99d24951288fa47e8a:0x6 
0xa5ecd89cd9f83c477337ee99d24951288fa47e8a:0x7 
0xa5ecd89cd9f83c477337ee99d24951288fa47e8a:0x8 
0xa5ecd89cd9f83c477337ee99d24951288fa47e8a:0xb 
0xa5ecd89cd9f83c477337ee99d24951288fa47e8a:0x10 
0xa5ecd89cd9f83c477337ee99d24951288fa47e8a:0x11 
0xa5ecd89cd9f83c477337ee99d24951288fa47e8a:0x12 
0xa5ecd89cd9f83c477337ee99d24951288fa47e8a:0x14 
0xa5ecd89cd9f83c477337ee99d24951288fa47e8a:0x15 
0xa5ecd89cd9f83c477337ee99d24951288fa47e8a:0x16 
0xa5ecd89cd9f83c477337ee99d24951288fa47e8a:0x19 
0xa5ecd89cd9f83c477337ee99d24951288fa47e8a:0x1a 
0xa5ecd89cd9f83c477337ee99d24951288fa47e8a:0x1c 
0xa5ecd89cd9f83c477337ee99d24951288fa47e8a:0x1d 
0xa5ecd89cd9f83c477337ee99d24951288fa47e8a:0x1f 
0xa5ecd89cd9f83c477337ee99d24951288fa47e8a:0x20 
0xa5ecd89cd9f83c477337ee99d24951288fa47e8a:0x21 
0xa5ecd89cd9f83c477337ee99d24951288fa47e8a:0x26 
0xa5ecd89cd9f83c477337ee99d24951288fa47e8a:0x27 
0xa5ecd89cd9f83c477337ee99d24951288fa47e8a:0x2a 
0xa5ecd89cd9f83c477337ee99d24951288fa47e8a:0x130 
0xa5ecd89cd9f83c477337ee99d24951288fa47e8a:0x131 
0xa5ecd89cd9f83c477337ee99d24951288fa47e8a:0x132 
0xa5ecd89cd9f83c477337ee99d24951288fa47e8a:0x137 
0xa5ecd89cd9f83c477337ee99d24951288fa47e8a:0x138 
0xa5ecd89cd9f83c477337ee99d24951288fa47e8a:0x13b 
0xa5ecd89cd9f83c477337ee99d24951288fa47e8a:0x1be 
0xa5ecd89cd9f83c477337ee99d24951288fa47e8a:0x1bf 
0xa5ecd89cd9f83c477337ee99d24951288fa47e8a:0x1c0 
0xa5ecd89cd9f83c477337ee99d24951288fa47e8a:0x1c5 
0xa5ecd89cd9f83c477337ee99d24951288fa47e8a:0x1c6 
0xa5ecd89cd9f83c477337ee99d24951288fa47e8a:0x1c9 
0xa5ecd89cd9f83c477337ee99d24951288fa47e8a:0x205 
0xa5ecd89cd9f83c477337ee99d24951288fa47e8a:0x206 
0xa5ecd89cd9f83c477337ee99d24951288fa47e8a:0x207 
0xa5ecd89cd9f83c477337ee99d24951288fa47e8a:0x20b 
0xa5ecd89cd9f83c477337ee99d24951288fa47e8a:0x20c 
0xa5ecd89cd9f83c477337ee99d24951288fa47e8a:0x20f 
0xa5ecd89cd9f83c477337ee99d24951288fa47e8a:0x236 
0xa5ecd89cd9f83c477337ee99d24951288fa47e8a:0x237 
0xa5ecd89cd9f83c477337ee99d24951288fa47e8a:0x23a 
0xa5ecd89cd9f83c477337ee99d24951288fa47e8a:0x23c 
0xa5ecd89cd9f83c477337ee99d24951288fa47e8a:0x23d 
0xa5ecd89cd9f83c477337ee99d24951288fa47e8a:0x23e 
0xa5ecd89cd9f83c477337ee99d24951288fa47e8a:0x23f 
0xa5ecd89cd9f83c477337ee99d24951288fa47e8a:0x240 
0xa5ecd89cd9f83c477337ee99d24951288fa47e8a:0x241 
0xa5ecd89cd9f83c477337ee99d24951288fa47e8a:0x242 
0xa5ecd89cd9f83c477337ee99d24951288fa47e8a:0x245 
0xa5ecd89cd9f83c477337ee99d24951288fa47e8a:0x246 
0xa5ecd89cd9f83c477337ee99d24951288fa47e8a:0x247 
0xa5ecd89cd9f83c477337ee99d24951288fa47e8a:0x24a 
0xa5ecd89cd9f83c477337ee99d24951288fa47e8a:0x4b1b 
0xa5ecd89cd9f83c477337ee99d24951288fa47e8a:0x4b1c 
0xa5ecd89cd9f83c477337ee99d24951288fa47e8a:0x4b1e 
0xa5ecd89cd9f83c477337ee99d24951288fa47e8a:0x4b20 
0xa5ecd89cd9f83c477337ee99d24951288fa47e8a:0x4b21 
0xa5ecd89cd9f83c477337ee99d24951288fa47e8a:0x4b22 
0xa5ecd89cd9f83c477337ee99d24951288fa47e8a:0x4b23 
0xa5ecd89cd9f83c477337ee99d24951288fa47e8a:0x4b24 
0xa5ecd89cd9f83c477337ee99d24951288fa47e8a:0x4b25 
0xa5ecd89cd9f83c477337ee99d24951288fa47e8a:0x4b28 
0xa5ecd89cd9f83c477337ee99d24951288fa47e8a:0x4b31 
0xa5ecd89cd9f83c477337ee99d24951288fa47e8a:0x4b32 
0xa5ecd89cd9f83c477337ee99d24951288fa47e8a:0x4b34 
0xa5ecd89cd9f83c477337ee99d24951288fa47e8a:0x4b37 
0xa5ecd89cd9f83c477337ee99d24951288fa47e8a:0x4b38 
0xa5ecd89cd9f83c477337ee99d24951288fa47e8a:0x4b39 
0xa5ecd89cd9f83c477337ee99d24951288fa47e8a:0x4b3a 
0xa5ecd89cd9f83c477337ee99d24951288fa47e8a:0x4b3b 
0xa5ecd89cd9f83c477337ee99d24951288fa47e8a:0x4b3e 
0xa5ecd89cd9f83c477337ee99d24951288fa47e8a:0x4a04 
0xa5ecd89cd9f83c477337ee99d24951288fa47e8a:0x4a05 
0xa5ecd89cd9f83c477337ee99d24951288fa47e8a:0x4a07 
0xa5ecd89cd9f83c477337ee99d24951288fa47e8a:0x4a08 
0xa5ecd89cd9f83c477337ee99d24951288fa47e8a:0x4a09 
0xa5ecd89cd9f83c477337ee99d24951288fa47e8a:0x4a0a 
0xa5ecd89cd9f83c477337ee99d24951288fa47e8a:0x4a0b 
0xa5ecd89cd9f83c477337ee99d24951288fa47e8a:0x4a0e 
0xa5ecd89cd9f83c477337ee99d24951288fa47e8a:0x4a0f 
0xa5ecd89cd9f83c477337ee99d24951288fa47e8a:0x4a12 
0xa5ecd89cd9f83c477337ee99d24951288fa47e8a:0x7077 
0xa5ecd89cd9f83c477337ee99d24951288fa47e8a:0x7078 
0xa5ecd89cd9f83c477337ee99d24951288fa47e8a:0x707b 
0xa5ecd89cd9f83c477337ee99d24951288fa47e8a:0x707c 
0xa5ecd89cd9f83c477337ee99d24951288fa47e8a:0x707f 
0xa5ecd89cd9f83c477337ee99d24951288fa47e8a:0x6100 
0xa5ecd89cd9f83c477337ee99d24951288fa47e8a:0x6101 
0xa5ecd89cd9f83c477337ee99d24951288fa47e8a:0x6103 
0xa5ecd89cd9f83c477337ee99d24951288fa47e8a:0x6106 
0xa5ecd89cd9f83c477337ee99d24951288fa47e8a:0x6107 
0xa5ecd89cd9f83c477337ee99d24951288fa47e8a:0x610a 
0xa5ecd89cd9f83c477337ee99d24951288fa47e8a:0x619f 
0xa5ecd89cd9f83c477337ee99d24951288fa47e8a:0x61a0 
0xa5ecd89cd9f83c477337ee99d24951288fa47e8a:0x61a2 
0xa5ecd89cd9f83c477337ee99d24951288fa47e8a:0x61b7 
0xa5ecd89cd9f83c477337ee99d24951288fa47e8a:0x61b8 
0xa5ecd89cd9f83c477337ee99d24951288fa47e8a:0x61b9 
0xa5ecd89cd9f83c477337ee99d24951288fa47e8a:0x61ba 
0xa5ecd89cd9f83c477337ee99d24951288fa47e8a:0x61bb 
0xa5ecd89cd9f83c477337ee99d24951288fa47e8a:0x61bc 
0xa5ecd89cd9f83c477337ee99d24951288fa47e8a:0x61bd 
0xa5ecd89cd9f83c477337ee99d24951288fa47e8a:0x61be 
0xa5ecd89cd9f83c477337ee99d24951288fa47e8a:0x610b 
0xa5ecd89cd9f83c477337ee99d24951288fa47e8a:0x610c 
0xa5ecd89cd9f83c477337ee99d24951288fa47e8a:0x610d 
0xa5ecd89cd9f83c477337ee99d24951288fa47e8a:0x610e 
0xa5ecd89cd9f83c477337ee99d24951288fa47e8a:0x610f 
0xa5ecd89cd9f83c477337ee99d24951288fa47e8a:0x6110 
0xa5ecd89cd9f83c477337ee99d24951288fa47e8a:0x6111 
0xa5ecd89cd9f83c477337ee99d24951288fa47e8a:0x7080 
0xa5ecd89cd9f83c477337ee99d24951288fa47e8a:0x7081 
0xa5ecd89cd9f83c477337ee99d24951288fa47e8a:0x7082 
0xa5ecd89cd9f83c477337ee99d24951288fa47e8a:0x7083 
0xa5ecd89cd9f83c477337ee99d24951288fa47e8a:0x7086 
0xa5ecd89cd9f83c477337ee99d24951288fa47e8a:0x708b 
0xa5ecd89cd9f83c477337ee99d24951288fa47e8a:0x708c 
0xa5ecd89cd9f83c477337ee99d24951288fa47e8a:0x708d 
0xa5ecd89cd9f83c477337ee99d24951288fa47e8a:0x4a13 
0xa5ecd89cd9f83c477337ee99d24951288fa47e8a:0x4a14 
0xa5ecd89cd9f83c477337ee99d24951288fa47e8a:0x4a15 
0xa5ecd89cd9f83c477337ee99d24951288fa47e8a:0x4a16 
0xa5ecd89cd9f83c477337ee99d24951288fa47e8a:0x4a17 
0xa5ecd89cd9f83c477337ee99d24951288fa47e8a:0x4a18 
0xa5ecd89cd9f83c477337ee99d24951288fa47e8a:0x4b3f 
0xa5ecd89cd9f83c477337ee99d24951288fa47e8a:0x4b40 
0xa5ecd89cd9f83c477337ee99d24951288fa47e8a:0x4b41 
0xa5ecd89cd9f83c477337ee99d24951288fa47e8a:0x4b42 
0xa5ecd89cd9f83c477337ee99d24951288fa47e8a:0x4b43 
0xa5ecd89cd9f83c477337ee99d24951288fa47e8a:0x4b44 
0xa5ecd89cd9f83c477337ee99d24951288fa47e8a:0x4b45 
0xa5ecd89cd9f83c477337ee99d24951288fa47e8a:0x4b46 
0xa5ecd89cd9f83c477337ee99d24951288fa47e8a:0x4b47 
0xa5ecd89cd9f83c477337ee99d24951288fa47e8a:0x24b 
0xa5ecd89cd9f83c477337ee99d24951288fa47e8a:0x24c 
0xa5ecd89cd9f83c477337ee99d24951288fa47e8a:0x24f 
0xa5ecd89cd9f83c477337ee99d24951288fa47e8a:0x88d 
0xa5ecd89cd9f83c477337ee99d24951288fa47e8a:0x88e 
0xa5ecd89cd9f83c477337ee99d24951288fa47e8a:0x890 
0xa5ecd89cd9f83c477337ee99d24951288fa47e8a:0x893 
0xa5ecd89cd9f83c477337ee99d24951288fa47e8a:0x894 
0xa5ecd89cd9f83c477337ee99d24951288fa47e8a:0x897 
0xa5ecd89cd9f83c477337ee99d24951288fa47e8a:0x22c5 
0xa5ecd89cd9f83c477337ee99d24951288fa47e8a:0x22c6 
0xa5ecd89cd9f83c477337ee99d24951288fa47e8a:0x22c8 
0xa5ecd89cd9f83c477337ee99d24951288fa47e8a:0x22ca 
0xa5ecd89cd9f83c477337ee99d24951288fa47e8a:0x22cc 
0xa5ecd89cd9f83c477337ee99d24951288fa47e8a:0x22cd 
0xa5ecd89cd9f83c477337ee99d24951288fa47e8a:0x22e2 
0xa5ecd89cd9f83c477337ee99d24951288fa47e8a:0x22e3 
0xa5ecd89cd9f83c477337ee99d24951288fa47e8a:0x22f8 
0xa5ecd89cd9f83c477337ee99d24951288fa47e8a:0x22f9 
0xa5ecd89cd9f83c477337ee99d24951288fa47e8a:0x22fa 
0xa5ecd89cd9f83c477337ee99d24951288fa47e8a:0x22fb 
0xa5ecd89cd9f83c477337ee99d24951288fa47e8a:0x22fd 
0xa5ecd89cd9f83c477337ee99d24951288fa47e8a:0x22fe 
0xa5ecd89cd9f83c477337ee99d24951288fa47e8a:0x22ff 
0xa5ecd89cd9f83c477337ee99d24951288fa47e8a:0x2300 
0xa5ecd89cd9f83c477337ee99d24951288fa47e8a:0x2301 
0xa5ecd89cd9f83c477337ee99d24951288fa47e8a:0x2303 
0xa5ecd89cd9f83c477337ee99d24951288fa47e8a:0x2304 
0xa5ecd89cd9f83c477337ee99d24951288fa47e8a:0x2306 
0xa5ecd89cd9f83c477337ee99d24951288fa47e8a:0x2307 
0xa5ecd89cd9f83c477337ee99d24951288fa47e8a:0x2308 
0xa5ecd89cd9f83c477337ee99d24951288fa47e8a:0x230b 
0xa5ecd89cd9f83c477337ee99d24951288fa47e8a:0x230c 
0xa5ecd89cd9f83c477337ee99d24951288fa47e8a:0x230f 
0xa5ecd89cd9f83c477337ee99d24951288fa47e8a:0x119b 
0xa5ecd89cd9f83c477337ee99d24951288fa47e8a:0x119c 
0xa5ecd89cd9f83c477337ee99d24951288fa47e8a:0x119e 
0xa5ecd89cd9f83c477337ee99d24951288fa47e8a:0x11a0 
0xa5ecd89cd9f83c477337ee99d24951288fa47e8a:0x11a2 
0xa5ecd89cd9f83c477337ee99d24951288fa47e8a:0x11a3 
0xa5ecd89cd9f83c477337ee99d24951288fa47e8a:0x11b8 
0xa5ecd89cd9f83c477337ee99d24951288fa47e8a:0x11b9 
0xa5ecd89cd9f83c477337ee99d24951288fa47e8a:0x11ce 
0xa5ecd89cd9f83c477337ee99d24951288fa47e8a:0x11cf 
0xa5ecd89cd9f83c477337ee99d24951288fa47e8a:0x11d0 
0xa5ecd89cd9f83c477337ee99d24951288fa47e8a:0x11d1 
0xa5ecd89cd9f83c477337ee99d24951288fa47e8a:0x11d3 
0xa5ecd89cd9f83c477337ee99d24951288fa47e8a:0x11d4 
0xa5ecd89cd9f83c477337ee99d24951288fa47e8a:0x11d5 
0xa5ecd89cd9f83c477337ee99d24951288fa47e8a:0x11d6 
0xa5ecd89cd9f83c477337ee99d24951288fa47e8a:0x11d7 
0xa5ecd89cd9f83c477337ee99d24951288fa47e8a:0x11d9 
0xa5ecd89cd9f83c477337ee99d24951288fa47e8a:0x11da 
0xa5ecd89cd9f83c477337ee99d24951288fa47e8a:0x11dc 
0xa5ecd89cd9f83c477337ee99d24951288fa47e8a:0x11dd 
0xa5ecd89cd9f83c477337ee99d24951288fa47e8a:0x11de 
0xa5ecd89cd9f83c477337ee99d24951288fa47e8a:0x11df 
0xa5ecd89cd9f83c477337ee99d24951288fa47e8a:0x11e0 
0xa5ecd89cd9f83c477337ee99d24951288fa47e8a:0x11e1 
0xa5ecd89cd9f83c477337ee99d24951288fa47e8a:0x11e2 
0xa5ecd89cd9f83c477337ee99d24951288fa47e8a:0x11e3 
0xa5ecd89cd9f83c477337ee99d24951288fa47e8a:0x2310 
0xa5ecd89cd9f83c477337ee99d24951288fa47e8a:0x2311 
0xa5ecd89cd9f83c477337ee99d24951288fa47e8a:0x2314 
0xa5ecd89cd9f83c477337ee99d24951288fa47e8a:0x2315 
0xa5ecd89cd9f83c477337ee99d24951288fa47e8a:0x2316 
0xa5ecd89cd9f83c477337ee99d24951288fa47e8a:0x2319 
0xa5ecd89cd9f83c477337ee99d24951288fa47e8a:0x60cc 
0xa5ecd89cd9f83c477337ee99d24951288fa47e8a:0x60cd 
0xa5ecd89cd9f83c477337ee99d24951288fa47e8a:0x60cf 
0xa5ecd89cd9f83c477337ee99d24951288fa47e8a:0x60d2 
0xa5ecd89cd9f83c477337ee99d24951288fa47e8a:0x60d3 
0xa5ecd89cd9f83c477337ee99d24951288fa47e8a:0x60d6 
0xa5ecd89cd9f83c477337ee99d24951288fa47e8a:0x61bf 
0xa5ecd89cd9f83c477337ee99d24951288fa47e8a:0x61c0 
0xa5ecd89cd9f83c477337ee99d24951288fa47e8a:0x61c2 
0xa5ecd89cd9f83c477337ee99d24951288fa47e8a:0x61c3 
0xa5ecd89cd9f83c477337ee99d24951288fa47e8a:0x61c4 
0xa5ecd89cd9f83c477337ee99d24951288fa47e8a:0x61c5 
0xa5ecd89cd9f83c477337ee99d24951288fa47e8a:0x61c6 
0xa5ecd89cd9f83c477337ee99d24951288fa47e8a:0x61c7 
0xa5ecd89cd9f83c477337ee99d24951288fa47e8a:0x61c8 
0xa5ecd89cd9f83c477337ee99d24951288fa47e8a:0x60d7 
0xa5ecd89cd9f83c477337ee99d24951288fa47e8a:0x60d8 
0xa5ecd89cd9f83c477337ee99d24951288fa47e8a:0x60d9 
0xa5ecd89cd9f83c477337ee99d24951288fa47e8a:0x60da 
0xa5ecd89cd9f83c477337ee99d24951288fa47e8a:0x60dd 
0xa5ecd89cd9f83c477337ee99d24951288fa47e8a:0x60de 
0xa5ecd89cd9f83c477337ee99d24951288fa47e8a:0x60e1 
0xa5ecd89cd9f83c477337ee99d24951288fa47e8a:0x61bf 
0xa5ecd89cd9f83c477337ee99d24951288fa47e8a:0x61c0 
0xa5ecd89cd9f83c477337ee99d24951288fa47e8a:0x61c2 
0xa5ecd89cd9f83c477337ee99d24951288fa47e8a:0x61c3 
0xa5ecd89cd9f83c477337ee99d24951288fa47e8a:0x61c4 
0xa5ecd89cd9f83c477337ee99d24951288fa47e8a:0x61c5 
0xa5ecd89cd9f83c477337ee99d24951288fa47e8a:0x61c6 
0xa5ecd89cd9f83c477337ee99d24951288fa47e8a:0x61c7 
0xa5ecd89cd9f83c477337ee99d24951288fa47e8a:0x61c8 
0xa5ecd89cd9f83c477337ee99d24951288fa47e8a:0x60e2 
0xa5ecd89cd9f83c477337ee99d24951288fa47e8a:0x60e3 
0xa5ecd89cd9f83c477337ee99d24951288fa47e8a:0x60e4 
0xa5ecd89cd9f83c477337ee99d24951288fa47e8a:0x60e5 
0xa5ecd89cd9f83c477337ee99d24951288fa47e8a:0x60e6 
0xa5ecd89cd9f83c477337ee99d24951288fa47e8a:0x60e7 
0xa5ecd89cd9f83c477337ee99d24951288fa47e8a:0x60e8 
0xa5ecd89cd9f83c477337ee99d24951288fa47e8a:0x60e9 
0xa5ecd89cd9f83c477337ee99d24951288fa47e8a:0x60ec 
0xa5ecd89cd9f83c477337ee99d24951288fa47e8a:0x60f5 
0xa5ecd89cd9f83c477337ee99d24951288fa47e8a:0x60f6 
0xa5ecd89cd9f83c477337ee99d24951288fa47e8a:0x60f7 
0xa5ecd89cd9f83c477337ee99d24951288fa47e8a:0x60f8 
0xa5ecd89cd9f83c477337ee99d24951288fa47e8a:0x60f9 
0xa5ecd89cd9f83c477337ee99d24951288fa47e8a:0x60fa 
0xa5ecd89cd9f83c477337ee99d24951288fa47e8a:0x60fb 
0xa5ecd89cd9f83c477337ee99d24951288fa47e8a:0x60fc 
0xa5ecd89cd9f83c477337ee99d24951288fa47e8a:0x60fd 
0xa5ecd89cd9f83c477337ee99d24951288fa47e8a:0x60fe 
0xa5ecd89cd9f83c477337ee99d24951288fa47e8a:0x60ff 
0xa5ecd89cd9f83c477337ee99d24951288fa47e8a:0x231a 
0xa5ecd89cd9f83c477337ee99d24951288fa47e8a:0x231b 
0xa5ecd89cd9f83c477337ee99d24951288fa47e8a:0x231c 
0xa5ecd89cd9f83c477337ee99d24951288fa47e8a:0x231d 
0xa5ecd89cd9f83c477337ee99d24951288fa47e8a:0x231e 
0xa5ecd89cd9f83c477337ee99d24951288fa47e8a:0x231f 
0xa5ecd89cd9f83c477337ee99d24951288fa47e8a:0x2320 
0xa5ecd89cd9f83c477337ee99d24951288fa47e8a:0x898 
0xa5ecd89cd9f83c477337ee99d24951288fa47e8a:0x899 
0xa5ecd89cd9f83c477337ee99d24951288fa47e8a:0x89c 
0xa5ecd89cd9f83c477337ee99d24951288fa47e8a:0x89d 
0xa5ecd89cd9f83c477337ee99d24951288fa47e8a:0x8a0 
0xa5ecd89cd9f83c477337ee99d24951288fa47e8a:0x119b 
0xa5ecd89cd9f83c477337ee99d24951288fa47e8a:0x119c 
0xa5ecd89cd9f83c477337ee99d24951288fa47e8a:0x119e 
0xa5ecd89cd9f83c477337ee99d24951288fa47e8a:0x11a0 
0xa5ecd89cd9f83c477337ee99d24951288fa47e8a:0x11a2 
0xa5ecd89cd9f83c477337ee99d24951288fa47e8a:0x11a3 
0xa5ecd89cd9f83c477337ee99d24951288fa47e8a:0x11b8 
0xa5ecd89cd9f83c477337ee99d24951288fa47e8a:0x11b9 
0xa5ecd89cd9f83c477337ee99d24951288fa47e8a:0x11ce 
0xa5ecd89cd9f83c477337ee99d24951288fa47e8a:0x11cf 
0xa5ecd89cd9f83c477337ee99d24951288fa47e8a:0x11d0 
0xa5ecd89cd9f83c477337ee99d24951288fa47e8a:0x11d1 
0xa5ecd89cd9f83c477337ee99d24951288fa47e8a:0x11d3 
0xa5ecd89cd9f83c477337ee99d24951288fa47e8a:0x11d4 
0xa5ecd89cd9f83c477337ee99d24951288fa47e8a:0x11d5 
0xa5ecd89cd9f83c477337ee99d24951288fa47e8a:0x11d6 
0xa5ecd89cd9f83c477337ee99d24951288fa47e8a:0x11d7 
0xa5ecd89cd9f83c477337ee99d24951288fa47e8a:0x11d9 
0xa5ecd89cd9f83c477337ee99d24951288fa47e8a:0x11da 
0xa5ecd89cd9f83c477337ee99d24951288fa47e8a:0x11dc 
0xa5ecd89cd9f83c477337ee99d24951288fa47e8a:0x11dd 
0xa5ecd89cd9f83c477337ee99d24951288fa47e8a:0x11de 
0xa5ecd89cd9f83c477337ee99d24951288fa47e8a:0x11df 
0xa5ecd89cd9f83c477337ee99d24951288fa47e8a:0x11e0 
0xa5ecd89cd9f83c477337ee99d24951288fa47e8a:0x11e1 
0xa5ecd89cd9f83c477337ee99d24951288fa47e8a:0x11e2 
0xa5ecd89cd9f83c477337ee99d24951288fa47e8a:0x11e3 
0xa5ecd89cd9f83c477337ee99d24951288fa47e8a:0x8a1 
0xa5ecd89cd9f83c477337ee99d24951288fa47e8a:0x8a2 
0xa5ecd89cd9f83c477337ee99d24951288fa47e8a:0x8a5 
0xa5ecd89cd9f83c477337ee99d24951288fa47e8a:0x8a6 
0xa5ecd89cd9f83c477337ee99d24951288fa47e8a:0x8a7 
0xa5ecd89cd9f83c477337ee99d24951288fa47e8a:0x8aa 
0xa5ecd89cd9f83c477337ee99d24951288fa47e8a:0x60cc 
0xa5ecd89cd9f83c477337ee99d24951288fa47e8a:0x60cd 
0xa5ecd89cd9f83c477337ee99d24951288fa47e8a:0x60cf 
0xa5ecd89cd9f83c477337ee99d24951288fa47e8a:0x60d2 
0xa5ecd89cd9f83c477337ee99d24951288fa47e8a:0x60d3 
0xa5ecd89cd9f83c477337ee99d24951288fa47e8a:0x60d6 
0xa5ecd89cd9f83c477337ee99d24951288fa47e8a:0x61bf 
0xa5ecd89cd9f83c477337ee99d24951288fa47e8a:0x61c0 
0xa5ecd89cd9f83c477337ee99d24951288fa47e8a:0x61c2 
0xa5ecd89cd9f83c477337ee99d24951288fa47e8a:0x61c3 
0xa5ecd89cd9f83c477337ee99d24951288fa47e8a:0x61c4 
0xa5ecd89cd9f83c477337ee99d24951288fa47e8a:0x61c5 
0xa5ecd89cd9f83c477337ee99d24951288fa47e8a:0x61c6 
0xa5ecd89cd9f83c477337ee99d24951288fa47e8a:0x61c7 
0xa5ecd89cd9f83c477337ee99d24951288fa47e8a:0x61c8 
0xa5ecd89cd9f83c477337ee99d24951288fa47e8a:0x60d7 
0xa5ecd89cd9f83c477337ee99d24951288fa47e8a:0x60d8 
0xa5ecd89cd9f83c477337ee99d24951288fa47e8a:0x60d9 
0xa5ecd89cd9f83c477337ee99d24951288fa47e8a:0x60da 
0xa5ecd89cd9f83c477337ee99d24951288fa47e8a:0x60dd 
0xa5ecd89cd9f83c477337ee99d24951288fa47e8a:0x60de 
0xa5ecd89cd9f83c477337ee99d24951288fa47e8a:0x60e1 
0xa5ecd89cd9f83c477337ee99d24951288fa47e8a:0x61bf 
0xa5ecd89cd9f83c477337ee99d24951288fa47e8a:0x61c0 
0xa5ecd89cd9f83c477337ee99d24951288fa47e8a:0x61c2 
0xa5ecd89cd9f83c477337ee99d24951288fa47e8a:0x61c3 
0xa5ecd89cd9f83c477337ee99d24951288fa47e8a:0x61c4 
0xa5ecd89cd9f83c477337ee99d24951288fa47e8a:0x61c5 
0xa5ecd89cd9f83c477337ee99d24951288fa47e8a:0x61c6 
0xa5ecd89cd9f83c477337ee99d24951288fa47e8a:0x61c7 
0xa5ecd89cd9f83c477337ee99d24951288fa47e8a:0x61c8 
0xa5ecd89cd9f83c477337ee99d24951288fa47e8a:0x60e2 
0xa5ecd89cd9f83c477337ee99d24951288fa47e8a:0x60e3 
0xa5ecd89cd9f83c477337ee99d24951288fa47e8a:0x60e4 
0xa5ecd89cd9f83c477337ee99d24951288fa47e8a:0x60e5 
0xa5ecd89cd9f83c477337ee99d24951288fa47e8a:0x60e6 
0xa5ecd89cd9f83c477337ee99d24951288fa47e8a:0x60e7 
0xa5ecd89cd9f83c477337ee99d24951288fa47e8a:0x60e8 
0xa5ecd89cd9f83c477337ee99d24951288fa47e8a:0x60e9 
0xa5ecd89cd9f83c477337ee99d24951288fa47e8a:0x60ec 
0xa5ecd89cd9f83c477337ee99d24951288fa47e8a:0x60f5 
0xa5ecd89cd9f83c477337ee99d24951288fa47e8a:0x60f6 
0xa5ecd89cd9f83c477337ee99d24951288fa47e8a:0x60f7 
0xa5ecd89cd9f83c477337ee99d24951288fa47e8a:0x60f8 
0xa5ecd89cd9f83c477337ee99d24951288fa47e8a:0x60f9 
0xa5ecd89cd9f83c477337ee99d24951288fa47e8a:0x60fa 
0xa5ecd89cd9f83c477337ee99d24951288fa47e8a:0x60fb 
0xa5ecd89cd9f83c477337ee99d24951288fa47e8a:0x60fc 
0xa5ecd89cd9f83c477337ee99d24951288fa47e8a:0x60fd 
0xa5ecd89cd9f83c477337ee99d24951288fa47e8a:0x60fe 
0xa5ecd89cd9f83c477337ee99d24951288fa47e8a:0x60ff 
0xa5ecd89cd9f83c477337ee99d24951288fa47e8a:0x8ab 
0xa5ecd89cd9f83c477337ee99d24951288fa47e8a:0x8ac 
0xa5ecd89cd9f83c477337ee99d24951288fa47e8a:0x8ad 
0xa5ecd89cd9f83c477337ee99d24951288fa47e8a:0x8ae 
0xa5ecd89cd9f83c477337ee99d24951288fa47e8a:0x8af 
0xa5ecd89cd9f83c477337ee99d24951288fa47e8a:0x8b0 
0xa5ecd89cd9f83c477337ee99d24951288fa47e8a:0x8b1 
0xa5ecd89cd9f83c477337ee99d24951288fa47e8a:0x250 
0xa5ecd89cd9f83c477337ee99d24951288fa47e8a:0x251 
0xa5ecd89cd9f83c477337ee99d24951288fa47e8a:0x253 
0xa5ecd89cd9f83c477337ee99d24951288fa47e8a:0x254 
0xa5ecd89cd9f83c477337ee99d24951288fa47e8a:0x257 
0xa5ecd89cd9f83c477337ee99d24951288fa47e8a:0x258 
0xa5ecd89cd9f83c477337ee99d24951288fa47e8a:0x259 
0xa5ecd89cd9f83c477337ee99d24951288fa47e8a:0x25c 
0xa5ecd89cd9f83c477337ee99d24951288fa47e8a:0x5ed7 
0xa5ecd89cd9f83c477337ee99d24951288fa47e8a:0x5ed8 
0xa5ecd89cd9f83c477337ee99d24951288fa47e8a:0x5eda 
0xa5ecd89cd9f83c477337ee99d24951288fa47e8a:0x5edc 
0xa5ecd89cd9f83c477337ee99d24951288fa47e8a:0x5edd 
0xa5ecd89cd9f83c477337ee99d24951288fa47e8a:0x5ede 
0xa5ecd89cd9f83c477337ee99d24951288fa47e8a:0x5edf 
0xa5ecd89cd9f83c477337ee99d24951288fa47e8a:0x5ee0 
0xa5ecd89cd9f83c477337ee99d24951288fa47e8a:0x5ee3 
0xa5ecd89cd9f83c477337ee99d24951288fa47e8a:0x5ee5 
0xa5ecd89cd9f83c477337ee99d24951288fa47e8a:0x5ee6 
0xa5ecd89cd9f83c477337ee99d24951288fa47e8a:0x5ee7 
0xa5ecd89cd9f83c477337ee99d24951288fa47e8a:0x5ee8 
0xa5ecd89cd9f83c477337ee99d24951288fa47e8a:0x5eeb 
0xa5ecd89cd9f83c477337ee99d24951288fa47e8a:0x5702 
0xa5ecd89cd9f83c477337ee99d24951288fa47e8a:0x5703 
0xa5ecd89cd9f83c477337ee99d24951288fa47e8a:0x5706 
0xa5ecd89cd9f83c477337ee99d24951288fa47e8a:0x5707 
0xa5ecd89cd9f83c477337ee99d24951288fa47e8a:0x570a 
0xa5ecd89cd9f83c477337ee99d24951288fa47e8a:0x61bf 
0xa5ecd89cd9f83c477337ee99d24951288fa47e8a:0x61c0 
0xa5ecd89cd9f83c477337ee99d24951288fa47e8a:0x61c2 
0xa5ecd89cd9f83c477337ee99d24951288fa47e8a:0x61c3 
0xa5ecd89cd9f83c477337ee99d24951288fa47e8a:0x61c4 
0xa5ecd89cd9f83c477337ee99d24951288fa47e8a:0x61c5 
0xa5ecd89cd9f83c477337ee99d24951288fa47e8a:0x61c6 
0xa5ecd89cd9f83c477337ee99d24951288fa47e8a:0x61c7 
0xa5ecd89cd9f83c477337ee99d24951288fa47e8a:0x61c8 
0xa5ecd89cd9f83c477337ee99d24951288fa47e8a:0x570b 
0xa5ecd89cd9f83c477337ee99d24951288fa47e8a:0x570c 
0xa5ecd89cd9f83c477337ee99d24951288fa47e8a:0x570d 
0xa5ecd89cd9f83c477337ee99d24951288fa47e8a:0x570e 
0xa5ecd89cd9f83c477337ee99d24951288fa47e8a:0x570f 
0xa5ecd89cd9f83c477337ee99d24951288fa47e8a:0x5710 
0xa5ecd89cd9f83c477337ee99d24951288fa47e8a:0x5eec 
0xa5ecd89cd9f83c477337ee99d24951288fa47e8a:0x5eed 
0xa5ecd89cd9f83c477337ee99d24951288fa47e8a:0x5eee 
0xa5ecd89cd9f83c477337ee99d24951288fa47e8a:0x5eef 
0xa5ecd89cd9f83c477337ee99d24951288fa47e8a:0x5ef0 
0xa5ecd89cd9f83c477337ee99d24951288fa47e8a:0x5ef1 
0xa5ecd89cd9f83c477337ee99d24951288fa47e8a:0x25d 
0xa5ecd89cd9f83c477337ee99d24951288fa47e8a:0x25e 
0xa5ecd89cd9f83c477337ee99d24951288fa47e8a:0x260 
0xa5ecd89cd9f83c477337ee99d24951288fa47e8a:0x261 
0xa5ecd89cd9f83c477337ee99d24951288fa47e8a:0x262 
0xa5ecd89cd9f83c477337ee99d24951288fa47e8a:0x263 
0xa5ecd89cd9f83c477337ee99d24951288fa47e8a:0x264 
0xa5ecd89cd9f83c477337ee99d24951288fa47e8a:0x265 
