---
0xa5ecd89cd9f83c477337ee99d24951288fa47e8a:0x0 *
0xa5ecd89cd9f83c477337ee99d24951288fa47e8a:0x2 *
0xa5ecd89cd9f83c477337ee99d24951288fa47e8a:0x4 *
0xa5ecd89cd9f83c477337ee99d24951288fa47e8a:0x5 *
0xa5ecd89cd9f83c477337ee99d24951288fa47e8a:0x6 *
0xa5ecd89cd9f83c477337ee99d24951288fa47e8a:0x7 *
0xa5ecd89cd9f83c477337ee99d24951288fa47e8a:0x8 *
0xa5ecd89cd9f83c477337ee99d24951288fa47e8a:0xb *
0xa5ecd89cd9f83c477337ee99d24951288fa47e8a:0x10 *
0xa5ecd89cd9f83c477337ee99d24951288fa47e8a:0x11 *
0xa5ecd89cd9f83c477337ee99d24951288fa47e8a:0x12 *
0xa5ecd89cd9f83c477337ee99d24951288fa47e8a:0x15 *
0xa5ecd89cd9f83c477337ee99d24951288fa47e8a:0x16 *
0xa5ecd89cd9f83c477337ee99d24951288fa47e8a:0x1a *
0xa5ecd89cd9f83c477337ee99d24951288fa47e8a:0x1c *
0xa5ecd89cd9f83c477337ee99d24951288fa47e8a:0x1d *
0xa5ecd89cd9f83c477337ee99d24951288fa47e8a:0x1f *
---
0xa5ecd89cd9f83c477337ee99d24951288fa47e8a:0x0 
0xa5ecd89cd9f83c477337ee99d24951288fa47e8a:0x2 
0xa5ecd89cd9f83c477337ee99d24951288fa47e8a:0x4 
0xa5ecd89cd9f83c477337ee99d24951288fa47e8a:0x5 
0xa5ecd89cd9f83c477337ee99d24951288fa47e8a:0x6 
0xa5ecd89cd9f83c477337ee99d24951288fa47e8a:0x7 
0xa5ecd89cd9f83c477337ee99d24951288fa47e8a:0x8 
0xa5ecd89cd9f83c477337ee99d24951288fa47e8a:0xb 
0xa5ecd89cd9f83c477337ee99d24951288fa47e8a:0x10 
0xa5ecd89cd9f83c477337ee99d24951288fa47e8a:0x11 
0xa5ecd89cd9f83c477337ee99d24951288fa47e8a:0x12 
0xa5ecd89cd9f83c477337ee99d24951288fa47e8a:0x14 
0xa5ecd89cd9f83c477337ee99d24951288fa47e8a:0x15 
0xa5ecd89cd9f83c477337ee99d24951288fa47e8a:0x16 
0xa5ecd89cd9f83c477337ee99d24951288fa47e8a:0x19 
0xa5ecd89cd9f83c477337ee99d24951288fa47e8a:0x1a 
0xa5ecd89cd9f83c477337ee99d24951288fa47e8a:0x1c 
0xa5ecd89cd9f83c477337ee99d24951288fa47e8a:0x1d 
0xa5ecd89cd9f83c477337ee99d24951288fa47e8a:0x1f 
0xa5ecd89cd9f83c477337ee99d24951288fa47e8a:0x20 
0xa5ecd89cd9f83c477337ee99d24951288fa47e8a:0x21 
0xa5ecd89cd9f83c477337ee99d24951288fa47e8a:0x26 
0xa5ecd89cd9f83c477337ee99d24951288fa47e8a:0x27 
0xa5ecd89cd9f83c477337ee99d24951288fa47e8a:0x2a 
0xa5ecd89cd9f83c477337ee99d24951288fa47e8a:0x130 
0xa5ecd89cd9f83c477337ee99d24951288fa47e8a:0x131 
0xa5ecd89cd9f83c477337ee99d24951288fa47e8a:0x132 
0xa5ecd89cd9f83c477337ee99d24951288fa47e8a:0x137 
0xa5ecd89cd9f83c477337ee99d24951288fa47e8a:0x138 
0xa5ecd89cd9f83c477337ee99d24951288fa47e8a:0x13b 
0xa5ecd89cd9f83c477337ee99d24951288fa47e8a:0x1be 
0xa5ecd89cd9f83c477337ee99d24951288fa47e8a:0x1bf 
0xa5ecd89cd9f83c477337ee99d24951288fa47e8a:0x1c0 
0xa5ecd89cd9f83c477337ee99d24951288fa47e8a:0x1c5 
0xa5ecd89cd9f83c477337ee99d24951288fa47e8a:0x1c6 
0xa5ecd89cd9f83c477337ee99d24951288fa47e8a:0x1c9 
0xa5ecd89cd9f83c477337ee99d24951288fa47e8a:0x1ca 
0xa5ecd89cd9f83c477337ee99d24951288fa47e8a:0x1cb 
0xa5ecd89cd9f83c477337ee99d24951288fa47e8a:0x1d0 
0xa5ecd89cd9f83c477337ee99d24951288fa47e8a:0x1d1 
0xa5ecd89cd9f83c477337ee99d24951288fa47e8a:0x1d4 
0xa5ecd89cd9f83c477337ee99d24951288fa47e8a:0x1d5 
0xa5ecd89cd9f83c477337ee99d24951288fa47e8a:0x1d6 
0xa5ecd89cd9f83c477337ee99d24951288fa47e8a:0x1db 
0xa5ecd89cd9f83c477337ee99d24951288fa47e8a:0x1dc 
0xa5ecd89cd9f83c477337ee99d24951288fa47e8a:0x1df 
0xa5ecd89cd9f83c477337ee99d24951288fa47e8a:0x1e0 
0xa5ecd89cd9f83c477337ee99d24951288fa47e8a:0x1e1 
0xa5ecd89cd9f83c477337ee99d24951288fa47e8a:0x1e6 
0xa5ecd89cd9f83c477337ee99d24951288fa47e8a:0x1e7 
0xa5ecd89cd9f83c477337ee99d24951288fa47e8a:0x1ea 
0xa5ecd89cd9f83c477337ee99d24951288fa47e8a:0x1eb 
0xa5ecd89cd9f83c477337ee99d24951288fa47e8a:0x1ec 
0xa5ecd89cd9f83c477337ee99d24951288fa47e8a:0x1f1 
0xa5ecd89cd9f83c477337ee99d24951288fa47e8a:0x1f2 
0xa5ecd89cd9f83c477337ee99d24951288fa47e8a:0x1f5 
0xa5ecd89cd9f83c477337ee99d24951288fa47e8a:0x1f6 
0xa5ecd89cd9f83c477337ee99d24951288fa47e8a:0x1f7 
0xa5ecd89cd9f83c477337ee99d24951288fa47e8a:0x1fc 
0xa5ecd89cd9f83c477337ee99d24951288fa47e8a:0x1fd 
0xa5ecd89cd9f83c477337ee99d24951288fa47e8a:0x200 
0xa5ecd89cd9f83c477337ee99d24951288fa47e8a:0x392 
0xa5ecd89cd9f83c477337ee99d24951288fa47e8a:0x393 
0xa5ecd89cd9f83c477337ee99d24951288fa47e8a:0x396 
0xa5ecd89cd9f83c477337ee99d24951288fa47e8a:0x398 
0xa5ecd89cd9f83c477337ee99d24951288fa47e8a:0x399 
0xa5ecd89cd9f83c477337ee99d24951288fa47e8a:0x39a 
0xa5ecd89cd9f83c477337ee99d24951288fa47e8a:0x39b 
0xa5ecd89cd9f83c477337ee99d24951288fa47e8a:0x39c 
0xa5ecd89cd9f83c477337ee99d24951288fa47e8a:0x39d 
0xa5ecd89cd9f83c477337ee99d24951288fa47e8a:0x39e 
0xa5ecd89cd9f83c477337ee99d24951288fa47e8a:0x3a1 
0xa5ecd89cd9f83c477337ee99d24951288fa47e8a:0x3a2 
0xa5ecd89cd9f83c477337ee99d24951288fa47e8a:0x3a3 
0xa5ecd89cd9f83c477337ee99d24951288fa47e8a:0x3a6 
0xa5ecd89cd9f83c477337ee99d24951288fa47e8a:0x4e20 
0xa5ecd89cd9f83c477337ee99d24951288fa47e8a:0x4e21 
0xa5ecd89cd9f83c477337ee99d24951288fa47e8a:0x4e23 
0xa5ecd89cd9f83c477337ee99d24951288fa47e8a:0x4e25 
0xa5ecd89cd9f83c477337ee99d24951288fa47e8a:0x4e26 
0xa5ecd89cd9f83c477337ee99d24951288fa47e8a:0x4e27 
0xa5ecd89cd9f83c477337ee99d24951288fa47e8a:0x4e28 
0xa5ecd89cd9f83c477337ee99d24951288fa47e8a:0x4e29 
0xa5ecd89cd9f83c477337ee99d24951288fa47e8a:0x4e2a 
0xa5ecd89cd9f83c477337ee99d24951288fa47e8a:0x4e2d 
0xa5ecd89cd9f83c477337ee99d24951288fa47e8a:0x4e36 
0xa5ecd89cd9f83c477337ee99d24951288fa47e8a:0x4e37 
0xa5ecd89cd9f83c477337ee99d24951288fa47e8a:0x4e39 
0xa5ecd89cd9f83c477337ee99d24951288fa47e8a:0x4e3c 
0xa5ecd89cd9f83c477337ee99d24951288fa47e8a:0x4e3d 
0xa5ecd89cd9f83c477337ee99d24951288fa47e8a:0x4e3e 
0xa5ecd89cd9f83c477337ee99d24951288fa47e8a:0x4e3f 
0xa5ecd89cd9f83c477337ee99d24951288fa47e8a:0x4e40 
0xa5ecd89cd9f83c477337ee99d24951288fa47e8a:0x4e43 
0xa5ecd89cd9f83c477337ee99d24951288fa47e8a:0x4a2e 
0xa5ecd89cd9f83c477337ee99d24951288fa47e8a:0x4a2f 
0xa5ecd89cd9f83c477337ee99d24951288fa47e8a:0x4a31 
0xa5ecd89cd9f83c477337ee99d24951288fa47e8a:0x4a32 
0xa5ecd89cd9f83c477337ee99d24951288fa47e8a:0x4a33 
0xa5ecd89cd9f83c477337ee99d24951288fa47e8a:0x4a34 
0xa5ecd89cd9f83c477337ee99d24951288fa47e8a:0x4a35 
0xa5ecd89cd9f83c477337ee99d24951288fa47e8a:0x4a38 
0xa5ecd89cd9f83c477337ee99d24951288fa47e8a:0x4a39 
0xa5ecd89cd9f83c477337ee99d24951288fa47e8a:0x4a3c 
0xa5ecd89cd9f83c477337ee99d24951288fa47e8a:0x70a5 
0xa5ecd89cd9f83c477337ee99d24951288fa47e8a:0x70a6 
0xa5ecd89cd9f83c477337ee99d24951288fa47e8a:0x70a9 
0xa5ecd89cd9f83c477337ee99d24951288fa47e8a:0x70aa 
0xa5ecd89cd9f83c477337ee99d24951288fa47e8a:0x70ad 
0xa5ecd89cd9f83c477337ee99d24951288fa47e8a:0x611e 
0xa5ecd89cd9f83c477337ee99d24951288fa47e8a:0x611f 
0xa5ecd89cd9f83c477337ee99d24951288fa47e8a:0x6121 
0xa5ecd89cd9f83c477337ee99d24951288fa47e8a:0x6122 
0xa5ecd89cd9f83c477337ee99d24951288fa47e8a:0x6123 
0xa5ecd89cd9f83c477337ee99d24951288fa47e8a:0x6124 
0xa5ecd89cd9f83c477337ee99d24951288fa47e8a:0x6125 
0xa5ecd89cd9f83c477337ee99d24951288fa47e8a:0x6126 
0xa5ecd89cd9f83c477337ee99d24951288fa47e8a:0x6127 
0xa5ecd89cd9f83c477337ee99d24951288fa47e8a:0x70ae 
0xa5ecd89cd9f83c477337ee99d24951288fa47e8a:0x70af 
0xa5ecd89cd9f83c477337ee99d24951288fa47e8a:0x70b0 
0xa5ecd89cd9f83c477337ee99d24951288fa47e8a:0x70b1 
0xa5ecd89cd9f83c477337ee99d24951288fa47e8a:0x70b4 
0xa5ecd89cd9f83c477337ee99d24951288fa47e8a:0x70b9 
0xa5ecd89cd9f83c477337ee99d24951288fa47e8a:0x70ba 
0xa5ecd89cd9f83c477337ee99d24951288fa47e8a:0x70bb 
0xa5ecd89cd9f83c477337ee99d24951288fa47e8a:0x4a3d 
0xa5ecd89cd9f83c477337ee99d24951288fa47e8a:0x4a3e 
0xa5ecd89cd9f83c477337ee99d24951288fa47e8a:0x4a3f 
0xa5ecd89cd9f83c477337ee99d24951288fa47e8a:0x4a40 
0xa5ecd89cd9f83c477337ee99d24951288fa47e8a:0x4a41 
0xa5ecd89cd9f83c477337ee99d24951288fa47e8a:0x4a42 
0xa5ecd89cd9f83c477337ee99d24951288fa47e8a:0x4e44 
0xa5ecd89cd9f83c477337ee99d24951288fa47e8a:0x4e45 
0xa5ecd89cd9f83c477337ee99d24951288fa47e8a:0x4e46 
0xa5ecd89cd9f83c477337ee99d24951288fa47e8a:0x4e47 
0xa5ecd89cd9f83c477337ee99d24951288fa47e8a:0x4e48 
0xa5ecd89cd9f83c477337ee99d24951288fa47e8a:0x4e49 
0xa5ecd89cd9f83c477337ee99d24951288fa47e8a:0x4e4a 
0xa5ecd89cd9f83c477337ee99d24951288fa47e8a:0x4e4b 
0xa5ecd89cd9f83c477337ee99d24951288fa47e8a:0x4e4c 
0xa5ecd89cd9f83c477337ee99d24951288fa47e8a:0x3a7 
0xa5ecd89cd9f83c477337ee99d24951288fa47e8a:0x3a8 
0xa5ecd89cd9f83c477337ee99d24951288fa47e8a:0x3ab 
0xa5ecd89cd9f83c477337ee99d24951288fa47e8a:0xc20 
0xa5ecd89cd9f83c477337ee99d24951288fa47e8a:0xc21 
0xa5ecd89cd9f83c477337ee99d24951288fa47e8a:0xc23 
0xa5ecd89cd9f83c477337ee99d24951288fa47e8a:0xc25 
0xa5ecd89cd9f83c477337ee99d24951288fa47e8a:0xc27 
0xa5ecd89cd9f83c477337ee99d24951288fa47e8a:0xc28 
0xa5ecd89cd9f83c477337ee99d24951288fa47e8a:0xc29 
0xa5ecd89cd9f83c477337ee99d24951288fa47e8a:0xc2a 
0xa5ecd89cd9f83c477337ee99d24951288fa47e8a:0xc2c 
0xa5ecd89cd9f83c477337ee99d24951288fa47e8a:0xc2d 
0xa5ecd89cd9f83c477337ee99d24951288fa47e8a:0xc2e 
0xa5ecd89cd9f83c477337ee99d24951288fa47e8a:0xc2f 
0xa5ecd89cd9f83c477337ee99d24951288fa47e8a:0xc30 
0xa5ecd89cd9f83c477337ee99d24951288fa47e8a:0xc32 
0xa5ecd89cd9f83c477337ee99d24951288fa47e8a:0xc33 
0xa5ecd89cd9f83c477337ee99d24951288fa47e8a:0xc35 
0xa5ecd89cd9f83c477337ee99d24951288fa47e8a:0xc36 
0xa5ecd89cd9f83c477337ee99d24951288fa47e8a:0xc38 
0xa5ecd89cd9f83c477337ee99d24951288fa47e8a:0xc39 
0xa5ecd89cd9f83c477337ee99d24951288fa47e8a:0xc3a 
0xa5ecd89cd9f83c477337ee99d24951288fa47e8a:0xc3b 
0xa5ecd89cd9f83c477337ee99d24951288fa47e8a:0xc3c 
0xa5ecd89cd9f83c477337ee99d24951288fa47e8a:0xc3d 
0xa5ecd89cd9f83c477337ee99d24951288fa47e8a:0xc3e 
0xa5ecd89cd9f83c477337ee99d24951288fa47e8a:0xc3f 
0xa5ecd89cd9f83c477337ee99d24951288fa47e8a:0x3ac 
0xa5ecd89cd9f83c477337ee99d24951288fa47e8a:0x3ad 
0xa5ecd89cd9f83c477337ee99d24951288fa47e8a:0x3af 
0xa5ecd89cd9f83c477337ee99d24951288fa47e8a:0x3b0 
0xa5ecd89cd9f83c477337ee99d24951288fa47e8a:0x3b3 
0xa5ecd89cd9f83c477337ee99d24951288fa47e8a:0x3b4 
0xa5ecd89cd9f83c477337ee99d24951288fa47e8a:0x3b5 
0xa5ecd89cd9f83c477337ee99d24951288fa47e8a:0x3b8 
0xa5ecd89cd9f83c477337ee99d24951288fa47e8a:0x59bf 
0xa5ecd89cd9f83c477337ee99d24951288fa47e8a:0x59c0 
0xa5ecd89cd9f83c477337ee99d24951288fa47e8a:0x59c2 
0xa5ecd89cd9f83c477337ee99d24951288fa47e8a:0x59c4 
0xa5ecd89cd9f83c477337ee99d24951288fa47e8a:0x59c5 
0xa5ecd89cd9f83c477337ee99d24951288fa47e8a:0x59c6 
0xa5ecd89cd9f83c477337ee99d24951288fa47e8a:0x59c7 
0xa5ecd89cd9f83c477337ee99d24951288fa47e8a:0x59c8 
0xa5ecd89cd9f83c477337ee99d24951288fa47e8a:0x59cb 
0xa5ecd89cd9f83c477337ee99d24951288fa47e8a:0x59cd 
0xa5ecd89cd9f83c477337ee99d24951288fa47e8a:0x59ce 
0xa5ecd89cd9f83c477337ee99d24951288fa47e8a:0x59cf 
0xa5ecd89cd9f83c477337ee99d24951288fa47e8a:0x59d0 
0xa5ecd89cd9f83c477337ee99d24951288fa47e8a:0x59d3 
0xa5ecd89cd9f83c477337ee99d24951288fa47e8a:0x5036 
0xa5ecd89cd9f83c477337ee99d24951288fa47e8a:0x5037 
0xa5ecd89cd9f83c477337ee99d24951288fa47e8a:0x503a 
0xa5ecd89cd9f83c477337ee99d24951288fa47e8a:0x503b 
0xa5ecd89cd9f83c477337ee99d24951288fa47e8a:0x503e 
0xa5ecd89cd9f83c477337ee99d24951288fa47e8a:0x611e 
0xa5ecd89cd9f83c477337ee99d24951288fa47e8a:0x611f 
0xa5ecd89cd9f83c477337ee99d24951288fa47e8a:0x6121 
0xa5ecd89cd9f83c477337ee99d24951288fa47e8a:0x6122 
0xa5ecd89cd9f83c477337ee99d24951288fa47e8a:0x6123 
0xa5ecd89cd9f83c477337ee99d24951288fa47e8a:0x6124 
0xa5ecd89cd9f83c477337ee99d24951288fa47e8a:0x6125 
0xa5ecd89cd9f83c477337ee99d24951288fa47e8a:0x6126 
0xa5ecd89cd9f83c477337ee99d24951288fa47e8a:0x6127 
0xa5ecd89cd9f83c477337ee99d24951288fa47e8a:0x503f 
0xa5ecd89cd9f83c477337ee99d24951288fa47e8a:0x5040 
0xa5ecd89cd9f83c477337ee99d24951288fa47e8a:0x5041 
0xa5ecd89cd9f83c477337ee99d24951288fa47e8a:0x5042 
0xa5ecd89cd9f83c477337ee99d24951288fa47e8a:0x5043 
0xa5ecd89cd9f83c477337ee99d24951288fa47e8a:0x5044 
0xa5ecd89cd9f83c477337ee99d24951288fa47e8a:0x59d4 
0xa5ecd89cd9f83c477337ee99d24951288fa47e8a:0x59d5 
0xa5ecd89cd9f83c477337ee99d24951288fa47e8a:0x59d6 
0xa5ecd89cd9f83c477337ee99d24951288fa47e8a:0x59d7 
0xa5ecd89cd9f83c477337ee99d24951288fa47e8a:0x59d8 
0xa5ecd89cd9f83c477337ee99d24951288fa47e8a:0x59d9 
0xa5ecd89cd9f83c477337ee99d24951288fa47e8a:0x3b9 
0xa5ecd89cd9f83c477337ee99d24951288fa47e8a:0x3ba 
0xa5ecd89cd9f83c477337ee99d24951288fa47e8a:0x3bc 
0xa5ecd89cd9f83c477337ee99d24951288fa47e8a:0x3bd 
0xa5ecd89cd9f83c477337ee99d24951288fa47e8a:0x3be 
0xa5ecd89cd9f83c477337ee99d24951288fa47e8a:0x3bf 
0xa5ecd89cd9f83c477337ee99d24951288fa47e8a:0x3c0 
0xa5ecd89cd9f83c477337ee99d24951288fa47e8a:0x3c1 
