---
0xa5ecd89cd9f83c477337ee99d24951288fa47e8a:0x0 *
0xa5ecd89cd9f83c477337ee99d24951288fa47e8a:0x2 *
0xa5ecd89cd9f83c477337ee99d24951288fa47e8a:0x4 *
0xa5ecd89cd9f83c477337ee99d24951288fa47e8a:0x5 *
0xa5ecd89cd9f83c477337ee99d24951288fa47e8a:0x6 *
0xa5ecd89cd9f83c477337ee99d24951288fa47e8a:0x7 *
0xa5ecd89cd9f83c477337ee99d24951288fa47e8a:0x8 *
0xa5ecd89cd9f83c477337ee99d24951288fa47e8a:0xb *
0xa5ecd89cd9f83c477337ee99d24951288fa47e8a:0x10 *
0xa5ecd89cd9f83c477337ee99d24951288fa47e8a:0x11 *
0xa5ecd89cd9f83c477337ee99d24951288fa47e8a:0x12 *
0xa5ecd89cd9f83c477337ee99d24951288fa47e8a:0x15 *
0xa5ecd89cd9f83c477337ee99d24951288fa47e8a:0x16 *
0xa5ecd89cd9f83c477337ee99d24951288fa47e8a:0x1a *
0xa5ecd89cd9f83c477337ee99d24951288fa47e8a:0x1c *
0xa5ecd89cd9f83c477337ee99d24951288fa47e8a:0x1d *
0xa5ecd89cd9f83c477337ee99d24951288fa47e8a:0x1f *
---
0xa5ecd89cd9f83c477337ee99d24951288fa47e8a:0x0 
0xa5ecd89cd9f83c477337ee99d24951288fa47e8a:0x2 
0xa5ecd89cd9f83c477337ee99d24951288fa47e8a:0x4 
0xa5ecd89cd9f83c477337ee99d24951288fa47e8a:0x5 
0xa5ecd89cd9f83c477337ee99d24951288fa47e8a:0x6 
0xa5ecd89cd9f83c477337ee99d24951288fa47e8a:0x7 
0xa5ecd89cd9f83c477337ee99d24951288fa47e8a:0x8 
0xa5ecd89cd9f83c477337ee99d24951288fa47e8a:0xb 
0xa5ecd89cd9f83c477337ee99d24951288fa47e8a:0x10 
0xa5ecd89cd9f83c477337ee99d24951288fa47e8a:0x11 
0xa5ecd89cd9f83c477337ee99d24951288fa47e8a:0x12 
0xa5ecd89cd9f83c477337ee99d24951288fa47e8a:0x14 
0xa5ecd89cd9f83c477337ee99d24951288fa47e8a:0x15 
0xa5ecd89cd9f83c477337ee99d24951288fa47e8a:0x16 
0xa5ecd89cd9f83c477337ee99d24951288fa47e8a:0x19 
0xa5ecd89cd9f83c477337ee99d24951288fa47e8a:0x1a 
0xa5ecd89cd9f83c477337ee99d24951288fa47e8a:0x1c 
0xa5ecd89cd9f83c477337ee99d24951288fa47e8a:0x1d 
0xa5ecd89cd9f83c477337ee99d24951288fa47e8a:0x1f 
0xa5ecd89cd9f83c477337ee99d24951288fa47e8a:0x20 
0xa5ecd89cd9f83c477337ee99d24951288fa47e8a:0x21 
0xa5ecd89cd9f83c477337ee99d24951288fa47e8a:0x26 
0xa5ecd89cd9f83c477337ee99d24951288fa47e8a:0x27 
0xa5ecd89cd9f83c477337ee99d24951288fa47e8a:0x2a 
0xa5ecd89cd9f83c477337ee99d24951288fa47e8a:0x130 
0xa5ecd89cd9f83c477337ee99d24951288fa47e8a:0x131 
0xa5ecd89cd9f83c477337ee99d24951288fa47e8a:0x132 
0xa5ecd89cd9f83c477337ee99d24951288fa47e8a:0x137 
0xa5ecd89cd9f83c477337ee99d24951288fa47e8a:0x138 
0xa5ecd89cd9f83c477337ee99d24951288fa47e8a:0x13b 
0xa5ecd89cd9f83c477337ee99d24951288fa47e8a:0x1be 
0xa5ecd89cd9f83c477337ee99d24951288fa47e8a:0x1bf 
0xa5ecd89cd9f83c477337ee99d24951288fa47e8a:0x1c0 
0xa5ecd89cd9f83c477337ee99d24951288fa47e8a:0x1c5 
0xa5ecd89cd9f83c477337ee99d24951288fa47e8a:0x1c6 
0xa5ecd89cd9f83c477337ee99d24951288fa47e8a:0x1c9 
0xa5ecd89cd9f83c477337ee99d24951288fa47e8a:0x1ca 
0xa5ecd89cd9f83c477337ee99d24951288fa47e8a:0x1cb 
0xa5ecd89cd9f83c477337ee99d24951288fa47e8a:0x1d0 
0xa5ecd89cd9f83c477337ee99d24951288fa47e8a:0x1d1 
0xa5ecd89cd9f83c477337ee99d24951288fa47e8a:0x1d4 
0xa5ecd89cd9f83c477337ee99d24951288fa47e8a:0x1d5 
0xa5ecd89cd9f83c477337ee99d24951288fa47e8a:0x1d6 
0xa5ecd89cd9f83c477337ee99d24951288fa47e8a:0x1db 
0xa5ecd89cd9f83c477337ee99d24951288fa47e8a:0x1dc 
0xa5ecd89cd9f83c477337ee99d24951288fa47e8a:0x1df 
0xa5ecd89cd9f83c477337ee99d24951288fa47e8a:0x1e0 
0xa5ecd89cd9f83c477337ee99d24951288fa47e8a:0x1e1 
0xa5ecd89cd9f83c477337ee99d24951288fa47e8a:0x1e6 
0xa5ecd89cd9f83c477337ee99d24951288fa47e8a:0x1e7 
0xa5ecd89cd9f83c477337ee99d24951288fa47e8a:0x1ea 
0xa5ecd89cd9f83c477337ee99d24951288fa47e8a:0x344 
0xa5ecd89cd9f83c477337ee99d24951288fa47e8a:0x345 
0xa5ecd89cd9f83c477337ee99d24951288fa47e8a:0x348 
0xa5ecd89cd9f83c477337ee99d24951288fa47e8a:0x34b 
0xa5ecd89cd9f83c477337ee99d24951288fa47e8a:0xb1e 
0xa5ecd89cd9f83c477337ee99d24951288fa47e8a:0xb1f 
0xa5ecd89cd9f83c477337ee99d24951288fa47e8a:0xb21 
0xa5ecd89cd9f83c477337ee99d24951288fa47e8a:0xb23 
0xa5ecd89cd9f83c477337ee99d24951288fa47e8a:0xb24 
0xa5ecd89cd9f83c477337ee99d24951288fa47e8a:0xb25 
0xa5ecd89cd9f83c477337ee99d24951288fa47e8a:0xb26 
0xa5ecd89cd9f83c477337ee99d24951288fa47e8a:0xb27 
0xa5ecd89cd9f83c477337ee99d24951288fa47e8a:0x34c 
0xa5ecd89cd9f83c477337ee99d24951288fa47e8a:0x34d 
0xa5ecd89cd9f83c477337ee99d24951288fa47e8a:0x34f 
0xa5ecd89cd9f83c477337ee99d24951288fa47e8a:0x350 
0xa5ecd89cd9f83c477337ee99d24951288fa47e8a:0x353 
0xa5ecd89cd9f83c477337ee99d24951288fa47e8a:0x354 
0xa5ecd89cd9f83c477337ee99d24951288fa47e8a:0x355 
0xa5ecd89cd9f83c477337ee99d24951288fa47e8a:0x358 
0xa5ecd89cd9f83c477337ee99d24951288fa47e8a:0x5ed7 
0xa5ecd89cd9f83c477337ee99d24951288fa47e8a:0x5ed8 
0xa5ecd89cd9f83c477337ee99d24951288fa47e8a:0x5eda 
0xa5ecd89cd9f83c477337ee99d24951288fa47e8a:0x5edc 
0xa5ecd89cd9f83c477337ee99d24951288fa47e8a:0x5edd 
0xa5ecd89cd9f83c477337ee99d24951288fa47e8a:0x5ede 
0xa5ecd89cd9f83c477337ee99d24951288fa47e8a:0x5edf 
0xa5ecd89cd9f83c477337ee99d24951288fa47e8a:0x5ee0 
0xa5ecd89cd9f83c477337ee99d24951288fa47e8a:0x5ee3 
0xa5ecd89cd9f83c477337ee99d24951288fa47e8a:0x5ee5 
0xa5ecd89cd9f83c477337ee99d24951288fa47e8a:0x5ee6 
0xa5ecd89cd9f83c477337ee99d24951288fa47e8a:0x5ee7 
0xa5ecd89cd9f83c477337ee99d24951288fa47e8a:0x5ee8 
0xa5ecd89cd9f83c477337ee99d24951288fa47e8a:0x5eeb 
0xa5ecd89cd9f83c477337ee99d24951288fa47e8a:0x5702 
0xa5ecd89cd9f83c477337ee99d24951288fa47e8a:0x5703 
0xa5ecd89cd9f83c477337ee99d24951288fa47e8a:0x5706 
0xa5ecd89cd9f83c477337ee99d24951288fa47e8a:0x5707 
0xa5ecd89cd9f83c477337ee99d24951288fa47e8a:0x570a 
0xa5ecd89cd9f83c477337ee99d24951288fa47e8a:0x61bf 
0xa5ecd89cd9f83c477337ee99d24951288fa47e8a:0x61c0 
0xa5ecd89cd9f83c477337ee99d24951288fa47e8a:0x61c2 
0xa5ecd89cd9f83c477337ee99d24951288fa47e8a:0x61c3 
0xa5ecd89cd9f83c477337ee99d24951288fa47e8a:0x61c4 
0xa5ecd89cd9f83c477337ee99d24951288fa47e8a:0x61c5 
0xa5ecd89cd9f83c477337ee99d24951288fa47e8a:0x61c6 
0xa5ecd89cd9f83c477337ee99d24951288fa47e8a:0x61c7 
0xa5ecd89cd9f83c477337ee99d24951288fa47e8a:0x61c8 
0xa5ecd89cd9f83c477337ee99d24951288fa47e8a:0x570b 
0xa5ecd89cd9f83c477337ee99d24951288fa47e8a:0x570c 
0xa5ecd89cd9f83c477337ee99d24951288fa47e8a:0x570d 
0xa5ecd89cd9f83c477337ee99d24951288fa47e8a:0x570e 
0xa5ecd89cd9f83c477337ee99d24951288fa47e8a:0x570f 
0xa5ecd89cd9f83c477337ee99d24951288fa47e8a:0x5710 
0xa5ecd89cd9f83c477337ee99d24951288fa47e8a:0x5eec 
0xa5ecd89cd9f83c477337ee99d24951288fa47e8a:0x5eed 
0xa5ecd89cd9f83c477337ee99d24951288fa47e8a:0x5eee 
0xa5ecd89cd9f83c477337ee99d24951288fa47e8a:0x5eef 
0xa5ecd89cd9f83c477337ee99d24951288fa47e8a:0x5ef0 
0xa5ecd89cd9f83c477337ee99d24951288fa47e8a:0x5ef1 
0xa5ecd89cd9f83c477337ee99d24951288fa47e8a:0x359 
0xa5ecd89cd9f83c477337ee99d24951288fa47e8a:0x35a 
0xa5ecd89cd9f83c477337ee99d24951288fa47e8a:0x35c 
0xa5ecd89cd9f83c477337ee99d24951288fa47e8a:0x35d 
0xa5ecd89cd9f83c477337ee99d24951288fa47e8a:0x35e 
0xa5ecd89cd9f83c477337ee99d24951288fa47e8a:0x35f 
0xa5ecd89cd9f83c477337ee99d24951288fa47e8a:0x360 
0xa5ecd89cd9f83c477337ee99d24951288fa47e8a:0x361 
