---
0xa5ecd89cd9f83c477337ee99d24951288fa47e8a:0x0 *
0xa5ecd89cd9f83c477337ee99d24951288fa47e8a:0x2 *
0xa5ecd89cd9f83c477337ee99d24951288fa47e8a:0x4 *
0xa5ecd89cd9f83c477337ee99d24951288fa47e8a:0x5 *
0xa5ecd89cd9f83c477337ee99d24951288fa47e8a:0x6 *
0xa5ecd89cd9f83c477337ee99d24951288fa47e8a:0x7 *
0xa5ecd89cd9f83c477337ee99d24951288fa47e8a:0x8 *
0xa5ecd89cd9f83c477337ee99d24951288fa47e8a:0xb *
0xa5ecd89cd9f83c477337ee99d24951288fa47e8a:0x10 *
0xa5ecd89cd9f83c477337ee99d24951288fa47e8a:0x11 *
0xa5ecd89cd9f83c477337ee99d24951288fa47e8a:0x12 *
0xa5ecd89cd9f83c477337ee99d24951288fa47e8a:0x15 *
0xa5ecd89cd9f83c477337ee99d24951288fa47e8a:0x16 *
0xa5ecd89cd9f83c477337ee99d24951288fa47e8a:0x1a *
0xa5ecd89cd9f83c477337ee99d24951288fa47e8a:0x1c *
0xa5ecd89cd9f83c477337ee99d24951288fa47e8a:0x1d *
0xa5ecd89cd9f83c477337ee99d24951288fa47e8a:0x1f *
---
0xa5ecd89cd9f83c477337ee99d24951288fa47e8a:0x0 
0xa5ecd89cd9f83c477337ee99d24951288fa47e8a:0x2 
0xa5ecd89cd9f83c477337ee99d24951288fa47e8a:0x4 
0xa5ecd89cd9f83c477337ee99d24951288fa47e8a:0x5 
0xa5ecd89cd9f83c477337ee99d24951288fa47e8a:0x6 
0xa5ecd89cd9f83c477337ee99d24951288fa47e8a:0x7 
0xa5ecd89cd9f83c477337ee99d24951288fa47e8a:0x8 
0xa5ecd89cd9f83c477337ee99d24951288fa47e8a:0xb 
0xa5ecd89cd9f83c477337ee99d24951288fa47e8a:0x10 
0xa5ecd89cd9f83c477337ee99d24951288fa47e8a:0x11 
0xa5ecd89cd9f83c477337ee99d24951288fa47e8a:0x12 
0xa5ecd89cd9f83c477337ee99d24951288fa47e8a:0x14 
0xa5ecd89cd9f83c477337ee99d24951288fa47e8a:0x15 
0xa5ecd89cd9f83c477337ee99d24951288fa47e8a:0x16 
0xa5ecd89cd9f83c477337ee99d24951288fa47e8a:0x19 
0xa5ecd89cd9f83c477337ee99d24951288fa47e8a:0x1a 
0xa5ecd89cd9f83c477337ee99d24951288fa47e8a:0x1c 
0xa5ecd89cd9f83c477337ee99d24951288fa47e8a:0x1d 
0xa5ecd89cd9f83c477337ee99d24951288fa47e8a:0x1f 
0xa5ecd89cd9f83c477337ee99d24951288fa47e8a:0x20 
0xa5ecd89cd9f83c477337ee99d24951288fa47e8a:0x21 
0xa5ecd89cd9f83c477337ee99d24951288fa47e8a:0x26 
0xa5ecd89cd9f83c477337ee99d24951288fa47e8a:0x27 
0xa5ecd89cd9f83c477337ee99d24951288fa47e8a:0x2a 
0xa5ecd89cd9f83c477337ee99d24951288fa47e8a:0x130 
0xa5ecd89cd9f83c477337ee99d24951288fa47e8a:0x131 
0xa5ecd89cd9f83c477337ee99d24951288fa47e8a:0x132 
0xa5ecd89cd9f83c477337ee99d24951288fa47e8a:0x137 
0xa5ecd89cd9f83c477337ee99d24951288fa47e8a:0x138 
0xa5ecd89cd9f83c477337ee99d24951288fa47e8a:0x13b 
0xa5ecd89cd9f83c477337ee99d24951288fa47e8a:0x1be 
0xa5ecd89cd9f83c477337ee99d24951288fa47e8a:0x1bf 
0xa5ecd89cd9f83c477337ee99d24951288fa47e8a:0x1c0 
0xa5ecd89cd9f83c477337ee99d24951288fa47e8a:0x1c5 
0xa5ecd89cd9f83c477337ee99d24951288fa47e8a:0x1c6 
0xa5ecd89cd9f83c477337ee99d24951288fa47e8a:0x1c9 
0xa5ecd89cd9f83c477337ee99d24951288fa47e8a:0x205 
0xa5ecd89cd9f83c477337ee99d24951288fa47e8a:0x206 
0xa5ecd89cd9f83c477337ee99d24951288fa47e8a:0x207 
0xa5ecd89cd9f83c477337ee99d24951288fa47e8a:0x20b 
0xa5ecd89cd9f83c477337ee99d24951288fa47e8a:0x20c 
0xa5ecd89cd9f83c477337ee99d24951288fa47e8a:0x20f 
0xa5ecd89cd9f83c477337ee99d24951288fa47e8a:0x210 
0xa5ecd89cd9f83c477337ee99d24951288fa47e8a:0x211 
0xa5ecd89cd9f83c477337ee99d24951288fa47e8a:0x216 
0xa5ecd89cd9f83c477337ee99d24951288fa47e8a:0x217 
0xa5ecd89cd9f83c477337ee99d24951288fa47e8a:0x21a 
0xa5ecd89cd9f83c477337ee99d24951288fa47e8a:0x21b 
0xa5ecd89cd9f83c477337ee99d24951288fa47e8a:0x21c 
0xa5ecd89cd9f83c477337ee99d24951288fa47e8a:0x221 
0xa5ecd89cd9f83c477337ee99d24951288fa47e8a:0x222 
0xa5ecd89cd9f83c477337ee99d24951288fa47e8a:0x225 
0xa5ecd89cd9f83c477337ee99d24951288fa47e8a:0x226 
0xa5ecd89cd9f83c477337ee99d24951288fa47e8a:0x227 
0xa5ecd89cd9f83c477337ee99d24951288fa47e8a:0x22c 
0xa5ecd89cd9f83c477337ee99d24951288fa47e8a:0x22d 
0xa5ecd89cd9f83c477337ee99d24951288fa47e8a:0x230 
0xa5ecd89cd9f83c477337ee99d24951288fa47e8a:0x2b4 
0xa5ecd89cd9f83c477337ee99d24951288fa47e8a:0x2b5 
0xa5ecd89cd9f83c477337ee99d24951288fa47e8a:0x2b8 
0xa5ecd89cd9f83c477337ee99d24951288fa47e8a:0x2ba 
0xa5ecd89cd9f83c477337ee99d24951288fa47e8a:0x2bb 
0xa5ecd89cd9f83c477337ee99d24951288fa47e8a:0x2bc 
0xa5ecd89cd9f83c477337ee99d24951288fa47e8a:0x2bd 
0xa5ecd89cd9f83c477337ee99d24951288fa47e8a:0x2be 
0xa5ecd89cd9f83c477337ee99d24951288fa47e8a:0x2bf 
0xa5ecd89cd9f83c477337ee99d24951288fa47e8a:0x2c0 
0xa5ecd89cd9f83c477337ee99d24951288fa47e8a:0x2c3 
0xa5ecd89cd9f83c477337ee99d24951288fa47e8a:0x2c4 
0xa5ecd89cd9f83c477337ee99d24951288fa47e8a:0x2c5 
0xa5ecd89cd9f83c477337ee99d24951288fa47e8a:0x2c8 
0xa5ecd89cd9f83c477337ee99d24951288fa47e8a:0x4d60 
0xa5ecd89cd9f83c477337ee99d24951288fa47e8a:0x4d61 
0xa5ecd89cd9f83c477337ee99d24951288fa47e8a:0x4d63 
0xa5ecd89cd9f83c477337ee99d24951288fa47e8a:0x4d64 
0xa5ecd89cd9f83c477337ee99d24951288fa47e8a:0x4d66 
0xa5ecd89cd9f83c477337ee99d24951288fa47e8a:0x4d67 
0xa5ecd89cd9f83c477337ee99d24951288fa47e8a:0x4d68 
0xa5ecd89cd9f83c477337ee99d24951288fa47e8a:0x4d69 
0xa5ecd89cd9f83c477337ee99d24951288fa47e8a:0x4d6a 
0xa5ecd89cd9f83c477337ee99d24951288fa47e8a:0x4d6b 
0xa5ecd89cd9f83c477337ee99d24951288fa47e8a:0x4d6e 
0xa5ecd89cd9f83c477337ee99d24951288fa47e8a:0x4d77 
0xa5ecd89cd9f83c477337ee99d24951288fa47e8a:0x4d78 
0xa5ecd89cd9f83c477337ee99d24951288fa47e8a:0x4d7a 
0xa5ecd89cd9f83c477337ee99d24951288fa47e8a:0x4d7d 
0xa5ecd89cd9f83c477337ee99d24951288fa47e8a:0x4d7e 
0xa5ecd89cd9f83c477337ee99d24951288fa47e8a:0x4d7f 
0xa5ecd89cd9f83c477337ee99d24951288fa47e8a:0x4d80 
0xa5ecd89cd9f83c477337ee99d24951288fa47e8a:0x4d81 
0xa5ecd89cd9f83c477337ee99d24951288fa47e8a:0x4d84 
0xa5ecd89cd9f83c477337ee99d24951288fa47e8a:0x4a04 
0xa5ecd89cd9f83c477337ee99d24951288fa47e8a:0x4a05 
0xa5ecd89cd9f83c477337ee99d24951288fa47e8a:0x4a07 
0xa5ecd89cd9f83c477337ee99d24951288fa47e8a:0x4a08 
0xa5ecd89cd9f83c477337ee99d24951288fa47e8a:0x4a09 
0xa5ecd89cd9f83c477337ee99d24951288fa47e8a:0x4a0a 
0xa5ecd89cd9f83c477337ee99d24951288fa47e8a:0x4a0b 
0xa5ecd89cd9f83c477337ee99d24951288fa47e8a:0x4a0e 
0xa5ecd89cd9f83c477337ee99d24951288fa47e8a:0x4a0f 
0xa5ecd89cd9f83c477337ee99d24951288fa47e8a:0x4a12 
0xa5ecd89cd9f83c477337ee99d24951288fa47e8a:0x7077 
0xa5ecd89cd9f83c477337ee99d24951288fa47e8a:0x7078 
0xa5ecd89cd9f83c477337ee99d24951288fa47e8a:0x707b 
0xa5ecd89cd9f83c477337ee99d24951288fa47e8a:0x707c 
0xa5ecd89cd9f83c477337ee99d24951288fa47e8a:0x707f 
0xa5ecd89cd9f83c477337ee99d24951288fa47e8a:0x6100 
0xa5ecd89cd9f83c477337ee99d24951288fa47e8a:0x6101 
0xa5ecd89cd9f83c477337ee99d24951288fa47e8a:0x6103 
0xa5ecd89cd9f83c477337ee99d24951288fa47e8a:0x6106 
0xa5ecd89cd9f83c477337ee99d24951288fa47e8a:0x6107 
0xa5ecd89cd9f83c477337ee99d24951288fa47e8a:0x610a 
0xa5ecd89cd9f83c477337ee99d24951288fa47e8a:0x619f 
0xa5ecd89cd9f83c477337ee99d24951288fa47e8a:0x61a0 
0xa5ecd89cd9f83c477337ee99d24951288fa47e8a:0x61a2 
0xa5ecd89cd9f83c477337ee99d24951288fa47e8a:0x61b7 
0xa5ecd89cd9f83c477337ee99d24951288fa47e8a:0x61b8 
0xa5ecd89cd9f83c477337ee99d24951288fa47e8a:0x61b9 
0xa5ecd89cd9f83c477337ee99d24951288fa47e8a:0x61ba 
0xa5ecd89cd9f83c477337ee99d24951288fa47e8a:0x61bb 
0xa5ecd89cd9f83c477337ee99d24951288fa47e8a:0x61bc 
0xa5ecd89cd9f83c477337ee99d24951288fa47e8a:0x61bd 
0xa5ecd89cd9f83c477337ee99d24951288fa47e8a:0x61be 
0xa5ecd89cd9f83c477337ee99d24951288fa47e8a:0x610b 
0xa5ecd89cd9f83c477337ee99d24951288fa47e8a:0x610c 
0xa5ecd89cd9f83c477337ee99d24951288fa47e8a:0x610d 
0xa5ecd89cd9f83c477337ee99d24951288fa47e8a:0x610e 
0xa5ecd89cd9f83c477337ee99d24951288fa47e8a:0x610f 
0xa5ecd89cd9f83c477337ee99d24951288fa47e8a:0x6110 
0xa5ecd89cd9f83c477337ee99d24951288fa47e8a:0x6111 
0xa5ecd89cd9f83c477337ee99d24951288fa47e8a:0x7080 
0xa5ecd89cd9f83c477337ee99d24951288fa47e8a:0x7081 
0xa5ecd89cd9f83c477337ee99d24951288fa47e8a:0x7082 
0xa5ecd89cd9f83c477337ee99d24951288fa47e8a:0x7083 
0xa5ecd89cd9f83c477337ee99d24951288fa47e8a:0x7086 
0xa5ecd89cd9f83c477337ee99d24951288fa47e8a:0x708b 
0xa5ecd89cd9f83c477337ee99d24951288fa47e8a:0x708c 
0xa5ecd89cd9f83c477337ee99d24951288fa47e8a:0x708d 
0xa5ecd89cd9f83c477337ee99d24951288fa47e8a:0x4a13 
0xa5ecd89cd9f83c477337ee99d24951288fa47e8a:0x4a14 
0xa5ecd89cd9f83c477337ee99d24951288fa47e8a:0x4a15 
0xa5ecd89cd9f83c477337ee99d24951288fa47e8a:0x4a16 
0xa5ecd89cd9f83c477337ee99d24951288fa47e8a:0x4a17 
0xa5ecd89cd9f83c477337ee99d24951288fa47e8a:0x4a18 
0xa5ecd89cd9f83c477337ee99d24951288fa47e8a:0x4d85 
0xa5ecd89cd9f83c477337ee99d24951288fa47e8a:0x4d86 
0xa5ecd89cd9f83c477337ee99d24951288fa47e8a:0x4d87 
0xa5ecd89cd9f83c477337ee99d24951288fa47e8a:0x4d88 
0xa5ecd89cd9f83c477337ee99d24951288fa47e8a:0x4d89 
0xa5ecd89cd9f83c477337ee99d24951288fa47e8a:0x4d8b 
0xa5ecd89cd9f83c477337ee99d24951288fa47e8a:0x4d8e 
0xa5ecd89cd9f83c477337ee99d24951288fa47e8a:0x4d8f 
0xa5ecd89cd9f83c477337ee99d24951288fa47e8a:0x4d90 
0xa5ecd89cd9f83c477337ee99d24951288fa47e8a:0x4d91 
0xa5ecd89cd9f83c477337ee99d24951288fa47e8a:0x4d92 
0xa5ecd89cd9f83c477337ee99d24951288fa47e8a:0x4d95 
0xa5ecd89cd9f83c477337ee99d24951288fa47e8a:0x4af1 
0xa5ecd89cd9f83c477337ee99d24951288fa47e8a:0x4af2 
0xa5ecd89cd9f83c477337ee99d24951288fa47e8a:0x4af4 
0xa5ecd89cd9f83c477337ee99d24951288fa47e8a:0x4af5 
0xa5ecd89cd9f83c477337ee99d24951288fa47e8a:0x4af6 
0xa5ecd89cd9f83c477337ee99d24951288fa47e8a:0x4af7 
0xa5ecd89cd9f83c477337ee99d24951288fa47e8a:0x4af8 
0xa5ecd89cd9f83c477337ee99d24951288fa47e8a:0x4afb 
0xa5ecd89cd9f83c477337ee99d24951288fa47e8a:0x4afc 
0xa5ecd89cd9f83c477337ee99d24951288fa47e8a:0x4aff 
0xa5ecd89cd9f83c477337ee99d24951288fa47e8a:0x70ea 
0xa5ecd89cd9f83c477337ee99d24951288fa47e8a:0x70eb 
0xa5ecd89cd9f83c477337ee99d24951288fa47e8a:0x70ee 
0xa5ecd89cd9f83c477337ee99d24951288fa47e8a:0x70ef 
0xa5ecd89cd9f83c477337ee99d24951288fa47e8a:0x70f2 
0xa5ecd89cd9f83c477337ee99d24951288fa47e8a:0x61bf 
0xa5ecd89cd9f83c477337ee99d24951288fa47e8a:0x61c0 
0xa5ecd89cd9f83c477337ee99d24951288fa47e8a:0x61c2 
0xa5ecd89cd9f83c477337ee99d24951288fa47e8a:0x61c3 
0xa5ecd89cd9f83c477337ee99d24951288fa47e8a:0x61c4 
0xa5ecd89cd9f83c477337ee99d24951288fa47e8a:0x61c5 
0xa5ecd89cd9f83c477337ee99d24951288fa47e8a:0x61c6 
0xa5ecd89cd9f83c477337ee99d24951288fa47e8a:0x61c7 
0xa5ecd89cd9f83c477337ee99d24951288fa47e8a:0x61c8 
0xa5ecd89cd9f83c477337ee99d24951288fa47e8a:0x70f3 
0xa5ecd89cd9f83c477337ee99d24951288fa47e8a:0x70f4 
0xa5ecd89cd9f83c477337ee99d24951288fa47e8a:0x70f5 
0xa5ecd89cd9f83c477337ee99d24951288fa47e8a:0x70f6 
0xa5ecd89cd9f83c477337ee99d24951288fa47e8a:0x70f9 
0xa5ecd89cd9f83c477337ee99d24951288fa47e8a:0x70fe 
0xa5ecd89cd9f83c477337ee99d24951288fa47e8a:0x70ff 
0xa5ecd89cd9f83c477337ee99d24951288fa47e8a:0x7100 
0xa5ecd89cd9f83c477337ee99d24951288fa47e8a:0x4b00 
0xa5ecd89cd9f83c477337ee99d24951288fa47e8a:0x4b01 
0xa5ecd89cd9f83c477337ee99d24951288fa47e8a:0x4b02 
0xa5ecd89cd9f83c477337ee99d24951288fa47e8a:0x4b03 
0xa5ecd89cd9f83c477337ee99d24951288fa47e8a:0x4b04 
0xa5ecd89cd9f83c477337ee99d24951288fa47e8a:0x4b05 
0xa5ecd89cd9f83c477337ee99d24951288fa47e8a:0x4d96 
0xa5ecd89cd9f83c477337ee99d24951288fa47e8a:0x4d97 
0xa5ecd89cd9f83c477337ee99d24951288fa47e8a:0x4d98 
0xa5ecd89cd9f83c477337ee99d24951288fa47e8a:0x4d99 
0xa5ecd89cd9f83c477337ee99d24951288fa47e8a:0x4d9a 
0xa5ecd89cd9f83c477337ee99d24951288fa47e8a:0x4d9b 
0xa5ecd89cd9f83c477337ee99d24951288fa47e8a:0x4d9c 
0xa5ecd89cd9f83c477337ee99d24951288fa47e8a:0x4d9d 
0xa5ecd89cd9f83c477337ee99d24951288fa47e8a:0x4d9e 
0xa5ecd89cd9f83c477337ee99d24951288fa47e8a:0x4d9f 
0xa5ecd89cd9f83c477337ee99d24951288fa47e8a:0x2c9 
0xa5ecd89cd9f83c477337ee99d24951288fa47e8a:0x2ca 
0xa5ecd89cd9f83c477337ee99d24951288fa47e8a:0x2cd 
0xa5ecd89cd9f83c477337ee99d24951288fa47e8a:0x9be 
0xa5ecd89cd9f83c477337ee99d24951288fa47e8a:0x9bf 
0xa5ecd89cd9f83c477337ee99d24951288fa47e8a:0x9c1 
0xa5ecd89cd9f83c477337ee99d24951288fa47e8a:0x9c4 
0xa5ecd89cd9f83c477337ee99d24951288fa47e8a:0x9c7 
0xa5ecd89cd9f83c477337ee99d24951288fa47e8a:0x9ca 
0xa5ecd89cd9f83c477337ee99d24951288fa47e8a:0x239b 
0xa5ecd89cd9f83c477337ee99d24951288fa47e8a:0x239c 
0xa5ecd89cd9f83c477337ee99d24951288fa47e8a:0x239e 
0xa5ecd89cd9f83c477337ee99d24951288fa47e8a:0x239f 
0xa5ecd89cd9f83c477337ee99d24951288fa47e8a:0x23a0 
0xa5ecd89cd9f83c477337ee99d24951288fa47e8a:0x23a1 
0xa5ecd89cd9f83c477337ee99d24951288fa47e8a:0x23a2 
0xa5ecd89cd9f83c477337ee99d24951288fa47e8a:0x9cb 
0xa5ecd89cd9f83c477337ee99d24951288fa47e8a:0x9cc 
0xa5ecd89cd9f83c477337ee99d24951288fa47e8a:0x9cd 
0xa5ecd89cd9f83c477337ee99d24951288fa47e8a:0x9ce 
0xa5ecd89cd9f83c477337ee99d24951288fa47e8a:0x9d1 
0xa5ecd89cd9f83c477337ee99d24951288fa47e8a:0x23a3 
0xa5ecd89cd9f83c477337ee99d24951288fa47e8a:0x23a4 
0xa5ecd89cd9f83c477337ee99d24951288fa47e8a:0x23a6 
0xa5ecd89cd9f83c477337ee99d24951288fa47e8a:0x23bb 
0xa5ecd89cd9f83c477337ee99d24951288fa47e8a:0x23bc 
0xa5ecd89cd9f83c477337ee99d24951288fa47e8a:0x23bd 
0xa5ecd89cd9f83c477337ee99d24951288fa47e8a:0x23d2 
0xa5ecd89cd9f83c477337ee99d24951288fa47e8a:0x23d3 
0xa5ecd89cd9f83c477337ee99d24951288fa47e8a:0x23d4 
0xa5ecd89cd9f83c477337ee99d24951288fa47e8a:0x23d5 
0xa5ecd89cd9f83c477337ee99d24951288fa47e8a:0x23d8 
0xa5ecd89cd9f83c477337ee99d24951288fa47e8a:0x2413 
0xa5ecd89cd9f83c477337ee99d24951288fa47e8a:0x2414 
0xa5ecd89cd9f83c477337ee99d24951288fa47e8a:0x2416 
0xa5ecd89cd9f83c477337ee99d24951288fa47e8a:0x242b 
0xa5ecd89cd9f83c477337ee99d24951288fa47e8a:0x242c 
0xa5ecd89cd9f83c477337ee99d24951288fa47e8a:0x242d 
0xa5ecd89cd9f83c477337ee99d24951288fa47e8a:0x2442 
0xa5ecd89cd9f83c477337ee99d24951288fa47e8a:0x2443 
0xa5ecd89cd9f83c477337ee99d24951288fa47e8a:0x2444 
0xa5ecd89cd9f83c477337ee99d24951288fa47e8a:0x2445 
0xa5ecd89cd9f83c477337ee99d24951288fa47e8a:0x2448 
0xa5ecd89cd9f83c477337ee99d24951288fa47e8a:0x2483 
0xa5ecd89cd9f83c477337ee99d24951288fa47e8a:0x2484 
0xa5ecd89cd9f83c477337ee99d24951288fa47e8a:0x2485 
0xa5ecd89cd9f83c477337ee99d24951288fa47e8a:0x2487 
0xa5ecd89cd9f83c477337ee99d24951288fa47e8a:0x2489 
0xa5ecd89cd9f83c477337ee99d24951288fa47e8a:0x248a 
0xa5ecd89cd9f83c477337ee99d24951288fa47e8a:0x249f 
0xa5ecd89cd9f83c477337ee99d24951288fa47e8a:0x24a0 
0xa5ecd89cd9f83c477337ee99d24951288fa47e8a:0x24b5 
0xa5ecd89cd9f83c477337ee99d24951288fa47e8a:0x24b6 
0xa5ecd89cd9f83c477337ee99d24951288fa47e8a:0x24b7 
0xa5ecd89cd9f83c477337ee99d24951288fa47e8a:0x24b8 
0xa5ecd89cd9f83c477337ee99d24951288fa47e8a:0x24ba 
0xa5ecd89cd9f83c477337ee99d24951288fa47e8a:0x24bb 
0xa5ecd89cd9f83c477337ee99d24951288fa47e8a:0x24bc 
0xa5ecd89cd9f83c477337ee99d24951288fa47e8a:0x24bd 
0xa5ecd89cd9f83c477337ee99d24951288fa47e8a:0x24be 
0xa5ecd89cd9f83c477337ee99d24951288fa47e8a:0x24c0 
0xa5ecd89cd9f83c477337ee99d24951288fa47e8a:0x24c1 
0xa5ecd89cd9f83c477337ee99d24951288fa47e8a:0x24c3 
0xa5ecd89cd9f83c477337ee99d24951288fa47e8a:0x24c4 
0xa5ecd89cd9f83c477337ee99d24951288fa47e8a:0x24c6 
0xa5ecd89cd9f83c477337ee99d24951288fa47e8a:0x24c7 
0xa5ecd89cd9f83c477337ee99d24951288fa47e8a:0x24dc 
0xa5ecd89cd9f83c477337ee99d24951288fa47e8a:0x24dd 
0xa5ecd89cd9f83c477337ee99d24951288fa47e8a:0x24f2 
0xa5ecd89cd9f83c477337ee99d24951288fa47e8a:0x24f3 
0xa5ecd89cd9f83c477337ee99d24951288fa47e8a:0x24f4 
0xa5ecd89cd9f83c477337ee99d24951288fa47e8a:0x24f5 
0xa5ecd89cd9f83c477337ee99d24951288fa47e8a:0x24f7 
0xa5ecd89cd9f83c477337ee99d24951288fa47e8a:0x24f8 
0xa5ecd89cd9f83c477337ee99d24951288fa47e8a:0x24f9 
0xa5ecd89cd9f83c477337ee99d24951288fa47e8a:0x24fa 
0xa5ecd89cd9f83c477337ee99d24951288fa47e8a:0x24fb 
0xa5ecd89cd9f83c477337ee99d24951288fa47e8a:0x24fd 
0xa5ecd89cd9f83c477337ee99d24951288fa47e8a:0x24fe 
0xa5ecd89cd9f83c477337ee99d24951288fa47e8a:0x2500 
0xa5ecd89cd9f83c477337ee99d24951288fa47e8a:0x2501 
0xa5ecd89cd9f83c477337ee99d24951288fa47e8a:0x2502 
0xa5ecd89cd9f83c477337ee99d24951288fa47e8a:0x2503 
0xa5ecd89cd9f83c477337ee99d24951288fa47e8a:0x2504 
0xa5ecd89cd9f83c477337ee99d24951288fa47e8a:0x2505 
0xa5ecd89cd9f83c477337ee99d24951288fa47e8a:0x2506 
0xa5ecd89cd9f83c477337ee99d24951288fa47e8a:0x251b 
0xa5ecd89cd9f83c477337ee99d24951288fa47e8a:0x251c 
0xa5ecd89cd9f83c477337ee99d24951288fa47e8a:0x251d 
0xa5ecd89cd9f83c477337ee99d24951288fa47e8a:0x2532 
0xa5ecd89cd9f83c477337ee99d24951288fa47e8a:0x2533 
0xa5ecd89cd9f83c477337ee99d24951288fa47e8a:0x2554 
0xa5ecd89cd9f83c477337ee99d24951288fa47e8a:0x2555 
0xa5ecd89cd9f83c477337ee99d24951288fa47e8a:0x2557 
0xa5ecd89cd9f83c477337ee99d24951288fa47e8a:0x2558 
0xa5ecd89cd9f83c477337ee99d24951288fa47e8a:0x255b 
0xa5ecd89cd9f83c477337ee99d24951288fa47e8a:0x255c 
0xa5ecd89cd9f83c477337ee99d24951288fa47e8a:0x255d 
0xa5ecd89cd9f83c477337ee99d24951288fa47e8a:0x2560 
0xa5ecd89cd9f83c477337ee99d24951288fa47e8a:0x5ed7 
0xa5ecd89cd9f83c477337ee99d24951288fa47e8a:0x5ed8 
0xa5ecd89cd9f83c477337ee99d24951288fa47e8a:0x5eda 
0xa5ecd89cd9f83c477337ee99d24951288fa47e8a:0x5edc 
0xa5ecd89cd9f83c477337ee99d24951288fa47e8a:0x5edd 
0xa5ecd89cd9f83c477337ee99d24951288fa47e8a:0x5ede 
0xa5ecd89cd9f83c477337ee99d24951288fa47e8a:0x5edf 
0xa5ecd89cd9f83c477337ee99d24951288fa47e8a:0x5ee0 
0xa5ecd89cd9f83c477337ee99d24951288fa47e8a:0x5ee3 
0xa5ecd89cd9f83c477337ee99d24951288fa47e8a:0x5ee5 
0xa5ecd89cd9f83c477337ee99d24951288fa47e8a:0x5ee6 
0xa5ecd89cd9f83c477337ee99d24951288fa47e8a:0x5ee7 
0xa5ecd89cd9f83c477337ee99d24951288fa47e8a:0x5ee8 
0xa5ecd89cd9f83c477337ee99d24951288fa47e8a:0x5eeb 
0xa5ecd89cd9f83c477337ee99d24951288fa47e8a:0x5702 
0xa5ecd89cd9f83c477337ee99d24951288fa47e8a:0x5703 
0xa5ecd89cd9f83c477337ee99d24951288fa47e8a:0x5706 
0xa5ecd89cd9f83c477337ee99d24951288fa47e8a:0x5707 
0xa5ecd89cd9f83c477337ee99d24951288fa47e8a:0x570a 
0xa5ecd89cd9f83c477337ee99d24951288fa47e8a:0x61bf 
0xa5ecd89cd9f83c477337ee99d24951288fa47e8a:0x61c0 
0xa5ecd89cd9f83c477337ee99d24951288fa47e8a:0x61c2 
0xa5ecd89cd9f83c477337ee99d24951288fa47e8a:0x61c3 
0xa5ecd89cd9f83c477337ee99d24951288fa47e8a:0x61c4 
0xa5ecd89cd9f83c477337ee99d24951288fa47e8a:0x61c5 
0xa5ecd89cd9f83c477337ee99d24951288fa47e8a:0x61c6 
0xa5ecd89cd9f83c477337ee99d24951288fa47e8a:0x61c7 
0xa5ecd89cd9f83c477337ee99d24951288fa47e8a:0x61c8 
0xa5ecd89cd9f83c477337ee99d24951288fa47e8a:0x570b 
0xa5ecd89cd9f83c477337ee99d24951288fa47e8a:0x570c 
0xa5ecd89cd9f83c477337ee99d24951288fa47e8a:0x570d 
0xa5ecd89cd9f83c477337ee99d24951288fa47e8a:0x570e 
0xa5ecd89cd9f83c477337ee99d24951288fa47e8a:0x570f 
0xa5ecd89cd9f83c477337ee99d24951288fa47e8a:0x5710 
0xa5ecd89cd9f83c477337ee99d24951288fa47e8a:0x5eec 
0xa5ecd89cd9f83c477337ee99d24951288fa47e8a:0x5eed 
0xa5ecd89cd9f83c477337ee99d24951288fa47e8a:0x5eee 
0xa5ecd89cd9f83c477337ee99d24951288fa47e8a:0x5eef 
0xa5ecd89cd9f83c477337ee99d24951288fa47e8a:0x5ef0 
0xa5ecd89cd9f83c477337ee99d24951288fa47e8a:0x5ef1 
0xa5ecd89cd9f83c477337ee99d24951288fa47e8a:0x2561 
0xa5ecd89cd9f83c477337ee99d24951288fa47e8a:0x2562 
0xa5ecd89cd9f83c477337ee99d24951288fa47e8a:0x2564 
0xa5ecd89cd9f83c477337ee99d24951288fa47e8a:0x2565 
0xa5ecd89cd9f83c477337ee99d24951288fa47e8a:0x2566 
0xa5ecd89cd9f83c477337ee99d24951288fa47e8a:0x2567 
0xa5ecd89cd9f83c477337ee99d24951288fa47e8a:0x2568 
0xa5ecd89cd9f83c477337ee99d24951288fa47e8a:0x2569 
0xa5ecd89cd9f83c477337ee99d24951288fa47e8a:0x256a 
0xa5ecd89cd9f83c477337ee99d24951288fa47e8a:0x256b 
0xa5ecd89cd9f83c477337ee99d24951288fa47e8a:0x256c 
0xa5ecd89cd9f83c477337ee99d24951288fa47e8a:0x256d 
0xa5ecd89cd9f83c477337ee99d24951288fa47e8a:0x9d2 
0xa5ecd89cd9f83c477337ee99d24951288fa47e8a:0x9d3 
0xa5ecd89cd9f83c477337ee99d24951288fa47e8a:0x9d5 
0xa5ecd89cd9f83c477337ee99d24951288fa47e8a:0x9d6 
0xa5ecd89cd9f83c477337ee99d24951288fa47e8a:0x9d7 
0xa5ecd89cd9f83c477337ee99d24951288fa47e8a:0x9d8 
0xa5ecd89cd9f83c477337ee99d24951288fa47e8a:0x9d9 
0xa5ecd89cd9f83c477337ee99d24951288fa47e8a:0x9da 
0xa5ecd89cd9f83c477337ee99d24951288fa47e8a:0x9db 
0xa5ecd89cd9f83c477337ee99d24951288fa47e8a:0x2ce 
0xa5ecd89cd9f83c477337ee99d24951288fa47e8a:0x2cf 
0xa5ecd89cd9f83c477337ee99d24951288fa47e8a:0x2d1 
0xa5ecd89cd9f83c477337ee99d24951288fa47e8a:0x2d2 
0xa5ecd89cd9f83c477337ee99d24951288fa47e8a:0x2d5 
0xa5ecd89cd9f83c477337ee99d24951288fa47e8a:0x2d6 
0xa5ecd89cd9f83c477337ee99d24951288fa47e8a:0x2d7 
0xa5ecd89cd9f83c477337ee99d24951288fa47e8a:0x2da 
0xa5ecd89cd9f83c477337ee99d24951288fa47e8a:0x59a4 
0xa5ecd89cd9f83c477337ee99d24951288fa47e8a:0x59a5 
0xa5ecd89cd9f83c477337ee99d24951288fa47e8a:0x59a7 
0xa5ecd89cd9f83c477337ee99d24951288fa47e8a:0x59a9 
0xa5ecd89cd9f83c477337ee99d24951288fa47e8a:0x59aa 
0xa5ecd89cd9f83c477337ee99d24951288fa47e8a:0x59ab 
0xa5ecd89cd9f83c477337ee99d24951288fa47e8a:0x59ac 
0xa5ecd89cd9f83c477337ee99d24951288fa47e8a:0x59ad 
0xa5ecd89cd9f83c477337ee99d24951288fa47e8a:0x59b0 
0xa5ecd89cd9f83c477337ee99d24951288fa47e8a:0x59b2 
0xa5ecd89cd9f83c477337ee99d24951288fa47e8a:0x59b3 
0xa5ecd89cd9f83c477337ee99d24951288fa47e8a:0x59b4 
0xa5ecd89cd9f83c477337ee99d24951288fa47e8a:0x59b5 
0xa5ecd89cd9f83c477337ee99d24951288fa47e8a:0x59b8 
0xa5ecd89cd9f83c477337ee99d24951288fa47e8a:0x5027 
0xa5ecd89cd9f83c477337ee99d24951288fa47e8a:0x5028 
0xa5ecd89cd9f83c477337ee99d24951288fa47e8a:0x502b 
0xa5ecd89cd9f83c477337ee99d24951288fa47e8a:0x502c 
0xa5ecd89cd9f83c477337ee99d24951288fa47e8a:0x502f 
0xa5ecd89cd9f83c477337ee99d24951288fa47e8a:0x6112 
0xa5ecd89cd9f83c477337ee99d24951288fa47e8a:0x6113 
0xa5ecd89cd9f83c477337ee99d24951288fa47e8a:0x6115 
0xa5ecd89cd9f83c477337ee99d24951288fa47e8a:0x6116 
0xa5ecd89cd9f83c477337ee99d24951288fa47e8a:0x6117 
0xa5ecd89cd9f83c477337ee99d24951288fa47e8a:0x6118 
0xa5ecd89cd9f83c477337ee99d24951288fa47e8a:0x6119 
0xa5ecd89cd9f83c477337ee99d24951288fa47e8a:0x611a 
0xa5ecd89cd9f83c477337ee99d24951288fa47e8a:0x611b 
0xa5ecd89cd9f83c477337ee99d24951288fa47e8a:0x611c 
0xa5ecd89cd9f83c477337ee99d24951288fa47e8a:0x611d 
0xa5ecd89cd9f83c477337ee99d24951288fa47e8a:0x5030 
0xa5ecd89cd9f83c477337ee99d24951288fa47e8a:0x5031 
0xa5ecd89cd9f83c477337ee99d24951288fa47e8a:0x5032 
0xa5ecd89cd9f83c477337ee99d24951288fa47e8a:0x5033 
0xa5ecd89cd9f83c477337ee99d24951288fa47e8a:0x5034 
0xa5ecd89cd9f83c477337ee99d24951288fa47e8a:0x5035 
0xa5ecd89cd9f83c477337ee99d24951288fa47e8a:0x59b9 
0xa5ecd89cd9f83c477337ee99d24951288fa47e8a:0x59ba 
0xa5ecd89cd9f83c477337ee99d24951288fa47e8a:0x59bb 
0xa5ecd89cd9f83c477337ee99d24951288fa47e8a:0x59bc 
0xa5ecd89cd9f83c477337ee99d24951288fa47e8a:0x59bd 
0xa5ecd89cd9f83c477337ee99d24951288fa47e8a:0x59be 
0xa5ecd89cd9f83c477337ee99d24951288fa47e8a:0x2db 
0xa5ecd89cd9f83c477337ee99d24951288fa47e8a:0x2dc 
0xa5ecd89cd9f83c477337ee99d24951288fa47e8a:0x2de 
0xa5ecd89cd9f83c477337ee99d24951288fa47e8a:0x2df 
0xa5ecd89cd9f83c477337ee99d24951288fa47e8a:0x2e0 
0xa5ecd89cd9f83c477337ee99d24951288fa47e8a:0x2e1 
0xa5ecd89cd9f83c477337ee99d24951288fa47e8a:0x2e2 
0xa5ecd89cd9f83c477337ee99d24951288fa47e8a:0x2e3 
