---
0xa5ecd89cd9f83c477337ee99d24951288fa47e8a:0x0 *
0xa5ecd89cd9f83c477337ee99d24951288fa47e8a:0x2 *
0xa5ecd89cd9f83c477337ee99d24951288fa47e8a:0x4 *
0xa5ecd89cd9f83c477337ee99d24951288fa47e8a:0x5 *
0xa5ecd89cd9f83c477337ee99d24951288fa47e8a:0x6 *
0xa5ecd89cd9f83c477337ee99d24951288fa47e8a:0x7 *
0xa5ecd89cd9f83c477337ee99d24951288fa47e8a:0x8 *
0xa5ecd89cd9f83c477337ee99d24951288fa47e8a:0xb *
0xa5ecd89cd9f83c477337ee99d24951288fa47e8a:0x10 *
0xa5ecd89cd9f83c477337ee99d24951288fa47e8a:0x11 *
0xa5ecd89cd9f83c477337ee99d24951288fa47e8a:0x12 *
0xa5ecd89cd9f83c477337ee99d24951288fa47e8a:0x15 *
0xa5ecd89cd9f83c477337ee99d24951288fa47e8a:0x16 *
0xa5ecd89cd9f83c477337ee99d24951288fa47e8a:0x1a *
0xa5ecd89cd9f83c477337ee99d24951288fa47e8a:0x1c *
0xa5ecd89cd9f83c477337ee99d24951288fa47e8a:0x1d *
0xa5ecd89cd9f83c477337ee99d24951288fa47e8a:0x1f *
---
0xa5ecd89cd9f83c477337ee99d24951288fa47e8a:0x0 
0xa5ecd89cd9f83c477337ee99d24951288fa47e8a:0x2 
0xa5ecd89cd9f83c477337ee99d24951288fa47e8a:0x4 
0xa5ecd89cd9f83c477337ee99d24951288fa47e8a:0x5 
0xa5ecd89cd9f83c477337ee99d24951288fa47e8a:0x6 
0xa5ecd89cd9f83c477337ee99d24951288fa47e8a:0x7 
0xa5ecd89cd9f83c477337ee99d24951288fa47e8a:0x8 
0xa5ecd89cd9f83c477337ee99d24951288fa47e8a:0xb 
0xa5ecd89cd9f83c477337ee99d24951288fa47e8a:0x10 
0xa5ecd89cd9f83c477337ee99d24951288fa47e8a:0x11 
0xa5ecd89cd9f83c477337ee99d24951288fa47e8a:0x12 
0xa5ecd89cd9f83c477337ee99d24951288fa47e8a:0x14 
0xa5ecd89cd9f83c477337ee99d24951288fa47e8a:0x15 
0xa5ecd89cd9f83c477337ee99d24951288fa47e8a:0x16 
0xa5ecd89cd9f83c477337ee99d24951288fa47e8a:0x19 
0xa5ecd89cd9f83c477337ee99d24951288fa47e8a:0x1a 
0xa5ecd89cd9f83c477337ee99d24951288fa47e8a:0x1c 
0xa5ecd89cd9f83c477337ee99d24951288fa47e8a:0x1d 
0xa5ecd89cd9f83c477337ee99d24951288fa47e8a:0x1f 
0xa5ecd89cd9f83c477337ee99d24951288fa47e8a:0x20 
0xa5ecd89cd9f83c477337ee99d24951288fa47e8a:0x21 
0xa5ecd89cd9f83c477337ee99d24951288fa47e8a:0x26 
0xa5ecd89cd9f83c477337ee99d24951288fa47e8a:0x27 
0xa5ecd89cd9f83c477337ee99d24951288fa47e8a:0x2a 
0xa5ecd89cd9f83c477337ee99d24951288fa47e8a:0x2b 
0xa5ecd89cd9f83c477337ee99d24951288fa47e8a:0x2c 
0xa5ecd89cd9f83c477337ee99d24951288fa47e8a:0x31 
0xa5ecd89cd9f83c477337ee99d24951288fa47e8a:0x32 
0xa5ecd89cd9f83c477337ee99d24951288fa47e8a:0x35 
0xa5ecd89cd9f83c477337ee99d24951288fa47e8a:0xb8 
0xa5ecd89cd9f83c477337ee99d24951288fa47e8a:0xb9 
0xa5ecd89cd9f83c477337ee99d24951288fa47e8a:0xba 
0xa5ecd89cd9f83c477337ee99d24951288fa47e8a:0xbf 
0xa5ecd89cd9f83c477337ee99d24951288fa47e8a:0xc0 
0xa5ecd89cd9f83c477337ee99d24951288fa47e8a:0xc3 
0xa5ecd89cd9f83c477337ee99d24951288fa47e8a:0xc4 
0xa5ecd89cd9f83c477337ee99d24951288fa47e8a:0xc5 
0xa5ecd89cd9f83c477337ee99d24951288fa47e8a:0xca 
0xa5ecd89cd9f83c477337ee99d24951288fa47e8a:0xcb 
0xa5ecd89cd9f83c477337ee99d24951288fa47e8a:0xce 
0xa5ecd89cd9f83c477337ee99d24951288fa47e8a:0xcf 
0xa5ecd89cd9f83c477337ee99d24951288fa47e8a:0xd0 
0xa5ecd89cd9f83c477337ee99d24951288fa47e8a:0xd5 
0xa5ecd89cd9f83c477337ee99d24951288fa47e8a:0xd6 
0xa5ecd89cd9f83c477337ee99d24951288fa47e8a:0xd9 
0xa5ecd89cd9f83c477337ee99d24951288fa47e8a:0xda 
0xa5ecd89cd9f83c477337ee99d24951288fa47e8a:0xdb 
0xa5ecd89cd9f83c477337ee99d24951288fa47e8a:0xe0 
0xa5ecd89cd9f83c477337ee99d24951288fa47e8a:0xe1 
0xa5ecd89cd9f83c477337ee99d24951288fa47e8a:0xe4 
0xa5ecd89cd9f83c477337ee99d24951288fa47e8a:0xe5 
0xa5ecd89cd9f83c477337ee99d24951288fa47e8a:0xe6 
0xa5ecd89cd9f83c477337ee99d24951288fa47e8a:0xeb 
0xa5ecd89cd9f83c477337ee99d24951288fa47e8a:0xec 
0xa5ecd89cd9f83c477337ee99d24951288fa47e8a:0xef 
0xa5ecd89cd9f83c477337ee99d24951288fa47e8a:0x692 
0xa5ecd89cd9f83c477337ee99d24951288fa47e8a:0x693 
0xa5ecd89cd9f83c477337ee99d24951288fa47e8a:0x696 
0xa5ecd89cd9f83c477337ee99d24951288fa47e8a:0x699 
0xa5ecd89cd9f83c477337ee99d24951288fa47e8a:0x1d33 
0xa5ecd89cd9f83c477337ee99d24951288fa47e8a:0x1d34 
0xa5ecd89cd9f83c477337ee99d24951288fa47e8a:0x1d36 
0xa5ecd89cd9f83c477337ee99d24951288fa47e8a:0x1d38 
0xa5ecd89cd9f83c477337ee99d24951288fa47e8a:0x1d39 
0xa5ecd89cd9f83c477337ee99d24951288fa47e8a:0x1d3a 
0xa5ecd89cd9f83c477337ee99d24951288fa47e8a:0x1d3d 
0xa5ecd89cd9f83c477337ee99d24951288fa47e8a:0x1d3e 
0xa5ecd89cd9f83c477337ee99d24951288fa47e8a:0x1d41 
0xa5ecd89cd9f83c477337ee99d24951288fa47e8a:0x6288 
0xa5ecd89cd9f83c477337ee99d24951288fa47e8a:0x6289 
0xa5ecd89cd9f83c477337ee99d24951288fa47e8a:0x628b 
0xa5ecd89cd9f83c477337ee99d24951288fa47e8a:0x628d 
0xa5ecd89cd9f83c477337ee99d24951288fa47e8a:0x628e 
0xa5ecd89cd9f83c477337ee99d24951288fa47e8a:0x628f 
0xa5ecd89cd9f83c477337ee99d24951288fa47e8a:0x6290 
0xa5ecd89cd9f83c477337ee99d24951288fa47e8a:0x6291 
0xa5ecd89cd9f83c477337ee99d24951288fa47e8a:0x6293 
0xa5ecd89cd9f83c477337ee99d24951288fa47e8a:0x6294 
0xa5ecd89cd9f83c477337ee99d24951288fa47e8a:0x6295 
0xa5ecd89cd9f83c477337ee99d24951288fa47e8a:0x6296 
0xa5ecd89cd9f83c477337ee99d24951288fa47e8a:0x6299 
0xa5ecd89cd9f83c477337ee99d24951288fa47e8a:0x629a 
0xa5ecd89cd9f83c477337ee99d24951288fa47e8a:0x629c 
0xa5ecd89cd9f83c477337ee99d24951288fa47e8a:0x629d 
0xa5ecd89cd9f83c477337ee99d24951288fa47e8a:0x629e 
0xa5ecd89cd9f83c477337ee99d24951288fa47e8a:0x629f 
0xa5ecd89cd9f83c477337ee99d24951288fa47e8a:0x62a0 
0xa5ecd89cd9f83c477337ee99d24951288fa47e8a:0x62a1 
0xa5ecd89cd9f83c477337ee99d24951288fa47e8a:0x62a3 
0xa5ecd89cd9f83c477337ee99d24951288fa47e8a:0x62a4 
0xa5ecd89cd9f83c477337ee99d24951288fa47e8a:0x62a5 
0xa5ecd89cd9f83c477337ee99d24951288fa47e8a:0x62a6 
0xa5ecd89cd9f83c477337ee99d24951288fa47e8a:0x62a7 
0xa5ecd89cd9f83c477337ee99d24951288fa47e8a:0x62a8 
0xa5ecd89cd9f83c477337ee99d24951288fa47e8a:0x62ab 
0xa5ecd89cd9f83c477337ee99d24951288fa47e8a:0x62b4 
0xa5ecd89cd9f83c477337ee99d24951288fa47e8a:0x62b5 
0xa5ecd89cd9f83c477337ee99d24951288fa47e8a:0x62b6 
0xa5ecd89cd9f83c477337ee99d24951288fa47e8a:0x62b7 
0xa5ecd89cd9f83c477337ee99d24951288fa47e8a:0x62b8 
0xa5ecd89cd9f83c477337ee99d24951288fa47e8a:0x62b9 
0xa5ecd89cd9f83c477337ee99d24951288fa47e8a:0x1d42 
0xa5ecd89cd9f83c477337ee99d24951288fa47e8a:0x1d43 
0xa5ecd89cd9f83c477337ee99d24951288fa47e8a:0x1d44 
0xa5ecd89cd9f83c477337ee99d24951288fa47e8a:0x1d46 
0xa5ecd89cd9f83c477337ee99d24951288fa47e8a:0x1d47 
0xa5ecd89cd9f83c477337ee99d24951288fa47e8a:0x1d49 
0xa5ecd89cd9f83c477337ee99d24951288fa47e8a:0x1d4a 
0xa5ecd89cd9f83c477337ee99d24951288fa47e8a:0x1d4b 
0xa5ecd89cd9f83c477337ee99d24951288fa47e8a:0x1d4c 
0xa5ecd89cd9f83c477337ee99d24951288fa47e8a:0x1d4d 
0xa5ecd89cd9f83c477337ee99d24951288fa47e8a:0x1d4f 
0xa5ecd89cd9f83c477337ee99d24951288fa47e8a:0x1d50 
0xa5ecd89cd9f83c477337ee99d24951288fa47e8a:0x1d52 
0xa5ecd89cd9f83c477337ee99d24951288fa47e8a:0x1d53 
0xa5ecd89cd9f83c477337ee99d24951288fa47e8a:0x1d54 
0xa5ecd89cd9f83c477337ee99d24951288fa47e8a:0x1d55 
0xa5ecd89cd9f83c477337ee99d24951288fa47e8a:0x1d56 
0xa5ecd89cd9f83c477337ee99d24951288fa47e8a:0x1d58 
0xa5ecd89cd9f83c477337ee99d24951288fa47e8a:0x1d59 
0xa5ecd89cd9f83c477337ee99d24951288fa47e8a:0x1d5a 
0xa5ecd89cd9f83c477337ee99d24951288fa47e8a:0x1d5b 
0xa5ecd89cd9f83c477337ee99d24951288fa47e8a:0x1d5c 
0xa5ecd89cd9f83c477337ee99d24951288fa47e8a:0x1d5d 
0xa5ecd89cd9f83c477337ee99d24951288fa47e8a:0x1d5e 
0xa5ecd89cd9f83c477337ee99d24951288fa47e8a:0x1d5f 
0xa5ecd89cd9f83c477337ee99d24951288fa47e8a:0x1d60 
0xa5ecd89cd9f83c477337ee99d24951288fa47e8a:0x1d62 
0xa5ecd89cd9f83c477337ee99d24951288fa47e8a:0x1d63 
0xa5ecd89cd9f83c477337ee99d24951288fa47e8a:0x1d64 
0xa5ecd89cd9f83c477337ee99d24951288fa47e8a:0x1d65 
0xa5ecd89cd9f83c477337ee99d24951288fa47e8a:0x1d66 
0xa5ecd89cd9f83c477337ee99d24951288fa47e8a:0x1d69 
0xa5ecd89cd9f83c477337ee99d24951288fa47e8a:0x1d6a 
0xa5ecd89cd9f83c477337ee99d24951288fa47e8a:0x1d6d 
0xa5ecd89cd9f83c477337ee99d24951288fa47e8a:0x6288 
0xa5ecd89cd9f83c477337ee99d24951288fa47e8a:0x6289 
0xa5ecd89cd9f83c477337ee99d24951288fa47e8a:0x628b 
0xa5ecd89cd9f83c477337ee99d24951288fa47e8a:0x628d 
0xa5ecd89cd9f83c477337ee99d24951288fa47e8a:0x628e 
0xa5ecd89cd9f83c477337ee99d24951288fa47e8a:0x628f 
0xa5ecd89cd9f83c477337ee99d24951288fa47e8a:0x6290 
0xa5ecd89cd9f83c477337ee99d24951288fa47e8a:0x6291 
0xa5ecd89cd9f83c477337ee99d24951288fa47e8a:0x6293 
0xa5ecd89cd9f83c477337ee99d24951288fa47e8a:0x6294 
0xa5ecd89cd9f83c477337ee99d24951288fa47e8a:0x6295 
0xa5ecd89cd9f83c477337ee99d24951288fa47e8a:0x6296 
0xa5ecd89cd9f83c477337ee99d24951288fa47e8a:0x6299 
0xa5ecd89cd9f83c477337ee99d24951288fa47e8a:0x629a 
0xa5ecd89cd9f83c477337ee99d24951288fa47e8a:0x629c 
0xa5ecd89cd9f83c477337ee99d24951288fa47e8a:0x629d 
0xa5ecd89cd9f83c477337ee99d24951288fa47e8a:0x629e 
0xa5ecd89cd9f83c477337ee99d24951288fa47e8a:0x629f 
0xa5ecd89cd9f83c477337ee99d24951288fa47e8a:0x62a0 
0xa5ecd89cd9f83c477337ee99d24951288fa47e8a:0x62a1 
0xa5ecd89cd9f83c477337ee99d24951288fa47e8a:0x62a3 
0xa5ecd89cd9f83c477337ee99d24951288fa47e8a:0x62a4 
0xa5ecd89cd9f83c477337ee99d24951288fa47e8a:0x62a5 
0xa5ecd89cd9f83c477337ee99d24951288fa47e8a:0x62a6 
0xa5ecd89cd9f83c477337ee99d24951288fa47e8a:0x62a7 
0xa5ecd89cd9f83c477337ee99d24951288fa47e8a:0x62a8 
0xa5ecd89cd9f83c477337ee99d24951288fa47e8a:0x62ab 
0xa5ecd89cd9f83c477337ee99d24951288fa47e8a:0x62b4 
0xa5ecd89cd9f83c477337ee99d24951288fa47e8a:0x62b5 
0xa5ecd89cd9f83c477337ee99d24951288fa47e8a:0x62b6 
0xa5ecd89cd9f83c477337ee99d24951288fa47e8a:0x62b7 
0xa5ecd89cd9f83c477337ee99d24951288fa47e8a:0x62b8 
0xa5ecd89cd9f83c477337ee99d24951288fa47e8a:0x62b9 
0xa5ecd89cd9f83c477337ee99d24951288fa47e8a:0x1d6e 
0xa5ecd89cd9f83c477337ee99d24951288fa47e8a:0x1d6f 
0xa5ecd89cd9f83c477337ee99d24951288fa47e8a:0x1d70 
0xa5ecd89cd9f83c477337ee99d24951288fa47e8a:0x1d71 
0xa5ecd89cd9f83c477337ee99d24951288fa47e8a:0x1d74 
0xa5ecd89cd9f83c477337ee99d24951288fa47e8a:0x1dbb 
0xa5ecd89cd9f83c477337ee99d24951288fa47e8a:0x1dbc 
0xa5ecd89cd9f83c477337ee99d24951288fa47e8a:0x1dbd 
0xa5ecd89cd9f83c477337ee99d24951288fa47e8a:0x1dbe 
0xa5ecd89cd9f83c477337ee99d24951288fa47e8a:0x1dbf 
0xa5ecd89cd9f83c477337ee99d24951288fa47e8a:0x1dc0 
0xa5ecd89cd9f83c477337ee99d24951288fa47e8a:0x1dc1 
0xa5ecd89cd9f83c477337ee99d24951288fa47e8a:0x1dc2 
0xa5ecd89cd9f83c477337ee99d24951288fa47e8a:0x1dc3 
0xa5ecd89cd9f83c477337ee99d24951288fa47e8a:0x1dc4 
0xa5ecd89cd9f83c477337ee99d24951288fa47e8a:0x69a 
0xa5ecd89cd9f83c477337ee99d24951288fa47e8a:0x69b 
0xa5ecd89cd9f83c477337ee99d24951288fa47e8a:0x69d 
0xa5ecd89cd9f83c477337ee99d24951288fa47e8a:0x69e 
0xa5ecd89cd9f83c477337ee99d24951288fa47e8a:0x6a1 
0xa5ecd89cd9f83c477337ee99d24951288fa47e8a:0x6a2 
0xa5ecd89cd9f83c477337ee99d24951288fa47e8a:0x6a3 
0xa5ecd89cd9f83c477337ee99d24951288fa47e8a:0x6a6 
0xa5ecd89cd9f83c477337ee99d24951288fa47e8a:0x5a1f 
0xa5ecd89cd9f83c477337ee99d24951288fa47e8a:0x5a20 
0xa5ecd89cd9f83c477337ee99d24951288fa47e8a:0x5a22 
0xa5ecd89cd9f83c477337ee99d24951288fa47e8a:0x5a24 
0xa5ecd89cd9f83c477337ee99d24951288fa47e8a:0x5a25 
0xa5ecd89cd9f83c477337ee99d24951288fa47e8a:0x5a26 
0xa5ecd89cd9f83c477337ee99d24951288fa47e8a:0x5a27 
0xa5ecd89cd9f83c477337ee99d24951288fa47e8a:0x5a28 
0xa5ecd89cd9f83c477337ee99d24951288fa47e8a:0x5a29 
0xa5ecd89cd9f83c477337ee99d24951288fa47e8a:0x5a2a 
0xa5ecd89cd9f83c477337ee99d24951288fa47e8a:0x5a2b 
0xa5ecd89cd9f83c477337ee99d24951288fa47e8a:0x5a2d 
0xa5ecd89cd9f83c477337ee99d24951288fa47e8a:0x5a2e 
0xa5ecd89cd9f83c477337ee99d24951288fa47e8a:0x5a2f 
0xa5ecd89cd9f83c477337ee99d24951288fa47e8a:0x5a30 
0xa5ecd89cd9f83c477337ee99d24951288fa47e8a:0x5a33 
0xa5ecd89cd9f83c477337ee99d24951288fa47e8a:0x5a34 
0xa5ecd89cd9f83c477337ee99d24951288fa47e8a:0x5a35 
0xa5ecd89cd9f83c477337ee99d24951288fa47e8a:0x5a38 
0xa5ecd89cd9f83c477337ee99d24951288fa47e8a:0x5091 
0xa5ecd89cd9f83c477337ee99d24951288fa47e8a:0x5092 
0xa5ecd89cd9f83c477337ee99d24951288fa47e8a:0x5094 
0xa5ecd89cd9f83c477337ee99d24951288fa47e8a:0x5097 
0xa5ecd89cd9f83c477337ee99d24951288fa47e8a:0x5098 
0xa5ecd89cd9f83c477337ee99d24951288fa47e8a:0x509b 
0xa5ecd89cd9f83c477337ee99d24951288fa47e8a:0x5fc4 
0xa5ecd89cd9f83c477337ee99d24951288fa47e8a:0x5fc5 
0xa5ecd89cd9f83c477337ee99d24951288fa47e8a:0x5fc7 
0xa5ecd89cd9f83c477337ee99d24951288fa47e8a:0x5fc8 
0xa5ecd89cd9f83c477337ee99d24951288fa47e8a:0x5fc9 
0xa5ecd89cd9f83c477337ee99d24951288fa47e8a:0x5fca 
0xa5ecd89cd9f83c477337ee99d24951288fa47e8a:0x5fcb 
0xa5ecd89cd9f83c477337ee99d24951288fa47e8a:0x5fcc 
0xa5ecd89cd9f83c477337ee99d24951288fa47e8a:0x5fcd 
0xa5ecd89cd9f83c477337ee99d24951288fa47e8a:0x5fce 
0xa5ecd89cd9f83c477337ee99d24951288fa47e8a:0x509c 
0xa5ecd89cd9f83c477337ee99d24951288fa47e8a:0x509d 
0xa5ecd89cd9f83c477337ee99d24951288fa47e8a:0x50a0 
0xa5ecd89cd9f83c477337ee99d24951288fa47e8a:0x50a1 
0xa5ecd89cd9f83c477337ee99d24951288fa47e8a:0x50a2 
0xa5ecd89cd9f83c477337ee99d24951288fa47e8a:0x50a5 
0xa5ecd89cd9f83c477337ee99d24951288fa47e8a:0x5fcf 
0xa5ecd89cd9f83c477337ee99d24951288fa47e8a:0x5fd0 
0xa5ecd89cd9f83c477337ee99d24951288fa47e8a:0x5fd2 
0xa5ecd89cd9f83c477337ee99d24951288fa47e8a:0x5fd3 
0xa5ecd89cd9f83c477337ee99d24951288fa47e8a:0x5fd4 
0xa5ecd89cd9f83c477337ee99d24951288fa47e8a:0x5fd5 
0xa5ecd89cd9f83c477337ee99d24951288fa47e8a:0x5fd7 
0xa5ecd89cd9f83c477337ee99d24951288fa47e8a:0x5fd8 
0xa5ecd89cd9f83c477337ee99d24951288fa47e8a:0x5fd9 
0xa5ecd89cd9f83c477337ee99d24951288fa47e8a:0x5fda 
0xa5ecd89cd9f83c477337ee99d24951288fa47e8a:0x5fdb 
0xa5ecd89cd9f83c477337ee99d24951288fa47e8a:0x5fdc 
0xa5ecd89cd9f83c477337ee99d24951288fa47e8a:0x5fdd 
0xa5ecd89cd9f83c477337ee99d24951288fa47e8a:0x5fde 
0xa5ecd89cd9f83c477337ee99d24951288fa47e8a:0x5fdf 
0xa5ecd89cd9f83c477337ee99d24951288fa47e8a:0x50a6 
0xa5ecd89cd9f83c477337ee99d24951288fa47e8a:0x50a7 
0xa5ecd89cd9f83c477337ee99d24951288fa47e8a:0x50a8 
0xa5ecd89cd9f83c477337ee99d24951288fa47e8a:0x50a9 
0xa5ecd89cd9f83c477337ee99d24951288fa47e8a:0x50ac 
0xa5ecd89cd9f83c477337ee99d24951288fa47e8a:0x50ad 
0xa5ecd89cd9f83c477337ee99d24951288fa47e8a:0x50ae 
0xa5ecd89cd9f83c477337ee99d24951288fa47e8a:0x50b0 
0xa5ecd89cd9f83c477337ee99d24951288fa47e8a:0x50b1 
0xa5ecd89cd9f83c477337ee99d24951288fa47e8a:0x50b2 
0xa5ecd89cd9f83c477337ee99d24951288fa47e8a:0x50b5 
0xa5ecd89cd9f83c477337ee99d24951288fa47e8a:0x622b 
0xa5ecd89cd9f83c477337ee99d24951288fa47e8a:0x622c 
0xa5ecd89cd9f83c477337ee99d24951288fa47e8a:0x622e 
0xa5ecd89cd9f83c477337ee99d24951288fa47e8a:0x622f 
0xa5ecd89cd9f83c477337ee99d24951288fa47e8a:0x6230 
0xa5ecd89cd9f83c477337ee99d24951288fa47e8a:0x6231 
0xa5ecd89cd9f83c477337ee99d24951288fa47e8a:0x6232 
0xa5ecd89cd9f83c477337ee99d24951288fa47e8a:0x6233 
0xa5ecd89cd9f83c477337ee99d24951288fa47e8a:0x6236 
0xa5ecd89cd9f83c477337ee99d24951288fa47e8a:0x6249 
0xa5ecd89cd9f83c477337ee99d24951288fa47e8a:0x624a 
0xa5ecd89cd9f83c477337ee99d24951288fa47e8a:0x624b 
0xa5ecd89cd9f83c477337ee99d24951288fa47e8a:0x624c 
0xa5ecd89cd9f83c477337ee99d24951288fa47e8a:0x624d 
0xa5ecd89cd9f83c477337ee99d24951288fa47e8a:0x624e 
0xa5ecd89cd9f83c477337ee99d24951288fa47e8a:0x6251 
0xa5ecd89cd9f83c477337ee99d24951288fa47e8a:0x6258 
0xa5ecd89cd9f83c477337ee99d24951288fa47e8a:0x6259 
0xa5ecd89cd9f83c477337ee99d24951288fa47e8a:0x625a 
0xa5ecd89cd9f83c477337ee99d24951288fa47e8a:0x625b 
0xa5ecd89cd9f83c477337ee99d24951288fa47e8a:0x625c 
0xa5ecd89cd9f83c477337ee99d24951288fa47e8a:0x625d 
0xa5ecd89cd9f83c477337ee99d24951288fa47e8a:0x50b6 
0xa5ecd89cd9f83c477337ee99d24951288fa47e8a:0x50b7 
0xa5ecd89cd9f83c477337ee99d24951288fa47e8a:0x50ba 
0xa5ecd89cd9f83c477337ee99d24951288fa47e8a:0x50bb 
0xa5ecd89cd9f83c477337ee99d24951288fa47e8a:0x50be 
0xa5ecd89cd9f83c477337ee99d24951288fa47e8a:0x6514 
0xa5ecd89cd9f83c477337ee99d24951288fa47e8a:0x6515 
0xa5ecd89cd9f83c477337ee99d24951288fa47e8a:0x6517 
0xa5ecd89cd9f83c477337ee99d24951288fa47e8a:0x6519 
0xa5ecd89cd9f83c477337ee99d24951288fa47e8a:0x651a 
0xa5ecd89cd9f83c477337ee99d24951288fa47e8a:0x651c 
0xa5ecd89cd9f83c477337ee99d24951288fa47e8a:0x651d 
0xa5ecd89cd9f83c477337ee99d24951288fa47e8a:0x651e 
0xa5ecd89cd9f83c477337ee99d24951288fa47e8a:0x651f 
0xa5ecd89cd9f83c477337ee99d24951288fa47e8a:0x6520 
0xa5ecd89cd9f83c477337ee99d24951288fa47e8a:0x6521 
0xa5ecd89cd9f83c477337ee99d24951288fa47e8a:0x6522 
0xa5ecd89cd9f83c477337ee99d24951288fa47e8a:0x6523 
0xa5ecd89cd9f83c477337ee99d24951288fa47e8a:0x6524 
0xa5ecd89cd9f83c477337ee99d24951288fa47e8a:0x50bf 
0xa5ecd89cd9f83c477337ee99d24951288fa47e8a:0x50c0 
0xa5ecd89cd9f83c477337ee99d24951288fa47e8a:0x50c1 
0xa5ecd89cd9f83c477337ee99d24951288fa47e8a:0x50c2 
0xa5ecd89cd9f83c477337ee99d24951288fa47e8a:0x50c3 
0xa5ecd89cd9f83c477337ee99d24951288fa47e8a:0x50c4 
0xa5ecd89cd9f83c477337ee99d24951288fa47e8a:0x50c5 
0xa5ecd89cd9f83c477337ee99d24951288fa47e8a:0x50c6 
0xa5ecd89cd9f83c477337ee99d24951288fa47e8a:0x50c7 
0xa5ecd89cd9f83c477337ee99d24951288fa47e8a:0x50c8 
0xa5ecd89cd9f83c477337ee99d24951288fa47e8a:0x50c9 
0xa5ecd89cd9f83c477337ee99d24951288fa47e8a:0x5a39 
0xa5ecd89cd9f83c477337ee99d24951288fa47e8a:0x5a3a 
0xa5ecd89cd9f83c477337ee99d24951288fa47e8a:0x5a3b 
0xa5ecd89cd9f83c477337ee99d24951288fa47e8a:0x5a3c 
0xa5ecd89cd9f83c477337ee99d24951288fa47e8a:0x5a3d 
0xa5ecd89cd9f83c477337ee99d24951288fa47e8a:0x5a3e 
0xa5ecd89cd9f83c477337ee99d24951288fa47e8a:0x5a3f 
0xa5ecd89cd9f83c477337ee99d24951288fa47e8a:0x5a40 
0xa5ecd89cd9f83c477337ee99d24951288fa47e8a:0x6a7 
0xa5ecd89cd9f83c477337ee99d24951288fa47e8a:0x6a8 
0xa5ecd89cd9f83c477337ee99d24951288fa47e8a:0x6aa 
0xa5ecd89cd9f83c477337ee99d24951288fa47e8a:0x6ab 
0xa5ecd89cd9f83c477337ee99d24951288fa47e8a:0x6ac 
0xa5ecd89cd9f83c477337ee99d24951288fa47e8a:0x6ad 
0xa5ecd89cd9f83c477337ee99d24951288fa47e8a:0x6ae 
0xa5ecd89cd9f83c477337ee99d24951288fa47e8a:0x6af 
