---
0xa5ecd89cd9f83c477337ee99d24951288fa47e8a:0x0 *
0xa5ecd89cd9f83c477337ee99d24951288fa47e8a:0x2 *
0xa5ecd89cd9f83c477337ee99d24951288fa47e8a:0x4 *
0xa5ecd89cd9f83c477337ee99d24951288fa47e8a:0x5 *
0xa5ecd89cd9f83c477337ee99d24951288fa47e8a:0x6 *
0xa5ecd89cd9f83c477337ee99d24951288fa47e8a:0x7 *
0xa5ecd89cd9f83c477337ee99d24951288fa47e8a:0x8 *
0xa5ecd89cd9f83c477337ee99d24951288fa47e8a:0xb *
0xa5ecd89cd9f83c477337ee99d24951288fa47e8a:0x10 *
0xa5ecd89cd9f83c477337ee99d24951288fa47e8a:0x11 *
0xa5ecd89cd9f83c477337ee99d24951288fa47e8a:0x12 *
0xa5ecd89cd9f83c477337ee99d24951288fa47e8a:0x15 *
0xa5ecd89cd9f83c477337ee99d24951288fa47e8a:0x16 *
0xa5ecd89cd9f83c477337ee99d24951288fa47e8a:0x1a *
0xa5ecd89cd9f83c477337ee99d24951288fa47e8a:0x1c *
0xa5ecd89cd9f83c477337ee99d24951288fa47e8a:0x1d *
0xa5ecd89cd9f83c477337ee99d24951288fa47e8a:0x1f *
---
0xa5ecd89cd9f83c477337ee99d24951288fa47e8a:0x0 
0xa5ecd89cd9f83c477337ee99d24951288fa47e8a:0x2 
0xa5ecd89cd9f83c477337ee99d24951288fa47e8a:0x4 
0xa5ecd89cd9f83c477337ee99d24951288fa47e8a:0x5 
0xa5ecd89cd9f83c477337ee99d24951288fa47e8a:0x6 
0xa5ecd89cd9f83c477337ee99d24951288fa47e8a:0x7 
0xa5ecd89cd9f83c477337ee99d24951288fa47e8a:0x8 
0xa5ecd89cd9f83c477337ee99d24951288fa47e8a:0xb 
0xa5ecd89cd9f83c477337ee99d24951288fa47e8a:0x10 
0xa5ecd89cd9f83c477337ee99d24951288fa47e8a:0x11 
0xa5ecd89cd9f83c477337ee99d24951288fa47e8a:0x12 
0xa5ecd89cd9f83c477337ee99d24951288fa47e8a:0x14 
0xa5ecd89cd9f83c477337ee99d24951288fa47e8a:0x15 
0xa5ecd89cd9f83c477337ee99d24951288fa47e8a:0x16 
0xa5ecd89cd9f83c477337ee99d24951288fa47e8a:0x19 
0xa5ecd89cd9f83c477337ee99d24951288fa47e8a:0x1a 
0xa5ecd89cd9f83c477337ee99d24951288fa47e8a:0x1c 
0xa5ecd89cd9f83c477337ee99d24951288fa47e8a:0x1d 
0xa5ecd89cd9f83c477337ee99d24951288fa47e8a:0x1f 
0xa5ecd89cd9f83c477337ee99d24951288fa47e8a:0x20 
0xa5ecd89cd9f83c477337ee99d24951288fa47e8a:0x21 
0xa5ecd89cd9f83c477337ee99d24951288fa47e8a:0x26 
0xa5ecd89cd9f83c477337ee99d24951288fa47e8a:0x27 
0xa5ecd89cd9f83c477337ee99d24951288fa47e8a:0x2a 
0xa5ecd89cd9f83c477337ee99d24951288fa47e8a:0x2b 
0xa5ecd89cd9f83c477337ee99d24951288fa47e8a:0x2c 
0xa5ecd89cd9f83c477337ee99d24951288fa47e8a:0x31 
0xa5ecd89cd9f83c477337ee99d24951288fa47e8a:0x32 
0xa5ecd89cd9f83c477337ee99d24951288fa47e8a:0x35 
0xa5ecd89cd9f83c477337ee99d24951288fa47e8a:0x36 
0xa5ecd89cd9f83c477337ee99d24951288fa47e8a:0x37 
0xa5ecd89cd9f83c477337ee99d24951288fa47e8a:0x3c 
0xa5ecd89cd9f83c477337ee99d24951288fa47e8a:0x3d 
0xa5ecd89cd9f83c477337ee99d24951288fa47e8a:0x40 
0xa5ecd89cd9f83c477337ee99d24951288fa47e8a:0x41 
0xa5ecd89cd9f83c477337ee99d24951288fa47e8a:0x42 
0xa5ecd89cd9f83c477337ee99d24951288fa47e8a:0x47 
0xa5ecd89cd9f83c477337ee99d24951288fa47e8a:0x48 
0xa5ecd89cd9f83c477337ee99d24951288fa47e8a:0x4b 
0xa5ecd89cd9f83c477337ee99d24951288fa47e8a:0x7c3 
0xa5ecd89cd9f83c477337ee99d24951288fa47e8a:0x7c4 
0xa5ecd89cd9f83c477337ee99d24951288fa47e8a:0x7c7 
0xa5ecd89cd9f83c477337ee99d24951288fa47e8a:0x7c9 
0xa5ecd89cd9f83c477337ee99d24951288fa47e8a:0x7ca 
0xa5ecd89cd9f83c477337ee99d24951288fa47e8a:0x7cb 
0xa5ecd89cd9f83c477337ee99d24951288fa47e8a:0x7cc 
0xa5ecd89cd9f83c477337ee99d24951288fa47e8a:0x7cd 
0xa5ecd89cd9f83c477337ee99d24951288fa47e8a:0x7ce 
0xa5ecd89cd9f83c477337ee99d24951288fa47e8a:0x7cf 
0xa5ecd89cd9f83c477337ee99d24951288fa47e8a:0x7d2 
0xa5ecd89cd9f83c477337ee99d24951288fa47e8a:0x7d3 
0xa5ecd89cd9f83c477337ee99d24951288fa47e8a:0x7d4 
0xa5ecd89cd9f83c477337ee99d24951288fa47e8a:0x7d7 
0xa5ecd89cd9f83c477337ee99d24951288fa47e8a:0x4e20 
0xa5ecd89cd9f83c477337ee99d24951288fa47e8a:0x4e21 
0xa5ecd89cd9f83c477337ee99d24951288fa47e8a:0x4e23 
0xa5ecd89cd9f83c477337ee99d24951288fa47e8a:0x4e25 
0xa5ecd89cd9f83c477337ee99d24951288fa47e8a:0x4e26 
0xa5ecd89cd9f83c477337ee99d24951288fa47e8a:0x4e27 
0xa5ecd89cd9f83c477337ee99d24951288fa47e8a:0x4e28 
0xa5ecd89cd9f83c477337ee99d24951288fa47e8a:0x4e29 
0xa5ecd89cd9f83c477337ee99d24951288fa47e8a:0x4e2a 
0xa5ecd89cd9f83c477337ee99d24951288fa47e8a:0x4e2d 
0xa5ecd89cd9f83c477337ee99d24951288fa47e8a:0x4e36 
0xa5ecd89cd9f83c477337ee99d24951288fa47e8a:0x4e37 
0xa5ecd89cd9f83c477337ee99d24951288fa47e8a:0x4e39 
0xa5ecd89cd9f83c477337ee99d24951288fa47e8a:0x4e3c 
0xa5ecd89cd9f83c477337ee99d24951288fa47e8a:0x4e3d 
0xa5ecd89cd9f83c477337ee99d24951288fa47e8a:0x4e3e 
0xa5ecd89cd9f83c477337ee99d24951288fa47e8a:0x4e3f 
0xa5ecd89cd9f83c477337ee99d24951288fa47e8a:0x4e40 
0xa5ecd89cd9f83c477337ee99d24951288fa47e8a:0x4e43 
0xa5ecd89cd9f83c477337ee99d24951288fa47e8a:0x4a2e 
0xa5ecd89cd9f83c477337ee99d24951288fa47e8a:0x4a2f 
0xa5ecd89cd9f83c477337ee99d24951288fa47e8a:0x4a31 
0xa5ecd89cd9f83c477337ee99d24951288fa47e8a:0x4a32 
0xa5ecd89cd9f83c477337ee99d24951288fa47e8a:0x4a33 
0xa5ecd89cd9f83c477337ee99d24951288fa47e8a:0x4a34 
0xa5ecd89cd9f83c477337ee99d24951288fa47e8a:0x4a35 
0xa5ecd89cd9f83c477337ee99d24951288fa47e8a:0x4a38 
0xa5ecd89cd9f83c477337ee99d24951288fa47e8a:0x4a39 
0xa5ecd89cd9f83c477337ee99d24951288fa47e8a:0x4a3c 
0xa5ecd89cd9f83c477337ee99d24951288fa47e8a:0x70a5 
0xa5ecd89cd9f83c477337ee99d24951288fa47e8a:0x70a6 
0xa5ecd89cd9f83c477337ee99d24951288fa47e8a:0x70a9 
0xa5ecd89cd9f83c477337ee99d24951288fa47e8a:0x70aa 
0xa5ecd89cd9f83c477337ee99d24951288fa47e8a:0x70ad 
0xa5ecd89cd9f83c477337ee99d24951288fa47e8a:0x611e 
0xa5ecd89cd9f83c477337ee99d24951288fa47e8a:0x611f 
0xa5ecd89cd9f83c477337ee99d24951288fa47e8a:0x6121 
0xa5ecd89cd9f83c477337ee99d24951288fa47e8a:0x6122 
0xa5ecd89cd9f83c477337ee99d24951288fa47e8a:0x6123 
0xa5ecd89cd9f83c477337ee99d24951288fa47e8a:0x6124 
0xa5ecd89cd9f83c477337ee99d24951288fa47e8a:0x6125 
0xa5ecd89cd9f83c477337ee99d24951288fa47e8a:0x6126 
0xa5ecd89cd9f83c477337ee99d24951288fa47e8a:0x6127 
0xa5ecd89cd9f83c477337ee99d24951288fa47e8a:0x70ae 
0xa5ecd89cd9f83c477337ee99d24951288fa47e8a:0x70af 
0xa5ecd89cd9f83c477337ee99d24951288fa47e8a:0x70b0 
0xa5ecd89cd9f83c477337ee99d24951288fa47e8a:0x70b1 
0xa5ecd89cd9f83c477337ee99d24951288fa47e8a:0x70b4 
0xa5ecd89cd9f83c477337ee99d24951288fa47e8a:0x70b9 
0xa5ecd89cd9f83c477337ee99d24951288fa47e8a:0x70ba 
0xa5ecd89cd9f83c477337ee99d24951288fa47e8a:0x70bb 
0xa5ecd89cd9f83c477337ee99d24951288fa47e8a:0x4a3d 
0xa5ecd89cd9f83c477337ee99d24951288fa47e8a:0x4a3e 
0xa5ecd89cd9f83c477337ee99d24951288fa47e8a:0x4a3f 
0xa5ecd89cd9f83c477337ee99d24951288fa47e8a:0x4a40 
0xa5ecd89cd9f83c477337ee99d24951288fa47e8a:0x4a41 
0xa5ecd89cd9f83c477337ee99d24951288fa47e8a:0x4a42 
0xa5ecd89cd9f83c477337ee99d24951288fa47e8a:0x4e44 
0xa5ecd89cd9f83c477337ee99d24951288fa47e8a:0x4e45 
0xa5ecd89cd9f83c477337ee99d24951288fa47e8a:0x4e46 
0xa5ecd89cd9f83c477337ee99d24951288fa47e8a:0x4e47 
0xa5ecd89cd9f83c477337ee99d24951288fa47e8a:0x4e48 
0xa5ecd89cd9f83c477337ee99d24951288fa47e8a:0x4e49 
0xa5ecd89cd9f83c477337ee99d24951288fa47e8a:0x4e4a 
0xa5ecd89cd9f83c477337ee99d24951288fa47e8a:0x4e4b 
0xa5ecd89cd9f83c477337ee99d24951288fa47e8a:0x4e4c 
0xa5ecd89cd9f83c477337ee99d24951288fa47e8a:0x7d8 
0xa5ecd89cd9f83c477337ee99d24951288fa47e8a:0x7d9 
0xa5ecd89cd9f83c477337ee99d24951288fa47e8a:0x7dc 
0xa5ecd89cd9f83c477337ee99d24951288fa47e8a:0x2149 
0xa5ecd89cd9f83c477337ee99d24951288fa47e8a:0x214a 
0xa5ecd89cd9f83c477337ee99d24951288fa47e8a:0x214c 
0xa5ecd89cd9f83c477337ee99d24951288fa47e8a:0x214f 
0xa5ecd89cd9f83c477337ee99d24951288fa47e8a:0x2151 
0xa5ecd89cd9f83c477337ee99d24951288fa47e8a:0x2153 
0xa5ecd89cd9f83c477337ee99d24951288fa47e8a:0x2154 
0xa5ecd89cd9f83c477337ee99d24951288fa47e8a:0x2155 
0xa5ecd89cd9f83c477337ee99d24951288fa47e8a:0x2156 
0xa5ecd89cd9f83c477337ee99d24951288fa47e8a:0x2158 
0xa5ecd89cd9f83c477337ee99d24951288fa47e8a:0x2159 
0xa5ecd89cd9f83c477337ee99d24951288fa47e8a:0x215a 
0xa5ecd89cd9f83c477337ee99d24951288fa47e8a:0x215b 
0xa5ecd89cd9f83c477337ee99d24951288fa47e8a:0x215c 
0xa5ecd89cd9f83c477337ee99d24951288fa47e8a:0x215e 
0xa5ecd89cd9f83c477337ee99d24951288fa47e8a:0x215f 
0xa5ecd89cd9f83c477337ee99d24951288fa47e8a:0x2161 
0xa5ecd89cd9f83c477337ee99d24951288fa47e8a:0x2162 
0xa5ecd89cd9f83c477337ee99d24951288fa47e8a:0x2165 
0xa5ecd89cd9f83c477337ee99d24951288fa47e8a:0x3402 
0xa5ecd89cd9f83c477337ee99d24951288fa47e8a:0x3403 
0xa5ecd89cd9f83c477337ee99d24951288fa47e8a:0x3405 
0xa5ecd89cd9f83c477337ee99d24951288fa47e8a:0x3408 
0xa5ecd89cd9f83c477337ee99d24951288fa47e8a:0x3409 
0xa5ecd89cd9f83c477337ee99d24951288fa47e8a:0x340b 
0xa5ecd89cd9f83c477337ee99d24951288fa47e8a:0x340c 
0xa5ecd89cd9f83c477337ee99d24951288fa47e8a:0x340f 
0xa5ecd89cd9f83c477337ee99d24951288fa47e8a:0x4325 
0xa5ecd89cd9f83c477337ee99d24951288fa47e8a:0x4326 
0xa5ecd89cd9f83c477337ee99d24951288fa47e8a:0x4328 
0xa5ecd89cd9f83c477337ee99d24951288fa47e8a:0x4329 
0xa5ecd89cd9f83c477337ee99d24951288fa47e8a:0x432b 
0xa5ecd89cd9f83c477337ee99d24951288fa47e8a:0x432c 
0xa5ecd89cd9f83c477337ee99d24951288fa47e8a:0x432d 
0xa5ecd89cd9f83c477337ee99d24951288fa47e8a:0x432e 
0xa5ecd89cd9f83c477337ee99d24951288fa47e8a:0x432f 
0xa5ecd89cd9f83c477337ee99d24951288fa47e8a:0x4330 
0xa5ecd89cd9f83c477337ee99d24951288fa47e8a:0x4331 
0xa5ecd89cd9f83c477337ee99d24951288fa47e8a:0x4332 
0xa5ecd89cd9f83c477337ee99d24951288fa47e8a:0x4333 
0xa5ecd89cd9f83c477337ee99d24951288fa47e8a:0x4334 
0xa5ecd89cd9f83c477337ee99d24951288fa47e8a:0x4335 
0xa5ecd89cd9f83c477337ee99d24951288fa47e8a:0x3410 
0xa5ecd89cd9f83c477337ee99d24951288fa47e8a:0x3411 
0xa5ecd89cd9f83c477337ee99d24951288fa47e8a:0x3412 
0xa5ecd89cd9f83c477337ee99d24951288fa47e8a:0x3413 
0xa5ecd89cd9f83c477337ee99d24951288fa47e8a:0x3414 
0xa5ecd89cd9f83c477337ee99d24951288fa47e8a:0x3415 
0xa5ecd89cd9f83c477337ee99d24951288fa47e8a:0x3416 
0xa5ecd89cd9f83c477337ee99d24951288fa47e8a:0x2166 
0xa5ecd89cd9f83c477337ee99d24951288fa47e8a:0x2167 
0xa5ecd89cd9f83c477337ee99d24951288fa47e8a:0x2168 
0xa5ecd89cd9f83c477337ee99d24951288fa47e8a:0x2169 
0xa5ecd89cd9f83c477337ee99d24951288fa47e8a:0x216a 
0xa5ecd89cd9f83c477337ee99d24951288fa47e8a:0x216b 
0xa5ecd89cd9f83c477337ee99d24951288fa47e8a:0x216c 
0xa5ecd89cd9f83c477337ee99d24951288fa47e8a:0x7dd 
0xa5ecd89cd9f83c477337ee99d24951288fa47e8a:0x7de 
0xa5ecd89cd9f83c477337ee99d24951288fa47e8a:0x7e0 
0xa5ecd89cd9f83c477337ee99d24951288fa47e8a:0x7e1 
0xa5ecd89cd9f83c477337ee99d24951288fa47e8a:0x7e4 
0xa5ecd89cd9f83c477337ee99d24951288fa47e8a:0x7e5 
0xa5ecd89cd9f83c477337ee99d24951288fa47e8a:0x7e6 
0xa5ecd89cd9f83c477337ee99d24951288fa47e8a:0x7e9 
0xa5ecd89cd9f83c477337ee99d24951288fa47e8a:0x5ed7 
0xa5ecd89cd9f83c477337ee99d24951288fa47e8a:0x5ed8 
0xa5ecd89cd9f83c477337ee99d24951288fa47e8a:0x5eda 
0xa5ecd89cd9f83c477337ee99d24951288fa47e8a:0x5edc 
0xa5ecd89cd9f83c477337ee99d24951288fa47e8a:0x5edd 
0xa5ecd89cd9f83c477337ee99d24951288fa47e8a:0x5ede 
0xa5ecd89cd9f83c477337ee99d24951288fa47e8a:0x5edf 
0xa5ecd89cd9f83c477337ee99d24951288fa47e8a:0x5ee0 
0xa5ecd89cd9f83c477337ee99d24951288fa47e8a:0x5ee3 
0xa5ecd89cd9f83c477337ee99d24951288fa47e8a:0x5ee5 
0xa5ecd89cd9f83c477337ee99d24951288fa47e8a:0x5ee6 
0xa5ecd89cd9f83c477337ee99d24951288fa47e8a:0x5ee7 
0xa5ecd89cd9f83c477337ee99d24951288fa47e8a:0x5ee8 
0xa5ecd89cd9f83c477337ee99d24951288fa47e8a:0x5eeb 
0xa5ecd89cd9f83c477337ee99d24951288fa47e8a:0x5702 
0xa5ecd89cd9f83c477337ee99d24951288fa47e8a:0x5703 
0xa5ecd89cd9f83c477337ee99d24951288fa47e8a:0x5706 
0xa5ecd89cd9f83c477337ee99d24951288fa47e8a:0x5707 
0xa5ecd89cd9f83c477337ee99d24951288fa47e8a:0x570a 
0xa5ecd89cd9f83c477337ee99d24951288fa47e8a:0x61bf 
0xa5ecd89cd9f83c477337ee99d24951288fa47e8a:0x61c0 
0xa5ecd89cd9f83c477337ee99d24951288fa47e8a:0x61c2 
0xa5ecd89cd9f83c477337ee99d24951288fa47e8a:0x61c3 
0xa5ecd89cd9f83c477337ee99d24951288fa47e8a:0x61c4 
0xa5ecd89cd9f83c477337ee99d24951288fa47e8a:0x61c5 
0xa5ecd89cd9f83c477337ee99d24951288fa47e8a:0x61c6 
0xa5ecd89cd9f83c477337ee99d24951288fa47e8a:0x61c7 
0xa5ecd89cd9f83c477337ee99d24951288fa47e8a:0x61c8 
0xa5ecd89cd9f83c477337ee99d24951288fa47e8a:0x570b 
0xa5ecd89cd9f83c477337ee99d24951288fa47e8a:0x570c 
0xa5ecd89cd9f83c477337ee99d24951288fa47e8a:0x570d 
0xa5ecd89cd9f83c477337ee99d24951288fa47e8a:0x570e 
0xa5ecd89cd9f83c477337ee99d24951288fa47e8a:0x570f 
0xa5ecd89cd9f83c477337ee99d24951288fa47e8a:0x5710 
0xa5ecd89cd9f83c477337ee99d24951288fa47e8a:0x5eec 
0xa5ecd89cd9f83c477337ee99d24951288fa47e8a:0x5eed 
0xa5ecd89cd9f83c477337ee99d24951288fa47e8a:0x5eee 
0xa5ecd89cd9f83c477337ee99d24951288fa47e8a:0x5eef 
0xa5ecd89cd9f83c477337ee99d24951288fa47e8a:0x5ef0 
0xa5ecd89cd9f83c477337ee99d24951288fa47e8a:0x5ef1 
0xa5ecd89cd9f83c477337ee99d24951288fa47e8a:0x7ea 
0xa5ecd89cd9f83c477337ee99d24951288fa47e8a:0x7eb 
0xa5ecd89cd9f83c477337ee99d24951288fa47e8a:0x7ed 
0xa5ecd89cd9f83c477337ee99d24951288fa47e8a:0x7ee 
0xa5ecd89cd9f83c477337ee99d24951288fa47e8a:0x7ef 
0xa5ecd89cd9f83c477337ee99d24951288fa47e8a:0x7f0 
0xa5ecd89cd9f83c477337ee99d24951288fa47e8a:0x7f1 
0xa5ecd89cd9f83c477337ee99d24951288fa47e8a:0x7f2 
